[ 2020-04-21T10:14:16+08:00 ] 127.0.0.1 /fishClub/index.php/Login/login.html
INFO: [ app_init ] --START--
INFO: Run Behavior\BuildLiteBehavior [ RunTime:0.000017s ]
INFO: [ app_init ] --END-- [ RunTime:0.000260s ]
ERR: 无法加载模块:Login

[ 2020-04-21T10:14:22+08:00 ] 127.0.0.1 /fishClub/index.php/Login/login.html
INFO: [ app_init ] --START--
INFO: Run Behavior\BuildLiteBehavior [ RunTime:0.000018s ]
INFO: [ app_init ] --END-- [ RunTime:0.000281s ]
ERR: 无法加载模块:Login

[ 2020-04-21T10:15:03+08:00 ] 127.0.0.1 /fishClub/index.php/Login/login.html
INFO: [ app_init ] --START--
INFO: Run Behavior\BuildLiteBehavior [ RunTime:0.000019s ]
INFO: [ app_init ] --END-- [ RunTime:0.000310s ]
ERR: 无法加载模块:Login

[ 2020-04-21T10:15:47+08:00 ] 127.0.0.1 /fishClub/index.php/fishClub/index.php/Home/Login/login.html.html
INFO: [ app_init ] --START--
INFO: Run Behavior\BuildLiteBehavior [ RunTime:0.000018s ]
INFO: [ app_init ] --END-- [ RunTime:0.000280s ]
ERR: 无法加载模块:FishClub

[ 2020-04-21T10:17:00+08:00 ] 127.0.0.1 /fishClub/index.php/fishClub/index.php/Home/Login/login.html.html
INFO: [ app_init ] --START--
INFO: Run Behavior\BuildLiteBehavior [ RunTime:0.000017s ]
INFO: [ app_init ] --END-- [ RunTime:0.000265s ]
ERR: 无法加载模块:FishClub

[ 2020-04-21T10:17:18+08:00 ] 127.0.0.1 /fishClub/index.php/Login/login.html
INFO: [ app_init ] --START--
INFO: Run Behavior\BuildLiteBehavior [ RunTime:0.000021s ]
INFO: [ app_init ] --END-- [ RunTime:0.000296s ]
ERR: 无法加载模块:Login

