[ 2020-02-13T14:18:02+08:00 ] 127.0.0.1 /fishClub/Public/css/bootstrap.min.css.map
INFO: [ app_init ] --START--
INFO: Run Behavior\BuildLiteBehavior [ RunTime:0.000006s ]
INFO: [ app_init ] --END-- [ RunTime:0.000611s ]
ERR: 无法加载模块:Public

[ 2020-02-13T14:18:04+08:00 ] 127.0.0.1 /fishClub/Public/css/bootstrap.min.css.map
INFO: [ app_init ] --START--
INFO: Run Behavior\BuildLiteBehavior [ RunTime:0.000004s ]
INFO: [ app_init ] --END-- [ RunTime:0.000141s ]
ERR: 无法加载模块:Public

[ 2020-02-13T14:18:07+08:00 ] 127.0.0.1 /fishClub/Public/css/bootstrap.min.css.map
INFO: [ app_init ] --START--
INFO: Run Behavior\BuildLiteBehavior [ RunTime:0.000012s ]
INFO: [ app_init ] --END-- [ RunTime:0.000243s ]
ERR: 无法加载模块:Public

[ 2020-02-13T14:18:09+08:00 ] 127.0.0.1 /fishClub/Public/css/bootstrap.min.css.map
INFO: [ app_init ] --START--
INFO: Run Behavior\BuildLiteBehavior [ RunTime:0.000006s ]
INFO: [ app_init ] --END-- [ RunTime:0.000191s ]
ERR: 无法加载模块:Public

[ 2020-02-13T14:18:12+08:00 ] 127.0.0.1 /fishClub/Public/css/bootstrap.min.css.map
INFO: [ app_init ] --START--
INFO: Run Behavior\BuildLiteBehavior [ RunTime:0.000005s ]
INFO: [ app_init ] --END-- [ RunTime:0.000246s ]
ERR: 无法加载模块:Public

[ 2020-02-13T14:29:40+08:00 ] 127.0.0.1 /fishClub/Public/css/bootstrap.min.css.map
INFO: [ app_init ] --START--
INFO: Run Behavior\BuildLiteBehavior [ RunTime:0.000005s ]
INFO: [ app_init ] --END-- [ RunTime:0.000162s ]
ERR: 无法加载模块:Public

[ 2020-02-13T14:29:56+08:00 ] 127.0.0.1 /fishClub/Public/css/bootstrap.min.css.map
INFO: [ app_init ] --START--
INFO: Run Behavior\BuildLiteBehavior [ RunTime:0.000008s ]
INFO: [ app_init ] --END-- [ RunTime:0.000224s ]
ERR: 无法加载模块:Public

[ 2020-02-13T14:30:41+08:00 ] 127.0.0.1 /fishClub/Public/css/bootstrap.min.css.map
INFO: [ app_init ] --START--
INFO: Run Behavior\BuildLiteBehavior [ RunTime:0.000004s ]
INFO: [ app_init ] --END-- [ RunTime:0.000145s ]
ERR: 无法加载模块:Public

[ 2020-02-13T14:30:43+08:00 ] 127.0.0.1 /fishClub/Public/css/bootstrap.min.css.map
INFO: [ app_init ] --START--
INFO: Run Behavior\BuildLiteBehavior [ RunTime:0.000006s ]
INFO: [ app_init ] --END-- [ RunTime:0.000288s ]
ERR: 无法加载模块:Public

[ 2020-02-13T15:10:03+08:00 ] 127.0.0.1 /fishClub/Public/css/bootstrap.min.css.map
INFO: [ app_init ] --START--
INFO: Run Behavior\BuildLiteBehavior [ RunTime:0.000006s ]
INFO: [ app_init ] --END-- [ RunTime:0.000220s ]
ERR: 无法加载模块:Public

[ 2020-02-13T15:16:02+08:00 ] 127.0.0.1 /fishClub/Public/img/home/fish1
INFO: [ app_init ] --START--
INFO: Run Behavior\BuildLiteBehavior [ RunTime:0.000005s ]
INFO: [ app_init ] --END-- [ RunTime:0.000143s ]
ERR: 无法加载模块:Public

[ 2020-02-13T15:16:34+08:00 ] 127.0.0.1 /fishClub/Public/img/home/fish1
INFO: [ app_init ] --START--
INFO: Run Behavior\BuildLiteBehavior [ RunTime:0.000007s ]
INFO: [ app_init ] --END-- [ RunTime:0.000245s ]
ERR: 无法加载模块:Public

[ 2020-02-13T15:16:35+08:00 ] 127.0.0.1 /fishClub/Public/img/home/fish1
INFO: [ app_init ] --START--
INFO: Run Behavior\BuildLiteBehavior [ RunTime:0.000005s ]
INFO: [ app_init ] --END-- [ RunTime:0.000141s ]
ERR: 无法加载模块:Public

[ 2020-02-13T15:46:12+08:00 ] 127.0.0.1 /fishClub/Public/css/bootstrap.min.css.map
INFO: [ app_init ] --START--
INFO: Run Behavior\BuildLiteBehavior [ RunTime:0.000006s ]
INFO: [ app_init ] --END-- [ RunTime:0.000435s ]
ERR: 无法加载模块:Public

[ 2020-02-13T15:52:51+08:00 ] 127.0.0.1 /fishClub/Public/css/bootstrap.min.css.map
INFO: [ app_init ] --START--
INFO: Run Behavior\BuildLiteBehavior [ RunTime:0.000005s ]
INFO: [ app_init ] --END-- [ RunTime:0.000174s ]
ERR: 无法加载模块:Public

[ 2020-02-13T15:53:12+08:00 ] 127.0.0.1 /fishClub/Public/css/bootstrap.min.css.map
INFO: [ app_init ] --START--
INFO: Run Behavior\BuildLiteBehavior [ RunTime:0.000004s ]
INFO: [ app_init ] --END-- [ RunTime:0.000144s ]
ERR: 无法加载模块:Public

[ 2020-02-13T17:05:33+08:00 ] 127.0.0.1 /fishClub/Public/css/bootstrap.min.css.map
INFO: [ app_init ] --START--
INFO: Run Behavior\BuildLiteBehavior [ RunTime:0.000006s ]
INFO: [ app_init ] --END-- [ RunTime:0.000159s ]
ERR: 无法加载模块:Public

