[ 2020-03-18T20:13:15+08:00 ] 127.0.0.1 /fishClub/index.php/Admin/Main/index.html
INFO: [ app_init ] --START--
INFO: Run Behavior\BuildLiteBehavior [ RunTime:0.000014s ]
INFO: [ app_init ] --END-- [ RunTime:0.001256s ]
INFO: [ app_begin ] --START--
INFO: Run Behavior\ReadHtmlCacheBehavior [ RunTime:0.000679s ]
INFO: [ app_begin ] --END-- [ RunTime:0.000713s ]
INFO: [ view_parse ] --START--
INFO: [ template_filter ] --START--
INFO: Run Behavior\ContentReplaceBehavior [ RunTime:0.000058s ]
INFO: [ template_filter ] --END-- [ RunTime:0.000079s ]
NOTIC: [8] Undefined variable: identity /Applications/XAMPP/xamppfiles/htdocs/fishClub/Application/Runtime/Cache/Admin/ceb25a752d454a3315706634952427db.php 第 101 行.
INFO: Run Behavior\ParseTemplateBehavior [ RunTime:0.010867s ]
INFO: [ view_parse ] --END-- [ RunTime:0.010886s ]
INFO: [ view_filter ] --START--
INFO: Run Behavior\WriteHtmlCacheBehavior [ RunTime:0.000587s ]
INFO: [ view_filter ] --END-- [ RunTime:0.000596s ]
INFO: [ app_end ] --START--
INFO: Run Behavior\ShowPageTraceBehavior [ RunTime:0.000634s ]
INFO: [ app_end ] --END-- [ RunTime:0.000650s ]

[ 2020-03-18T20:13:15+08:00 ] 127.0.0.1 /fishClub/index.php/Admin/Main/welcome
INFO: [ app_init ] --START--
INFO: Run Behavior\BuildLiteBehavior [ RunTime:0.000006s ]
INFO: [ app_init ] --END-- [ RunTime:0.000201s ]
INFO: [ app_begin ] --START--
INFO: Run Behavior\ReadHtmlCacheBehavior [ RunTime:0.000315s ]
INFO: [ app_begin ] --END-- [ RunTime:0.000335s ]
INFO: [ view_parse ] --START--
INFO: [ template_filter ] --START--
INFO: Run Behavior\ContentReplaceBehavior [ RunTime:0.000030s ]
INFO: [ template_filter ] --END-- [ RunTime:0.000059s ]
INFO: Run Behavior\ParseTemplateBehavior [ RunTime:0.010551s ]
INFO: [ view_parse ] --END-- [ RunTime:0.010580s ]
INFO: [ view_filter ] --START--
INFO: Run Behavior\WriteHtmlCacheBehavior [ RunTime:0.000158s ]
INFO: [ view_filter ] --END-- [ RunTime:0.000172s ]
INFO: [ app_end ] --START--
INFO: Run Behavior\ShowPageTraceBehavior [ RunTime:0.000535s ]
INFO: [ app_end ] --END-- [ RunTime:0.000559s ]

[ 2020-03-18T20:13:16+08:00 ] 127.0.0.1 /fishClub/index.php/Admin/Account/account.html
INFO: [ app_init ] --START--
INFO: Run Behavior\BuildLiteBehavior [ RunTime:0.000005s ]
INFO: [ app_init ] --END-- [ RunTime:0.000150s ]
INFO: [ app_begin ] --START--
INFO: Run Behavior\ReadHtmlCacheBehavior [ RunTime:0.000191s ]
INFO: [ app_begin ] --END-- [ RunTime:0.000204s ]
INFO: [ view_parse ] --START--
INFO: [ template_filter ] --START--
INFO: Run Behavior\ContentReplaceBehavior [ RunTime:0.000036s ]
INFO: [ template_filter ] --END-- [ RunTime:0.000056s ]
INFO: Run Behavior\ParseTemplateBehavior [ RunTime:0.007203s ]
INFO: [ view_parse ] --END-- [ RunTime:0.007224s ]
INFO: [ view_filter ] --START--
INFO: Run Behavior\WriteHtmlCacheBehavior [ RunTime:0.000102s ]
INFO: [ view_filter ] --END-- [ RunTime:0.000113s ]
INFO: [ app_end ] --START--
INFO: Run Behavior\ShowPageTraceBehavior [ RunTime:0.000281s ]
INFO: [ app_end ] --END-- [ RunTime:0.000292s ]

[ 2020-03-18T20:13:16+08:00 ] 127.0.0.1 /fishClub/index.php/Admin/Account/userTable?page=1&limit=10
INFO: [ app_init ] --START--
INFO: Run Behavior\BuildLiteBehavior [ RunTime:0.000010s ]
INFO: [ app_init ] --END-- [ RunTime:0.000211s ]
INFO: [ app_begin ] --START--
INFO: Run Behavior\ReadHtmlCacheBehavior [ RunTime:0.000226s ]
INFO: [ app_begin ] --END-- [ RunTime:0.000245s ]
SQL: SHOW COLUMNS FROM `user_base_info` [ RunTime:0.0185s ]
SQL: SELECT * FROM `user_base_info` WHERE `status` = 'normal' LIMIT 0,10   [ RunTime:0.0038s ]
SQL: SELECT * FROM `user_base_info` WHERE `status` = 'normal'  [ RunTime:0.0002s ]
INFO: [ app_end ] --START--
INFO: Run Behavior\ShowPageTraceBehavior [ RunTime:0.000305s ]
INFO: [ app_end ] --END-- [ RunTime:0.000320s ]

[ 2020-03-18T20:13:18+08:00 ] 127.0.0.1 /fishClub/index.php/Admin/WareManage/index.html
INFO: [ app_init ] --START--
INFO: Run Behavior\BuildLiteBehavior [ RunTime:0.000007s ]
INFO: [ app_init ] --END-- [ RunTime:0.000298s ]
INFO: [ app_begin ] --START--
INFO: Run Behavior\ReadHtmlCacheBehavior [ RunTime:0.000229s ]
INFO: [ app_begin ] --END-- [ RunTime:0.000245s ]
INFO: [ view_parse ] --START--
INFO: [ template_filter ] --START--
INFO: Run Behavior\ContentReplaceBehavior [ RunTime:0.000059s ]
INFO: [ template_filter ] --END-- [ RunTime:0.000095s ]
INFO: Run Behavior\ParseTemplateBehavior [ RunTime:0.005904s ]
INFO: [ view_parse ] --END-- [ RunTime:0.005927s ]
INFO: [ view_filter ] --START--
INFO: Run Behavior\WriteHtmlCacheBehavior [ RunTime:0.000104s ]
INFO: [ view_filter ] --END-- [ RunTime:0.000114s ]
INFO: [ app_end ] --START--
INFO: Run Behavior\ShowPageTraceBehavior [ RunTime:0.000245s ]
INFO: [ app_end ] --END-- [ RunTime:0.000256s ]

[ 2020-03-18T20:13:18+08:00 ] 127.0.0.1 /fishClub/index.php/Admin/WareManage/WareDatatable?page=1&limit=5
INFO: [ app_init ] --START--
INFO: Run Behavior\BuildLiteBehavior [ RunTime:0.000006s ]
INFO: [ app_init ] --END-- [ RunTime:0.000217s ]
INFO: [ app_begin ] --START--
INFO: Run Behavior\ReadHtmlCacheBehavior [ RunTime:0.000293s ]
INFO: [ app_begin ] --END-- [ RunTime:0.000305s ]
NOTIC: [8] Undefined index: key /Applications/XAMPP/xamppfiles/htdocs/fishClub/Application/Admin/Controller/WareManageController.class.php 第 13 行.
NOTIC: [8] Undefined index: key /Applications/XAMPP/xamppfiles/htdocs/fishClub/Application/Admin/Controller/WareManageController.class.php 第 14 行.
SQL: SHOW COLUMNS FROM `ware_base_info` [ RunTime:0.0033s ]
SQL: SELECT * FROM `ware_base_info` WHERE `status` = 'normal' LIMIT 0,5   [ RunTime:0.0014s ]
SQL: SELECT * FROM `ware_base_info` WHERE `status` = 'normal'  [ RunTime:0.0002s ]
INFO: [ app_end ] --START--
INFO: Run Behavior\ShowPageTraceBehavior [ RunTime:0.000357s ]
INFO: [ app_end ] --END-- [ RunTime:0.000369s ]

[ 2020-03-18T20:13:23+08:00 ] 127.0.0.1 /fishClub/index.php/Admin/OrderInformation/orderInformationIndex.html
INFO: [ app_init ] --START--
INFO: Run Behavior\BuildLiteBehavior [ RunTime:0.000005s ]
INFO: [ app_init ] --END-- [ RunTime:0.000204s ]
INFO: [ app_begin ] --START--
INFO: Run Behavior\ReadHtmlCacheBehavior [ RunTime:0.000281s ]
INFO: [ app_begin ] --END-- [ RunTime:0.000298s ]
INFO: [ view_parse ] --START--
INFO: [ template_filter ] --START--
INFO: Run Behavior\ContentReplaceBehavior [ RunTime:0.000104s ]
INFO: [ template_filter ] --END-- [ RunTime:0.000128s ]
INFO: Run Behavior\ParseTemplateBehavior [ RunTime:0.010048s ]
INFO: [ view_parse ] --END-- [ RunTime:0.010071s ]
INFO: [ view_filter ] --START--
INFO: Run Behavior\WriteHtmlCacheBehavior [ RunTime:0.000139s ]
INFO: [ view_filter ] --END-- [ RunTime:0.000150s ]
INFO: [ app_end ] --START--
INFO: Run Behavior\ShowPageTraceBehavior [ RunTime:0.000454s ]
INFO: [ app_end ] --END-- [ RunTime:0.000475s ]

[ 2020-03-18T20:13:24+08:00 ] 127.0.0.1 /fishClub/index.php/Admin/OrderInformation/orderInfoDatatable?page=1&limit=10
INFO: [ app_init ] --START--
INFO: Run Behavior\BuildLiteBehavior [ RunTime:0.000006s ]
INFO: [ app_init ] --END-- [ RunTime:0.000157s ]
INFO: [ app_begin ] --START--
INFO: Run Behavior\ReadHtmlCacheBehavior [ RunTime:0.000201s ]
INFO: [ app_begin ] --END-- [ RunTime:0.000213s ]
NOTIC: [8] Undefined index: key /Applications/XAMPP/xamppfiles/htdocs/fishClub/Application/Admin/Controller/OrderInformationController.class.php 第 13 行.
SQL: SHOW COLUMNS FROM `order_base_info` [ RunTime:0.0029s ]
SQL: SELECT b.user_id,b.first_name,b.last_name,b.company,b.adress,b.apartment,b.city,b.country,b.state,b.zip_code,b.email,b.phone,a.order_id,a.order_number,a.time,a.real_pay,a.address_id,a.status FROM order_base_info as a INNER JOIN user_address_detail as b on a.address_id = b.address_id  WHERE a.status = 'obligation' AND b.status = 'normal' ORDER BY a.time desc LIMIT 0,10   [ RunTime:0.0059s ]
SQL: SELECT * FROM order_base_info as a INNER JOIN user_address_detail as b on a.address_id = b.address_id  WHERE a.status = 'obligation' AND b.status = 'normal'  [ RunTime:0.0003s ]
INFO: [ app_end ] --START--
INFO: Run Behavior\ShowPageTraceBehavior [ RunTime:0.000307s ]
INFO: [ app_end ] --END-- [ RunTime:0.000321s ]

[ 2020-03-18T20:13:26+08:00 ] 127.0.0.1 /fishClub/index.php/Admin/OrderInformation/orderInfoDatatable?page=1&limit=10
INFO: [ app_init ] --START--
INFO: Run Behavior\BuildLiteBehavior [ RunTime:0.000006s ]
INFO: [ app_init ] --END-- [ RunTime:0.000158s ]
INFO: [ app_begin ] --START--
INFO: Run Behavior\ReadHtmlCacheBehavior [ RunTime:0.000233s ]
INFO: [ app_begin ] --END-- [ RunTime:0.000249s ]
NOTIC: [8] Undefined index: key /Applications/XAMPP/xamppfiles/htdocs/fishClub/Application/Admin/Controller/OrderInformationController.class.php 第 13 行.
SQL: SHOW COLUMNS FROM `order_base_info` [ RunTime:0.0020s ]
SQL: SELECT b.user_id,b.first_name,b.last_name,b.company,b.adress,b.apartment,b.city,b.country,b.state,b.zip_code,b.email,b.phone,a.order_id,a.order_number,a.time,a.real_pay,a.address_id,a.status FROM order_base_info as a INNER JOIN user_address_detail as b on a.address_id = b.address_id  WHERE a.status = 'obligation' AND b.status = 'normal' ORDER BY a.time desc LIMIT 0,10   [ RunTime:0.0010s ]
SQL: SELECT * FROM order_base_info as a INNER JOIN user_address_detail as b on a.address_id = b.address_id  WHERE a.status = 'obligation' AND b.status = 'normal'  [ RunTime:0.0016s ]
INFO: [ app_end ] --START--
INFO: Run Behavior\ShowPageTraceBehavior [ RunTime:0.000324s ]
INFO: [ app_end ] --END-- [ RunTime:0.000342s ]

[ 2020-03-18T20:13:26+08:00 ] 127.0.0.1 /fishClub/index.php/Admin/OrderInformation/orderInfoDatatable?page=1&limit=10&key%5Bstatus%5D=payed&key%5Bsearch%5D=
INFO: [ app_init ] --START--
INFO: Run Behavior\BuildLiteBehavior [ RunTime:0.000005s ]
INFO: [ app_init ] --END-- [ RunTime:0.000217s ]
INFO: [ app_begin ] --START--
INFO: Run Behavior\ReadHtmlCacheBehavior [ RunTime:0.000387s ]
INFO: [ app_begin ] --END-- [ RunTime:0.000406s ]
SQL: SHOW COLUMNS FROM `order_base_info` [ RunTime:0.0030s ]
SQL: SELECT b.user_id,b.first_name,b.last_name,b.company,b.adress,b.apartment,b.city,b.country,b.state,b.zip_code,b.email,b.phone,a.order_id,a.order_number,a.time,a.real_pay,a.address_id,a.status FROM order_base_info as a INNER JOIN user_address_detail as b on a.address_id = b.address_id  WHERE a.status = 'payed' AND b.status = 'normal' ORDER BY a.time desc LIMIT 0,10   [ RunTime:0.0003s ]
SQL: SELECT * FROM order_base_info as a INNER JOIN user_address_detail as b on a.address_id = b.address_id  WHERE a.status = 'payed' AND b.status = 'normal'  [ RunTime:0.0003s ]
INFO: [ app_end ] --START--
INFO: Run Behavior\ShowPageTraceBehavior [ RunTime:0.000296s ]
INFO: [ app_end ] --END-- [ RunTime:0.000309s ]

[ 2020-03-18T20:13:26+08:00 ] 127.0.0.1 /fishClub/index.php/Admin/OrderInformation/orderInfoDatatable?page=1&limit=10&key%5Bstatus%5D=payed&key%5Bsearch%5D=
INFO: [ app_init ] --START--
INFO: Run Behavior\BuildLiteBehavior [ RunTime:0.000005s ]
INFO: [ app_init ] --END-- [ RunTime:0.000149s ]
INFO: [ app_begin ] --START--
INFO: Run Behavior\ReadHtmlCacheBehavior [ RunTime:0.000194s ]
INFO: [ app_begin ] --END-- [ RunTime:0.000208s ]
SQL: SHOW COLUMNS FROM `order_base_info` [ RunTime:0.0015s ]
SQL: SELECT b.user_id,b.first_name,b.last_name,b.company,b.adress,b.apartment,b.city,b.country,b.state,b.zip_code,b.email,b.phone,a.order_id,a.order_number,a.time,a.real_pay,a.address_id,a.status FROM order_base_info as a INNER JOIN user_address_detail as b on a.address_id = b.address_id  WHERE a.status = 'payed' AND b.status = 'normal' ORDER BY a.time desc LIMIT 0,10   [ RunTime:0.0004s ]
SQL: SELECT * FROM order_base_info as a INNER JOIN user_address_detail as b on a.address_id = b.address_id  WHERE a.status = 'payed' AND b.status = 'normal'  [ RunTime:0.0003s ]
INFO: [ app_end ] --START--
INFO: Run Behavior\ShowPageTraceBehavior [ RunTime:0.000271s ]
INFO: [ app_end ] --END-- [ RunTime:0.000283s ]

[ 2020-03-18T20:13:27+08:00 ] 127.0.0.1 /fishClub/index.php/Admin/OrderInformation/orderInfoDatatable?page=1&limit=10&key%5Bstatus%5D=payed&key%5Bsearch%5D=
INFO: [ app_init ] --START--
INFO: Run Behavior\BuildLiteBehavior [ RunTime:0.000005s ]
INFO: [ app_init ] --END-- [ RunTime:0.000156s ]
INFO: [ app_begin ] --START--
INFO: Run Behavior\ReadHtmlCacheBehavior [ RunTime:0.000248s ]
INFO: [ app_begin ] --END-- [ RunTime:0.000267s ]
SQL: SHOW COLUMNS FROM `order_base_info` [ RunTime:0.0022s ]
SQL: SELECT b.user_id,b.first_name,b.last_name,b.company,b.adress,b.apartment,b.city,b.country,b.state,b.zip_code,b.email,b.phone,a.order_id,a.order_number,a.time,a.real_pay,a.address_id,a.status FROM order_base_info as a INNER JOIN user_address_detail as b on a.address_id = b.address_id  WHERE a.status = 'payed' AND b.status = 'normal' ORDER BY a.time desc LIMIT 0,10   [ RunTime:0.0006s ]
SQL: SELECT * FROM order_base_info as a INNER JOIN user_address_detail as b on a.address_id = b.address_id  WHERE a.status = 'payed' AND b.status = 'normal'  [ RunTime:0.0006s ]
INFO: [ app_end ] --START--
INFO: Run Behavior\ShowPageTraceBehavior [ RunTime:0.000383s ]
INFO: [ app_end ] --END-- [ RunTime:0.000402s ]

[ 2020-03-18T20:13:27+08:00 ] 127.0.0.1 /fishClub/index.php/Admin/OrderInformation/orderInfoDatatable?page=1&limit=10&key%5Bstatus%5D=completed&key%5Bsearch%5D=
INFO: [ app_init ] --START--
INFO: Run Behavior\BuildLiteBehavior [ RunTime:0.000005s ]
INFO: [ app_init ] --END-- [ RunTime:0.000163s ]
INFO: [ app_begin ] --START--
INFO: Run Behavior\ReadHtmlCacheBehavior [ RunTime:0.000231s ]
INFO: [ app_begin ] --END-- [ RunTime:0.000246s ]
SQL: SHOW COLUMNS FROM `order_base_info` [ RunTime:0.0015s ]
SQL: SELECT b.user_id,b.first_name,b.last_name,b.company,b.adress,b.apartment,b.city,b.country,b.state,b.zip_code,b.email,b.phone,a.order_id,a.order_number,a.time,a.real_pay,a.address_id,a.status FROM order_base_info as a INNER JOIN user_address_detail as b on a.address_id = b.address_id  WHERE a.status = 'completed' AND b.status = 'normal' ORDER BY a.time desc LIMIT 0,10   [ RunTime:0.0004s ]
SQL: SELECT * FROM order_base_info as a INNER JOIN user_address_detail as b on a.address_id = b.address_id  WHERE a.status = 'completed' AND b.status = 'normal'  [ RunTime:0.0004s ]
INFO: [ app_end ] --START--
INFO: Run Behavior\ShowPageTraceBehavior [ RunTime:0.000309s ]
INFO: [ app_end ] --END-- [ RunTime:0.000325s ]

[ 2020-03-18T20:13:27+08:00 ] 127.0.0.1 /fishClub/index.php/Admin/OrderInformation/orderInfoDatatable?page=1&limit=10&key%5Bstatus%5D=completed&key%5Bsearch%5D=
INFO: [ app_init ] --START--
INFO: Run Behavior\BuildLiteBehavior [ RunTime:0.000005s ]
INFO: [ app_init ] --END-- [ RunTime:0.000167s ]
INFO: [ app_begin ] --START--
INFO: Run Behavior\ReadHtmlCacheBehavior [ RunTime:0.000220s ]
INFO: [ app_begin ] --END-- [ RunTime:0.000235s ]
SQL: SHOW COLUMNS FROM `order_base_info` [ RunTime:0.0016s ]
SQL: SELECT b.user_id,b.first_name,b.last_name,b.company,b.adress,b.apartment,b.city,b.country,b.state,b.zip_code,b.email,b.phone,a.order_id,a.order_number,a.time,a.real_pay,a.address_id,a.status FROM order_base_info as a INNER JOIN user_address_detail as b on a.address_id = b.address_id  WHERE a.status = 'completed' AND b.status = 'normal' ORDER BY a.time desc LIMIT 0,10   [ RunTime:0.0004s ]
SQL: SELECT * FROM order_base_info as a INNER JOIN user_address_detail as b on a.address_id = b.address_id  WHERE a.status = 'completed' AND b.status = 'normal'  [ RunTime:0.0026s ]
INFO: [ app_end ] --START--
INFO: Run Behavior\ShowPageTraceBehavior [ RunTime:0.000287s ]
INFO: [ app_end ] --END-- [ RunTime:0.000300s ]

[ 2020-03-18T20:13:28+08:00 ] 127.0.0.1 /fishClub/index.php/Admin/OrderInformation/orderInfoDatatable?page=1&limit=10&key%5Bstatus%5D=completed&key%5Bsearch%5D=
INFO: [ app_init ] --START--
INFO: Run Behavior\BuildLiteBehavior [ RunTime:0.000007s ]
INFO: [ app_init ] --END-- [ RunTime:0.000192s ]
INFO: [ app_begin ] --START--
INFO: Run Behavior\ReadHtmlCacheBehavior [ RunTime:0.000314s ]
INFO: [ app_begin ] --END-- [ RunTime:0.000336s ]
SQL: SHOW COLUMNS FROM `order_base_info` [ RunTime:0.0021s ]
SQL: SELECT b.user_id,b.first_name,b.last_name,b.company,b.adress,b.apartment,b.city,b.country,b.state,b.zip_code,b.email,b.phone,a.order_id,a.order_number,a.time,a.real_pay,a.address_id,a.status FROM order_base_info as a INNER JOIN user_address_detail as b on a.address_id = b.address_id  WHERE a.status = 'completed' AND b.status = 'normal' ORDER BY a.time desc LIMIT 0,10   [ RunTime:0.0006s ]
SQL: SELECT * FROM order_base_info as a INNER JOIN user_address_detail as b on a.address_id = b.address_id  WHERE a.status = 'completed' AND b.status = 'normal'  [ RunTime:0.0005s ]
INFO: [ app_end ] --START--
INFO: Run Behavior\ShowPageTraceBehavior [ RunTime:0.000392s ]
INFO: [ app_end ] --END-- [ RunTime:0.000410s ]

[ 2020-03-18T20:13:28+08:00 ] 127.0.0.1 /fishClub/index.php/Admin/OrderInformation/orderInfoDatatable?page=1&limit=10&key%5Bstatus%5D=payed&key%5Bsearch%5D=
INFO: [ app_init ] --START--
INFO: Run Behavior\BuildLiteBehavior [ RunTime:0.000005s ]
INFO: [ app_init ] --END-- [ RunTime:0.000200s ]
INFO: [ app_begin ] --START--
INFO: Run Behavior\ReadHtmlCacheBehavior [ RunTime:0.000321s ]
INFO: [ app_begin ] --END-- [ RunTime:0.000343s ]
SQL: SHOW COLUMNS FROM `order_base_info` [ RunTime:0.0022s ]
SQL: SELECT b.user_id,b.first_name,b.last_name,b.company,b.adress,b.apartment,b.city,b.country,b.state,b.zip_code,b.email,b.phone,a.order_id,a.order_number,a.time,a.real_pay,a.address_id,a.status FROM order_base_info as a INNER JOIN user_address_detail as b on a.address_id = b.address_id  WHERE a.status = 'payed' AND b.status = 'normal' ORDER BY a.time desc LIMIT 0,10   [ RunTime:0.0004s ]
SQL: SELECT * FROM order_base_info as a INNER JOIN user_address_detail as b on a.address_id = b.address_id  WHERE a.status = 'payed' AND b.status = 'normal'  [ RunTime:0.0004s ]
INFO: [ app_end ] --START--
INFO: Run Behavior\ShowPageTraceBehavior [ RunTime:0.000358s ]
INFO: [ app_end ] --END-- [ RunTime:0.000371s ]

[ 2020-03-18T20:13:28+08:00 ] 127.0.0.1 /fishClub/index.php/Admin/OrderInformation/orderInfoDatatable?page=1&limit=10&key%5Bstatus%5D=payed&key%5Bsearch%5D=
INFO: [ app_init ] --START--
INFO: Run Behavior\BuildLiteBehavior [ RunTime:0.000005s ]
INFO: [ app_init ] --END-- [ RunTime:0.000158s ]
INFO: [ app_begin ] --START--
INFO: Run Behavior\ReadHtmlCacheBehavior [ RunTime:0.000197s ]
INFO: [ app_begin ] --END-- [ RunTime:0.000211s ]
SQL: SHOW COLUMNS FROM `order_base_info` [ RunTime:0.0027s ]
SQL: SELECT b.user_id,b.first_name,b.last_name,b.company,b.adress,b.apartment,b.city,b.country,b.state,b.zip_code,b.email,b.phone,a.order_id,a.order_number,a.time,a.real_pay,a.address_id,a.status FROM order_base_info as a INNER JOIN user_address_detail as b on a.address_id = b.address_id  WHERE a.status = 'payed' AND b.status = 'normal' ORDER BY a.time desc LIMIT 0,10   [ RunTime:0.0003s ]
SQL: SELECT * FROM order_base_info as a INNER JOIN user_address_detail as b on a.address_id = b.address_id  WHERE a.status = 'payed' AND b.status = 'normal'  [ RunTime:0.0002s ]
INFO: [ app_end ] --START--
INFO: Run Behavior\ShowPageTraceBehavior [ RunTime:0.000279s ]
INFO: [ app_end ] --END-- [ RunTime:0.000292s ]

[ 2020-03-18T20:13:29+08:00 ] 127.0.0.1 /fishClub/index.php/Admin/OrderInformation/orderInfoDatatable?page=1&limit=10&key%5Bstatus%5D=payed&key%5Bsearch%5D=
INFO: [ app_init ] --START--
INFO: Run Behavior\BuildLiteBehavior [ RunTime:0.000006s ]
INFO: [ app_init ] --END-- [ RunTime:0.000180s ]
INFO: [ app_begin ] --START--
INFO: Run Behavior\ReadHtmlCacheBehavior [ RunTime:0.000311s ]
INFO: [ app_begin ] --END-- [ RunTime:0.000329s ]
SQL: SHOW COLUMNS FROM `order_base_info` [ RunTime:0.0015s ]
SQL: SELECT b.user_id,b.first_name,b.last_name,b.company,b.adress,b.apartment,b.city,b.country,b.state,b.zip_code,b.email,b.phone,a.order_id,a.order_number,a.time,a.real_pay,a.address_id,a.status FROM order_base_info as a INNER JOIN user_address_detail as b on a.address_id = b.address_id  WHERE a.status = 'payed' AND b.status = 'normal' ORDER BY a.time desc LIMIT 0,10   [ RunTime:0.0004s ]
SQL: SELECT * FROM order_base_info as a INNER JOIN user_address_detail as b on a.address_id = b.address_id  WHERE a.status = 'payed' AND b.status = 'normal'  [ RunTime:0.0005s ]
INFO: [ app_end ] --START--
INFO: Run Behavior\ShowPageTraceBehavior [ RunTime:0.000363s ]
INFO: [ app_end ] --END-- [ RunTime:0.000380s ]

[ 2020-03-18T20:13:29+08:00 ] 127.0.0.1 /fishClub/index.php/Admin/OrderInformation/orderInfoDatatable?page=1&limit=10&key%5Bstatus%5D=obligation&key%5Bsearch%5D=
INFO: [ app_init ] --START--
INFO: Run Behavior\BuildLiteBehavior [ RunTime:0.000004s ]
INFO: [ app_init ] --END-- [ RunTime:0.000202s ]
INFO: [ app_begin ] --START--
INFO: Run Behavior\ReadHtmlCacheBehavior [ RunTime:0.000316s ]
INFO: [ app_begin ] --END-- [ RunTime:0.000338s ]
SQL: SHOW COLUMNS FROM `order_base_info` [ RunTime:0.0013s ]
SQL: SELECT b.user_id,b.first_name,b.last_name,b.company,b.adress,b.apartment,b.city,b.country,b.state,b.zip_code,b.email,b.phone,a.order_id,a.order_number,a.time,a.real_pay,a.address_id,a.status FROM order_base_info as a INNER JOIN user_address_detail as b on a.address_id = b.address_id  WHERE a.status = 'obligation' AND b.status = 'normal' ORDER BY a.time desc LIMIT 0,10   [ RunTime:0.0005s ]
SQL: SELECT * FROM order_base_info as a INNER JOIN user_address_detail as b on a.address_id = b.address_id  WHERE a.status = 'obligation' AND b.status = 'normal'  [ RunTime:0.0003s ]
INFO: [ app_end ] --START--
INFO: Run Behavior\ShowPageTraceBehavior [ RunTime:0.000298s ]
INFO: [ app_end ] --END-- [ RunTime:0.000324s ]

[ 2020-03-18T20:13:29+08:00 ] 127.0.0.1 /fishClub/index.php/Admin/OrderInformation/orderInfoDatatable?page=1&limit=10&key%5Bstatus%5D=obligation&key%5Bsearch%5D=
INFO: [ app_init ] --START--
INFO: Run Behavior\BuildLiteBehavior [ RunTime:0.000005s ]
INFO: [ app_init ] --END-- [ RunTime:0.000160s ]
INFO: [ app_begin ] --START--
INFO: Run Behavior\ReadHtmlCacheBehavior [ RunTime:0.000214s ]
INFO: [ app_begin ] --END-- [ RunTime:0.000227s ]
SQL: SHOW COLUMNS FROM `order_base_info` [ RunTime:0.0011s ]
SQL: SELECT b.user_id,b.first_name,b.last_name,b.company,b.adress,b.apartment,b.city,b.country,b.state,b.zip_code,b.email,b.phone,a.order_id,a.order_number,a.time,a.real_pay,a.address_id,a.status FROM order_base_info as a INNER JOIN user_address_detail as b on a.address_id = b.address_id  WHERE a.status = 'obligation' AND b.status = 'normal' ORDER BY a.time desc LIMIT 0,10   [ RunTime:0.0003s ]
SQL: SELECT * FROM order_base_info as a INNER JOIN user_address_detail as b on a.address_id = b.address_id  WHERE a.status = 'obligation' AND b.status = 'normal'  [ RunTime:0.0002s ]
INFO: [ app_end ] --START--
INFO: Run Behavior\ShowPageTraceBehavior [ RunTime:0.000264s ]
INFO: [ app_end ] --END-- [ RunTime:0.000275s ]

[ 2020-03-18T20:13:30+08:00 ] 127.0.0.1 /fishClub/index.php/Admin/ContactInformation/contact.html
INFO: [ app_init ] --START--
INFO: Run Behavior\BuildLiteBehavior [ RunTime:0.000006s ]
INFO: [ app_init ] --END-- [ RunTime:0.000198s ]
INFO: [ app_begin ] --START--
INFO: Run Behavior\ReadHtmlCacheBehavior [ RunTime:0.000232s ]
INFO: [ app_begin ] --END-- [ RunTime:0.000248s ]
INFO: [ view_parse ] --START--
INFO: [ template_filter ] --START--
INFO: Run Behavior\ContentReplaceBehavior [ RunTime:0.000039s ]
INFO: [ template_filter ] --END-- [ RunTime:0.000054s ]
INFO: Run Behavior\ParseTemplateBehavior [ RunTime:0.003959s ]
INFO: [ view_parse ] --END-- [ RunTime:0.003975s ]
INFO: [ view_filter ] --START--
INFO: Run Behavior\WriteHtmlCacheBehavior [ RunTime:0.000085s ]
INFO: [ view_filter ] --END-- [ RunTime:0.000094s ]
INFO: [ app_end ] --START--
INFO: Run Behavior\ShowPageTraceBehavior [ RunTime:0.000219s ]
INFO: [ app_end ] --END-- [ RunTime:0.000230s ]

[ 2020-03-18T20:13:30+08:00 ] 127.0.0.1 /fishClub/index.php/Admin/ContactInformation/contactDatatable?page=1&limit=5
INFO: [ app_init ] --START--
INFO: Run Behavior\BuildLiteBehavior [ RunTime:0.000007s ]
INFO: [ app_init ] --END-- [ RunTime:0.000195s ]
INFO: [ app_begin ] --START--
INFO: Run Behavior\ReadHtmlCacheBehavior [ RunTime:0.000269s ]
INFO: [ app_begin ] --END-- [ RunTime:0.000293s ]
SQL: SHOW COLUMNS FROM `management_base_info` [ RunTime:0.0021s ]
SQL: SELECT * FROM `management_base_info` WHERE `status` = 'normal' LIMIT 0,5   [ RunTime:0.0003s ]
SQL: SELECT * FROM `management_base_info` WHERE `status` = 'normal'  [ RunTime:0.0002s ]
INFO: [ app_end ] --START--
INFO: Run Behavior\ShowPageTraceBehavior [ RunTime:0.000280s ]
INFO: [ app_end ] --END-- [ RunTime:0.000309s ]

[ 2020-03-18T20:13:31+08:00 ] 127.0.0.1 /fishClub/index.php/Admin/DiscountManage/index.html
INFO: [ app_init ] --START--
INFO: Run Behavior\BuildLiteBehavior [ RunTime:0.000005s ]
INFO: [ app_init ] --END-- [ RunTime:0.000150s ]
INFO: [ app_begin ] --START--
INFO: Run Behavior\ReadHtmlCacheBehavior [ RunTime:0.000195s ]
INFO: [ app_begin ] --END-- [ RunTime:0.000207s ]
INFO: [ view_parse ] --START--
INFO: [ template_filter ] --START--
INFO: Run Behavior\ContentReplaceBehavior [ RunTime:0.000041s ]
INFO: [ template_filter ] --END-- [ RunTime:0.000056s ]
INFO: Run Behavior\ParseTemplateBehavior [ RunTime:0.005002s ]
INFO: [ view_parse ] --END-- [ RunTime:0.005020s ]
INFO: [ view_filter ] --START--
INFO: Run Behavior\WriteHtmlCacheBehavior [ RunTime:0.000096s ]
INFO: [ view_filter ] --END-- [ RunTime:0.000104s ]
INFO: [ app_end ] --START--
INFO: Run Behavior\ShowPageTraceBehavior [ RunTime:0.000298s ]
INFO: [ app_end ] --END-- [ RunTime:0.000315s ]

[ 2020-03-18T20:13:31+08:00 ] 127.0.0.1 /fishClub/index.php/Admin/DiscountManage/DiscountDatatable?page=1&limit=10
INFO: [ app_init ] --START--
INFO: Run Behavior\BuildLiteBehavior [ RunTime:0.000005s ]
INFO: [ app_init ] --END-- [ RunTime:0.000162s ]
INFO: [ app_begin ] --START--
INFO: Run Behavior\ReadHtmlCacheBehavior [ RunTime:0.000201s ]
INFO: [ app_begin ] --END-- [ RunTime:0.000214s ]
SQL: SHOW COLUMNS FROM `discount_base_info` [ RunTime:0.0032s ]
SQL: SELECT * FROM `discount_base_info` WHERE `status` = 'normal' LIMIT 0,10   [ RunTime:0.0003s ]
SQL: SELECT * FROM `discount_base_info` WHERE `status` = 'normal'  [ RunTime:0.0002s ]
INFO: [ app_end ] --START--
INFO: Run Behavior\ShowPageTraceBehavior [ RunTime:0.000302s ]
INFO: [ app_end ] --END-- [ RunTime:0.000315s ]

