[ 2020-03-30T15:32:52+08:00 ] 127.0.0.1 /fishClub/index.php/Admin/WareManage/index.html
INFO: [ app_init ] --START--
INFO: Run Behavior\BuildLiteBehavior [ RunTime:0.000006s ]
INFO: [ app_init ] --END-- [ RunTime:0.000232s ]
INFO: [ app_begin ] --START--
INFO: Run Behavior\ReadHtmlCacheBehavior [ RunTime:0.000280s ]
INFO: [ app_begin ] --END-- [ RunTime:0.000297s ]
INFO: [ view_parse ] --START--
INFO: [ template_filter ] --START--
INFO: Run Behavior\ContentReplaceBehavior [ RunTime:0.000059s ]
INFO: [ template_filter ] --END-- [ RunTime:0.000079s ]
INFO: Run Behavior\ParseTemplateBehavior [ RunTime:0.016064s ]
INFO: [ view_parse ] --END-- [ RunTime:0.016083s ]
INFO: [ view_filter ] --START--
INFO: Run Behavior\WriteHtmlCacheBehavior [ RunTime:0.000232s ]
INFO: [ view_filter ] --END-- [ RunTime:0.000242s ]
INFO: [ app_end ] --START--
INFO: Run Behavior\ShowPageTraceBehavior [ RunTime:0.000320s ]
INFO: [ app_end ] --END-- [ RunTime:0.000334s ]

[ 2020-03-30T15:32:53+08:00 ] 127.0.0.1 /fishClub/index.php/Admin/WareManage/WareDatatable?page=1&limit=5
INFO: [ app_init ] --START--
INFO: Run Behavior\BuildLiteBehavior [ RunTime:0.000006s ]
INFO: [ app_init ] --END-- [ RunTime:0.000152s ]
INFO: [ app_begin ] --START--
INFO: Run Behavior\ReadHtmlCacheBehavior [ RunTime:0.000221s ]
INFO: [ app_begin ] --END-- [ RunTime:0.000237s ]
NOTIC: [8] Undefined index: key /Applications/XAMPP/xamppfiles/htdocs/fishClub/Application/Admin/Controller/WareManageController.class.php 第 13 行.
NOTIC: [8] Undefined index: key /Applications/XAMPP/xamppfiles/htdocs/fishClub/Application/Admin/Controller/WareManageController.class.php 第 14 行.
SQL: SHOW COLUMNS FROM `ware_base_info` [ RunTime:0.0014s ]
SQL: SELECT * FROM `ware_base_info` WHERE `status` = 'normal' LIMIT 0,5   [ RunTime:0.0007s ]
SQL: SELECT * FROM `ware_base_info` WHERE `status` = 'normal'  [ RunTime:0.0002s ]
INFO: [ app_end ] --START--
INFO: Run Behavior\ShowPageTraceBehavior [ RunTime:0.000322s ]
INFO: [ app_end ] --END-- [ RunTime:0.000335s ]

[ 2020-03-30T15:32:53+08:00 ] 127.0.0.1 /fishClub/index.php/Admin/Account/account.html
INFO: [ app_init ] --START--
INFO: Run Behavior\BuildLiteBehavior [ RunTime:0.000006s ]
INFO: [ app_init ] --END-- [ RunTime:0.000237s ]
INFO: [ app_begin ] --START--
INFO: Run Behavior\ReadHtmlCacheBehavior [ RunTime:0.000313s ]
INFO: [ app_begin ] --END-- [ RunTime:0.000329s ]
INFO: [ view_parse ] --START--
INFO: [ template_filter ] --START--
INFO: Run Behavior\ContentReplaceBehavior [ RunTime:0.000043s ]
INFO: [ template_filter ] --END-- [ RunTime:0.000061s ]
INFO: Run Behavior\ParseTemplateBehavior [ RunTime:0.006942s ]
INFO: [ view_parse ] --END-- [ RunTime:0.006956s ]
INFO: [ view_filter ] --START--
INFO: Run Behavior\WriteHtmlCacheBehavior [ RunTime:0.000093s ]
INFO: [ view_filter ] --END-- [ RunTime:0.000102s ]
INFO: [ app_end ] --START--
INFO: Run Behavior\ShowPageTraceBehavior [ RunTime:0.000310s ]
INFO: [ app_end ] --END-- [ RunTime:0.000322s ]

[ 2020-03-30T15:32:53+08:00 ] 127.0.0.1 /fishClub/index.php/Admin/Account/userTable?page=1&limit=10
INFO: [ app_init ] --START--
INFO: Run Behavior\BuildLiteBehavior [ RunTime:0.000005s ]
INFO: [ app_init ] --END-- [ RunTime:0.000148s ]
INFO: [ app_begin ] --START--
INFO: Run Behavior\ReadHtmlCacheBehavior [ RunTime:0.000292s ]
INFO: [ app_begin ] --END-- [ RunTime:0.000308s ]
SQL: SHOW COLUMNS FROM `user_base_info` [ RunTime:0.0033s ]
SQL: SELECT * FROM `user_base_info` WHERE `status` = 'normal' LIMIT 0,10   [ RunTime:0.0003s ]
SQL: SELECT * FROM `user_base_info` WHERE `status` = 'normal'  [ RunTime:0.0001s ]
INFO: [ app_end ] --START--
INFO: Run Behavior\ShowPageTraceBehavior [ RunTime:0.000357s ]
INFO: [ app_end ] --END-- [ RunTime:0.000374s ]

[ 2020-03-30T15:32:55+08:00 ] 127.0.0.1 /fishClub/index.php/Admin/Account/editPassword?user_id=1
INFO: [ app_init ] --START--
INFO: Run Behavior\BuildLiteBehavior [ RunTime:0.000024s ]
INFO: [ app_init ] --END-- [ RunTime:0.000460s ]
INFO: [ app_begin ] --START--
INFO: Run Behavior\ReadHtmlCacheBehavior [ RunTime:0.000316s ]
INFO: [ app_begin ] --END-- [ RunTime:0.000347s ]
INFO: [ view_parse ] --START--
INFO: [ template_filter ] --START--
INFO: Run Behavior\ContentReplaceBehavior [ RunTime:0.000051s ]
INFO: [ template_filter ] --END-- [ RunTime:0.000071s ]
INFO: Run Behavior\ParseTemplateBehavior [ RunTime:0.005965s ]
INFO: [ view_parse ] --END-- [ RunTime:0.005993s ]
INFO: [ view_filter ] --START--
INFO: Run Behavior\WriteHtmlCacheBehavior [ RunTime:0.000111s ]
INFO: [ view_filter ] --END-- [ RunTime:0.000122s ]
INFO: [ app_end ] --START--
INFO: Run Behavior\ShowPageTraceBehavior [ RunTime:0.000281s ]
INFO: [ app_end ] --END-- [ RunTime:0.000297s ]

[ 2020-03-30T15:32:59+08:00 ] 127.0.0.1 /fishClub/index.php/Admin/Account/resetUserManage
INFO: [ app_init ] --START--
INFO: Run Behavior\BuildLiteBehavior [ RunTime:0.000007s ]
INFO: [ app_init ] --END-- [ RunTime:0.000227s ]
INFO: [ app_begin ] --START--
INFO: Run Behavior\ReadHtmlCacheBehavior [ RunTime:0.000225s ]
INFO: [ app_begin ] --END-- [ RunTime:0.000240s ]
SQL: SHOW COLUMNS FROM `user_base_info` [ RunTime:0.0027s ]
SQL: UPDATE `user_base_info` SET `password`='e10adc3949ba59abbe56e057f20f883e' WHERE `user_id` = 1 AND `status` = 'normal' [ RunTime:0.0087s ]
INFO: [ app_end ] --START--
INFO: Run Behavior\ShowPageTraceBehavior [ RunTime:0.000322s ]
INFO: [ app_end ] --END-- [ RunTime:0.000341s ]

