[ 2020-02-19T19:40:42+08:00 ] 127.0.0.1 /fishClub/index.php/Admin/WareManage/index.html
INFO: [ app_init ] --START--
INFO: Run Behavior\BuildLiteBehavior [ RunTime:0.000007s ]
INFO: [ app_init ] --END-- [ RunTime:0.000681s ]
INFO: [ app_begin ] --START--
INFO: Run Behavior\ReadHtmlCacheBehavior [ RunTime:0.000587s ]
INFO: [ app_begin ] --END-- [ RunTime:0.000614s ]
INFO: [ view_parse ] --START--
INFO: [ template_filter ] --START--
INFO: Run Behavior\ContentReplaceBehavior [ RunTime:0.000114s ]
INFO: [ template_filter ] --END-- [ RunTime:0.000137s ]
INFO: Run Behavior\ParseTemplateBehavior [ RunTime:0.009636s ]
INFO: [ view_parse ] --END-- [ RunTime:0.009669s ]
INFO: [ view_filter ] --START--
INFO: Run Behavior\WriteHtmlCacheBehavior [ RunTime:0.000582s ]
INFO: [ view_filter ] --END-- [ RunTime:0.000620s ]
INFO: [ app_end ] --START--
INFO: Run Behavior\ShowPageTraceBehavior [ RunTime:0.000764s ]
INFO: [ app_end ] --END-- [ RunTime:0.000806s ]

[ 2020-02-19T19:40:42+08:00 ] 127.0.0.1 /fishClub/index.php/Admin/WareManage/WareDatatable?page=1&limit=5
INFO: [ app_init ] --START--
INFO: Run Behavior\BuildLiteBehavior [ RunTime:0.000005s ]
INFO: [ app_init ] --END-- [ RunTime:0.000154s ]
INFO: [ app_begin ] --START--
INFO: Run Behavior\ReadHtmlCacheBehavior [ RunTime:0.000223s ]
INFO: [ app_begin ] --END-- [ RunTime:0.000242s ]
NOTIC: [8] Undefined index: key /Applications/XAMPP/xamppfiles/htdocs/fishClub/Application/Admin/Controller/WareManageController.class.php 第 13 行.
NOTIC: [8] Undefined index: key /Applications/XAMPP/xamppfiles/htdocs/fishClub/Application/Admin/Controller/WareManageController.class.php 第 14 行.
SQL: SHOW COLUMNS FROM `ware_base_info` [ RunTime:0.0062s ]
SQL: SELECT * FROM `ware_base_info` WHERE `status` = 'normal' LIMIT 0,5   [ RunTime:0.0038s ]
SQL: SELECT * FROM `ware_base_info` WHERE `status` = 'normal'  [ RunTime:0.0012s ]
INFO: [ app_end ] --START--
INFO: Run Behavior\ShowPageTraceBehavior [ RunTime:0.000401s ]
INFO: [ app_end ] --END-- [ RunTime:0.000424s ]

[ 2020-02-19T19:40:48+08:00 ] 127.0.0.1 /fishClub/index.php/Admin/WareManage/editWare?ware_id=1
INFO: [ app_init ] --START--
INFO: Run Behavior\BuildLiteBehavior [ RunTime:0.000006s ]
INFO: [ app_init ] --END-- [ RunTime:0.000265s ]
INFO: [ app_begin ] --START--
INFO: Run Behavior\ReadHtmlCacheBehavior [ RunTime:0.001149s ]
INFO: [ app_begin ] --END-- [ RunTime:0.001184s ]
SQL: SHOW COLUMNS FROM `ware_base_info` [ RunTime:0.0036s ]
SQL: SELECT * FROM `ware_base_info` WHERE `ware_id` = 1 LIMIT 1   [ RunTime:0.0005s ]
INFO: [ view_parse ] --START--
INFO: [ template_filter ] --START--
INFO: Run Behavior\ContentReplaceBehavior [ RunTime:0.000086s ]
INFO: [ template_filter ] --END-- [ RunTime:0.000116s ]
INFO: Run Behavior\ParseTemplateBehavior [ RunTime:0.008426s ]
INFO: [ view_parse ] --END-- [ RunTime:0.008466s ]
INFO: [ view_filter ] --START--
INFO: Run Behavior\WriteHtmlCacheBehavior [ RunTime:0.000117s ]
INFO: [ view_filter ] --END-- [ RunTime:0.000133s ]
INFO: [ app_end ] --START--
INFO: Run Behavior\ShowPageTraceBehavior [ RunTime:0.001211s ]
INFO: [ app_end ] --END-- [ RunTime:0.001234s ]

[ 2020-02-19T19:40:55+08:00 ] 127.0.0.1 /fishClub/index.php/Admin/WareManage/WareDatatable?page=1&limit=5
INFO: [ app_init ] --START--
INFO: Run Behavior\BuildLiteBehavior [ RunTime:0.000011s ]
INFO: [ app_init ] --END-- [ RunTime:0.000262s ]
INFO: [ app_begin ] --START--
INFO: Run Behavior\ReadHtmlCacheBehavior [ RunTime:0.000262s ]
INFO: [ app_begin ] --END-- [ RunTime:0.000280s ]
NOTIC: [8] Undefined index: key /Applications/XAMPP/xamppfiles/htdocs/fishClub/Application/Admin/Controller/WareManageController.class.php 第 13 行.
NOTIC: [8] Undefined index: key /Applications/XAMPP/xamppfiles/htdocs/fishClub/Application/Admin/Controller/WareManageController.class.php 第 14 行.
SQL: SHOW COLUMNS FROM `ware_base_info` [ RunTime:0.0014s ]
SQL: SELECT * FROM `ware_base_info` WHERE `status` = 'normal' LIMIT 0,5   [ RunTime:0.0002s ]
SQL: SELECT * FROM `ware_base_info` WHERE `status` = 'normal'  [ RunTime:0.0001s ]
INFO: [ app_end ] --START--
INFO: Run Behavior\ShowPageTraceBehavior [ RunTime:0.000286s ]
INFO: [ app_end ] --END-- [ RunTime:0.000304s ]

[ 2020-02-19T20:48:34+08:00 ] 127.0.0.1 /fishClub/index.php/Admin/DiscountManage/index.html
INFO: [ app_init ] --START--
INFO: Run Behavior\BuildLiteBehavior [ RunTime:0.000007s ]
INFO: [ app_init ] --END-- [ RunTime:0.000489s ]
INFO: [ app_begin ] --START--
INFO: Run Behavior\ReadHtmlCacheBehavior [ RunTime:0.000654s ]
INFO: [ app_begin ] --END-- [ RunTime:0.000675s ]
INFO: [ view_parse ] --START--
INFO: [ template_filter ] --START--
INFO: Run Behavior\ContentReplaceBehavior [ RunTime:0.000074s ]
INFO: [ template_filter ] --END-- [ RunTime:0.000099s ]
INFO: Run Behavior\ParseTemplateBehavior [ RunTime:0.008866s ]
INFO: [ view_parse ] --END-- [ RunTime:0.008905s ]
INFO: [ view_filter ] --START--
INFO: Run Behavior\WriteHtmlCacheBehavior [ RunTime:0.000554s ]
INFO: [ view_filter ] --END-- [ RunTime:0.000569s ]
INFO: [ app_end ] --START--
INFO: Run Behavior\ShowPageTraceBehavior [ RunTime:0.000697s ]
INFO: [ app_end ] --END-- [ RunTime:0.000725s ]

[ 2020-02-19T20:48:34+08:00 ] 127.0.0.1 /fishClub/index.php/Admin/DiscountManage/DiscountDatatable?page=1&limit=10
INFO: [ app_init ] --START--
INFO: Run Behavior\BuildLiteBehavior [ RunTime:0.000005s ]
INFO: [ app_init ] --END-- [ RunTime:0.000150s ]
INFO: [ app_begin ] --START--
INFO: Run Behavior\ReadHtmlCacheBehavior [ RunTime:0.000182s ]
INFO: [ app_begin ] --END-- [ RunTime:0.000198s ]
NOTIC: [8] Undefined index: key /Applications/XAMPP/xamppfiles/htdocs/fishClub/Application/Admin/Controller/DiscountManageController.class.php 第 13 行.
NOTIC: [8] Undefined index: key /Applications/XAMPP/xamppfiles/htdocs/fishClub/Application/Admin/Controller/DiscountManageController.class.php 第 14 行.
SQL: SHOW COLUMNS FROM `discount_base_info` [ RunTime:0.0018s ]
SQL: SELECT * FROM `discount_base_info` WHERE `status` = 'normal' LIMIT 0,10   [ RunTime:0.0008s ]
SQL: SELECT * FROM `discount_base_info` WHERE `status` = 'normal'  [ RunTime:0.0001s ]
INFO: [ app_end ] --START--
INFO: Run Behavior\ShowPageTraceBehavior [ RunTime:0.000259s ]
INFO: [ app_end ] --END-- [ RunTime:0.000273s ]

[ 2020-02-19T20:48:37+08:00 ] 127.0.0.1 /fishClub/index.php/Admin/DiscountManage/editDiscount?code=2020021791380
INFO: [ app_init ] --START--
INFO: Run Behavior\BuildLiteBehavior [ RunTime:0.000005s ]
INFO: [ app_init ] --END-- [ RunTime:0.000166s ]
INFO: [ app_begin ] --START--
INFO: Run Behavior\ReadHtmlCacheBehavior [ RunTime:0.000332s ]
INFO: [ app_begin ] --END-- [ RunTime:0.000364s ]
SQL: SHOW COLUMNS FROM `discount_base_info` [ RunTime:0.0023s ]
SQL: SELECT * FROM `discount_base_info` WHERE `code` = '2020021791380' LIMIT 1   [ RunTime:0.0003s ]
INFO: [ view_parse ] --START--
INFO: [ template_filter ] --START--
INFO: Run Behavior\ContentReplaceBehavior [ RunTime:0.000060s ]
INFO: [ template_filter ] --END-- [ RunTime:0.000084s ]
INFO: Run Behavior\ParseTemplateBehavior [ RunTime:0.007944s ]
INFO: [ view_parse ] --END-- [ RunTime:0.007999s ]
INFO: [ view_filter ] --START--
INFO: Run Behavior\WriteHtmlCacheBehavior [ RunTime:0.000149s ]
INFO: [ view_filter ] --END-- [ RunTime:0.000169s ]
INFO: [ app_end ] --START--
INFO: Run Behavior\ShowPageTraceBehavior [ RunTime:0.000292s ]
INFO: [ app_end ] --END-- [ RunTime:0.000310s ]

[ 2020-02-19T20:48:41+08:00 ] 127.0.0.1 /fishClub/index.php/Admin/DiscountManage/DiscountDatatable?page=1&limit=10
INFO: [ app_init ] --START--
INFO: Run Behavior\BuildLiteBehavior [ RunTime:0.000007s ]
INFO: [ app_init ] --END-- [ RunTime:0.000272s ]
INFO: [ app_begin ] --START--
INFO: Run Behavior\ReadHtmlCacheBehavior [ RunTime:0.000325s ]
INFO: [ app_begin ] --END-- [ RunTime:0.000346s ]
NOTIC: [8] Undefined index: key /Applications/XAMPP/xamppfiles/htdocs/fishClub/Application/Admin/Controller/DiscountManageController.class.php 第 13 行.
NOTIC: [8] Undefined index: key /Applications/XAMPP/xamppfiles/htdocs/fishClub/Application/Admin/Controller/DiscountManageController.class.php 第 14 行.
SQL: SHOW COLUMNS FROM `discount_base_info` [ RunTime:0.0033s ]
SQL: SELECT * FROM `discount_base_info` WHERE `status` = 'normal' LIMIT 0,10   [ RunTime:0.0005s ]
SQL: SELECT * FROM `discount_base_info` WHERE `status` = 'normal'  [ RunTime:0.0002s ]
INFO: [ app_end ] --START--
INFO: Run Behavior\ShowPageTraceBehavior [ RunTime:0.000315s ]
INFO: [ app_end ] --END-- [ RunTime:0.000333s ]

[ 2020-02-19T21:35:52+08:00 ] 127.0.0.1 /fishClub/index.php/Admin/Main/index.html
INFO: [ app_init ] --START--
INFO: Run Behavior\BuildLiteBehavior [ RunTime:0.000006s ]
INFO: [ app_init ] --END-- [ RunTime:0.000172s ]
INFO: [ app_begin ] --START--
INFO: Run Behavior\ReadHtmlCacheBehavior [ RunTime:0.000254s ]
INFO: [ app_begin ] --END-- [ RunTime:0.000272s ]
INFO: [ view_parse ] --START--
INFO: [ template_filter ] --START--
INFO: Run Behavior\ContentReplaceBehavior [ RunTime:0.000080s ]
INFO: [ template_filter ] --END-- [ RunTime:0.000120s ]
NOTIC: [8] Undefined variable: identity /Applications/XAMPP/xamppfiles/htdocs/fishClub/Application/Runtime/Cache/Admin/ceb25a752d454a3315706634952427db.php 第 86 行.
INFO: Run Behavior\ParseTemplateBehavior [ RunTime:0.007148s ]
INFO: [ view_parse ] --END-- [ RunTime:0.007176s ]
INFO: [ view_filter ] --START--
INFO: Run Behavior\WriteHtmlCacheBehavior [ RunTime:0.000131s ]
INFO: [ view_filter ] --END-- [ RunTime:0.000143s ]
INFO: [ app_end ] --START--
INFO: Run Behavior\ShowPageTraceBehavior [ RunTime:0.000334s ]
INFO: [ app_end ] --END-- [ RunTime:0.000349s ]

[ 2020-02-19T21:35:52+08:00 ] 127.0.0.1 /fishClub/index.php/Admin/Main/welcome
INFO: [ app_init ] --START--
INFO: Run Behavior\BuildLiteBehavior [ RunTime:0.000005s ]
INFO: [ app_init ] --END-- [ RunTime:0.000168s ]
INFO: [ app_begin ] --START--
INFO: Run Behavior\ReadHtmlCacheBehavior [ RunTime:0.000204s ]
INFO: [ app_begin ] --END-- [ RunTime:0.000221s ]
INFO: [ view_parse ] --START--
INFO: [ template_filter ] --START--
INFO: Run Behavior\ContentReplaceBehavior [ RunTime:0.000013s ]
INFO: [ template_filter ] --END-- [ RunTime:0.000030s ]
INFO: Run Behavior\ParseTemplateBehavior [ RunTime:0.003086s ]
INFO: [ view_parse ] --END-- [ RunTime:0.003107s ]
INFO: [ view_filter ] --START--
INFO: Run Behavior\WriteHtmlCacheBehavior [ RunTime:0.000087s ]
INFO: [ view_filter ] --END-- [ RunTime:0.000098s ]
INFO: [ app_end ] --START--
INFO: Run Behavior\ShowPageTraceBehavior [ RunTime:0.000211s ]
INFO: [ app_end ] --END-- [ RunTime:0.000224s ]

[ 2020-02-19T21:35:54+08:00 ] 127.0.0.1 /fishClub/index.php/Admin/DiscountManage/index.html
INFO: [ app_init ] --START--
INFO: Run Behavior\BuildLiteBehavior [ RunTime:0.000006s ]
INFO: [ app_init ] --END-- [ RunTime:0.000160s ]
INFO: [ app_begin ] --START--
INFO: Run Behavior\ReadHtmlCacheBehavior [ RunTime:0.000196s ]
INFO: [ app_begin ] --END-- [ RunTime:0.000213s ]
INFO: [ view_parse ] --START--
INFO: [ template_filter ] --START--
INFO: Run Behavior\ContentReplaceBehavior [ RunTime:0.000081s ]
INFO: [ template_filter ] --END-- [ RunTime:0.000104s ]
INFO: Run Behavior\ParseTemplateBehavior [ RunTime:0.006026s ]
INFO: [ view_parse ] --END-- [ RunTime:0.006055s ]
INFO: [ view_filter ] --START--
INFO: Run Behavior\WriteHtmlCacheBehavior [ RunTime:0.000117s ]
INFO: [ view_filter ] --END-- [ RunTime:0.000129s ]
INFO: [ app_end ] --START--
INFO: Run Behavior\ShowPageTraceBehavior [ RunTime:0.000461s ]
INFO: [ app_end ] --END-- [ RunTime:0.000489s ]

[ 2020-02-19T21:35:54+08:00 ] 127.0.0.1 /fishClub/index.php/Admin/DiscountManage/DiscountDatatable?page=1&limit=10
INFO: [ app_init ] --START--
INFO: Run Behavior\BuildLiteBehavior [ RunTime:0.000005s ]
INFO: [ app_init ] --END-- [ RunTime:0.000151s ]
INFO: [ app_begin ] --START--
INFO: Run Behavior\ReadHtmlCacheBehavior [ RunTime:0.000210s ]
INFO: [ app_begin ] --END-- [ RunTime:0.000231s ]
NOTIC: [8] Undefined index: key /Applications/XAMPP/xamppfiles/htdocs/fishClub/Application/Admin/Controller/DiscountManageController.class.php 第 13 行.
NOTIC: [8] Undefined index: key /Applications/XAMPP/xamppfiles/htdocs/fishClub/Application/Admin/Controller/DiscountManageController.class.php 第 14 行.
SQL: SHOW COLUMNS FROM `discount_base_info` [ RunTime:0.0014s ]
SQL: SELECT * FROM `discount_base_info` WHERE `status` = 'normal' LIMIT 0,10   [ RunTime:0.0003s ]
SQL: SELECT * FROM `discount_base_info` WHERE `status` = 'normal'  [ RunTime:0.0001s ]
INFO: [ app_end ] --START--
INFO: Run Behavior\ShowPageTraceBehavior [ RunTime:0.000331s ]
INFO: [ app_end ] --END-- [ RunTime:0.000349s ]

