[ 2020-03-04T09:50:04+08:00 ] 127.0.0.1 /fishClub/index.php/Admin/WareManage/index.html
INFO: [ app_init ] --START--
INFO: Run Behavior\BuildLiteBehavior [ RunTime:0.000010s ]
INFO: [ app_init ] --END-- [ RunTime:0.000496s ]
INFO: [ app_begin ] --START--
INFO: Run Behavior\ReadHtmlCacheBehavior [ RunTime:0.000485s ]
INFO: [ app_begin ] --END-- [ RunTime:0.000502s ]
INFO: [ view_parse ] --START--
INFO: [ template_filter ] --START--
INFO: Run Behavior\ContentReplaceBehavior [ RunTime:0.000112s ]
INFO: [ template_filter ] --END-- [ RunTime:0.000151s ]
INFO: Run Behavior\ParseTemplateBehavior [ RunTime:0.007143s ]
INFO: [ view_parse ] --END-- [ RunTime:0.007163s ]
INFO: [ view_filter ] --START--
INFO: Run Behavior\WriteHtmlCacheBehavior [ RunTime:0.000604s ]
INFO: [ view_filter ] --END-- [ RunTime:0.000620s ]
INFO: [ app_end ] --START--
INFO: Run Behavior\ShowPageTraceBehavior [ RunTime:0.000719s ]
INFO: [ app_end ] --END-- [ RunTime:0.000741s ]

[ 2020-03-04T09:50:04+08:00 ] 127.0.0.1 /fishClub/index.php/Admin/WareManage/WareDatatable?page=1&limit=5
INFO: [ app_init ] --START--
INFO: Run Behavior\BuildLiteBehavior [ RunTime:0.000005s ]
INFO: [ app_init ] --END-- [ RunTime:0.000156s ]
INFO: [ app_begin ] --START--
INFO: Run Behavior\ReadHtmlCacheBehavior [ RunTime:0.000242s ]
INFO: [ app_begin ] --END-- [ RunTime:0.000261s ]
NOTIC: [8] Undefined index: key /Applications/XAMPP/xamppfiles/htdocs/fishClub/Application/Admin/Controller/WareManageController.class.php 第 13 行.
NOTIC: [8] Undefined index: key /Applications/XAMPP/xamppfiles/htdocs/fishClub/Application/Admin/Controller/WareManageController.class.php 第 14 行.
SQL: SHOW COLUMNS FROM `ware_base_info` [ RunTime:0.0015s ]
SQL: SELECT * FROM `ware_base_info` WHERE `status` = 'normal' LIMIT 0,5   [ RunTime:0.0002s ]
SQL: SELECT * FROM `ware_base_info` WHERE `status` = 'normal'  [ RunTime:0.0001s ]
INFO: [ app_end ] --START--
INFO: Run Behavior\ShowPageTraceBehavior [ RunTime:0.000254s ]
INFO: [ app_end ] --END-- [ RunTime:0.000268s ]

[ 2020-03-04T09:50:05+08:00 ] 127.0.0.1 /fishClub/index.php/Admin/WareManage/addWare
INFO: [ app_init ] --START--
INFO: Run Behavior\BuildLiteBehavior [ RunTime:0.000010s ]
INFO: [ app_init ] --END-- [ RunTime:0.000322s ]
INFO: [ app_begin ] --START--
INFO: Run Behavior\ReadHtmlCacheBehavior [ RunTime:0.000225s ]
INFO: [ app_begin ] --END-- [ RunTime:0.000245s ]
INFO: [ view_parse ] --START--
INFO: [ template_filter ] --START--
INFO: Run Behavior\ContentReplaceBehavior [ RunTime:0.000081s ]
INFO: [ template_filter ] --END-- [ RunTime:0.000119s ]
INFO: Run Behavior\ParseTemplateBehavior [ RunTime:0.006407s ]
INFO: [ view_parse ] --END-- [ RunTime:0.006439s ]
INFO: [ view_filter ] --START--
INFO: Run Behavior\WriteHtmlCacheBehavior [ RunTime:0.000147s ]
INFO: [ view_filter ] --END-- [ RunTime:0.000169s ]
INFO: [ app_end ] --START--
INFO: Run Behavior\ShowPageTraceBehavior [ RunTime:0.000479s ]
INFO: [ app_end ] --END-- [ RunTime:0.000520s ]

[ 2020-03-04T09:50:40+08:00 ] 127.0.0.1 /fishClub/index.php/Admin/WareManage/addWareInfo
INFO: [ app_init ] --START--
INFO: Run Behavior\BuildLiteBehavior [ RunTime:0.000007s ]
INFO: [ app_init ] --END-- [ RunTime:0.000578s ]
INFO: [ app_begin ] --START--
INFO: Run Behavior\ReadHtmlCacheBehavior [ RunTime:0.000541s ]
INFO: [ app_begin ] --END-- [ RunTime:0.000592s ]
SQL: SHOW COLUMNS FROM `ware_base_info` [ RunTime:0.0011s ]
SQL: INSERT INTO `ware_base_info` (`name`,`price`,`detail`,`count_max`) VALUES ('FLUVAL SEA EVO SALTWATER LED AQUARIUM KIT 12.5 US GAL','149.99','Don\'t let its size fool you. Evo packs the same performance features as a tank several times its size, but is small enough to fit on any desk or counter top.

A super bright 14000 K LED provides optimal conditions for healthy coral growth, color and conditioning, while powerful 3-stage filtration with oversized media delivers amazing water quality.

Go ahead and grow your mini reef with confidence and creativity. Endless possibilities await.','5') [ RunTime:0.0068s ]
INFO: [ app_end ] --START--
INFO: Run Behavior\ShowPageTraceBehavior [ RunTime:0.000690s ]
INFO: [ app_end ] --END-- [ RunTime:0.000714s ]

[ 2020-03-04T09:50:41+08:00 ] 127.0.0.1 /fishClub/index.php/Admin/WareManage/WareDatatable?page=1&limit=5
INFO: [ app_init ] --START--
INFO: Run Behavior\BuildLiteBehavior [ RunTime:0.000006s ]
INFO: [ app_init ] --END-- [ RunTime:0.000197s ]
INFO: [ app_begin ] --START--
INFO: Run Behavior\ReadHtmlCacheBehavior [ RunTime:0.000196s ]
INFO: [ app_begin ] --END-- [ RunTime:0.000212s ]
NOTIC: [8] Undefined index: key /Applications/XAMPP/xamppfiles/htdocs/fishClub/Application/Admin/Controller/WareManageController.class.php 第 13 行.
NOTIC: [8] Undefined index: key /Applications/XAMPP/xamppfiles/htdocs/fishClub/Application/Admin/Controller/WareManageController.class.php 第 14 行.
SQL: SHOW COLUMNS FROM `ware_base_info` [ RunTime:0.0019s ]
SQL: SELECT * FROM `ware_base_info` WHERE `status` = 'normal' LIMIT 0,5   [ RunTime:0.0002s ]
SQL: SELECT * FROM `ware_base_info` WHERE `status` = 'normal'  [ RunTime:0.0002s ]
INFO: [ app_end ] --START--
INFO: Run Behavior\ShowPageTraceBehavior [ RunTime:0.000249s ]
INFO: [ app_end ] --END-- [ RunTime:0.000264s ]

[ 2020-03-04T09:50:45+08:00 ] 127.0.0.1 /fishClub/index.php/Admin/WareManage/picture?ware_id=5
INFO: [ app_init ] --START--
INFO: Run Behavior\BuildLiteBehavior [ RunTime:0.000009s ]
INFO: [ app_init ] --END-- [ RunTime:0.000310s ]
INFO: [ app_begin ] --START--
INFO: Run Behavior\ReadHtmlCacheBehavior [ RunTime:0.000298s ]
INFO: [ app_begin ] --END-- [ RunTime:0.000327s ]
INFO: [ view_parse ] --START--
INFO: [ template_filter ] --START--
INFO: Run Behavior\ContentReplaceBehavior [ RunTime:0.000092s ]
INFO: [ template_filter ] --END-- [ RunTime:0.000135s ]
INFO: Run Behavior\ParseTemplateBehavior [ RunTime:0.012426s ]
INFO: [ view_parse ] --END-- [ RunTime:0.012463s ]
INFO: [ view_filter ] --START--
INFO: Run Behavior\WriteHtmlCacheBehavior [ RunTime:0.000569s ]
INFO: [ view_filter ] --END-- [ RunTime:0.000586s ]
INFO: [ app_end ] --START--
INFO: Run Behavior\ShowPageTraceBehavior [ RunTime:0.000275s ]
INFO: [ app_end ] --END-- [ RunTime:0.000290s ]

[ 2020-03-04T09:50:54+08:00 ] 127.0.0.1 /fishClub/index.php/Admin/WareManage/addPicture?ware_id=5
INFO: [ app_init ] --START--
INFO: Run Behavior\BuildLiteBehavior [ RunTime:0.000009s ]
INFO: [ app_init ] --END-- [ RunTime:0.000260s ]
INFO: [ app_begin ] --START--
INFO: Run Behavior\ReadHtmlCacheBehavior [ RunTime:0.000234s ]
INFO: [ app_begin ] --END-- [ RunTime:0.000251s ]
NOTIC: [2] call_user_func() expects parameter 1 to be a valid callback, no array or string given /Applications/XAMPP/xamppfiles/htdocs/fishClub/ThinkPHP/Library/Think/Upload.class.php 第 170 行.
NOTIC: [8] Undefined variable: i /Applications/XAMPP/xamppfiles/htdocs/fishClub/Application/Admin/Controller/WareManageController.class.php 第 131 行.
SQL: SHOW COLUMNS FROM `ware_base_info` [ RunTime:0.0013s ]
SQL: UPDATE `ware_base_info` SET `picture`='/Upload_pic/5e5f097e3c000.jpeg' WHERE `ware_id` = 5 [ RunTime:0.0066s ]
INFO: [ app_end ] --START--
INFO: Run Behavior\ShowPageTraceBehavior [ RunTime:0.000339s ]
INFO: [ app_end ] --END-- [ RunTime:0.000363s ]

[ 2020-03-04T09:50:54+08:00 ] 127.0.0.1 /fishClub/index.php/Admin/WareManage/WareDatatable?page=1&limit=5
INFO: [ app_init ] --START--
INFO: Run Behavior\BuildLiteBehavior [ RunTime:0.000009s ]
INFO: [ app_init ] --END-- [ RunTime:0.000323s ]
INFO: [ app_begin ] --START--
INFO: Run Behavior\ReadHtmlCacheBehavior [ RunTime:0.000276s ]
INFO: [ app_begin ] --END-- [ RunTime:0.000306s ]
NOTIC: [8] Undefined index: key /Applications/XAMPP/xamppfiles/htdocs/fishClub/Application/Admin/Controller/WareManageController.class.php 第 13 行.
NOTIC: [8] Undefined index: key /Applications/XAMPP/xamppfiles/htdocs/fishClub/Application/Admin/Controller/WareManageController.class.php 第 14 行.
SQL: SHOW COLUMNS FROM `ware_base_info` [ RunTime:0.0015s ]
SQL: SELECT * FROM `ware_base_info` WHERE `status` = 'normal' LIMIT 0,5   [ RunTime:0.0003s ]
SQL: SELECT * FROM `ware_base_info` WHERE `status` = 'normal'  [ RunTime:0.0002s ]
INFO: [ app_end ] --START--
INFO: Run Behavior\ShowPageTraceBehavior [ RunTime:0.000365s ]
INFO: [ app_end ] --END-- [ RunTime:0.000391s ]

[ 2020-03-04T09:52:50+08:00 ] 127.0.0.1 /fishClub/index.php/Admin/WareManage/addWare
INFO: [ app_init ] --START--
INFO: Run Behavior\BuildLiteBehavior [ RunTime:0.000008s ]
INFO: [ app_init ] --END-- [ RunTime:0.000677s ]
INFO: [ app_begin ] --START--
INFO: Run Behavior\ReadHtmlCacheBehavior [ RunTime:0.000667s ]
INFO: [ app_begin ] --END-- [ RunTime:0.000723s ]
INFO: [ view_parse ] --START--
INFO: [ template_filter ] --START--
INFO: Run Behavior\ContentReplaceBehavior [ RunTime:0.000128s ]
INFO: [ template_filter ] --END-- [ RunTime:0.000272s ]
INFO: Run Behavior\ParseTemplateBehavior [ RunTime:0.007811s ]
INFO: [ view_parse ] --END-- [ RunTime:0.007835s ]
INFO: [ view_filter ] --START--
INFO: Run Behavior\WriteHtmlCacheBehavior [ RunTime:0.000589s ]
INFO: [ view_filter ] --END-- [ RunTime:0.000650s ]
INFO: [ app_end ] --START--
INFO: Run Behavior\ShowPageTraceBehavior [ RunTime:0.001400s ]
INFO: [ app_end ] --END-- [ RunTime:0.001487s ]

[ 2020-03-04T10:11:03+08:00 ] 127.0.0.1 /fishClub/index.php/Admin/WareManage/index.html
INFO: [ app_init ] --START--
INFO: Run Behavior\BuildLiteBehavior [ RunTime:0.000009s ]
INFO: [ app_init ] --END-- [ RunTime:0.000210s ]
INFO: [ app_begin ] --START--
INFO: Run Behavior\ReadHtmlCacheBehavior [ RunTime:0.000231s ]
INFO: [ app_begin ] --END-- [ RunTime:0.000250s ]
INFO: [ view_parse ] --START--
INFO: [ template_filter ] --START--
INFO: Run Behavior\ContentReplaceBehavior [ RunTime:0.000118s ]
INFO: [ template_filter ] --END-- [ RunTime:0.000142s ]
INFO: Run Behavior\ParseTemplateBehavior [ RunTime:0.006209s ]
INFO: [ view_parse ] --END-- [ RunTime:0.006234s ]
INFO: [ view_filter ] --START--
INFO: Run Behavior\WriteHtmlCacheBehavior [ RunTime:0.000121s ]
INFO: [ view_filter ] --END-- [ RunTime:0.000135s ]
INFO: [ app_end ] --START--
INFO: Run Behavior\ShowPageTraceBehavior [ RunTime:0.000498s ]
INFO: [ app_end ] --END-- [ RunTime:0.000563s ]

[ 2020-03-04T10:11:03+08:00 ] 127.0.0.1 /fishClub/index.php/Admin/WareManage/WareDatatable?page=1&limit=5
INFO: [ app_init ] --START--
INFO: Run Behavior\BuildLiteBehavior [ RunTime:0.000026s ]
INFO: [ app_init ] --END-- [ RunTime:0.000313s ]
INFO: [ app_begin ] --START--
INFO: Run Behavior\ReadHtmlCacheBehavior [ RunTime:0.000244s ]
INFO: [ app_begin ] --END-- [ RunTime:0.000263s ]
NOTIC: [8] Undefined index: key /Applications/XAMPP/xamppfiles/htdocs/fishClub/Application/Admin/Controller/WareManageController.class.php 第 13 行.
NOTIC: [8] Undefined index: key /Applications/XAMPP/xamppfiles/htdocs/fishClub/Application/Admin/Controller/WareManageController.class.php 第 14 行.
SQL: SHOW COLUMNS FROM `ware_base_info` [ RunTime:0.0025s ]
SQL: SELECT * FROM `ware_base_info` WHERE `status` = 'normal' LIMIT 0,5   [ RunTime:0.0004s ]
SQL: SELECT * FROM `ware_base_info` WHERE `status` = 'normal'  [ RunTime:0.0002s ]
INFO: [ app_end ] --START--
INFO: Run Behavior\ShowPageTraceBehavior [ RunTime:0.000402s ]
INFO: [ app_end ] --END-- [ RunTime:0.000462s ]

[ 2020-03-04T10:11:09+08:00 ] 127.0.0.1 /fishClub/index.php/Admin/WareManage/WareDatatable?page=1&limit=5
INFO: [ app_init ] --START--
INFO: Run Behavior\BuildLiteBehavior [ RunTime:0.000008s ]
INFO: [ app_init ] --END-- [ RunTime:0.000205s ]
INFO: [ app_begin ] --START--
INFO: Run Behavior\ReadHtmlCacheBehavior [ RunTime:0.000267s ]
INFO: [ app_begin ] --END-- [ RunTime:0.000295s ]
NOTIC: [8] Undefined index: key /Applications/XAMPP/xamppfiles/htdocs/fishClub/Application/Admin/Controller/WareManageController.class.php 第 13 行.
NOTIC: [8] Undefined index: key /Applications/XAMPP/xamppfiles/htdocs/fishClub/Application/Admin/Controller/WareManageController.class.php 第 14 行.
SQL: SHOW COLUMNS FROM `ware_base_info` [ RunTime:0.0012s ]
SQL: SELECT * FROM `ware_base_info` WHERE `status` = 'normal' LIMIT 0,5   [ RunTime:0.0002s ]
SQL: SELECT * FROM `ware_base_info` WHERE `status` = 'normal'  [ RunTime:0.0001s ]
INFO: [ app_end ] --START--
INFO: Run Behavior\ShowPageTraceBehavior [ RunTime:0.000235s ]
INFO: [ app_end ] --END-- [ RunTime:0.000249s ]

[ 2020-03-04T10:11:09+08:00 ] 127.0.0.1 /fishClub/index.php/Admin/Main/favicon.ico
INFO: [ app_init ] --START--
INFO: Run Behavior\BuildLiteBehavior [ RunTime:0.000009s ]
INFO: [ app_init ] --END-- [ RunTime:0.000203s ]

[ 2020-03-04T10:11:10+08:00 ] 127.0.0.1 /fishClub/index.php/Admin/WareManage/index.html
INFO: [ app_init ] --START--
INFO: Run Behavior\BuildLiteBehavior [ RunTime:0.000005s ]
INFO: [ app_init ] --END-- [ RunTime:0.000156s ]
INFO: [ app_begin ] --START--
INFO: Run Behavior\ReadHtmlCacheBehavior [ RunTime:0.000202s ]
INFO: [ app_begin ] --END-- [ RunTime:0.000219s ]
INFO: [ view_parse ] --START--
INFO: [ template_filter ] --START--
INFO: Run Behavior\ContentReplaceBehavior [ RunTime:0.000111s ]
INFO: [ template_filter ] --END-- [ RunTime:0.000136s ]
INFO: Run Behavior\ParseTemplateBehavior [ RunTime:0.006222s ]
INFO: [ view_parse ] --END-- [ RunTime:0.006242s ]
INFO: [ view_filter ] --START--
INFO: Run Behavior\WriteHtmlCacheBehavior [ RunTime:0.000091s ]
INFO: [ view_filter ] --END-- [ RunTime:0.000103s ]
INFO: [ app_end ] --START--
INFO: Run Behavior\ShowPageTraceBehavior [ RunTime:0.000246s ]
INFO: [ app_end ] --END-- [ RunTime:0.000261s ]

[ 2020-03-04T10:11:10+08:00 ] 127.0.0.1 /fishClub/index.php/Admin/WareManage/WareDatatable?page=1&limit=5
INFO: [ app_init ] --START--
INFO: Run Behavior\BuildLiteBehavior [ RunTime:0.000005s ]
INFO: [ app_init ] --END-- [ RunTime:0.000151s ]
INFO: [ app_begin ] --START--
INFO: Run Behavior\ReadHtmlCacheBehavior [ RunTime:0.000234s ]
INFO: [ app_begin ] --END-- [ RunTime:0.000254s ]
NOTIC: [8] Undefined index: key /Applications/XAMPP/xamppfiles/htdocs/fishClub/Application/Admin/Controller/WareManageController.class.php 第 13 行.
NOTIC: [8] Undefined index: key /Applications/XAMPP/xamppfiles/htdocs/fishClub/Application/Admin/Controller/WareManageController.class.php 第 14 行.
SQL: SHOW COLUMNS FROM `ware_base_info` [ RunTime:0.0010s ]
SQL: SELECT * FROM `ware_base_info` WHERE `status` = 'normal' LIMIT 0,5   [ RunTime:0.0002s ]
SQL: SELECT * FROM `ware_base_info` WHERE `status` = 'normal'  [ RunTime:0.0001s ]
INFO: [ app_end ] --START--
INFO: Run Behavior\ShowPageTraceBehavior [ RunTime:0.000236s ]
INFO: [ app_end ] --END-- [ RunTime:0.000250s ]

[ 2020-03-04T10:11:23+08:00 ] 127.0.0.1 /fishClub/index.php/Admin/WareManage/addWare
INFO: [ app_init ] --START--
INFO: Run Behavior\BuildLiteBehavior [ RunTime:0.000007s ]
INFO: [ app_init ] --END-- [ RunTime:0.000216s ]
INFO: [ app_begin ] --START--
INFO: Run Behavior\ReadHtmlCacheBehavior [ RunTime:0.000361s ]
INFO: [ app_begin ] --END-- [ RunTime:0.000398s ]
INFO: [ view_parse ] --START--
INFO: [ template_filter ] --START--
INFO: Run Behavior\ContentReplaceBehavior [ RunTime:0.000082s ]
INFO: [ template_filter ] --END-- [ RunTime:0.000130s ]
INFO: Run Behavior\ParseTemplateBehavior [ RunTime:0.005869s ]
INFO: [ view_parse ] --END-- [ RunTime:0.005907s ]
INFO: [ view_filter ] --START--
INFO: Run Behavior\WriteHtmlCacheBehavior [ RunTime:0.000214s ]
INFO: [ view_filter ] --END-- [ RunTime:0.000228s ]
INFO: [ app_end ] --START--
INFO: Run Behavior\ShowPageTraceBehavior [ RunTime:0.000275s ]
INFO: [ app_end ] --END-- [ RunTime:0.000291s ]

[ 2020-03-04T10:11:59+08:00 ] 127.0.0.1 /fishClub/index.php/Admin/WareManage/addWareInfo
INFO: [ app_init ] --START--
INFO: Run Behavior\BuildLiteBehavior [ RunTime:0.000005s ]
INFO: [ app_init ] --END-- [ RunTime:0.000139s ]
INFO: [ app_begin ] --START--
INFO: Run Behavior\ReadHtmlCacheBehavior [ RunTime:0.000171s ]
INFO: [ app_begin ] --END-- [ RunTime:0.000186s ]
SQL: SHOW COLUMNS FROM `ware_base_info` [ RunTime:0.0015s ]
SQL: INSERT INTO `ware_base_info` (`name`,`price`,`detail`,`count_max`) VALUES ('CARIB SEA LIFE ROCK / PER LB.','109.99','SOLD BY THE POUND NO FREE SHIPPING ON LIFE ROCK.  PRICES SHOWN ARE STORE PICK UP ONLY. 

PLEASE CONTACT US WITH ZIP CODE AND QTY FOR A SHIPPING QUOTE.

Real aragonitic base rock, not cement, no curing. Extensive macro and micro-porosity infused with spored bacteria for outstanding biological performance. Clean and safe for all fish and inverts, environmentally responsible each piece being very unique.

Fantastic shapes, incredible colors… Well check out new LifeRock™ Shapes, the latest version of CaribSea’s amazing LifeRock™ line up. Each 20 pound box comes with a selection of arches, rings, tunnels and more! There is simply no better, no more spectacular way to aquascape your marine or reef aquarium. These open, light shapes not only provide lots of cover and “play area” for fish, but provide nice nooks and shelf areas for inverts too. Plus, because LifeRock™ shapes are so open and 3 dimensional, 20 pounds goes a long way! The beautiful layout you can make with LifeRock™ Shapes leaves lots of open water areas so flow rates are at their best as well. Each box is different, and every rock is too. No molds, no plastic; real calcium carbonate rock based formations complete with living, spored bacteria and the most realistic colors of any marine rock. Nature Perfected, Nature Protected, that’s LifeRock™ from CaribSea.','3') [ RunTime:0.0060s ]
INFO: [ app_end ] --START--
INFO: Run Behavior\ShowPageTraceBehavior [ RunTime:0.000284s ]
INFO: [ app_end ] --END-- [ RunTime:0.000302s ]

[ 2020-03-04T10:11:59+08:00 ] 127.0.0.1 /fishClub/index.php/Admin/WareManage/WareDatatable?page=1&limit=5
INFO: [ app_init ] --START--
INFO: Run Behavior\BuildLiteBehavior [ RunTime:0.000005s ]
INFO: [ app_init ] --END-- [ RunTime:0.000144s ]
INFO: [ app_begin ] --START--
INFO: Run Behavior\ReadHtmlCacheBehavior [ RunTime:0.000194s ]
INFO: [ app_begin ] --END-- [ RunTime:0.000210s ]
NOTIC: [8] Undefined index: key /Applications/XAMPP/xamppfiles/htdocs/fishClub/Application/Admin/Controller/WareManageController.class.php 第 13 行.
NOTIC: [8] Undefined index: key /Applications/XAMPP/xamppfiles/htdocs/fishClub/Application/Admin/Controller/WareManageController.class.php 第 14 行.
SQL: SHOW COLUMNS FROM `ware_base_info` [ RunTime:0.0010s ]
SQL: SELECT * FROM `ware_base_info` WHERE `status` = 'normal' LIMIT 0,5   [ RunTime:0.0002s ]
SQL: SELECT * FROM `ware_base_info` WHERE `status` = 'normal'  [ RunTime:0.0001s ]
INFO: [ app_end ] --START--
INFO: Run Behavior\ShowPageTraceBehavior [ RunTime:0.000250s ]
INFO: [ app_end ] --END-- [ RunTime:0.000266s ]

[ 2020-03-04T10:12:04+08:00 ] 127.0.0.1 /fishClub/index.php/Admin/WareManage/WareDatatable?page=2&limit=5
INFO: [ app_init ] --START--
INFO: Run Behavior\BuildLiteBehavior [ RunTime:0.000006s ]
INFO: [ app_init ] --END-- [ RunTime:0.000178s ]
INFO: [ app_begin ] --START--
INFO: Run Behavior\ReadHtmlCacheBehavior [ RunTime:0.000220s ]
INFO: [ app_begin ] --END-- [ RunTime:0.000238s ]
NOTIC: [8] Undefined index: key /Applications/XAMPP/xamppfiles/htdocs/fishClub/Application/Admin/Controller/WareManageController.class.php 第 13 行.
NOTIC: [8] Undefined index: key /Applications/XAMPP/xamppfiles/htdocs/fishClub/Application/Admin/Controller/WareManageController.class.php 第 14 行.
SQL: SHOW COLUMNS FROM `ware_base_info` [ RunTime:0.0017s ]
SQL: SELECT * FROM `ware_base_info` WHERE `status` = 'normal' LIMIT 5,5   [ RunTime:0.0003s ]
SQL: SELECT * FROM `ware_base_info` WHERE `status` = 'normal'  [ RunTime:0.0002s ]
INFO: [ app_end ] --START--
INFO: Run Behavior\ShowPageTraceBehavior [ RunTime:0.000288s ]
INFO: [ app_end ] --END-- [ RunTime:0.000352s ]

[ 2020-03-04T10:12:06+08:00 ] 127.0.0.1 /fishClub/index.php/Admin/WareManage/editWare?ware_id=6
INFO: [ app_init ] --START--
INFO: Run Behavior\BuildLiteBehavior [ RunTime:0.000009s ]
INFO: [ app_init ] --END-- [ RunTime:0.000415s ]
INFO: [ app_begin ] --START--
INFO: Run Behavior\ReadHtmlCacheBehavior [ RunTime:0.000355s ]
INFO: [ app_begin ] --END-- [ RunTime:0.000410s ]
SQL: SHOW COLUMNS FROM `ware_base_info` [ RunTime:0.0030s ]
SQL: SELECT * FROM `ware_base_info` WHERE `ware_id` = 6 LIMIT 1   [ RunTime:0.0007s ]
INFO: [ view_parse ] --START--
INFO: [ template_filter ] --START--
INFO: Run Behavior\ContentReplaceBehavior [ RunTime:0.000071s ]
INFO: [ template_filter ] --END-- [ RunTime:0.000096s ]
INFO: Run Behavior\ParseTemplateBehavior [ RunTime:0.011005s ]
INFO: [ view_parse ] --END-- [ RunTime:0.011128s ]
INFO: [ view_filter ] --START--
INFO: Run Behavior\WriteHtmlCacheBehavior [ RunTime:0.000542s ]
INFO: [ view_filter ] --END-- [ RunTime:0.000605s ]
INFO: [ app_end ] --START--
INFO: Run Behavior\ShowPageTraceBehavior [ RunTime:0.000989s ]
INFO: [ app_end ] --END-- [ RunTime:0.001122s ]

[ 2020-03-04T10:12:08+08:00 ] 127.0.0.1 /fishClub/index.php/Admin/WareManage/WareDatatable?page=2&limit=5
INFO: [ app_init ] --START--
INFO: Run Behavior\BuildLiteBehavior [ RunTime:0.000005s ]
INFO: [ app_init ] --END-- [ RunTime:0.000170s ]
INFO: [ app_begin ] --START--
INFO: Run Behavior\ReadHtmlCacheBehavior [ RunTime:0.000255s ]
INFO: [ app_begin ] --END-- [ RunTime:0.000286s ]
NOTIC: [8] Undefined index: key /Applications/XAMPP/xamppfiles/htdocs/fishClub/Application/Admin/Controller/WareManageController.class.php 第 13 行.
NOTIC: [8] Undefined index: key /Applications/XAMPP/xamppfiles/htdocs/fishClub/Application/Admin/Controller/WareManageController.class.php 第 14 行.
SQL: SHOW COLUMNS FROM `ware_base_info` [ RunTime:0.0017s ]
SQL: SELECT * FROM `ware_base_info` WHERE `status` = 'normal' LIMIT 5,5   [ RunTime:0.0002s ]
SQL: SELECT * FROM `ware_base_info` WHERE `status` = 'normal'  [ RunTime:0.0001s ]
INFO: [ app_end ] --START--
INFO: Run Behavior\ShowPageTraceBehavior [ RunTime:0.000265s ]
INFO: [ app_end ] --END-- [ RunTime:0.000280s ]

[ 2020-03-04T10:12:11+08:00 ] 127.0.0.1 /fishClub/index.php/Admin/WareManage/picture?ware_id=6
INFO: [ app_init ] --START--
INFO: Run Behavior\BuildLiteBehavior [ RunTime:0.000011s ]
INFO: [ app_init ] --END-- [ RunTime:0.000293s ]
INFO: [ app_begin ] --START--
INFO: Run Behavior\ReadHtmlCacheBehavior [ RunTime:0.000365s ]
INFO: [ app_begin ] --END-- [ RunTime:0.000415s ]
INFO: [ view_parse ] --START--
INFO: [ template_filter ] --START--
INFO: Run Behavior\ContentReplaceBehavior [ RunTime:0.000083s ]
INFO: [ template_filter ] --END-- [ RunTime:0.000128s ]
INFO: Run Behavior\ParseTemplateBehavior [ RunTime:0.009083s ]
INFO: [ view_parse ] --END-- [ RunTime:0.009228s ]
INFO: [ view_filter ] --START--
INFO: Run Behavior\WriteHtmlCacheBehavior [ RunTime:0.000494s ]
INFO: [ view_filter ] --END-- [ RunTime:0.000547s ]
INFO: [ app_end ] --START--
INFO: Run Behavior\ShowPageTraceBehavior [ RunTime:0.000480s ]
INFO: [ app_end ] --END-- [ RunTime:0.000521s ]

[ 2020-03-04T10:12:41+08:00 ] 127.0.0.1 /fishClub/index.php/Admin/WareManage/addPicture?ware_id=6
INFO: [ app_init ] --START--
INFO: Run Behavior\BuildLiteBehavior [ RunTime:0.000007s ]
INFO: [ app_init ] --END-- [ RunTime:0.000944s ]
INFO: [ app_begin ] --START--
INFO: Run Behavior\ReadHtmlCacheBehavior [ RunTime:0.000624s ]
INFO: [ app_begin ] --END-- [ RunTime:0.000663s ]
NOTIC: [2] call_user_func() expects parameter 1 to be a valid callback, no array or string given /Applications/XAMPP/xamppfiles/htdocs/fishClub/ThinkPHP/Library/Think/Upload.class.php 第 170 行.
NOTIC: [8] Undefined variable: i /Applications/XAMPP/xamppfiles/htdocs/fishClub/Application/Admin/Controller/WareManageController.class.php 第 131 行.
SQL: SHOW COLUMNS FROM `ware_base_info` [ RunTime:0.0018s ]
SQL: UPDATE `ware_base_info` SET `picture`='/Upload_pic/5e5f0e9994728.jpg' WHERE `ware_id` = 6 [ RunTime:0.0072s ]
INFO: [ app_end ] --START--
INFO: Run Behavior\ShowPageTraceBehavior [ RunTime:0.000704s ]
INFO: [ app_end ] --END-- [ RunTime:0.000728s ]

[ 2020-03-04T10:12:41+08:00 ] 127.0.0.1 /fishClub/index.php/Admin/WareManage/WareDatatable?page=2&limit=5
INFO: [ app_init ] --START--
INFO: Run Behavior\BuildLiteBehavior [ RunTime:0.000006s ]
INFO: [ app_init ] --END-- [ RunTime:0.000172s ]
INFO: [ app_begin ] --START--
INFO: Run Behavior\ReadHtmlCacheBehavior [ RunTime:0.000219s ]
INFO: [ app_begin ] --END-- [ RunTime:0.000240s ]
NOTIC: [8] Undefined index: key /Applications/XAMPP/xamppfiles/htdocs/fishClub/Application/Admin/Controller/WareManageController.class.php 第 13 行.
NOTIC: [8] Undefined index: key /Applications/XAMPP/xamppfiles/htdocs/fishClub/Application/Admin/Controller/WareManageController.class.php 第 14 行.
SQL: SHOW COLUMNS FROM `ware_base_info` [ RunTime:0.0013s ]
SQL: SELECT * FROM `ware_base_info` WHERE `status` = 'normal' LIMIT 5,5   [ RunTime:0.0002s ]
SQL: SELECT * FROM `ware_base_info` WHERE `status` = 'normal'  [ RunTime:0.0001s ]
INFO: [ app_end ] --START--
INFO: Run Behavior\ShowPageTraceBehavior [ RunTime:0.000265s ]
INFO: [ app_end ] --END-- [ RunTime:0.000282s ]

[ 2020-03-04T10:12:44+08:00 ] 127.0.0.1 /fishClub/index.php/Admin/WareManage/index.html
INFO: [ app_init ] --START--
INFO: Run Behavior\BuildLiteBehavior [ RunTime:0.000006s ]
INFO: [ app_init ] --END-- [ RunTime:0.000156s ]
INFO: [ app_begin ] --START--
INFO: Run Behavior\ReadHtmlCacheBehavior [ RunTime:0.000198s ]
INFO: [ app_begin ] --END-- [ RunTime:0.000215s ]
INFO: [ view_parse ] --START--
INFO: [ template_filter ] --START--
INFO: Run Behavior\ContentReplaceBehavior [ RunTime:0.000108s ]
INFO: [ template_filter ] --END-- [ RunTime:0.000138s ]
INFO: Run Behavior\ParseTemplateBehavior [ RunTime:0.005185s ]
INFO: [ view_parse ] --END-- [ RunTime:0.005203s ]
INFO: [ view_filter ] --START--
INFO: Run Behavior\WriteHtmlCacheBehavior [ RunTime:0.000394s ]
INFO: [ view_filter ] --END-- [ RunTime:0.000410s ]
INFO: [ app_end ] --START--
INFO: Run Behavior\ShowPageTraceBehavior [ RunTime:0.000242s ]
INFO: [ app_end ] --END-- [ RunTime:0.000259s ]

[ 2020-03-04T10:12:45+08:00 ] 127.0.0.1 /fishClub/index.php/Admin/WareManage/WareDatatable?page=1&limit=5
INFO: [ app_init ] --START--
INFO: Run Behavior\BuildLiteBehavior [ RunTime:0.000005s ]
INFO: [ app_init ] --END-- [ RunTime:0.000150s ]
INFO: [ app_begin ] --START--
INFO: Run Behavior\ReadHtmlCacheBehavior [ RunTime:0.000182s ]
INFO: [ app_begin ] --END-- [ RunTime:0.000198s ]
NOTIC: [8] Undefined index: key /Applications/XAMPP/xamppfiles/htdocs/fishClub/Application/Admin/Controller/WareManageController.class.php 第 13 行.
NOTIC: [8] Undefined index: key /Applications/XAMPP/xamppfiles/htdocs/fishClub/Application/Admin/Controller/WareManageController.class.php 第 14 行.
SQL: SHOW COLUMNS FROM `ware_base_info` [ RunTime:0.0016s ]
SQL: SELECT * FROM `ware_base_info` WHERE `status` = 'normal' LIMIT 0,5   [ RunTime:0.0004s ]
SQL: SELECT * FROM `ware_base_info` WHERE `status` = 'normal'  [ RunTime:0.0003s ]
INFO: [ app_end ] --START--
INFO: Run Behavior\ShowPageTraceBehavior [ RunTime:0.000474s ]
INFO: [ app_end ] --END-- [ RunTime:0.000522s ]

[ 2020-03-04T15:03:07+08:00 ] 127.0.0.1 /fishClub/index.php/Admin/Main/index.html
INFO: [ app_init ] --START--
INFO: Run Behavior\BuildLiteBehavior [ RunTime:0.000016s ]
INFO: [ app_init ] --END-- [ RunTime:0.000859s ]
INFO: [ app_begin ] --START--
INFO: Run Behavior\ReadHtmlCacheBehavior [ RunTime:0.000468s ]
INFO: [ app_begin ] --END-- [ RunTime:0.000489s ]
INFO: [ view_parse ] --START--
INFO: [ template_filter ] --START--
INFO: Run Behavior\ContentReplaceBehavior [ RunTime:0.000091s ]
INFO: [ template_filter ] --END-- [ RunTime:0.000118s ]
NOTIC: [8] Undefined variable: identity /Applications/XAMPP/xamppfiles/htdocs/fishClub/Application/Runtime/Cache/Admin/ceb25a752d454a3315706634952427db.php 第 86 行.
INFO: Run Behavior\ParseTemplateBehavior [ RunTime:0.004710s ]
INFO: [ view_parse ] --END-- [ RunTime:0.004729s ]
INFO: [ view_filter ] --START--
INFO: Run Behavior\WriteHtmlCacheBehavior [ RunTime:0.000505s ]
INFO: [ view_filter ] --END-- [ RunTime:0.000531s ]
INFO: [ app_end ] --START--
INFO: Run Behavior\ShowPageTraceBehavior [ RunTime:0.000765s ]
INFO: [ app_end ] --END-- [ RunTime:0.000794s ]

[ 2020-03-04T15:03:07+08:00 ] 127.0.0.1 /fishClub/index.php/Admin/Main/welcome
INFO: [ app_init ] --START--
INFO: Run Behavior\BuildLiteBehavior [ RunTime:0.000005s ]
INFO: [ app_init ] --END-- [ RunTime:0.000144s ]
INFO: [ app_begin ] --START--
INFO: Run Behavior\ReadHtmlCacheBehavior [ RunTime:0.000177s ]
INFO: [ app_begin ] --END-- [ RunTime:0.000193s ]
INFO: [ view_parse ] --START--
INFO: [ template_filter ] --START--
INFO: Run Behavior\ContentReplaceBehavior [ RunTime:0.000014s ]
INFO: [ template_filter ] --END-- [ RunTime:0.000034s ]
INFO: Run Behavior\ParseTemplateBehavior [ RunTime:0.002300s ]
INFO: [ view_parse ] --END-- [ RunTime:0.002320s ]
INFO: [ view_filter ] --START--
INFO: Run Behavior\WriteHtmlCacheBehavior [ RunTime:0.000081s ]
INFO: [ view_filter ] --END-- [ RunTime:0.000092s ]
INFO: [ app_end ] --START--
INFO: Run Behavior\ShowPageTraceBehavior [ RunTime:0.000206s ]
INFO: [ app_end ] --END-- [ RunTime:0.000217s ]

[ 2020-03-04T15:03:09+08:00 ] 127.0.0.1 /fishClub/index.php/Admin/WareManage/index.html
INFO: [ app_init ] --START--
INFO: Run Behavior\BuildLiteBehavior [ RunTime:0.000005s ]
INFO: [ app_init ] --END-- [ RunTime:0.000144s ]
INFO: [ app_begin ] --START--
INFO: Run Behavior\ReadHtmlCacheBehavior [ RunTime:0.000172s ]
INFO: [ app_begin ] --END-- [ RunTime:0.000187s ]
INFO: [ view_parse ] --START--
INFO: [ template_filter ] --START--
INFO: Run Behavior\ContentReplaceBehavior [ RunTime:0.000179s ]
INFO: [ template_filter ] --END-- [ RunTime:0.000222s ]
INFO: Run Behavior\ParseTemplateBehavior [ RunTime:0.005312s ]
INFO: [ view_parse ] --END-- [ RunTime:0.005331s ]
INFO: [ view_filter ] --START--
INFO: Run Behavior\WriteHtmlCacheBehavior [ RunTime:0.000086s ]
INFO: [ view_filter ] --END-- [ RunTime:0.000096s ]
INFO: [ app_end ] --START--
INFO: Run Behavior\ShowPageTraceBehavior [ RunTime:0.000216s ]
INFO: [ app_end ] --END-- [ RunTime:0.000230s ]

[ 2020-03-04T15:03:09+08:00 ] 127.0.0.1 /fishClub/index.php/Admin/WareManage/WareDatatable?page=1&limit=5
INFO: [ app_init ] --START--
INFO: Run Behavior\BuildLiteBehavior [ RunTime:0.000009s ]
INFO: [ app_init ] --END-- [ RunTime:0.000272s ]
INFO: [ app_begin ] --START--
INFO: Run Behavior\ReadHtmlCacheBehavior [ RunTime:0.000235s ]
INFO: [ app_begin ] --END-- [ RunTime:0.000259s ]
NOTIC: [8] Undefined index: key /Applications/XAMPP/xamppfiles/htdocs/fishClub/Application/Admin/Controller/WareManageController.class.php 第 13 行.
NOTIC: [8] Undefined index: key /Applications/XAMPP/xamppfiles/htdocs/fishClub/Application/Admin/Controller/WareManageController.class.php 第 14 行.
SQL: SHOW COLUMNS FROM `ware_base_info` [ RunTime:0.0039s ]
SQL: SELECT * FROM `ware_base_info` WHERE `status` = 'normal' LIMIT 0,5   [ RunTime:0.0003s ]
SQL: SELECT * FROM `ware_base_info` WHERE `status` = 'normal'  [ RunTime:0.0002s ]
INFO: [ app_end ] --START--
INFO: Run Behavior\ShowPageTraceBehavior [ RunTime:0.000260s ]
INFO: [ app_end ] --END-- [ RunTime:0.000275s ]

[ 2020-03-04T15:03:15+08:00 ] 127.0.0.1 /fishClub/index.php/Admin/WareManage/WareDatatable?page=2&limit=5
INFO: [ app_init ] --START--
INFO: Run Behavior\BuildLiteBehavior [ RunTime:0.000005s ]
INFO: [ app_init ] --END-- [ RunTime:0.000194s ]
INFO: [ app_begin ] --START--
INFO: Run Behavior\ReadHtmlCacheBehavior [ RunTime:0.000246s ]
INFO: [ app_begin ] --END-- [ RunTime:0.000265s ]
NOTIC: [8] Undefined index: key /Applications/XAMPP/xamppfiles/htdocs/fishClub/Application/Admin/Controller/WareManageController.class.php 第 13 行.
NOTIC: [8] Undefined index: key /Applications/XAMPP/xamppfiles/htdocs/fishClub/Application/Admin/Controller/WareManageController.class.php 第 14 行.
SQL: SHOW COLUMNS FROM `ware_base_info` [ RunTime:0.0014s ]
SQL: SELECT * FROM `ware_base_info` WHERE `status` = 'normal' LIMIT 5,5   [ RunTime:0.0003s ]
SQL: SELECT * FROM `ware_base_info` WHERE `status` = 'normal'  [ RunTime:0.0002s ]
INFO: [ app_end ] --START--
INFO: Run Behavior\ShowPageTraceBehavior [ RunTime:0.000309s ]
INFO: [ app_end ] --END-- [ RunTime:0.000326s ]

[ 2020-03-04T15:03:20+08:00 ] 127.0.0.1 /fishClub/index.php/Admin/WareManage/WareDatatable?page=1&limit=5
INFO: [ app_init ] --START--
INFO: Run Behavior\BuildLiteBehavior [ RunTime:0.000005s ]
INFO: [ app_init ] --END-- [ RunTime:0.000211s ]
INFO: [ app_begin ] --START--
INFO: Run Behavior\ReadHtmlCacheBehavior [ RunTime:0.000388s ]
INFO: [ app_begin ] --END-- [ RunTime:0.000418s ]
NOTIC: [8] Undefined index: key /Applications/XAMPP/xamppfiles/htdocs/fishClub/Application/Admin/Controller/WareManageController.class.php 第 13 行.
NOTIC: [8] Undefined index: key /Applications/XAMPP/xamppfiles/htdocs/fishClub/Application/Admin/Controller/WareManageController.class.php 第 14 行.
SQL: SHOW COLUMNS FROM `ware_base_info` [ RunTime:0.0018s ]
SQL: SELECT * FROM `ware_base_info` WHERE `status` = 'normal' LIMIT 0,5   [ RunTime:0.0002s ]
SQL: SELECT * FROM `ware_base_info` WHERE `status` = 'normal'  [ RunTime:0.0001s ]
INFO: [ app_end ] --START--
INFO: Run Behavior\ShowPageTraceBehavior [ RunTime:0.000292s ]
INFO: [ app_end ] --END-- [ RunTime:0.000310s ]

[ 2020-03-04T15:03:30+08:00 ] 127.0.0.1 /fishClub/index.php/Admin/WareManage/WareDatatable?page=2&limit=5
INFO: [ app_init ] --START--
INFO: Run Behavior\BuildLiteBehavior [ RunTime:0.000006s ]
INFO: [ app_init ] --END-- [ RunTime:0.000192s ]
INFO: [ app_begin ] --START--
INFO: Run Behavior\ReadHtmlCacheBehavior [ RunTime:0.000269s ]
INFO: [ app_begin ] --END-- [ RunTime:0.000298s ]
NOTIC: [8] Undefined index: key /Applications/XAMPP/xamppfiles/htdocs/fishClub/Application/Admin/Controller/WareManageController.class.php 第 13 行.
NOTIC: [8] Undefined index: key /Applications/XAMPP/xamppfiles/htdocs/fishClub/Application/Admin/Controller/WareManageController.class.php 第 14 行.
SQL: SHOW COLUMNS FROM `ware_base_info` [ RunTime:0.0018s ]
SQL: SELECT * FROM `ware_base_info` WHERE `status` = 'normal' LIMIT 5,5   [ RunTime:0.0002s ]
SQL: SELECT * FROM `ware_base_info` WHERE `status` = 'normal'  [ RunTime:0.0001s ]
INFO: [ app_end ] --START--
INFO: Run Behavior\ShowPageTraceBehavior [ RunTime:0.000280s ]
INFO: [ app_end ] --END-- [ RunTime:0.000296s ]

[ 2020-03-04T15:03:34+08:00 ] 127.0.0.1 /fishClub/index.php/Admin/WareManage/WareDatatable?page=1&limit=5
INFO: [ app_init ] --START--
INFO: Run Behavior\BuildLiteBehavior [ RunTime:0.000005s ]
INFO: [ app_init ] --END-- [ RunTime:0.000166s ]
INFO: [ app_begin ] --START--
INFO: Run Behavior\ReadHtmlCacheBehavior [ RunTime:0.000244s ]
INFO: [ app_begin ] --END-- [ RunTime:0.000264s ]
NOTIC: [8] Undefined index: key /Applications/XAMPP/xamppfiles/htdocs/fishClub/Application/Admin/Controller/WareManageController.class.php 第 13 行.
NOTIC: [8] Undefined index: key /Applications/XAMPP/xamppfiles/htdocs/fishClub/Application/Admin/Controller/WareManageController.class.php 第 14 行.
SQL: SHOW COLUMNS FROM `ware_base_info` [ RunTime:0.0018s ]
SQL: SELECT * FROM `ware_base_info` WHERE `status` = 'normal' LIMIT 0,5   [ RunTime:0.0003s ]
SQL: SELECT * FROM `ware_base_info` WHERE `status` = 'normal'  [ RunTime:0.0001s ]
INFO: [ app_end ] --START--
INFO: Run Behavior\ShowPageTraceBehavior [ RunTime:0.000308s ]
INFO: [ app_end ] --END-- [ RunTime:0.000324s ]

[ 2020-03-04T15:03:43+08:00 ] 127.0.0.1 /fishClub/index.php/Admin/WareManage/WareDatatable?page=2&limit=5
INFO: [ app_init ] --START--
INFO: Run Behavior\BuildLiteBehavior [ RunTime:0.000006s ]
INFO: [ app_init ] --END-- [ RunTime:0.000201s ]
INFO: [ app_begin ] --START--
INFO: Run Behavior\ReadHtmlCacheBehavior [ RunTime:0.000252s ]
INFO: [ app_begin ] --END-- [ RunTime:0.000268s ]
NOTIC: [8] Undefined index: key /Applications/XAMPP/xamppfiles/htdocs/fishClub/Application/Admin/Controller/WareManageController.class.php 第 13 行.
NOTIC: [8] Undefined index: key /Applications/XAMPP/xamppfiles/htdocs/fishClub/Application/Admin/Controller/WareManageController.class.php 第 14 行.
SQL: SHOW COLUMNS FROM `ware_base_info` [ RunTime:0.0018s ]
SQL: SELECT * FROM `ware_base_info` WHERE `status` = 'normal' LIMIT 5,5   [ RunTime:0.0003s ]
SQL: SELECT * FROM `ware_base_info` WHERE `status` = 'normal'  [ RunTime:0.0001s ]
INFO: [ app_end ] --START--
INFO: Run Behavior\ShowPageTraceBehavior [ RunTime:0.000310s ]
INFO: [ app_end ] --END-- [ RunTime:0.000327s ]

[ 2020-03-04T15:03:46+08:00 ] 127.0.0.1 /fishClub/index.php/Admin/WareManage/WareDatatable?page=1&limit=5
INFO: [ app_init ] --START--
INFO: Run Behavior\BuildLiteBehavior [ RunTime:0.000006s ]
INFO: [ app_init ] --END-- [ RunTime:0.000179s ]
INFO: [ app_begin ] --START--
INFO: Run Behavior\ReadHtmlCacheBehavior [ RunTime:0.000224s ]
INFO: [ app_begin ] --END-- [ RunTime:0.000243s ]
NOTIC: [8] Undefined index: key /Applications/XAMPP/xamppfiles/htdocs/fishClub/Application/Admin/Controller/WareManageController.class.php 第 13 行.
NOTIC: [8] Undefined index: key /Applications/XAMPP/xamppfiles/htdocs/fishClub/Application/Admin/Controller/WareManageController.class.php 第 14 行.
SQL: SHOW COLUMNS FROM `ware_base_info` [ RunTime:0.0018s ]
SQL: SELECT * FROM `ware_base_info` WHERE `status` = 'normal' LIMIT 0,5   [ RunTime:0.0003s ]
SQL: SELECT * FROM `ware_base_info` WHERE `status` = 'normal'  [ RunTime:0.0001s ]
INFO: [ app_end ] --START--
INFO: Run Behavior\ShowPageTraceBehavior [ RunTime:0.000304s ]
INFO: [ app_end ] --END-- [ RunTime:0.000321s ]

[ 2020-03-04T15:12:40+08:00 ] 127.0.0.1 /fishClub/index.php/Admin/WareManage/WareDatatable?page=2&limit=5
INFO: [ app_init ] --START--
INFO: Run Behavior\BuildLiteBehavior [ RunTime:0.000006s ]
INFO: [ app_init ] --END-- [ RunTime:0.000161s ]
INFO: [ app_begin ] --START--
INFO: Run Behavior\ReadHtmlCacheBehavior [ RunTime:0.000196s ]
INFO: [ app_begin ] --END-- [ RunTime:0.000212s ]
NOTIC: [8] Undefined index: key /Applications/XAMPP/xamppfiles/htdocs/fishClub/Application/Admin/Controller/WareManageController.class.php 第 13 行.
NOTIC: [8] Undefined index: key /Applications/XAMPP/xamppfiles/htdocs/fishClub/Application/Admin/Controller/WareManageController.class.php 第 14 行.
SQL: SHOW COLUMNS FROM `ware_base_info` [ RunTime:0.0018s ]
SQL: SELECT * FROM `ware_base_info` WHERE `status` = 'normal' LIMIT 5,5   [ RunTime:0.0002s ]
SQL: SELECT * FROM `ware_base_info` WHERE `status` = 'normal'  [ RunTime:0.0001s ]
INFO: [ app_end ] --START--
INFO: Run Behavior\ShowPageTraceBehavior [ RunTime:0.000286s ]
INFO: [ app_end ] --END-- [ RunTime:0.000302s ]

[ 2020-03-04T15:12:43+08:00 ] 127.0.0.1 /fishClub/index.php/Admin/WareManage/WareDatatable?page=1&limit=5
INFO: [ app_init ] --START--
INFO: Run Behavior\BuildLiteBehavior [ RunTime:0.000008s ]
INFO: [ app_init ] --END-- [ RunTime:0.000183s ]
INFO: [ app_begin ] --START--
INFO: Run Behavior\ReadHtmlCacheBehavior [ RunTime:0.000225s ]
INFO: [ app_begin ] --END-- [ RunTime:0.000246s ]
NOTIC: [8] Undefined index: key /Applications/XAMPP/xamppfiles/htdocs/fishClub/Application/Admin/Controller/WareManageController.class.php 第 13 行.
NOTIC: [8] Undefined index: key /Applications/XAMPP/xamppfiles/htdocs/fishClub/Application/Admin/Controller/WareManageController.class.php 第 14 行.
SQL: SHOW COLUMNS FROM `ware_base_info` [ RunTime:0.0016s ]
SQL: SELECT * FROM `ware_base_info` WHERE `status` = 'normal' LIMIT 0,5   [ RunTime:0.0002s ]
SQL: SELECT * FROM `ware_base_info` WHERE `status` = 'normal'  [ RunTime:0.0001s ]
INFO: [ app_end ] --START--
INFO: Run Behavior\ShowPageTraceBehavior [ RunTime:0.000266s ]
INFO: [ app_end ] --END-- [ RunTime:0.000282s ]

[ 2020-03-04T15:12:45+08:00 ] 127.0.0.1 /fishClub/index.php/Admin/WareManage/index.html
INFO: [ app_init ] --START--
INFO: Run Behavior\BuildLiteBehavior [ RunTime:0.000005s ]
INFO: [ app_init ] --END-- [ RunTime:0.000151s ]
INFO: [ app_begin ] --START--
INFO: Run Behavior\ReadHtmlCacheBehavior [ RunTime:0.000191s ]
INFO: [ app_begin ] --END-- [ RunTime:0.000208s ]
INFO: [ view_parse ] --START--
INFO: [ template_filter ] --START--
INFO: Run Behavior\ContentReplaceBehavior [ RunTime:0.000100s ]
INFO: [ template_filter ] --END-- [ RunTime:0.000120s ]
INFO: Run Behavior\ParseTemplateBehavior [ RunTime:0.003521s ]
INFO: [ view_parse ] --END-- [ RunTime:0.003540s ]
INFO: [ view_filter ] --START--
INFO: Run Behavior\WriteHtmlCacheBehavior [ RunTime:0.000129s ]
INFO: [ view_filter ] --END-- [ RunTime:0.000149s ]
INFO: [ app_end ] --START--
INFO: Run Behavior\ShowPageTraceBehavior [ RunTime:0.000564s ]
INFO: [ app_end ] --END-- [ RunTime:0.000598s ]

[ 2020-03-04T15:12:45+08:00 ] 127.0.0.1 /fishClub/index.php/Admin/WareManage/WareDatatable?page=1&limit=5
INFO: [ app_init ] --START--
INFO: Run Behavior\BuildLiteBehavior [ RunTime:0.000006s ]
INFO: [ app_init ] --END-- [ RunTime:0.000197s ]
INFO: [ app_begin ] --START--
INFO: Run Behavior\ReadHtmlCacheBehavior [ RunTime:0.000191s ]
INFO: [ app_begin ] --END-- [ RunTime:0.000208s ]
NOTIC: [8] Undefined index: key /Applications/XAMPP/xamppfiles/htdocs/fishClub/Application/Admin/Controller/WareManageController.class.php 第 13 行.
NOTIC: [8] Undefined index: key /Applications/XAMPP/xamppfiles/htdocs/fishClub/Application/Admin/Controller/WareManageController.class.php 第 14 行.
SQL: SHOW COLUMNS FROM `ware_base_info` [ RunTime:0.0013s ]
SQL: SELECT * FROM `ware_base_info` WHERE `status` = 'normal' LIMIT 0,5   [ RunTime:0.0002s ]
SQL: SELECT * FROM `ware_base_info` WHERE `status` = 'normal'  [ RunTime:0.0001s ]
INFO: [ app_end ] --START--
INFO: Run Behavior\ShowPageTraceBehavior [ RunTime:0.000258s ]
INFO: [ app_end ] --END-- [ RunTime:0.000272s ]

