[ 2020-02-20T13:05:01+08:00 ] 127.0.0.1 /fishClub/index.php/Admin/DiscountManage/DiscountDatatable?page=1&limit=10
INFO: [ app_init ] --START--
INFO: Run Behavior\BuildLiteBehavior [ RunTime:0.000011s ]
INFO: [ app_init ] --END-- [ RunTime:0.000410s ]
INFO: [ app_begin ] --START--
INFO: Run Behavior\ReadHtmlCacheBehavior [ RunTime:0.000454s ]
INFO: [ app_begin ] --END-- [ RunTime:0.000478s ]
NOTIC: [8] Undefined index: key /Applications/XAMPP/xamppfiles/htdocs/fishClub/Application/Admin/Controller/DiscountManageController.class.php 第 13 行.
NOTIC: [8] Undefined index: key /Applications/XAMPP/xamppfiles/htdocs/fishClub/Application/Admin/Controller/DiscountManageController.class.php 第 14 行.
SQL: SHOW COLUMNS FROM `discount_base_info` [ RunTime:0.0096s ]
SQL: SELECT * FROM `discount_base_info` WHERE `status` = 'normal' LIMIT 0,10   [ RunTime:0.0050s ]
SQL: SELECT * FROM `discount_base_info` WHERE `status` = 'normal'  [ RunTime:0.0002s ]
INFO: [ app_end ] --START--
INFO: Run Behavior\ShowPageTraceBehavior [ RunTime:0.000849s ]
INFO: [ app_end ] --END-- [ RunTime:0.000903s ]

[ 2020-02-20T13:05:02+08:00 ] 127.0.0.1 /fishClub/index.php/Admin/Main/favicon.ico
INFO: [ app_init ] --START--
INFO: Run Behavior\BuildLiteBehavior [ RunTime:0.000005s ]
INFO: [ app_init ] --END-- [ RunTime:0.000146s ]

[ 2020-02-20T13:37:41+08:00 ] 127.0.0.1 /fishClub/index.php/Admin/WareManage/index.html
INFO: [ app_init ] --START--
INFO: Run Behavior\BuildLiteBehavior [ RunTime:0.000004s ]
INFO: [ app_init ] --END-- [ RunTime:0.000157s ]
INFO: [ app_begin ] --START--
INFO: Run Behavior\ReadHtmlCacheBehavior [ RunTime:0.000205s ]
INFO: [ app_begin ] --END-- [ RunTime:0.000223s ]
INFO: [ view_parse ] --START--
INFO: [ template_filter ] --START--
INFO: Run Behavior\ContentReplaceBehavior [ RunTime:0.000099s ]
INFO: [ template_filter ] --END-- [ RunTime:0.000123s ]
INFO: Run Behavior\ParseTemplateBehavior [ RunTime:0.005225s ]
INFO: [ view_parse ] --END-- [ RunTime:0.005265s ]
INFO: [ view_filter ] --START--
INFO: Run Behavior\WriteHtmlCacheBehavior [ RunTime:0.000127s ]
INFO: [ view_filter ] --END-- [ RunTime:0.000141s ]
INFO: [ app_end ] --START--
INFO: Run Behavior\ShowPageTraceBehavior [ RunTime:0.000521s ]
INFO: [ app_end ] --END-- [ RunTime:0.000553s ]

[ 2020-02-20T13:37:41+08:00 ] 127.0.0.1 /fishClub/index.php/Admin/WareManage/WareDatatable?page=1&limit=5
INFO: [ app_init ] --START--
INFO: Run Behavior\BuildLiteBehavior [ RunTime:0.000004s ]
INFO: [ app_init ] --END-- [ RunTime:0.000141s ]
INFO: [ app_begin ] --START--
INFO: Run Behavior\ReadHtmlCacheBehavior [ RunTime:0.000279s ]
INFO: [ app_begin ] --END-- [ RunTime:0.000296s ]
NOTIC: [8] Undefined index: key /Applications/XAMPP/xamppfiles/htdocs/fishClub/Application/Admin/Controller/WareManageController.class.php 第 13 行.
NOTIC: [8] Undefined index: key /Applications/XAMPP/xamppfiles/htdocs/fishClub/Application/Admin/Controller/WareManageController.class.php 第 14 行.
SQL: SHOW COLUMNS FROM `ware_base_info` [ RunTime:0.0015s ]
SQL: SELECT * FROM `ware_base_info` WHERE `status` = 'normal' LIMIT 0,5   [ RunTime:0.0003s ]
SQL: SELECT * FROM `ware_base_info` WHERE `status` = 'normal'  [ RunTime:0.0002s ]
INFO: [ app_end ] --START--
INFO: Run Behavior\ShowPageTraceBehavior [ RunTime:0.000265s ]
INFO: [ app_end ] --END-- [ RunTime:0.000282s ]

[ 2020-02-20T13:37:46+08:00 ] 127.0.0.1 /fishClub/index.php/Admin/DiscountManage/index.html
INFO: [ app_init ] --START--
INFO: Run Behavior\BuildLiteBehavior [ RunTime:0.000009s ]
INFO: [ app_init ] --END-- [ RunTime:0.000219s ]
INFO: [ app_begin ] --START--
INFO: Run Behavior\ReadHtmlCacheBehavior [ RunTime:0.000223s ]
INFO: [ app_begin ] --END-- [ RunTime:0.000239s ]
INFO: [ view_parse ] --START--
INFO: [ template_filter ] --START--
INFO: Run Behavior\ContentReplaceBehavior [ RunTime:0.000089s ]
INFO: [ template_filter ] --END-- [ RunTime:0.000112s ]
INFO: Run Behavior\ParseTemplateBehavior [ RunTime:0.004657s ]
INFO: [ view_parse ] --END-- [ RunTime:0.004674s ]
INFO: [ view_filter ] --START--
INFO: Run Behavior\WriteHtmlCacheBehavior [ RunTime:0.000081s ]
INFO: [ view_filter ] --END-- [ RunTime:0.000090s ]
INFO: [ app_end ] --START--
INFO: Run Behavior\ShowPageTraceBehavior [ RunTime:0.000316s ]
INFO: [ app_end ] --END-- [ RunTime:0.000329s ]

[ 2020-02-20T13:37:46+08:00 ] 127.0.0.1 /fishClub/index.php/Admin/DiscountManage/DiscountDatatable?page=1&limit=10
INFO: [ app_init ] --START--
INFO: Run Behavior\BuildLiteBehavior [ RunTime:0.000004s ]
INFO: [ app_init ] --END-- [ RunTime:0.000140s ]
INFO: [ app_begin ] --START--
INFO: Run Behavior\ReadHtmlCacheBehavior [ RunTime:0.000175s ]
INFO: [ app_begin ] --END-- [ RunTime:0.000190s ]
NOTIC: [8] Undefined index: key /Applications/XAMPP/xamppfiles/htdocs/fishClub/Application/Admin/Controller/DiscountManageController.class.php 第 13 行.
NOTIC: [8] Undefined index: key /Applications/XAMPP/xamppfiles/htdocs/fishClub/Application/Admin/Controller/DiscountManageController.class.php 第 14 行.
SQL: SHOW COLUMNS FROM `discount_base_info` [ RunTime:0.0022s ]
SQL: SELECT * FROM `discount_base_info` WHERE `status` = 'normal' LIMIT 0,10   [ RunTime:0.0009s ]
SQL: SELECT * FROM `discount_base_info` WHERE `status` = 'normal'  [ RunTime:0.0001s ]
INFO: [ app_end ] --START--
INFO: Run Behavior\ShowPageTraceBehavior [ RunTime:0.000261s ]
INFO: [ app_end ] --END-- [ RunTime:0.000275s ]

[ 2020-02-20T13:49:01+08:00 ] 127.0.0.1 /fishClub/index.php/Admin/Main/index.html
INFO: [ app_init ] --START--
INFO: Run Behavior\BuildLiteBehavior [ RunTime:0.000005s ]
INFO: [ app_init ] --END-- [ RunTime:0.000414s ]
INFO: [ app_begin ] --START--
INFO: Run Behavior\ReadHtmlCacheBehavior [ RunTime:0.000434s ]
INFO: [ app_begin ] --END-- [ RunTime:0.000450s ]
INFO: [ view_parse ] --START--
INFO: [ template_filter ] --START--
INFO: Run Behavior\ContentReplaceBehavior [ RunTime:0.000062s ]
INFO: [ template_filter ] --END-- [ RunTime:0.000078s ]
NOTIC: [8] Undefined variable: identity /Applications/XAMPP/xamppfiles/htdocs/fishClub/Application/Runtime/Cache/Admin/ceb25a752d454a3315706634952427db.php 第 86 行.
INFO: Run Behavior\ParseTemplateBehavior [ RunTime:0.003688s ]
INFO: [ view_parse ] --END-- [ RunTime:0.003703s ]
INFO: [ view_filter ] --START--
INFO: Run Behavior\WriteHtmlCacheBehavior [ RunTime:0.000314s ]
INFO: [ view_filter ] --END-- [ RunTime:0.000324s ]
INFO: [ app_end ] --START--
INFO: Run Behavior\ShowPageTraceBehavior [ RunTime:0.000446s ]
INFO: [ app_end ] --END-- [ RunTime:0.000458s ]

[ 2020-02-20T13:49:01+08:00 ] 127.0.0.1 /fishClub/index.php/Admin/Main/welcome
INFO: [ app_init ] --START--
INFO: Run Behavior\BuildLiteBehavior [ RunTime:0.000005s ]
INFO: [ app_init ] --END-- [ RunTime:0.000197s ]
INFO: [ app_begin ] --START--
INFO: Run Behavior\ReadHtmlCacheBehavior [ RunTime:0.000259s ]
INFO: [ app_begin ] --END-- [ RunTime:0.000292s ]
INFO: [ view_parse ] --START--
INFO: [ template_filter ] --START--
INFO: Run Behavior\ContentReplaceBehavior [ RunTime:0.000016s ]
INFO: [ template_filter ] --END-- [ RunTime:0.000042s ]
INFO: Run Behavior\ParseTemplateBehavior [ RunTime:0.002962s ]
INFO: [ view_parse ] --END-- [ RunTime:0.002987s ]
INFO: [ view_filter ] --START--
INFO: Run Behavior\WriteHtmlCacheBehavior [ RunTime:0.000196s ]
INFO: [ view_filter ] --END-- [ RunTime:0.000237s ]
INFO: [ app_end ] --START--
INFO: Run Behavior\ShowPageTraceBehavior [ RunTime:0.000307s ]
INFO: [ app_end ] --END-- [ RunTime:0.000326s ]

[ 2020-02-20T13:49:01+08:00 ] 127.0.0.1 /fishClub/index.php/Admin/Main/favicon.ico
INFO: [ app_init ] --START--
INFO: Run Behavior\BuildLiteBehavior [ RunTime:0.000010s ]
INFO: [ app_init ] --END-- [ RunTime:0.000422s ]

[ 2020-02-20T22:07:38+08:00 ] 127.0.0.1 /fishClub/index.php/Admin/WareManage/index.html
INFO: [ app_init ] --START--
INFO: Run Behavior\BuildLiteBehavior [ RunTime:0.000004s ]
INFO: [ app_init ] --END-- [ RunTime:0.000157s ]
INFO: [ app_begin ] --START--
INFO: Run Behavior\ReadHtmlCacheBehavior [ RunTime:0.000246s ]
INFO: [ app_begin ] --END-- [ RunTime:0.000270s ]
INFO: [ view_parse ] --START--
INFO: [ template_filter ] --START--
INFO: Run Behavior\ContentReplaceBehavior [ RunTime:0.000092s ]
INFO: [ template_filter ] --END-- [ RunTime:0.000115s ]
INFO: Run Behavior\ParseTemplateBehavior [ RunTime:0.005246s ]
INFO: [ view_parse ] --END-- [ RunTime:0.005265s ]
INFO: [ view_filter ] --START--
INFO: Run Behavior\WriteHtmlCacheBehavior [ RunTime:0.000091s ]
INFO: [ view_filter ] --END-- [ RunTime:0.000102s ]
INFO: [ app_end ] --START--
INFO: Run Behavior\ShowPageTraceBehavior [ RunTime:0.000232s ]
INFO: [ app_end ] --END-- [ RunTime:0.000247s ]

[ 2020-02-20T22:07:38+08:00 ] 127.0.0.1 /fishClub/index.php/Admin/WareManage/WareDatatable?page=1&limit=5
INFO: [ app_init ] --START--
INFO: Run Behavior\BuildLiteBehavior [ RunTime:0.000006s ]
INFO: [ app_init ] --END-- [ RunTime:0.000250s ]
INFO: [ app_begin ] --START--
INFO: Run Behavior\ReadHtmlCacheBehavior [ RunTime:0.000232s ]
INFO: [ app_begin ] --END-- [ RunTime:0.000247s ]
NOTIC: [8] Undefined index: key /Applications/XAMPP/xamppfiles/htdocs/fishClub/Application/Admin/Controller/WareManageController.class.php 第 13 行.
NOTIC: [8] Undefined index: key /Applications/XAMPP/xamppfiles/htdocs/fishClub/Application/Admin/Controller/WareManageController.class.php 第 14 行.
SQL: SHOW COLUMNS FROM `ware_base_info` [ RunTime:0.0012s ]
SQL: SELECT * FROM `ware_base_info` WHERE `status` = 'normal' LIMIT 0,5   [ RunTime:0.0002s ]
SQL: SELECT * FROM `ware_base_info` WHERE `status` = 'normal'  [ RunTime:0.0001s ]
INFO: [ app_end ] --START--
INFO: Run Behavior\ShowPageTraceBehavior [ RunTime:0.000258s ]
INFO: [ app_end ] --END-- [ RunTime:0.000274s ]

[ 2020-02-20T22:07:49+08:00 ] 127.0.0.1 /fishClub/index.php/Admin/DiscountManage/index.html
INFO: [ app_init ] --START--
INFO: Run Behavior\BuildLiteBehavior [ RunTime:0.000005s ]
INFO: [ app_init ] --END-- [ RunTime:0.000177s ]
INFO: [ app_begin ] --START--
INFO: Run Behavior\ReadHtmlCacheBehavior [ RunTime:0.000198s ]
INFO: [ app_begin ] --END-- [ RunTime:0.000215s ]
INFO: [ view_parse ] --START--
INFO: [ template_filter ] --START--
INFO: Run Behavior\ContentReplaceBehavior [ RunTime:0.000085s ]
INFO: [ template_filter ] --END-- [ RunTime:0.000110s ]
INFO: Run Behavior\ParseTemplateBehavior [ RunTime:0.005291s ]
INFO: [ view_parse ] --END-- [ RunTime:0.005320s ]
INFO: [ view_filter ] --START--
INFO: Run Behavior\WriteHtmlCacheBehavior [ RunTime:0.000102s ]
INFO: [ view_filter ] --END-- [ RunTime:0.000114s ]
INFO: [ app_end ] --START--
INFO: Run Behavior\ShowPageTraceBehavior [ RunTime:0.000243s ]
INFO: [ app_end ] --END-- [ RunTime:0.000258s ]

[ 2020-02-20T22:07:49+08:00 ] 127.0.0.1 /fishClub/index.php/Admin/DiscountManage/DiscountDatatable?page=1&limit=10
INFO: [ app_init ] --START--
INFO: Run Behavior\BuildLiteBehavior [ RunTime:0.000006s ]
INFO: [ app_init ] --END-- [ RunTime:0.000146s ]
INFO: [ app_begin ] --START--
INFO: Run Behavior\ReadHtmlCacheBehavior [ RunTime:0.000259s ]
INFO: [ app_begin ] --END-- [ RunTime:0.000285s ]
NOTIC: [8] Undefined index: key /Applications/XAMPP/xamppfiles/htdocs/fishClub/Application/Admin/Controller/DiscountManageController.class.php 第 13 行.
NOTIC: [8] Undefined index: key /Applications/XAMPP/xamppfiles/htdocs/fishClub/Application/Admin/Controller/DiscountManageController.class.php 第 14 行.
SQL: SHOW COLUMNS FROM `discount_base_info` [ RunTime:0.0023s ]
SQL: SELECT * FROM `discount_base_info` WHERE `status` = 'normal' LIMIT 0,10   [ RunTime:0.0002s ]
SQL: SELECT * FROM `discount_base_info` WHERE `status` = 'normal'  [ RunTime:0.0001s ]
INFO: [ app_end ] --START--
INFO: Run Behavior\ShowPageTraceBehavior [ RunTime:0.000255s ]
INFO: [ app_end ] --END-- [ RunTime:0.000269s ]

[ 2020-02-20T22:07:51+08:00 ] 127.0.0.1 /fishClub/index.php/Admin/WareManage/index.html
INFO: [ app_init ] --START--
INFO: Run Behavior\BuildLiteBehavior [ RunTime:0.000005s ]
INFO: [ app_init ] --END-- [ RunTime:0.000160s ]
INFO: [ app_begin ] --START--
INFO: Run Behavior\ReadHtmlCacheBehavior [ RunTime:0.000199s ]
INFO: [ app_begin ] --END-- [ RunTime:0.000217s ]
INFO: [ view_parse ] --START--
INFO: [ template_filter ] --START--
INFO: Run Behavior\ContentReplaceBehavior [ RunTime:0.000092s ]
INFO: [ template_filter ] --END-- [ RunTime:0.000130s ]
INFO: Run Behavior\ParseTemplateBehavior [ RunTime:0.003696s ]
INFO: [ view_parse ] --END-- [ RunTime:0.003715s ]
INFO: [ view_filter ] --START--
INFO: Run Behavior\WriteHtmlCacheBehavior [ RunTime:0.000164s ]
INFO: [ view_filter ] --END-- [ RunTime:0.000181s ]
INFO: [ app_end ] --START--
INFO: Run Behavior\ShowPageTraceBehavior [ RunTime:0.000249s ]
INFO: [ app_end ] --END-- [ RunTime:0.000268s ]

[ 2020-02-20T22:07:51+08:00 ] 127.0.0.1 /fishClub/index.php/Admin/WareManage/WareDatatable?page=1&limit=5
INFO: [ app_init ] --START--
INFO: Run Behavior\BuildLiteBehavior [ RunTime:0.000005s ]
INFO: [ app_init ] --END-- [ RunTime:0.000160s ]
INFO: [ app_begin ] --START--
INFO: Run Behavior\ReadHtmlCacheBehavior [ RunTime:0.000181s ]
INFO: [ app_begin ] --END-- [ RunTime:0.000213s ]
NOTIC: [8] Undefined index: key /Applications/XAMPP/xamppfiles/htdocs/fishClub/Application/Admin/Controller/WareManageController.class.php 第 13 行.
NOTIC: [8] Undefined index: key /Applications/XAMPP/xamppfiles/htdocs/fishClub/Application/Admin/Controller/WareManageController.class.php 第 14 行.
SQL: SHOW COLUMNS FROM `ware_base_info` [ RunTime:0.0012s ]
SQL: SELECT * FROM `ware_base_info` WHERE `status` = 'normal' LIMIT 0,5   [ RunTime:0.0002s ]
SQL: SELECT * FROM `ware_base_info` WHERE `status` = 'normal'  [ RunTime:0.0001s ]
INFO: [ app_end ] --START--
INFO: Run Behavior\ShowPageTraceBehavior [ RunTime:0.000228s ]
INFO: [ app_end ] --END-- [ RunTime:0.000243s ]

[ 2020-02-20T22:07:53+08:00 ] 127.0.0.1 /fishClub/index.php/Admin/DiscountManage/index.html
INFO: [ app_init ] --START--
INFO: Run Behavior\BuildLiteBehavior [ RunTime:0.000005s ]
INFO: [ app_init ] --END-- [ RunTime:0.000161s ]
INFO: [ app_begin ] --START--
INFO: Run Behavior\ReadHtmlCacheBehavior [ RunTime:0.000202s ]
INFO: [ app_begin ] --END-- [ RunTime:0.000219s ]
INFO: [ view_parse ] --START--
INFO: [ template_filter ] --START--
INFO: Run Behavior\ContentReplaceBehavior [ RunTime:0.000078s ]
INFO: [ template_filter ] --END-- [ RunTime:0.000095s ]
INFO: Run Behavior\ParseTemplateBehavior [ RunTime:0.003139s ]
INFO: [ view_parse ] --END-- [ RunTime:0.003163s ]
INFO: [ view_filter ] --START--
INFO: Run Behavior\WriteHtmlCacheBehavior [ RunTime:0.000092s ]
INFO: [ view_filter ] --END-- [ RunTime:0.000104s ]
INFO: [ app_end ] --START--
INFO: Run Behavior\ShowPageTraceBehavior [ RunTime:0.000249s ]
INFO: [ app_end ] --END-- [ RunTime:0.000269s ]

[ 2020-02-20T22:07:53+08:00 ] 127.0.0.1 /fishClub/index.php/Admin/DiscountManage/DiscountDatatable?page=1&limit=10
INFO: [ app_init ] --START--
INFO: Run Behavior\BuildLiteBehavior [ RunTime:0.000005s ]
INFO: [ app_init ] --END-- [ RunTime:0.000142s ]
INFO: [ app_begin ] --START--
INFO: Run Behavior\ReadHtmlCacheBehavior [ RunTime:0.000174s ]
INFO: [ app_begin ] --END-- [ RunTime:0.000188s ]
NOTIC: [8] Undefined index: key /Applications/XAMPP/xamppfiles/htdocs/fishClub/Application/Admin/Controller/DiscountManageController.class.php 第 13 行.
NOTIC: [8] Undefined index: key /Applications/XAMPP/xamppfiles/htdocs/fishClub/Application/Admin/Controller/DiscountManageController.class.php 第 14 行.
SQL: SHOW COLUMNS FROM `discount_base_info` [ RunTime:0.0015s ]
SQL: SELECT * FROM `discount_base_info` WHERE `status` = 'normal' LIMIT 0,10   [ RunTime:0.0002s ]
SQL: SELECT * FROM `discount_base_info` WHERE `status` = 'normal'  [ RunTime:0.0002s ]
INFO: [ app_end ] --START--
INFO: Run Behavior\ShowPageTraceBehavior [ RunTime:0.000280s ]
INFO: [ app_end ] --END-- [ RunTime:0.000295s ]

[ 2020-02-20T22:07:54+08:00 ] 127.0.0.1 /fishClub/index.php/Admin/WareManage/index.html
INFO: [ app_init ] --START--
INFO: Run Behavior\BuildLiteBehavior [ RunTime:0.000005s ]
INFO: [ app_init ] --END-- [ RunTime:0.000153s ]
INFO: [ app_begin ] --START--
INFO: Run Behavior\ReadHtmlCacheBehavior [ RunTime:0.000192s ]
INFO: [ app_begin ] --END-- [ RunTime:0.000210s ]
INFO: [ view_parse ] --START--
INFO: [ template_filter ] --START--
INFO: Run Behavior\ContentReplaceBehavior [ RunTime:0.000105s ]
INFO: [ template_filter ] --END-- [ RunTime:0.000140s ]
INFO: Run Behavior\ParseTemplateBehavior [ RunTime:0.003574s ]
INFO: [ view_parse ] --END-- [ RunTime:0.003599s ]
INFO: [ view_filter ] --START--
INFO: Run Behavior\WriteHtmlCacheBehavior [ RunTime:0.000108s ]
INFO: [ view_filter ] --END-- [ RunTime:0.000123s ]
INFO: [ app_end ] --START--
INFO: Run Behavior\ShowPageTraceBehavior [ RunTime:0.000241s ]
INFO: [ app_end ] --END-- [ RunTime:0.000255s ]

[ 2020-02-20T22:07:54+08:00 ] 127.0.0.1 /fishClub/index.php/Admin/WareManage/WareDatatable?page=1&limit=5
INFO: [ app_init ] --START--
INFO: Run Behavior\BuildLiteBehavior [ RunTime:0.000005s ]
INFO: [ app_init ] --END-- [ RunTime:0.000147s ]
INFO: [ app_begin ] --START--
INFO: Run Behavior\ReadHtmlCacheBehavior [ RunTime:0.000188s ]
INFO: [ app_begin ] --END-- [ RunTime:0.000203s ]
NOTIC: [8] Undefined index: key /Applications/XAMPP/xamppfiles/htdocs/fishClub/Application/Admin/Controller/WareManageController.class.php 第 13 行.
NOTIC: [8] Undefined index: key /Applications/XAMPP/xamppfiles/htdocs/fishClub/Application/Admin/Controller/WareManageController.class.php 第 14 行.
SQL: SHOW COLUMNS FROM `ware_base_info` [ RunTime:0.0011s ]
SQL: SELECT * FROM `ware_base_info` WHERE `status` = 'normal' LIMIT 0,5   [ RunTime:0.0002s ]
SQL: SELECT * FROM `ware_base_info` WHERE `status` = 'normal'  [ RunTime:0.0001s ]
INFO: [ app_end ] --START--
INFO: Run Behavior\ShowPageTraceBehavior [ RunTime:0.000262s ]
INFO: [ app_end ] --END-- [ RunTime:0.000279s ]

[ 2020-02-20T22:07:55+08:00 ] 127.0.0.1 /fishClub/index.php/Admin/DiscountManage/index.html
INFO: [ app_init ] --START--
INFO: Run Behavior\BuildLiteBehavior [ RunTime:0.000005s ]
INFO: [ app_init ] --END-- [ RunTime:0.000174s ]
INFO: [ app_begin ] --START--
INFO: Run Behavior\ReadHtmlCacheBehavior [ RunTime:0.000218s ]
INFO: [ app_begin ] --END-- [ RunTime:0.000238s ]
INFO: [ view_parse ] --START--
INFO: [ template_filter ] --START--
INFO: Run Behavior\ContentReplaceBehavior [ RunTime:0.000095s ]
INFO: [ template_filter ] --END-- [ RunTime:0.000133s ]
INFO: Run Behavior\ParseTemplateBehavior [ RunTime:0.003657s ]
INFO: [ view_parse ] --END-- [ RunTime:0.003674s ]
INFO: [ view_filter ] --START--
INFO: Run Behavior\WriteHtmlCacheBehavior [ RunTime:0.000084s ]
INFO: [ view_filter ] --END-- [ RunTime:0.000095s ]
INFO: [ app_end ] --START--
INFO: Run Behavior\ShowPageTraceBehavior [ RunTime:0.000232s ]
INFO: [ app_end ] --END-- [ RunTime:0.000246s ]

[ 2020-02-20T22:07:55+08:00 ] 127.0.0.1 /fishClub/index.php/Admin/DiscountManage/DiscountDatatable?page=1&limit=10
INFO: [ app_init ] --START--
INFO: Run Behavior\BuildLiteBehavior [ RunTime:0.000005s ]
INFO: [ app_init ] --END-- [ RunTime:0.000149s ]
INFO: [ app_begin ] --START--
INFO: Run Behavior\ReadHtmlCacheBehavior [ RunTime:0.000185s ]
INFO: [ app_begin ] --END-- [ RunTime:0.000200s ]
NOTIC: [8] Undefined index: key /Applications/XAMPP/xamppfiles/htdocs/fishClub/Application/Admin/Controller/DiscountManageController.class.php 第 13 行.
NOTIC: [8] Undefined index: key /Applications/XAMPP/xamppfiles/htdocs/fishClub/Application/Admin/Controller/DiscountManageController.class.php 第 14 行.
SQL: SHOW COLUMNS FROM `discount_base_info` [ RunTime:0.0016s ]
SQL: SELECT * FROM `discount_base_info` WHERE `status` = 'normal' LIMIT 0,10   [ RunTime:0.0002s ]
SQL: SELECT * FROM `discount_base_info` WHERE `status` = 'normal'  [ RunTime:0.0001s ]
INFO: [ app_end ] --START--
INFO: Run Behavior\ShowPageTraceBehavior [ RunTime:0.000266s ]
INFO: [ app_end ] --END-- [ RunTime:0.000281s ]

[ 2020-02-20T22:07:59+08:00 ] 127.0.0.1 /fishClub/index.php/Admin/WareManage/index.html
INFO: [ app_init ] --START--
INFO: Run Behavior\BuildLiteBehavior [ RunTime:0.000005s ]
INFO: [ app_init ] --END-- [ RunTime:0.000166s ]
INFO: [ app_begin ] --START--
INFO: Run Behavior\ReadHtmlCacheBehavior [ RunTime:0.000190s ]
INFO: [ app_begin ] --END-- [ RunTime:0.000207s ]
INFO: [ view_parse ] --START--
INFO: [ template_filter ] --START--
INFO: Run Behavior\ContentReplaceBehavior [ RunTime:0.000091s ]
INFO: [ template_filter ] --END-- [ RunTime:0.000113s ]
INFO: Run Behavior\ParseTemplateBehavior [ RunTime:0.003370s ]
INFO: [ view_parse ] --END-- [ RunTime:0.003388s ]
INFO: [ view_filter ] --START--
INFO: Run Behavior\WriteHtmlCacheBehavior [ RunTime:0.000084s ]
INFO: [ view_filter ] --END-- [ RunTime:0.000095s ]
INFO: [ app_end ] --START--
INFO: Run Behavior\ShowPageTraceBehavior [ RunTime:0.000230s ]
INFO: [ app_end ] --END-- [ RunTime:0.000244s ]

[ 2020-02-20T22:07:59+08:00 ] 127.0.0.1 /fishClub/index.php/Admin/WareManage/WareDatatable?page=1&limit=5
INFO: [ app_init ] --START--
INFO: Run Behavior\BuildLiteBehavior [ RunTime:0.000006s ]
INFO: [ app_init ] --END-- [ RunTime:0.000242s ]
INFO: [ app_begin ] --START--
INFO: Run Behavior\ReadHtmlCacheBehavior [ RunTime:0.000306s ]
INFO: [ app_begin ] --END-- [ RunTime:0.000322s ]
NOTIC: [8] Undefined index: key /Applications/XAMPP/xamppfiles/htdocs/fishClub/Application/Admin/Controller/WareManageController.class.php 第 13 行.
NOTIC: [8] Undefined index: key /Applications/XAMPP/xamppfiles/htdocs/fishClub/Application/Admin/Controller/WareManageController.class.php 第 14 行.
SQL: SHOW COLUMNS FROM `ware_base_info` [ RunTime:0.0010s ]
SQL: SELECT * FROM `ware_base_info` WHERE `status` = 'normal' LIMIT 0,5   [ RunTime:0.0003s ]
SQL: SELECT * FROM `ware_base_info` WHERE `status` = 'normal'  [ RunTime:0.0002s ]
INFO: [ app_end ] --START--
INFO: Run Behavior\ShowPageTraceBehavior [ RunTime:0.000384s ]
INFO: [ app_end ] --END-- [ RunTime:0.000403s ]

[ 2020-02-20T22:08:00+08:00 ] 127.0.0.1 /fishClub/index.php/Admin/DiscountManage/index.html
INFO: [ app_init ] --START--
INFO: Run Behavior\BuildLiteBehavior [ RunTime:0.000006s ]
INFO: [ app_init ] --END-- [ RunTime:0.000181s ]
INFO: [ app_begin ] --START--
INFO: Run Behavior\ReadHtmlCacheBehavior [ RunTime:0.000201s ]
INFO: [ app_begin ] --END-- [ RunTime:0.000219s ]
INFO: [ view_parse ] --START--
INFO: [ template_filter ] --START--
INFO: Run Behavior\ContentReplaceBehavior [ RunTime:0.000076s ]
INFO: [ template_filter ] --END-- [ RunTime:0.000095s ]
INFO: Run Behavior\ParseTemplateBehavior [ RunTime:0.003147s ]
INFO: [ view_parse ] --END-- [ RunTime:0.003167s ]
INFO: [ view_filter ] --START--
INFO: Run Behavior\WriteHtmlCacheBehavior [ RunTime:0.000106s ]
INFO: [ view_filter ] --END-- [ RunTime:0.000119s ]
INFO: [ app_end ] --START--
INFO: Run Behavior\ShowPageTraceBehavior [ RunTime:0.000248s ]
INFO: [ app_end ] --END-- [ RunTime:0.000265s ]

[ 2020-02-20T22:08:00+08:00 ] 127.0.0.1 /fishClub/index.php/Admin/DiscountManage/DiscountDatatable?page=1&limit=10
INFO: [ app_init ] --START--
INFO: Run Behavior\BuildLiteBehavior [ RunTime:0.000009s ]
INFO: [ app_init ] --END-- [ RunTime:0.000268s ]
INFO: [ app_begin ] --START--
INFO: Run Behavior\ReadHtmlCacheBehavior [ RunTime:0.000235s ]
INFO: [ app_begin ] --END-- [ RunTime:0.000259s ]
NOTIC: [8] Undefined index: key /Applications/XAMPP/xamppfiles/htdocs/fishClub/Application/Admin/Controller/DiscountManageController.class.php 第 13 行.
NOTIC: [8] Undefined index: key /Applications/XAMPP/xamppfiles/htdocs/fishClub/Application/Admin/Controller/DiscountManageController.class.php 第 14 行.
SQL: SHOW COLUMNS FROM `discount_base_info` [ RunTime:0.0012s ]
SQL: SELECT * FROM `discount_base_info` WHERE `status` = 'normal' LIMIT 0,10   [ RunTime:0.0001s ]
SQL: SELECT * FROM `discount_base_info` WHERE `status` = 'normal'  [ RunTime:0.0001s ]
INFO: [ app_end ] --START--
INFO: Run Behavior\ShowPageTraceBehavior [ RunTime:0.000247s ]
INFO: [ app_end ] --END-- [ RunTime:0.000261s ]

[ 2020-02-20T22:08:04+08:00 ] 127.0.0.1 /fishClub/index.php/Admin/WareManage/index.html
INFO: [ app_init ] --START--
INFO: Run Behavior\BuildLiteBehavior [ RunTime:0.000004s ]
INFO: [ app_init ] --END-- [ RunTime:0.000156s ]
INFO: [ app_begin ] --START--
INFO: Run Behavior\ReadHtmlCacheBehavior [ RunTime:0.000195s ]
INFO: [ app_begin ] --END-- [ RunTime:0.000212s ]
INFO: [ view_parse ] --START--
INFO: [ template_filter ] --START--
INFO: Run Behavior\ContentReplaceBehavior [ RunTime:0.000089s ]
INFO: [ template_filter ] --END-- [ RunTime:0.000105s ]
INFO: Run Behavior\ParseTemplateBehavior [ RunTime:0.003170s ]
INFO: [ view_parse ] --END-- [ RunTime:0.003192s ]
INFO: [ view_filter ] --START--
INFO: Run Behavior\WriteHtmlCacheBehavior [ RunTime:0.000090s ]
INFO: [ view_filter ] --END-- [ RunTime:0.000102s ]
INFO: [ app_end ] --START--
INFO: Run Behavior\ShowPageTraceBehavior [ RunTime:0.000231s ]
INFO: [ app_end ] --END-- [ RunTime:0.000246s ]

[ 2020-02-20T22:08:04+08:00 ] 127.0.0.1 /fishClub/index.php/Admin/WareManage/WareDatatable?page=1&limit=5
INFO: [ app_init ] --START--
INFO: Run Behavior\BuildLiteBehavior [ RunTime:0.000011s ]
INFO: [ app_init ] --END-- [ RunTime:0.000275s ]
INFO: [ app_begin ] --START--
INFO: Run Behavior\ReadHtmlCacheBehavior [ RunTime:0.000321s ]
INFO: [ app_begin ] --END-- [ RunTime:0.000360s ]
NOTIC: [8] Undefined index: key /Applications/XAMPP/xamppfiles/htdocs/fishClub/Application/Admin/Controller/WareManageController.class.php 第 13 行.
NOTIC: [8] Undefined index: key /Applications/XAMPP/xamppfiles/htdocs/fishClub/Application/Admin/Controller/WareManageController.class.php 第 14 行.
SQL: SHOW COLUMNS FROM `ware_base_info` [ RunTime:0.0012s ]
SQL: SELECT * FROM `ware_base_info` WHERE `status` = 'normal' LIMIT 0,5   [ RunTime:0.0002s ]
SQL: SELECT * FROM `ware_base_info` WHERE `status` = 'normal'  [ RunTime:0.0001s ]
INFO: [ app_end ] --START--
INFO: Run Behavior\ShowPageTraceBehavior [ RunTime:0.000268s ]
INFO: [ app_end ] --END-- [ RunTime:0.000285s ]

[ 2020-02-20T22:08:23+08:00 ] 127.0.0.1 /fishClub/index.php/Admin/Main/index.html
INFO: [ app_init ] --START--
INFO: Run Behavior\BuildLiteBehavior [ RunTime:0.000005s ]
INFO: [ app_init ] --END-- [ RunTime:0.000188s ]
INFO: [ app_begin ] --START--
INFO: Run Behavior\ReadHtmlCacheBehavior [ RunTime:0.000234s ]
INFO: [ app_begin ] --END-- [ RunTime:0.000251s ]
INFO: [ view_parse ] --START--
INFO: [ template_filter ] --START--
INFO: Run Behavior\ContentReplaceBehavior [ RunTime:0.000075s ]
INFO: [ template_filter ] --END-- [ RunTime:0.000101s ]
NOTIC: [8] Undefined variable: identity /Applications/XAMPP/xamppfiles/htdocs/fishClub/Application/Runtime/Cache/Admin/ceb25a752d454a3315706634952427db.php 第 86 行.
INFO: Run Behavior\ParseTemplateBehavior [ RunTime:0.005654s ]
INFO: [ view_parse ] --END-- [ RunTime:0.005703s ]
INFO: [ view_filter ] --START--
INFO: Run Behavior\WriteHtmlCacheBehavior [ RunTime:0.000128s ]
INFO: [ view_filter ] --END-- [ RunTime:0.000143s ]
INFO: [ app_end ] --START--
INFO: Run Behavior\ShowPageTraceBehavior [ RunTime:0.000358s ]
INFO: [ app_end ] --END-- [ RunTime:0.000375s ]

[ 2020-02-20T22:08:24+08:00 ] 127.0.0.1 /fishClub/index.php/Admin/Main/welcome
INFO: [ app_init ] --START--
INFO: Run Behavior\BuildLiteBehavior [ RunTime:0.000005s ]
INFO: [ app_init ] --END-- [ RunTime:0.000221s ]
INFO: [ app_begin ] --START--
INFO: Run Behavior\ReadHtmlCacheBehavior [ RunTime:0.000222s ]
INFO: [ app_begin ] --END-- [ RunTime:0.000239s ]
INFO: [ view_parse ] --START--
INFO: [ template_filter ] --START--
INFO: Run Behavior\ContentReplaceBehavior [ RunTime:0.000014s ]
INFO: [ template_filter ] --END-- [ RunTime:0.000034s ]
INFO: Run Behavior\ParseTemplateBehavior [ RunTime:0.002384s ]
INFO: [ view_parse ] --END-- [ RunTime:0.002400s ]
INFO: [ view_filter ] --START--
INFO: Run Behavior\WriteHtmlCacheBehavior [ RunTime:0.000103s ]
INFO: [ view_filter ] --END-- [ RunTime:0.000112s ]
INFO: [ app_end ] --START--
INFO: Run Behavior\ShowPageTraceBehavior [ RunTime:0.000213s ]
INFO: [ app_end ] --END-- [ RunTime:0.000224s ]

[ 2020-02-20T22:08:26+08:00 ] 127.0.0.1 /fishClub/index.php/Admin/WareManage/index.html
INFO: [ app_init ] --START--
INFO: Run Behavior\BuildLiteBehavior [ RunTime:0.000004s ]
INFO: [ app_init ] --END-- [ RunTime:0.000156s ]
INFO: [ app_begin ] --START--
INFO: Run Behavior\ReadHtmlCacheBehavior [ RunTime:0.000208s ]
INFO: [ app_begin ] --END-- [ RunTime:0.000226s ]
INFO: [ view_parse ] --START--
INFO: [ template_filter ] --START--
INFO: Run Behavior\ContentReplaceBehavior [ RunTime:0.000089s ]
INFO: [ template_filter ] --END-- [ RunTime:0.000107s ]
INFO: Run Behavior\ParseTemplateBehavior [ RunTime:0.003371s ]
INFO: [ view_parse ] --END-- [ RunTime:0.003388s ]
INFO: [ view_filter ] --START--
INFO: Run Behavior\WriteHtmlCacheBehavior [ RunTime:0.000152s ]
INFO: [ view_filter ] --END-- [ RunTime:0.000258s ]
INFO: [ app_end ] --START--
INFO: Run Behavior\ShowPageTraceBehavior [ RunTime:0.000325s ]
INFO: [ app_end ] --END-- [ RunTime:0.000341s ]

[ 2020-02-20T22:08:26+08:00 ] 127.0.0.1 /fishClub/index.php/Admin/WareManage/WareDatatable?page=1&limit=5
INFO: [ app_init ] --START--
INFO: Run Behavior\BuildLiteBehavior [ RunTime:0.000005s ]
INFO: [ app_init ] --END-- [ RunTime:0.000139s ]
INFO: [ app_begin ] --START--
INFO: Run Behavior\ReadHtmlCacheBehavior [ RunTime:0.000171s ]
INFO: [ app_begin ] --END-- [ RunTime:0.000185s ]
NOTIC: [8] Undefined index: key /Applications/XAMPP/xamppfiles/htdocs/fishClub/Application/Admin/Controller/WareManageController.class.php 第 13 行.
NOTIC: [8] Undefined index: key /Applications/XAMPP/xamppfiles/htdocs/fishClub/Application/Admin/Controller/WareManageController.class.php 第 14 行.
SQL: SHOW COLUMNS FROM `ware_base_info` [ RunTime:0.0018s ]
SQL: SELECT * FROM `ware_base_info` WHERE `status` = 'normal' LIMIT 0,5   [ RunTime:0.0003s ]
SQL: SELECT * FROM `ware_base_info` WHERE `status` = 'normal'  [ RunTime:0.0001s ]
INFO: [ app_end ] --START--
INFO: Run Behavior\ShowPageTraceBehavior [ RunTime:0.000302s ]
INFO: [ app_end ] --END-- [ RunTime:0.000319s ]

[ 2020-02-20T22:08:27+08:00 ] 127.0.0.1 /fishClub/index.php/Admin/DiscountManage/index.html
INFO: [ app_init ] --START--
INFO: Run Behavior\BuildLiteBehavior [ RunTime:0.000009s ]
INFO: [ app_init ] --END-- [ RunTime:0.000219s ]
INFO: [ app_begin ] --START--
INFO: Run Behavior\ReadHtmlCacheBehavior [ RunTime:0.000228s ]
INFO: [ app_begin ] --END-- [ RunTime:0.000249s ]
INFO: [ view_parse ] --START--
INFO: [ template_filter ] --START--
INFO: Run Behavior\ContentReplaceBehavior [ RunTime:0.000077s ]
INFO: [ template_filter ] --END-- [ RunTime:0.000096s ]
INFO: Run Behavior\ParseTemplateBehavior [ RunTime:0.003273s ]
INFO: [ view_parse ] --END-- [ RunTime:0.003291s ]
INFO: [ view_filter ] --START--
INFO: Run Behavior\WriteHtmlCacheBehavior [ RunTime:0.000082s ]
INFO: [ view_filter ] --END-- [ RunTime:0.000094s ]
INFO: [ app_end ] --START--
INFO: Run Behavior\ShowPageTraceBehavior [ RunTime:0.000228s ]
INFO: [ app_end ] --END-- [ RunTime:0.000243s ]

[ 2020-02-20T22:08:27+08:00 ] 127.0.0.1 /fishClub/index.php/Admin/DiscountManage/DiscountDatatable?page=1&limit=10
INFO: [ app_init ] --START--
INFO: Run Behavior\BuildLiteBehavior [ RunTime:0.000008s ]
INFO: [ app_init ] --END-- [ RunTime:0.000159s ]
INFO: [ app_begin ] --START--
INFO: Run Behavior\ReadHtmlCacheBehavior [ RunTime:0.000171s ]
INFO: [ app_begin ] --END-- [ RunTime:0.000189s ]
NOTIC: [8] Undefined index: key /Applications/XAMPP/xamppfiles/htdocs/fishClub/Application/Admin/Controller/DiscountManageController.class.php 第 13 行.
NOTIC: [8] Undefined index: key /Applications/XAMPP/xamppfiles/htdocs/fishClub/Application/Admin/Controller/DiscountManageController.class.php 第 14 行.
SQL: SHOW COLUMNS FROM `discount_base_info` [ RunTime:0.0012s ]
SQL: SELECT * FROM `discount_base_info` WHERE `status` = 'normal' LIMIT 0,10   [ RunTime:0.0001s ]
SQL: SELECT * FROM `discount_base_info` WHERE `status` = 'normal'  [ RunTime:0.0001s ]
INFO: [ app_end ] --START--
INFO: Run Behavior\ShowPageTraceBehavior [ RunTime:0.000231s ]
INFO: [ app_end ] --END-- [ RunTime:0.000245s ]

[ 2020-02-20T22:15:18+08:00 ] 127.0.0.1 /fishClub/index.php/Admin/WareManage/index.html
INFO: [ app_init ] --START--
INFO: Run Behavior\BuildLiteBehavior [ RunTime:0.000008s ]
INFO: [ app_init ] --END-- [ RunTime:0.000541s ]
INFO: [ app_begin ] --START--
INFO: Run Behavior\ReadHtmlCacheBehavior [ RunTime:0.000553s ]
INFO: [ app_begin ] --END-- [ RunTime:0.000584s ]
INFO: [ view_parse ] --START--
INFO: [ template_filter ] --START--
INFO: Run Behavior\ContentReplaceBehavior [ RunTime:0.000102s ]
INFO: [ template_filter ] --END-- [ RunTime:0.000125s ]
INFO: Run Behavior\ParseTemplateBehavior [ RunTime:0.005045s ]
INFO: [ view_parse ] --END-- [ RunTime:0.005069s ]
INFO: [ view_filter ] --START--
INFO: Run Behavior\WriteHtmlCacheBehavior [ RunTime:0.000341s ]
INFO: [ view_filter ] --END-- [ RunTime:0.000355s ]
INFO: [ app_end ] --START--
INFO: Run Behavior\ShowPageTraceBehavior [ RunTime:0.000562s ]
INFO: [ app_end ] --END-- [ RunTime:0.000583s ]

[ 2020-02-20T22:15:18+08:00 ] 127.0.0.1 /fishClub/index.php/Admin/WareManage/WareDatatable?page=1&limit=5
INFO: [ app_init ] --START--
INFO: Run Behavior\BuildLiteBehavior [ RunTime:0.000014s ]
INFO: [ app_init ] --END-- [ RunTime:0.000285s ]
INFO: [ app_begin ] --START--
INFO: Run Behavior\ReadHtmlCacheBehavior [ RunTime:0.000259s ]
INFO: [ app_begin ] --END-- [ RunTime:0.000283s ]
NOTIC: [8] Undefined index: key /Applications/XAMPP/xamppfiles/htdocs/fishClub/Application/Admin/Controller/WareManageController.class.php 第 13 行.
NOTIC: [8] Undefined index: key /Applications/XAMPP/xamppfiles/htdocs/fishClub/Application/Admin/Controller/WareManageController.class.php 第 14 行.
SQL: SHOW COLUMNS FROM `ware_base_info` [ RunTime:0.0025s ]
SQL: SELECT * FROM `ware_base_info` WHERE `status` = 'normal' LIMIT 0,5   [ RunTime:0.0003s ]
SQL: SELECT * FROM `ware_base_info` WHERE `status` = 'normal'  [ RunTime:0.0002s ]
INFO: [ app_end ] --START--
INFO: Run Behavior\ShowPageTraceBehavior [ RunTime:0.000378s ]
INFO: [ app_end ] --END-- [ RunTime:0.000404s ]

[ 2020-02-20T22:16:07+08:00 ] 127.0.0.1 /fishClub/index.php/Admin/DiscountManage/index.html
INFO: [ app_init ] --START--
INFO: Run Behavior\BuildLiteBehavior [ RunTime:0.000006s ]
INFO: [ app_init ] --END-- [ RunTime:0.000467s ]
INFO: [ app_begin ] --START--
INFO: Run Behavior\ReadHtmlCacheBehavior [ RunTime:0.000376s ]
INFO: [ app_begin ] --END-- [ RunTime:0.000396s ]
INFO: [ view_parse ] --START--
INFO: [ template_filter ] --START--
INFO: Run Behavior\ContentReplaceBehavior [ RunTime:0.000087s ]
INFO: [ template_filter ] --END-- [ RunTime:0.000108s ]
INFO: Run Behavior\ParseTemplateBehavior [ RunTime:0.004820s ]
INFO: [ view_parse ] --END-- [ RunTime:0.004839s ]
INFO: [ view_filter ] --START--
INFO: Run Behavior\WriteHtmlCacheBehavior [ RunTime:0.000294s ]
INFO: [ view_filter ] --END-- [ RunTime:0.000307s ]
INFO: [ app_end ] --START--
INFO: Run Behavior\ShowPageTraceBehavior [ RunTime:0.000393s ]
INFO: [ app_end ] --END-- [ RunTime:0.000410s ]

[ 2020-02-20T22:16:07+08:00 ] 127.0.0.1 /fishClub/index.php/Admin/DiscountManage/DiscountDatatable?page=1&limit=10
INFO: [ app_init ] --START--
INFO: Run Behavior\BuildLiteBehavior [ RunTime:0.000007s ]
INFO: [ app_init ] --END-- [ RunTime:0.000169s ]
INFO: [ app_begin ] --START--
INFO: Run Behavior\ReadHtmlCacheBehavior [ RunTime:0.000192s ]
INFO: [ app_begin ] --END-- [ RunTime:0.000211s ]
NOTIC: [8] Undefined index: key /Applications/XAMPP/xamppfiles/htdocs/fishClub/Application/Admin/Controller/DiscountManageController.class.php 第 13 行.
NOTIC: [8] Undefined index: key /Applications/XAMPP/xamppfiles/htdocs/fishClub/Application/Admin/Controller/DiscountManageController.class.php 第 14 行.
SQL: SHOW COLUMNS FROM `discount_base_info` [ RunTime:0.0012s ]
SQL: SELECT * FROM `discount_base_info` WHERE `status` = 'normal' LIMIT 0,10   [ RunTime:0.0001s ]
SQL: SELECT * FROM `discount_base_info` WHERE `status` = 'normal'  [ RunTime:0.0001s ]
INFO: [ app_end ] --START--
INFO: Run Behavior\ShowPageTraceBehavior [ RunTime:0.000236s ]
INFO: [ app_end ] --END-- [ RunTime:0.000250s ]

[ 2020-02-20T22:16:08+08:00 ] 127.0.0.1 /fishClub/index.php/Admin/WareManage/index.html
INFO: [ app_init ] --START--
INFO: Run Behavior\BuildLiteBehavior [ RunTime:0.000004s ]
INFO: [ app_init ] --END-- [ RunTime:0.000154s ]
INFO: [ app_begin ] --START--
INFO: Run Behavior\ReadHtmlCacheBehavior [ RunTime:0.000191s ]
INFO: [ app_begin ] --END-- [ RunTime:0.000208s ]
INFO: [ view_parse ] --START--
INFO: [ template_filter ] --START--
INFO: Run Behavior\ContentReplaceBehavior [ RunTime:0.000092s ]
INFO: [ template_filter ] --END-- [ RunTime:0.000116s ]
INFO: Run Behavior\ParseTemplateBehavior [ RunTime:0.004778s ]
INFO: [ view_parse ] --END-- [ RunTime:0.004814s ]
INFO: [ view_filter ] --START--
INFO: Run Behavior\WriteHtmlCacheBehavior [ RunTime:0.000122s ]
INFO: [ view_filter ] --END-- [ RunTime:0.000137s ]
INFO: [ app_end ] --START--
INFO: Run Behavior\ShowPageTraceBehavior [ RunTime:0.000327s ]
INFO: [ app_end ] --END-- [ RunTime:0.000357s ]

[ 2020-02-20T22:16:08+08:00 ] 127.0.0.1 /fishClub/index.php/Admin/WareManage/WareDatatable?page=1&limit=5
INFO: [ app_init ] --START--
INFO: Run Behavior\BuildLiteBehavior [ RunTime:0.000006s ]
INFO: [ app_init ] --END-- [ RunTime:0.000163s ]
INFO: [ app_begin ] --START--
INFO: Run Behavior\ReadHtmlCacheBehavior [ RunTime:0.000181s ]
INFO: [ app_begin ] --END-- [ RunTime:0.000195s ]
NOTIC: [8] Undefined index: key /Applications/XAMPP/xamppfiles/htdocs/fishClub/Application/Admin/Controller/WareManageController.class.php 第 13 行.
NOTIC: [8] Undefined index: key /Applications/XAMPP/xamppfiles/htdocs/fishClub/Application/Admin/Controller/WareManageController.class.php 第 14 行.
SQL: SHOW COLUMNS FROM `ware_base_info` [ RunTime:0.0014s ]
SQL: SELECT * FROM `ware_base_info` WHERE `status` = 'normal' LIMIT 0,5   [ RunTime:0.0002s ]
SQL: SELECT * FROM `ware_base_info` WHERE `status` = 'normal'  [ RunTime:0.0002s ]
INFO: [ app_end ] --START--
INFO: Run Behavior\ShowPageTraceBehavior [ RunTime:0.000342s ]
INFO: [ app_end ] --END-- [ RunTime:0.000360s ]

