[ 2020-03-16T12:05:32+08:00 ] 127.0.0.1 /fishClub/index.php/Admin/OrderInformation/orderInfoDatatable?page=1&limit=10&key%5Bstatus%5D=payed&key%5Bsearch%5D=
INFO: [ app_init ] --START--
INFO: Run Behavior\BuildLiteBehavior [ RunTime:0.000015s ]
INFO: [ app_init ] --END-- [ RunTime:0.001342s ]
INFO: [ app_begin ] --START--
INFO: Run Behavior\ReadHtmlCacheBehavior [ RunTime:0.000554s ]
INFO: [ app_begin ] --END-- [ RunTime:0.000568s ]
SQL: SHOW COLUMNS FROM `order_base_info` [ RunTime:0.0138s ]
SQL: SELECT b.user_id,b.first_name,b.last_name,b.company,b.adress,b.apartment,b.city,b.country,b.state,b.zip_code,b.email,b.phone,a.order_id,a.order_number,a.time,a.real_pay,a.address_id,a.status FROM order_base_info as a INNER JOIN user_address_detail as b on a.address_id = b.address_id  WHERE a.status = 'payed' AND b.status = 'normal' ORDER BY a.time desc LIMIT 0,10   [ RunTime:0.0072s ]
SQL: SELECT * FROM order_base_info as a INNER JOIN user_address_detail as b on a.address_id = b.address_id  WHERE a.status = 'payed' AND b.status = 'normal'  [ RunTime:0.0004s ]
INFO: [ app_end ] --START--
INFO: Run Behavior\ShowPageTraceBehavior [ RunTime:0.000658s ]
INFO: [ app_end ] --END-- [ RunTime:0.000675s ]

[ 2020-03-16T12:05:32+08:00 ] 127.0.0.1 /fishClub/index.php/Admin/OrderInformation/orderInfoDatatable?page=1&limit=10
INFO: [ app_init ] --START--
INFO: Run Behavior\BuildLiteBehavior [ RunTime:0.000016s ]
INFO: [ app_init ] --END-- [ RunTime:0.001348s ]
INFO: [ app_begin ] --START--
INFO: Run Behavior\ReadHtmlCacheBehavior [ RunTime:0.000568s ]
INFO: [ app_begin ] --END-- [ RunTime:0.000582s ]
NOTIC: [8] Undefined index: key /Applications/XAMPP/xamppfiles/htdocs/fishClub/Application/Admin/Controller/OrderInformationController.class.php 第 13 行.
SQL: SHOW COLUMNS FROM `order_base_info` [ RunTime:0.0014s ]
SQL: SELECT b.user_id,b.first_name,b.last_name,b.company,b.adress,b.apartment,b.city,b.country,b.state,b.zip_code,b.email,b.phone,a.order_id,a.order_number,a.time,a.real_pay,a.address_id,a.status FROM order_base_info as a INNER JOIN user_address_detail as b on a.address_id = b.address_id  WHERE a.status = 'obligation' AND b.status = 'normal' ORDER BY a.time desc LIMIT 0,10   [ RunTime:0.0006s ]
SQL: SELECT * FROM order_base_info as a INNER JOIN user_address_detail as b on a.address_id = b.address_id  WHERE a.status = 'obligation' AND b.status = 'normal'  [ RunTime:0.0003s ]
INFO: [ app_end ] --START--
INFO: Run Behavior\ShowPageTraceBehavior [ RunTime:0.000256s ]
INFO: [ app_end ] --END-- [ RunTime:0.000268s ]

[ 2020-03-16T12:05:32+08:00 ] 127.0.0.1 /fishClub/index.php/Admin/OrderInformation/orderInfoDatatable?page=1&limit=10&key%5Bstatus%5D=payed&key%5Bsearch%5D=
INFO: [ app_init ] --START--
INFO: Run Behavior\BuildLiteBehavior [ RunTime:0.000006s ]
INFO: [ app_init ] --END-- [ RunTime:0.000193s ]
INFO: [ app_begin ] --START--
INFO: Run Behavior\ReadHtmlCacheBehavior [ RunTime:0.000310s ]
INFO: [ app_begin ] --END-- [ RunTime:0.000339s ]
SQL: SHOW COLUMNS FROM `order_base_info` [ RunTime:0.0014s ]
SQL: SELECT b.user_id,b.first_name,b.last_name,b.company,b.adress,b.apartment,b.city,b.country,b.state,b.zip_code,b.email,b.phone,a.order_id,a.order_number,a.time,a.real_pay,a.address_id,a.status FROM order_base_info as a INNER JOIN user_address_detail as b on a.address_id = b.address_id  WHERE a.status = 'payed' AND b.status = 'normal' ORDER BY a.time desc LIMIT 0,10   [ RunTime:0.0003s ]
SQL: SELECT * FROM order_base_info as a INNER JOIN user_address_detail as b on a.address_id = b.address_id  WHERE a.status = 'payed' AND b.status = 'normal'  [ RunTime:0.0003s ]
INFO: [ app_end ] --START--
INFO: Run Behavior\ShowPageTraceBehavior [ RunTime:0.000332s ]
INFO: [ app_end ] --END-- [ RunTime:0.000347s ]

[ 2020-03-16T12:05:34+08:00 ] 127.0.0.1 /fishClub/index.php/Admin/OrderInformation/detail?order_id=1&flag=0
INFO: [ app_init ] --START--
INFO: Run Behavior\BuildLiteBehavior [ RunTime:0.000006s ]
INFO: [ app_init ] --END-- [ RunTime:0.000151s ]
INFO: [ app_begin ] --START--
INFO: Run Behavior\ReadHtmlCacheBehavior [ RunTime:0.000192s ]
INFO: [ app_begin ] --END-- [ RunTime:0.000206s ]
SQL: SHOW COLUMNS FROM `order_base_info` [ RunTime:0.0016s ]
SQL: SELECT * FROM order_base_info as a INNER JOIN user_address_detail as b on a.address_id = b.address_id  WHERE a.order_id = '1' LIMIT 1   [ RunTime:0.0015s ]
SQL: SHOW COLUMNS FROM `order_ware_detail` [ RunTime:0.0063s ]
SQL: SELECT a.price,a.count,b.name,b.picture FROM order_ware_detail as a INNER JOIN ware_base_info as b on a.id = b.ware_id  WHERE a.order_id = '1'  [ RunTime:0.0027s ]
INFO: [ view_parse ] --START--
INFO: [ template_filter ] --START--
INFO: Run Behavior\ContentReplaceBehavior [ RunTime:0.000050s ]
INFO: [ template_filter ] --END-- [ RunTime:0.000066s ]
INFO: Run Behavior\ParseTemplateBehavior [ RunTime:0.007110s ]
INFO: [ view_parse ] --END-- [ RunTime:0.007135s ]
INFO: [ view_filter ] --START--
INFO: Run Behavior\WriteHtmlCacheBehavior [ RunTime:0.000575s ]
INFO: [ view_filter ] --END-- [ RunTime:0.000600s ]
INFO: [ app_end ] --START--
INFO: Run Behavior\ShowPageTraceBehavior [ RunTime:0.000271s ]
INFO: [ app_end ] --END-- [ RunTime:0.000283s ]

[ 2020-03-16T12:05:39+08:00 ] 127.0.0.1 /fishClub/index.php/Admin/OrderInformation/orderInfoDatatable?page=1&limit=10&key%5Bstatus%5D=payed&key%5Bsearch%5D=
INFO: [ app_init ] --START--
INFO: Run Behavior\BuildLiteBehavior [ RunTime:0.000006s ]
INFO: [ app_init ] --END-- [ RunTime:0.000222s ]
INFO: [ app_begin ] --START--
INFO: Run Behavior\ReadHtmlCacheBehavior [ RunTime:0.000257s ]
INFO: [ app_begin ] --END-- [ RunTime:0.000270s ]
SQL: SHOW COLUMNS FROM `order_base_info` [ RunTime:0.0019s ]
SQL: SELECT b.user_id,b.first_name,b.last_name,b.company,b.adress,b.apartment,b.city,b.country,b.state,b.zip_code,b.email,b.phone,a.order_id,a.order_number,a.time,a.real_pay,a.address_id,a.status FROM order_base_info as a INNER JOIN user_address_detail as b on a.address_id = b.address_id  WHERE a.status = 'payed' AND b.status = 'normal' ORDER BY a.time desc LIMIT 0,10   [ RunTime:0.0004s ]
SQL: SELECT * FROM order_base_info as a INNER JOIN user_address_detail as b on a.address_id = b.address_id  WHERE a.status = 'payed' AND b.status = 'normal'  [ RunTime:0.0003s ]
INFO: [ app_end ] --START--
INFO: Run Behavior\ShowPageTraceBehavior [ RunTime:0.000288s ]
INFO: [ app_end ] --END-- [ RunTime:0.000302s ]

[ 2020-03-16T12:05:39+08:00 ] 127.0.0.1 /fishClub/index.php/Admin/OrderInformation/orderInfoDatatable?page=1&limit=10&key%5Bstatus%5D=completed&key%5Bsearch%5D=
INFO: [ app_init ] --START--
INFO: Run Behavior\BuildLiteBehavior [ RunTime:0.000012s ]
INFO: [ app_init ] --END-- [ RunTime:0.000248s ]
INFO: [ app_begin ] --START--
INFO: Run Behavior\ReadHtmlCacheBehavior [ RunTime:0.000352s ]
INFO: [ app_begin ] --END-- [ RunTime:0.000390s ]
SQL: SHOW COLUMNS FROM `order_base_info` [ RunTime:0.0025s ]
SQL: SELECT b.user_id,b.first_name,b.last_name,b.company,b.adress,b.apartment,b.city,b.country,b.state,b.zip_code,b.email,b.phone,a.order_id,a.order_number,a.time,a.real_pay,a.address_id,a.status FROM order_base_info as a INNER JOIN user_address_detail as b on a.address_id = b.address_id  WHERE a.status = 'completed' AND b.status = 'normal' ORDER BY a.time desc LIMIT 0,10   [ RunTime:0.0006s ]
SQL: SELECT * FROM order_base_info as a INNER JOIN user_address_detail as b on a.address_id = b.address_id  WHERE a.status = 'completed' AND b.status = 'normal'  [ RunTime:0.0003s ]
INFO: [ app_end ] --START--
INFO: Run Behavior\ShowPageTraceBehavior [ RunTime:0.000312s ]
INFO: [ app_end ] --END-- [ RunTime:0.000327s ]

[ 2020-03-16T12:05:39+08:00 ] 127.0.0.1 /fishClub/index.php/Admin/OrderInformation/orderInfoDatatable?page=1&limit=10&key%5Bstatus%5D=completed&key%5Bsearch%5D=
INFO: [ app_init ] --START--
INFO: Run Behavior\BuildLiteBehavior [ RunTime:0.000006s ]
INFO: [ app_init ] --END-- [ RunTime:0.000335s ]
INFO: [ app_begin ] --START--
INFO: Run Behavior\ReadHtmlCacheBehavior [ RunTime:0.000222s ]
INFO: [ app_begin ] --END-- [ RunTime:0.000237s ]
SQL: SHOW COLUMNS FROM `order_base_info` [ RunTime:0.0012s ]
SQL: SELECT b.user_id,b.first_name,b.last_name,b.company,b.adress,b.apartment,b.city,b.country,b.state,b.zip_code,b.email,b.phone,a.order_id,a.order_number,a.time,a.real_pay,a.address_id,a.status FROM order_base_info as a INNER JOIN user_address_detail as b on a.address_id = b.address_id  WHERE a.status = 'completed' AND b.status = 'normal' ORDER BY a.time desc LIMIT 0,10   [ RunTime:0.0003s ]
SQL: SELECT * FROM order_base_info as a INNER JOIN user_address_detail as b on a.address_id = b.address_id  WHERE a.status = 'completed' AND b.status = 'normal'  [ RunTime:0.0002s ]
INFO: [ app_end ] --START--
INFO: Run Behavior\ShowPageTraceBehavior [ RunTime:0.000266s ]
INFO: [ app_end ] --END-- [ RunTime:0.000278s ]

[ 2020-03-16T12:05:40+08:00 ] 127.0.0.1 /fishClub/index.php/Admin/OrderInformation/detail?order_id=4&flag=0
INFO: [ app_init ] --START--
INFO: Run Behavior\BuildLiteBehavior [ RunTime:0.000006s ]
INFO: [ app_init ] --END-- [ RunTime:0.000170s ]
INFO: [ app_begin ] --START--
INFO: Run Behavior\ReadHtmlCacheBehavior [ RunTime:0.000223s ]
INFO: [ app_begin ] --END-- [ RunTime:0.000242s ]
SQL: SHOW COLUMNS FROM `order_base_info` [ RunTime:0.0017s ]
SQL: SELECT * FROM order_base_info as a INNER JOIN user_address_detail as b on a.address_id = b.address_id  WHERE a.order_id = '4' LIMIT 1   [ RunTime:0.0004s ]
SQL: SHOW COLUMNS FROM `order_ware_detail` [ RunTime:0.0016s ]
SQL: SELECT a.price,a.count,b.name,b.picture FROM order_ware_detail as a INNER JOIN ware_base_info as b on a.id = b.ware_id  WHERE a.order_id = '4'  [ RunTime:0.0002s ]
INFO: [ view_parse ] --START--
INFO: [ template_filter ] --START--
INFO: Run Behavior\ContentReplaceBehavior [ RunTime:0.000046s ]
INFO: [ template_filter ] --END-- [ RunTime:0.000061s ]
INFO: Run Behavior\ParseTemplateBehavior [ RunTime:0.003645s ]
INFO: [ view_parse ] --END-- [ RunTime:0.003659s ]
INFO: [ view_filter ] --START--
INFO: Run Behavior\WriteHtmlCacheBehavior [ RunTime:0.000198s ]
INFO: [ view_filter ] --END-- [ RunTime:0.000223s ]
INFO: [ app_end ] --START--
INFO: Run Behavior\ShowPageTraceBehavior [ RunTime:0.000358s ]
INFO: [ app_end ] --END-- [ RunTime:0.000380s ]

[ 2020-03-16T12:05:50+08:00 ] 127.0.0.1 /fishClub/index.php/Admin/OrderInformation/orderInfoDatatable?page=1&limit=10&key%5Bstatus%5D=completed&key%5Bsearch%5D=
INFO: [ app_init ] --START--
INFO: Run Behavior\BuildLiteBehavior [ RunTime:0.000021s ]
INFO: [ app_init ] --END-- [ RunTime:0.000329s ]
INFO: [ app_begin ] --START--
INFO: Run Behavior\ReadHtmlCacheBehavior [ RunTime:0.000461s ]
INFO: [ app_begin ] --END-- [ RunTime:0.000494s ]
SQL: SHOW COLUMNS FROM `order_base_info` [ RunTime:0.0019s ]
SQL: SELECT b.user_id,b.first_name,b.last_name,b.company,b.adress,b.apartment,b.city,b.country,b.state,b.zip_code,b.email,b.phone,a.order_id,a.order_number,a.time,a.real_pay,a.address_id,a.status FROM order_base_info as a INNER JOIN user_address_detail as b on a.address_id = b.address_id  WHERE a.status = 'completed' AND b.status = 'normal' ORDER BY a.time desc LIMIT 0,10   [ RunTime:0.0004s ]
SQL: SELECT * FROM order_base_info as a INNER JOIN user_address_detail as b on a.address_id = b.address_id  WHERE a.status = 'completed' AND b.status = 'normal'  [ RunTime:0.0003s ]
INFO: [ app_end ] --START--
INFO: Run Behavior\ShowPageTraceBehavior [ RunTime:0.000350s ]
INFO: [ app_end ] --END-- [ RunTime:0.000365s ]

[ 2020-03-16T12:05:50+08:00 ] 127.0.0.1 /fishClub/index.php/Admin/OrderInformation/orderInfoDatatable?page=1&limit=10&key%5Bstatus%5D=payed&key%5Bsearch%5D=
INFO: [ app_init ] --START--
INFO: Run Behavior\BuildLiteBehavior [ RunTime:0.000012s ]
INFO: [ app_init ] --END-- [ RunTime:0.000286s ]
INFO: [ app_begin ] --START--
INFO: Run Behavior\ReadHtmlCacheBehavior [ RunTime:0.000317s ]
INFO: [ app_begin ] --END-- [ RunTime:0.000330s ]
SQL: SHOW COLUMNS FROM `order_base_info` [ RunTime:0.0020s ]
SQL: SELECT b.user_id,b.first_name,b.last_name,b.company,b.adress,b.apartment,b.city,b.country,b.state,b.zip_code,b.email,b.phone,a.order_id,a.order_number,a.time,a.real_pay,a.address_id,a.status FROM order_base_info as a INNER JOIN user_address_detail as b on a.address_id = b.address_id  WHERE a.status = 'payed' AND b.status = 'normal' ORDER BY a.time desc LIMIT 0,10   [ RunTime:0.0007s ]
SQL: SELECT * FROM order_base_info as a INNER JOIN user_address_detail as b on a.address_id = b.address_id  WHERE a.status = 'payed' AND b.status = 'normal'  [ RunTime:0.0004s ]
INFO: [ app_end ] --START--
INFO: Run Behavior\ShowPageTraceBehavior [ RunTime:0.000399s ]
INFO: [ app_end ] --END-- [ RunTime:0.000418s ]

[ 2020-03-16T12:05:50+08:00 ] 127.0.0.1 /fishClub/index.php/Admin/OrderInformation/orderInfoDatatable?page=1&limit=10&key%5Bstatus%5D=payed&key%5Bsearch%5D=
INFO: [ app_init ] --START--
INFO: Run Behavior\BuildLiteBehavior [ RunTime:0.000005s ]
INFO: [ app_init ] --END-- [ RunTime:0.000149s ]
INFO: [ app_begin ] --START--
INFO: Run Behavior\ReadHtmlCacheBehavior [ RunTime:0.000201s ]
INFO: [ app_begin ] --END-- [ RunTime:0.000215s ]
SQL: SHOW COLUMNS FROM `order_base_info` [ RunTime:0.0011s ]
SQL: SELECT b.user_id,b.first_name,b.last_name,b.company,b.adress,b.apartment,b.city,b.country,b.state,b.zip_code,b.email,b.phone,a.order_id,a.order_number,a.time,a.real_pay,a.address_id,a.status FROM order_base_info as a INNER JOIN user_address_detail as b on a.address_id = b.address_id  WHERE a.status = 'payed' AND b.status = 'normal' ORDER BY a.time desc LIMIT 0,10   [ RunTime:0.0004s ]
SQL: SELECT * FROM order_base_info as a INNER JOIN user_address_detail as b on a.address_id = b.address_id  WHERE a.status = 'payed' AND b.status = 'normal'  [ RunTime:0.0002s ]
INFO: [ app_end ] --START--
INFO: Run Behavior\ShowPageTraceBehavior [ RunTime:0.000268s ]
INFO: [ app_end ] --END-- [ RunTime:0.000281s ]

[ 2020-03-16T12:05:51+08:00 ] 127.0.0.1 /fishClub/index.php/Admin/OrderInformation/orderInfoDatatable?page=1&limit=10&key%5Bstatus%5D=payed&key%5Bsearch%5D=
INFO: [ app_init ] --START--
INFO: Run Behavior\BuildLiteBehavior [ RunTime:0.000006s ]
INFO: [ app_init ] --END-- [ RunTime:0.000154s ]
INFO: [ app_begin ] --START--
INFO: Run Behavior\ReadHtmlCacheBehavior [ RunTime:0.000238s ]
INFO: [ app_begin ] --END-- [ RunTime:0.000252s ]
SQL: SHOW COLUMNS FROM `order_base_info` [ RunTime:0.0019s ]
SQL: SELECT b.user_id,b.first_name,b.last_name,b.company,b.adress,b.apartment,b.city,b.country,b.state,b.zip_code,b.email,b.phone,a.order_id,a.order_number,a.time,a.real_pay,a.address_id,a.status FROM order_base_info as a INNER JOIN user_address_detail as b on a.address_id = b.address_id  WHERE a.status = 'payed' AND b.status = 'normal' ORDER BY a.time desc LIMIT 0,10   [ RunTime:0.0004s ]
SQL: SELECT * FROM order_base_info as a INNER JOIN user_address_detail as b on a.address_id = b.address_id  WHERE a.status = 'payed' AND b.status = 'normal'  [ RunTime:0.0005s ]
INFO: [ app_end ] --START--
INFO: Run Behavior\ShowPageTraceBehavior [ RunTime:0.000334s ]
INFO: [ app_end ] --END-- [ RunTime:0.000359s ]

[ 2020-03-16T12:05:51+08:00 ] 127.0.0.1 /fishClub/index.php/Admin/OrderInformation/orderInfoDatatable?page=1&limit=10&key%5Bstatus%5D=obligation&key%5Bsearch%5D=
INFO: [ app_init ] --START--
INFO: Run Behavior\BuildLiteBehavior [ RunTime:0.000006s ]
INFO: [ app_init ] --END-- [ RunTime:0.000178s ]
INFO: [ app_begin ] --START--
INFO: Run Behavior\ReadHtmlCacheBehavior [ RunTime:0.000416s ]
INFO: [ app_begin ] --END-- [ RunTime:0.000442s ]
SQL: SHOW COLUMNS FROM `order_base_info` [ RunTime:0.0022s ]
SQL: SELECT b.user_id,b.first_name,b.last_name,b.company,b.adress,b.apartment,b.city,b.country,b.state,b.zip_code,b.email,b.phone,a.order_id,a.order_number,a.time,a.real_pay,a.address_id,a.status FROM order_base_info as a INNER JOIN user_address_detail as b on a.address_id = b.address_id  WHERE a.status = 'obligation' AND b.status = 'normal' ORDER BY a.time desc LIMIT 0,10   [ RunTime:0.0005s ]
SQL: SELECT * FROM order_base_info as a INNER JOIN user_address_detail as b on a.address_id = b.address_id  WHERE a.status = 'obligation' AND b.status = 'normal'  [ RunTime:0.0003s ]
INFO: [ app_end ] --START--
INFO: Run Behavior\ShowPageTraceBehavior [ RunTime:0.000333s ]
INFO: [ app_end ] --END-- [ RunTime:0.000346s ]

[ 2020-03-16T12:05:51+08:00 ] 127.0.0.1 /fishClub/index.php/Admin/OrderInformation/orderInfoDatatable?page=1&limit=10&key%5Bstatus%5D=obligation&key%5Bsearch%5D=
INFO: [ app_init ] --START--
INFO: Run Behavior\BuildLiteBehavior [ RunTime:0.000007s ]
INFO: [ app_init ] --END-- [ RunTime:0.000191s ]
INFO: [ app_begin ] --START--
INFO: Run Behavior\ReadHtmlCacheBehavior [ RunTime:0.000286s ]
INFO: [ app_begin ] --END-- [ RunTime:0.000311s ]
SQL: SHOW COLUMNS FROM `order_base_info` [ RunTime:0.0013s ]
SQL: SELECT b.user_id,b.first_name,b.last_name,b.company,b.adress,b.apartment,b.city,b.country,b.state,b.zip_code,b.email,b.phone,a.order_id,a.order_number,a.time,a.real_pay,a.address_id,a.status FROM order_base_info as a INNER JOIN user_address_detail as b on a.address_id = b.address_id  WHERE a.status = 'obligation' AND b.status = 'normal' ORDER BY a.time desc LIMIT 0,10   [ RunTime:0.0004s ]
SQL: SELECT * FROM order_base_info as a INNER JOIN user_address_detail as b on a.address_id = b.address_id  WHERE a.status = 'obligation' AND b.status = 'normal'  [ RunTime:0.0004s ]
INFO: [ app_end ] --START--
INFO: Run Behavior\ShowPageTraceBehavior [ RunTime:0.000293s ]
INFO: [ app_end ] --END-- [ RunTime:0.000308s ]

[ 2020-03-16T12:05:55+08:00 ] 127.0.0.1 /fishClub/index.php/Admin/ContactInformation/contact.html
INFO: [ app_init ] --START--
INFO: Run Behavior\BuildLiteBehavior [ RunTime:0.000005s ]
INFO: [ app_init ] --END-- [ RunTime:0.000150s ]
INFO: [ app_begin ] --START--
INFO: Run Behavior\ReadHtmlCacheBehavior [ RunTime:0.000193s ]
INFO: [ app_begin ] --END-- [ RunTime:0.000206s ]
INFO: [ view_parse ] --START--
INFO: [ template_filter ] --START--
INFO: Run Behavior\ContentReplaceBehavior [ RunTime:0.000056s ]
INFO: [ template_filter ] --END-- [ RunTime:0.000073s ]
INFO: Run Behavior\ParseTemplateBehavior [ RunTime:0.004036s ]
INFO: [ view_parse ] --END-- [ RunTime:0.004055s ]
INFO: [ view_filter ] --START--
INFO: Run Behavior\WriteHtmlCacheBehavior [ RunTime:0.000133s ]
INFO: [ view_filter ] --END-- [ RunTime:0.000146s ]
INFO: [ app_end ] --START--
INFO: Run Behavior\ShowPageTraceBehavior [ RunTime:0.000246s ]
INFO: [ app_end ] --END-- [ RunTime:0.000277s ]

[ 2020-03-16T12:05:55+08:00 ] 127.0.0.1 /fishClub/index.php/Admin/ContactInformation/contactDatatable?page=1&limit=5
INFO: [ app_init ] --START--
INFO: Run Behavior\BuildLiteBehavior [ RunTime:0.000008s ]
INFO: [ app_init ] --END-- [ RunTime:0.000192s ]
INFO: [ app_begin ] --START--
INFO: Run Behavior\ReadHtmlCacheBehavior [ RunTime:0.000281s ]
INFO: [ app_begin ] --END-- [ RunTime:0.000302s ]
SQL: SHOW COLUMNS FROM `management_base_info` [ RunTime:0.0016s ]
SQL: SELECT * FROM `management_base_info` WHERE `status` = 'normal' LIMIT 0,5   [ RunTime:0.0003s ]
SQL: SELECT * FROM `management_base_info` WHERE `status` = 'normal'  [ RunTime:0.0002s ]
INFO: [ app_end ] --START--
INFO: Run Behavior\ShowPageTraceBehavior [ RunTime:0.000265s ]
INFO: [ app_end ] --END-- [ RunTime:0.000278s ]

[ 2020-03-16T12:05:56+08:00 ] 127.0.0.1 /fishClub/index.php/Admin/OrderInformation/orderInformationIndex.html
INFO: [ app_init ] --START--
INFO: Run Behavior\BuildLiteBehavior [ RunTime:0.000006s ]
INFO: [ app_init ] --END-- [ RunTime:0.000150s ]
INFO: [ app_begin ] --START--
INFO: Run Behavior\ReadHtmlCacheBehavior [ RunTime:0.000193s ]
INFO: [ app_begin ] --END-- [ RunTime:0.000205s ]
INFO: [ view_parse ] --START--
INFO: [ template_filter ] --START--
INFO: Run Behavior\ContentReplaceBehavior [ RunTime:0.000053s ]
INFO: [ template_filter ] --END-- [ RunTime:0.000066s ]
INFO: Run Behavior\ParseTemplateBehavior [ RunTime:0.004600s ]
INFO: [ view_parse ] --END-- [ RunTime:0.004619s ]
INFO: [ view_filter ] --START--
INFO: Run Behavior\WriteHtmlCacheBehavior [ RunTime:0.000099s ]
INFO: [ view_filter ] --END-- [ RunTime:0.000109s ]
INFO: [ app_end ] --START--
INFO: Run Behavior\ShowPageTraceBehavior [ RunTime:0.000441s ]
INFO: [ app_end ] --END-- [ RunTime:0.000461s ]

[ 2020-03-16T12:05:56+08:00 ] 127.0.0.1 /fishClub/index.php/Admin/OrderInformation/orderInfoDatatable?page=1&limit=10
INFO: [ app_init ] --START--
INFO: Run Behavior\BuildLiteBehavior [ RunTime:0.000007s ]
INFO: [ app_init ] --END-- [ RunTime:0.000162s ]
INFO: [ app_begin ] --START--
INFO: Run Behavior\ReadHtmlCacheBehavior [ RunTime:0.000268s ]
INFO: [ app_begin ] --END-- [ RunTime:0.000284s ]
NOTIC: [8] Undefined index: key /Applications/XAMPP/xamppfiles/htdocs/fishClub/Application/Admin/Controller/OrderInformationController.class.php 第 13 行.
SQL: SHOW COLUMNS FROM `order_base_info` [ RunTime:0.0013s ]
SQL: SELECT b.user_id,b.first_name,b.last_name,b.company,b.adress,b.apartment,b.city,b.country,b.state,b.zip_code,b.email,b.phone,a.order_id,a.order_number,a.time,a.real_pay,a.address_id,a.status FROM order_base_info as a INNER JOIN user_address_detail as b on a.address_id = b.address_id  WHERE a.status = 'obligation' AND b.status = 'normal' ORDER BY a.time desc LIMIT 0,10   [ RunTime:0.0004s ]
SQL: SELECT * FROM order_base_info as a INNER JOIN user_address_detail as b on a.address_id = b.address_id  WHERE a.status = 'obligation' AND b.status = 'normal'  [ RunTime:0.0004s ]
INFO: [ app_end ] --START--
INFO: Run Behavior\ShowPageTraceBehavior [ RunTime:0.000321s ]
INFO: [ app_end ] --END-- [ RunTime:0.000336s ]

[ 2020-03-16T12:05:56+08:00 ] 127.0.0.1 /fishClub/index.php/Admin/WareManage/index.html
INFO: [ app_init ] --START--
INFO: Run Behavior\BuildLiteBehavior [ RunTime:0.000005s ]
INFO: [ app_init ] --END-- [ RunTime:0.000153s ]
INFO: [ app_begin ] --START--
INFO: Run Behavior\ReadHtmlCacheBehavior [ RunTime:0.000196s ]
INFO: [ app_begin ] --END-- [ RunTime:0.000208s ]
INFO: [ view_parse ] --START--
INFO: [ template_filter ] --START--
INFO: Run Behavior\ContentReplaceBehavior [ RunTime:0.000049s ]
INFO: [ template_filter ] --END-- [ RunTime:0.000065s ]
INFO: Run Behavior\ParseTemplateBehavior [ RunTime:0.005802s ]
INFO: [ view_parse ] --END-- [ RunTime:0.005823s ]
INFO: [ view_filter ] --START--
INFO: Run Behavior\WriteHtmlCacheBehavior [ RunTime:0.000100s ]
INFO: [ view_filter ] --END-- [ RunTime:0.000109s ]
INFO: [ app_end ] --START--
INFO: Run Behavior\ShowPageTraceBehavior [ RunTime:0.000235s ]
INFO: [ app_end ] --END-- [ RunTime:0.000247s ]

[ 2020-03-16T12:05:57+08:00 ] 127.0.0.1 /fishClub/index.php/Admin/WareManage/WareDatatable?page=1&limit=5
INFO: [ app_init ] --START--
INFO: Run Behavior\BuildLiteBehavior [ RunTime:0.000006s ]
INFO: [ app_init ] --END-- [ RunTime:0.000180s ]
INFO: [ app_begin ] --START--
INFO: Run Behavior\ReadHtmlCacheBehavior [ RunTime:0.000205s ]
INFO: [ app_begin ] --END-- [ RunTime:0.000220s ]
NOTIC: [8] Undefined index: key /Applications/XAMPP/xamppfiles/htdocs/fishClub/Application/Admin/Controller/WareManageController.class.php 第 13 行.
NOTIC: [8] Undefined index: key /Applications/XAMPP/xamppfiles/htdocs/fishClub/Application/Admin/Controller/WareManageController.class.php 第 14 行.
SQL: SHOW COLUMNS FROM `ware_base_info` [ RunTime:0.0014s ]
SQL: SELECT * FROM `ware_base_info` WHERE `status` = 'normal' LIMIT 0,5   [ RunTime:0.0003s ]
SQL: SELECT * FROM `ware_base_info` WHERE `status` = 'normal'  [ RunTime:0.0002s ]
INFO: [ app_end ] --START--
INFO: Run Behavior\ShowPageTraceBehavior [ RunTime:0.000282s ]
INFO: [ app_end ] --END-- [ RunTime:0.000295s ]

[ 2020-03-16T12:05:57+08:00 ] 127.0.0.1 /fishClub/index.php/Admin/Account/account.html
INFO: [ app_init ] --START--
INFO: Run Behavior\BuildLiteBehavior [ RunTime:0.000012s ]
INFO: [ app_init ] --END-- [ RunTime:0.000244s ]
INFO: [ app_begin ] --START--
INFO: Run Behavior\ReadHtmlCacheBehavior [ RunTime:0.000309s ]
INFO: [ app_begin ] --END-- [ RunTime:0.000323s ]
INFO: [ view_parse ] --START--
INFO: [ template_filter ] --START--
INFO: Run Behavior\ContentReplaceBehavior [ RunTime:0.000055s ]
INFO: [ template_filter ] --END-- [ RunTime:0.000071s ]
INFO: Run Behavior\ParseTemplateBehavior [ RunTime:0.005302s ]
INFO: [ view_parse ] --END-- [ RunTime:0.005316s ]
INFO: [ view_filter ] --START--
INFO: Run Behavior\WriteHtmlCacheBehavior [ RunTime:0.000095s ]
INFO: [ view_filter ] --END-- [ RunTime:0.000103s ]
INFO: [ app_end ] --START--
INFO: Run Behavior\ShowPageTraceBehavior [ RunTime:0.000292s ]
INFO: [ app_end ] --END-- [ RunTime:0.000302s ]

[ 2020-03-16T12:05:57+08:00 ] 127.0.0.1 /fishClub/index.php/Admin/Account/userTable?page=1&limit=10
INFO: [ app_init ] --START--
INFO: Run Behavior\BuildLiteBehavior [ RunTime:0.000006s ]
INFO: [ app_init ] --END-- [ RunTime:0.000162s ]
INFO: [ app_begin ] --START--
INFO: Run Behavior\ReadHtmlCacheBehavior [ RunTime:0.000207s ]
INFO: [ app_begin ] --END-- [ RunTime:0.000220s ]
SQL: SHOW COLUMNS FROM `user_base_info` [ RunTime:0.0013s ]
SQL: SELECT * FROM `user_base_info` WHERE `status` = 'normal' LIMIT 0,10   [ RunTime:0.0003s ]
SQL: SELECT * FROM `user_base_info` WHERE `status` = 'normal'  [ RunTime:0.0002s ]
INFO: [ app_end ] --START--
INFO: Run Behavior\ShowPageTraceBehavior [ RunTime:0.000292s ]
INFO: [ app_end ] --END-- [ RunTime:0.000305s ]

[ 2020-03-16T22:33:43+08:00 ] 127.0.0.1 /fishClub/index.php/Admin/Main/index.html
INFO: [ app_init ] --START--
INFO: Run Behavior\BuildLiteBehavior [ RunTime:0.000006s ]
INFO: [ app_init ] --END-- [ RunTime:0.001271s ]
INFO: [ app_begin ] --START--
INFO: Run Behavior\ReadHtmlCacheBehavior [ RunTime:0.000626s ]
INFO: [ app_begin ] --END-- [ RunTime:0.000646s ]
INFO: [ view_parse ] --START--
INFO: [ template_filter ] --START--
INFO: Run Behavior\ContentReplaceBehavior [ RunTime:0.000059s ]
INFO: [ template_filter ] --END-- [ RunTime:0.000081s ]
NOTIC: [8] Undefined variable: identity /Applications/XAMPP/xamppfiles/htdocs/fishClub/Application/Runtime/Cache/Admin/ceb25a752d454a3315706634952427db.php 第 101 行.
INFO: Run Behavior\ParseTemplateBehavior [ RunTime:0.013664s ]
INFO: [ view_parse ] --END-- [ RunTime:0.013684s ]
INFO: [ view_filter ] --START--
INFO: Run Behavior\WriteHtmlCacheBehavior [ RunTime:0.000754s ]
INFO: [ view_filter ] --END-- [ RunTime:0.000765s ]
INFO: [ app_end ] --START--
INFO: Run Behavior\ShowPageTraceBehavior [ RunTime:0.000633s ]
INFO: [ app_end ] --END-- [ RunTime:0.000645s ]

[ 2020-03-16T22:33:44+08:00 ] 127.0.0.1 /fishClub/index.php/Admin/Main/welcome
INFO: [ app_init ] --START--
INFO: Run Behavior\BuildLiteBehavior [ RunTime:0.000005s ]
INFO: [ app_init ] --END-- [ RunTime:0.000159s ]
INFO: [ app_begin ] --START--
INFO: Run Behavior\ReadHtmlCacheBehavior [ RunTime:0.000237s ]
INFO: [ app_begin ] --END-- [ RunTime:0.000253s ]
INFO: [ view_parse ] --START--
INFO: [ template_filter ] --START--
INFO: Run Behavior\ContentReplaceBehavior [ RunTime:0.000014s ]
INFO: [ template_filter ] --END-- [ RunTime:0.000033s ]
INFO: Run Behavior\ParseTemplateBehavior [ RunTime:0.003906s ]
INFO: [ view_parse ] --END-- [ RunTime:0.003944s ]
INFO: [ view_filter ] --START--
INFO: Run Behavior\WriteHtmlCacheBehavior [ RunTime:0.000102s ]
INFO: [ view_filter ] --END-- [ RunTime:0.000121s ]
INFO: [ app_end ] --START--
INFO: Run Behavior\ShowPageTraceBehavior [ RunTime:0.000237s ]
INFO: [ app_end ] --END-- [ RunTime:0.000247s ]

[ 2020-03-16T22:33:44+08:00 ] 127.0.0.1 /fishClub/index.php/Admin/WareManage/index.html
INFO: [ app_init ] --START--
INFO: Run Behavior\BuildLiteBehavior [ RunTime:0.000006s ]
INFO: [ app_init ] --END-- [ RunTime:0.000171s ]
INFO: [ app_begin ] --START--
INFO: Run Behavior\ReadHtmlCacheBehavior [ RunTime:0.000239s ]
INFO: [ app_begin ] --END-- [ RunTime:0.000252s ]
INFO: [ view_parse ] --START--
INFO: [ template_filter ] --START--
INFO: Run Behavior\ContentReplaceBehavior [ RunTime:0.000049s ]
INFO: [ template_filter ] --END-- [ RunTime:0.000068s ]
INFO: Run Behavior\ParseTemplateBehavior [ RunTime:0.007233s ]
INFO: [ view_parse ] --END-- [ RunTime:0.007259s ]
INFO: [ view_filter ] --START--
INFO: Run Behavior\WriteHtmlCacheBehavior [ RunTime:0.000114s ]
INFO: [ view_filter ] --END-- [ RunTime:0.000125s ]
INFO: [ app_end ] --START--
INFO: Run Behavior\ShowPageTraceBehavior [ RunTime:0.000256s ]
INFO: [ app_end ] --END-- [ RunTime:0.000268s ]

[ 2020-03-16T22:33:44+08:00 ] 127.0.0.1 /fishClub/index.php/Admin/WareManage/WareDatatable?page=1&limit=5
INFO: [ app_init ] --START--
INFO: Run Behavior\BuildLiteBehavior [ RunTime:0.000006s ]
INFO: [ app_init ] --END-- [ RunTime:0.000207s ]
INFO: [ app_begin ] --START--
INFO: Run Behavior\ReadHtmlCacheBehavior [ RunTime:0.000272s ]
INFO: [ app_begin ] --END-- [ RunTime:0.000285s ]
NOTIC: [8] Undefined index: key /Applications/XAMPP/xamppfiles/htdocs/fishClub/Application/Admin/Controller/WareManageController.class.php 第 13 行.
NOTIC: [8] Undefined index: key /Applications/XAMPP/xamppfiles/htdocs/fishClub/Application/Admin/Controller/WareManageController.class.php 第 14 行.
SQL: SHOW COLUMNS FROM `ware_base_info` [ RunTime:0.0123s ]
SQL: SELECT * FROM `ware_base_info` WHERE `status` = 'normal' LIMIT 0,5   [ RunTime:0.0021s ]
SQL: SELECT * FROM `ware_base_info` WHERE `status` = 'normal'  [ RunTime:0.0003s ]
INFO: [ app_end ] --START--
INFO: Run Behavior\ShowPageTraceBehavior [ RunTime:0.000342s ]
INFO: [ app_end ] --END-- [ RunTime:0.000355s ]

[ 2020-03-16T22:33:45+08:00 ] 127.0.0.1 /fishClub/index.php/Admin/OrderInformation/orderInformationIndex.html
INFO: [ app_init ] --START--
INFO: Run Behavior\BuildLiteBehavior [ RunTime:0.000005s ]
INFO: [ app_init ] --END-- [ RunTime:0.000148s ]
INFO: [ app_begin ] --START--
INFO: Run Behavior\ReadHtmlCacheBehavior [ RunTime:0.000197s ]
INFO: [ app_begin ] --END-- [ RunTime:0.000210s ]
INFO: [ view_parse ] --START--
INFO: [ template_filter ] --START--
INFO: Run Behavior\ContentReplaceBehavior [ RunTime:0.000059s ]
INFO: [ template_filter ] --END-- [ RunTime:0.000081s ]
INFO: Run Behavior\ParseTemplateBehavior [ RunTime:0.005744s ]
INFO: [ view_parse ] --END-- [ RunTime:0.005763s ]
INFO: [ view_filter ] --START--
INFO: Run Behavior\WriteHtmlCacheBehavior [ RunTime:0.000100s ]
INFO: [ view_filter ] --END-- [ RunTime:0.000110s ]
INFO: [ app_end ] --START--
INFO: Run Behavior\ShowPageTraceBehavior [ RunTime:0.000249s ]
INFO: [ app_end ] --END-- [ RunTime:0.000265s ]

[ 2020-03-16T22:33:45+08:00 ] 127.0.0.1 /fishClub/index.php/Admin/OrderInformation/orderInfoDatatable?page=1&limit=10
INFO: [ app_init ] --START--
INFO: Run Behavior\BuildLiteBehavior [ RunTime:0.000006s ]
INFO: [ app_init ] --END-- [ RunTime:0.000163s ]
INFO: [ app_begin ] --START--
INFO: Run Behavior\ReadHtmlCacheBehavior [ RunTime:0.000280s ]
INFO: [ app_begin ] --END-- [ RunTime:0.000297s ]
NOTIC: [8] Undefined index: key /Applications/XAMPP/xamppfiles/htdocs/fishClub/Application/Admin/Controller/OrderInformationController.class.php 第 13 行.
SQL: SHOW COLUMNS FROM `order_base_info` [ RunTime:0.0073s ]
SQL: SELECT b.user_id,b.first_name,b.last_name,b.company,b.adress,b.apartment,b.city,b.country,b.state,b.zip_code,b.email,b.phone,a.order_id,a.order_number,a.time,a.real_pay,a.address_id,a.status FROM order_base_info as a INNER JOIN user_address_detail as b on a.address_id = b.address_id  WHERE a.status = 'obligation' AND b.status = 'normal' ORDER BY a.time desc LIMIT 0,10   [ RunTime:0.0008s ]
SQL: SELECT * FROM order_base_info as a INNER JOIN user_address_detail as b on a.address_id = b.address_id  WHERE a.status = 'obligation' AND b.status = 'normal'  [ RunTime:0.0003s ]
INFO: [ app_end ] --START--
INFO: Run Behavior\ShowPageTraceBehavior [ RunTime:0.000284s ]
INFO: [ app_end ] --END-- [ RunTime:0.000297s ]

[ 2020-03-16T22:33:46+08:00 ] 127.0.0.1 /fishClub/index.php/Admin/ContactInformation/contact.html
INFO: [ app_init ] --START--
INFO: Run Behavior\BuildLiteBehavior [ RunTime:0.000006s ]
INFO: [ app_init ] --END-- [ RunTime:0.000151s ]
INFO: [ app_begin ] --START--
INFO: Run Behavior\ReadHtmlCacheBehavior [ RunTime:0.000195s ]
INFO: [ app_begin ] --END-- [ RunTime:0.000208s ]
INFO: [ view_parse ] --START--
INFO: [ template_filter ] --START--
INFO: Run Behavior\ContentReplaceBehavior [ RunTime:0.000039s ]
INFO: [ template_filter ] --END-- [ RunTime:0.000053s ]
INFO: Run Behavior\ParseTemplateBehavior [ RunTime:0.004216s ]
INFO: [ view_parse ] --END-- [ RunTime:0.004233s ]
INFO: [ view_filter ] --START--
INFO: Run Behavior\WriteHtmlCacheBehavior [ RunTime:0.000106s ]
INFO: [ view_filter ] --END-- [ RunTime:0.000115s ]
INFO: [ app_end ] --START--
INFO: Run Behavior\ShowPageTraceBehavior [ RunTime:0.000254s ]
INFO: [ app_end ] --END-- [ RunTime:0.000263s ]

[ 2020-03-16T22:33:46+08:00 ] 127.0.0.1 /fishClub/index.php/Admin/ContactInformation/contactDatatable?page=1&limit=5
INFO: [ app_init ] --START--
INFO: Run Behavior\BuildLiteBehavior [ RunTime:0.000006s ]
INFO: [ app_init ] --END-- [ RunTime:0.000171s ]
INFO: [ app_begin ] --START--
INFO: Run Behavior\ReadHtmlCacheBehavior [ RunTime:0.000216s ]
INFO: [ app_begin ] --END-- [ RunTime:0.000228s ]
SQL: SHOW COLUMNS FROM `management_base_info` [ RunTime:0.0059s ]
SQL: SELECT * FROM `management_base_info` WHERE `status` = 'normal' LIMIT 0,5   [ RunTime:0.0003s ]
SQL: SELECT * FROM `management_base_info` WHERE `status` = 'normal'  [ RunTime:0.0002s ]
INFO: [ app_end ] --START--
INFO: Run Behavior\ShowPageTraceBehavior [ RunTime:0.000302s ]
INFO: [ app_end ] --END-- [ RunTime:0.000315s ]

[ 2020-03-16T22:33:47+08:00 ] 127.0.0.1 /fishClub/index.php/Admin/OrderInformation/orderInformationIndex.html
INFO: [ app_init ] --START--
INFO: Run Behavior\BuildLiteBehavior [ RunTime:0.000006s ]
INFO: [ app_init ] --END-- [ RunTime:0.000162s ]
INFO: [ app_begin ] --START--
INFO: Run Behavior\ReadHtmlCacheBehavior [ RunTime:0.000216s ]
INFO: [ app_begin ] --END-- [ RunTime:0.000235s ]
INFO: [ view_parse ] --START--
INFO: [ template_filter ] --START--
INFO: Run Behavior\ContentReplaceBehavior [ RunTime:0.000056s ]
INFO: [ template_filter ] --END-- [ RunTime:0.000075s ]
INFO: Run Behavior\ParseTemplateBehavior [ RunTime:0.004678s ]
INFO: [ view_parse ] --END-- [ RunTime:0.004701s ]
INFO: [ view_filter ] --START--
INFO: Run Behavior\WriteHtmlCacheBehavior [ RunTime:0.000158s ]
INFO: [ view_filter ] --END-- [ RunTime:0.000173s ]
INFO: [ app_end ] --START--
INFO: Run Behavior\ShowPageTraceBehavior [ RunTime:0.000379s ]
INFO: [ app_end ] --END-- [ RunTime:0.000402s ]

[ 2020-03-16T22:33:47+08:00 ] 127.0.0.1 /fishClub/index.php/Admin/OrderInformation/orderInfoDatatable?page=1&limit=10
INFO: [ app_init ] --START--
INFO: Run Behavior\BuildLiteBehavior [ RunTime:0.000006s ]
INFO: [ app_init ] --END-- [ RunTime:0.000197s ]
INFO: [ app_begin ] --START--
INFO: Run Behavior\ReadHtmlCacheBehavior [ RunTime:0.000216s ]
INFO: [ app_begin ] --END-- [ RunTime:0.000228s ]
NOTIC: [8] Undefined index: key /Applications/XAMPP/xamppfiles/htdocs/fishClub/Application/Admin/Controller/OrderInformationController.class.php 第 13 行.
SQL: SHOW COLUMNS FROM `order_base_info` [ RunTime:0.0015s ]
SQL: SELECT b.user_id,b.first_name,b.last_name,b.company,b.adress,b.apartment,b.city,b.country,b.state,b.zip_code,b.email,b.phone,a.order_id,a.order_number,a.time,a.real_pay,a.address_id,a.status FROM order_base_info as a INNER JOIN user_address_detail as b on a.address_id = b.address_id  WHERE a.status = 'obligation' AND b.status = 'normal' ORDER BY a.time desc LIMIT 0,10   [ RunTime:0.0005s ]
SQL: SELECT * FROM order_base_info as a INNER JOIN user_address_detail as b on a.address_id = b.address_id  WHERE a.status = 'obligation' AND b.status = 'normal'  [ RunTime:0.0010s ]
INFO: [ app_end ] --START--
INFO: Run Behavior\ShowPageTraceBehavior [ RunTime:0.000282s ]
INFO: [ app_end ] --END-- [ RunTime:0.000295s ]

[ 2020-03-16T22:33:49+08:00 ] 127.0.0.1 /fishClub/index.php/Admin/OrderInformation/detail?order_id=5&flag=1
INFO: [ app_init ] --START--
INFO: Run Behavior\BuildLiteBehavior [ RunTime:0.000008s ]
INFO: [ app_init ] --END-- [ RunTime:0.000192s ]
INFO: [ app_begin ] --START--
INFO: Run Behavior\ReadHtmlCacheBehavior [ RunTime:0.000235s ]
INFO: [ app_begin ] --END-- [ RunTime:0.000251s ]
SQL: SHOW COLUMNS FROM `order_base_info` [ RunTime:0.0028s ]
SQL: SELECT * FROM order_base_info as a INNER JOIN user_address_detail as b on a.address_id = b.address_id  WHERE a.order_id = '5' LIMIT 1   [ RunTime:0.0006s ]
SQL: SHOW COLUMNS FROM `order_ware_detail` [ RunTime:0.0013s ]
SQL: SELECT a.price,a.count,b.name,b.picture FROM order_ware_detail as a INNER JOIN ware_base_info as b on a.id = b.ware_id  WHERE a.order_id = '5'  [ RunTime:0.0011s ]
INFO: [ view_parse ] --START--
INFO: [ template_filter ] --START--
INFO: Run Behavior\ContentReplaceBehavior [ RunTime:0.000069s ]
INFO: [ template_filter ] --END-- [ RunTime:0.000097s ]
INFO: Run Behavior\ParseTemplateBehavior [ RunTime:0.007175s ]
INFO: [ view_parse ] --END-- [ RunTime:0.007199s ]
INFO: [ view_filter ] --START--
INFO: Run Behavior\WriteHtmlCacheBehavior [ RunTime:0.000116s ]
INFO: [ view_filter ] --END-- [ RunTime:0.000127s ]
INFO: [ app_end ] --START--
INFO: Run Behavior\ShowPageTraceBehavior [ RunTime:0.000261s ]
INFO: [ app_end ] --END-- [ RunTime:0.000272s ]

[ 2020-03-16T22:33:53+08:00 ] 127.0.0.1 /fishClub/index.php/Admin/OrderInformation/orderInfoDatatable?page=1&limit=10&key%5Bstatus%5D=payed&key%5Bsearch%5D=
INFO: [ app_init ] --START--
INFO: Run Behavior\BuildLiteBehavior [ RunTime:0.000006s ]
INFO: [ app_init ] --END-- [ RunTime:0.000158s ]
INFO: [ app_begin ] --START--
INFO: Run Behavior\ReadHtmlCacheBehavior [ RunTime:0.000208s ]
INFO: [ app_begin ] --END-- [ RunTime:0.000224s ]
SQL: SHOW COLUMNS FROM `order_base_info` [ RunTime:0.0016s ]
SQL: SELECT b.user_id,b.first_name,b.last_name,b.company,b.adress,b.apartment,b.city,b.country,b.state,b.zip_code,b.email,b.phone,a.order_id,a.order_number,a.time,a.real_pay,a.address_id,a.status FROM order_base_info as a INNER JOIN user_address_detail as b on a.address_id = b.address_id  WHERE a.status = 'payed' AND b.status = 'normal' ORDER BY a.time desc LIMIT 0,10   [ RunTime:0.0009s ]
SQL: SELECT * FROM order_base_info as a INNER JOIN user_address_detail as b on a.address_id = b.address_id  WHERE a.status = 'payed' AND b.status = 'normal'  [ RunTime:0.0004s ]
INFO: [ app_end ] --START--
INFO: Run Behavior\ShowPageTraceBehavior [ RunTime:0.000337s ]
INFO: [ app_end ] --END-- [ RunTime:0.000355s ]

[ 2020-03-16T22:33:53+08:00 ] 127.0.0.1 /fishClub/index.php/Admin/OrderInformation/orderInfoDatatable?page=1&limit=10
INFO: [ app_init ] --START--
INFO: Run Behavior\BuildLiteBehavior [ RunTime:0.000006s ]
INFO: [ app_init ] --END-- [ RunTime:0.000285s ]
INFO: [ app_begin ] --START--
INFO: Run Behavior\ReadHtmlCacheBehavior [ RunTime:0.000392s ]
INFO: [ app_begin ] --END-- [ RunTime:0.000439s ]
NOTIC: [8] Undefined index: key /Applications/XAMPP/xamppfiles/htdocs/fishClub/Application/Admin/Controller/OrderInformationController.class.php 第 13 行.
SQL: SHOW COLUMNS FROM `order_base_info` [ RunTime:0.0030s ]
SQL: SELECT b.user_id,b.first_name,b.last_name,b.company,b.adress,b.apartment,b.city,b.country,b.state,b.zip_code,b.email,b.phone,a.order_id,a.order_number,a.time,a.real_pay,a.address_id,a.status FROM order_base_info as a INNER JOIN user_address_detail as b on a.address_id = b.address_id  WHERE a.status = 'obligation' AND b.status = 'normal' ORDER BY a.time desc LIMIT 0,10   [ RunTime:0.0004s ]
SQL: SELECT * FROM order_base_info as a INNER JOIN user_address_detail as b on a.address_id = b.address_id  WHERE a.status = 'obligation' AND b.status = 'normal'  [ RunTime:0.0002s ]
INFO: [ app_end ] --START--
INFO: Run Behavior\ShowPageTraceBehavior [ RunTime:0.000279s ]
INFO: [ app_end ] --END-- [ RunTime:0.000293s ]

[ 2020-03-16T22:33:53+08:00 ] 127.0.0.1 /fishClub/index.php/Admin/OrderInformation/orderInfoDatatable?page=1&limit=10&key%5Bstatus%5D=payed&key%5Bsearch%5D=
INFO: [ app_init ] --START--
INFO: Run Behavior\BuildLiteBehavior [ RunTime:0.000006s ]
INFO: [ app_init ] --END-- [ RunTime:0.000222s ]
INFO: [ app_begin ] --START--
INFO: Run Behavior\ReadHtmlCacheBehavior [ RunTime:0.000279s ]
INFO: [ app_begin ] --END-- [ RunTime:0.000296s ]
SQL: SHOW COLUMNS FROM `order_base_info` [ RunTime:0.0022s ]
SQL: SELECT b.user_id,b.first_name,b.last_name,b.company,b.adress,b.apartment,b.city,b.country,b.state,b.zip_code,b.email,b.phone,a.order_id,a.order_number,a.time,a.real_pay,a.address_id,a.status FROM order_base_info as a INNER JOIN user_address_detail as b on a.address_id = b.address_id  WHERE a.status = 'payed' AND b.status = 'normal' ORDER BY a.time desc LIMIT 0,10   [ RunTime:0.0006s ]
SQL: SELECT * FROM order_base_info as a INNER JOIN user_address_detail as b on a.address_id = b.address_id  WHERE a.status = 'payed' AND b.status = 'normal'  [ RunTime:0.0004s ]
INFO: [ app_end ] --START--
INFO: Run Behavior\ShowPageTraceBehavior [ RunTime:0.000309s ]
INFO: [ app_end ] --END-- [ RunTime:0.000324s ]

[ 2020-03-16T22:33:55+08:00 ] 127.0.0.1 /fishClub/index.php/Admin/OrderInformation/detail?order_id=1&flag=0
INFO: [ app_init ] --START--
INFO: Run Behavior\BuildLiteBehavior [ RunTime:0.000005s ]
INFO: [ app_init ] --END-- [ RunTime:0.000148s ]
INFO: [ app_begin ] --START--
INFO: Run Behavior\ReadHtmlCacheBehavior [ RunTime:0.000197s ]
INFO: [ app_begin ] --END-- [ RunTime:0.000211s ]
SQL: SHOW COLUMNS FROM `order_base_info` [ RunTime:0.0030s ]
SQL: SELECT * FROM order_base_info as a INNER JOIN user_address_detail as b on a.address_id = b.address_id  WHERE a.order_id = '1' LIMIT 1   [ RunTime:0.0006s ]
SQL: SHOW COLUMNS FROM `order_ware_detail` [ RunTime:0.0025s ]
SQL: SELECT a.price,a.count,b.name,b.picture FROM order_ware_detail as a INNER JOIN ware_base_info as b on a.id = b.ware_id  WHERE a.order_id = '1'  [ RunTime:0.0003s ]
INFO: [ view_parse ] --START--
INFO: [ template_filter ] --START--
INFO: Run Behavior\ContentReplaceBehavior [ RunTime:0.000061s ]
INFO: [ template_filter ] --END-- [ RunTime:0.000083s ]
INFO: Run Behavior\ParseTemplateBehavior [ RunTime:0.013366s ]
INFO: [ view_parse ] --END-- [ RunTime:0.013388s ]
INFO: [ view_filter ] --START--
INFO: Run Behavior\WriteHtmlCacheBehavior [ RunTime:0.000154s ]
INFO: [ view_filter ] --END-- [ RunTime:0.000165s ]
INFO: [ app_end ] --START--
INFO: Run Behavior\ShowPageTraceBehavior [ RunTime:0.000376s ]
INFO: [ app_end ] --END-- [ RunTime:0.000414s ]

[ 2020-03-16T22:34:01+08:00 ] 127.0.0.1 /fishClub/index.php/Admin/OrderInformation/orderInfoDatatable?page=1&limit=10&key%5Bstatus%5D=completed&key%5Bsearch%5D=
INFO: [ app_init ] --START--
INFO: Run Behavior\BuildLiteBehavior [ RunTime:0.000005s ]
INFO: [ app_init ] --END-- [ RunTime:0.000207s ]
INFO: [ app_begin ] --START--
INFO: Run Behavior\ReadHtmlCacheBehavior [ RunTime:0.000294s ]
INFO: [ app_begin ] --END-- [ RunTime:0.000311s ]
SQL: SHOW COLUMNS FROM `order_base_info` [ RunTime:0.0019s ]
SQL: SELECT b.user_id,b.first_name,b.last_name,b.company,b.adress,b.apartment,b.city,b.country,b.state,b.zip_code,b.email,b.phone,a.order_id,a.order_number,a.time,a.real_pay,a.address_id,a.status FROM order_base_info as a INNER JOIN user_address_detail as b on a.address_id = b.address_id  WHERE a.status = 'completed' AND b.status = 'normal' ORDER BY a.time desc LIMIT 0,10   [ RunTime:0.0004s ]
SQL: SELECT * FROM order_base_info as a INNER JOIN user_address_detail as b on a.address_id = b.address_id  WHERE a.status = 'completed' AND b.status = 'normal'  [ RunTime:0.0002s ]
INFO: [ app_end ] --START--
INFO: Run Behavior\ShowPageTraceBehavior [ RunTime:0.000287s ]
INFO: [ app_end ] --END-- [ RunTime:0.000300s ]

[ 2020-03-16T22:34:01+08:00 ] 127.0.0.1 /fishClub/index.php/Admin/OrderInformation/orderInfoDatatable?page=1&limit=10&key%5Bstatus%5D=payed&key%5Bsearch%5D=
INFO: [ app_init ] --START--
INFO: Run Behavior\BuildLiteBehavior [ RunTime:0.000005s ]
INFO: [ app_init ] --END-- [ RunTime:0.000183s ]
INFO: [ app_begin ] --START--
INFO: Run Behavior\ReadHtmlCacheBehavior [ RunTime:0.000304s ]
INFO: [ app_begin ] --END-- [ RunTime:0.000320s ]
SQL: SHOW COLUMNS FROM `order_base_info` [ RunTime:0.0028s ]
SQL: SELECT b.user_id,b.first_name,b.last_name,b.company,b.adress,b.apartment,b.city,b.country,b.state,b.zip_code,b.email,b.phone,a.order_id,a.order_number,a.time,a.real_pay,a.address_id,a.status FROM order_base_info as a INNER JOIN user_address_detail as b on a.address_id = b.address_id  WHERE a.status = 'payed' AND b.status = 'normal' ORDER BY a.time desc LIMIT 0,10   [ RunTime:0.0004s ]
SQL: SELECT * FROM order_base_info as a INNER JOIN user_address_detail as b on a.address_id = b.address_id  WHERE a.status = 'payed' AND b.status = 'normal'  [ RunTime:0.0009s ]
INFO: [ app_end ] --START--
INFO: Run Behavior\ShowPageTraceBehavior [ RunTime:0.000924s ]
INFO: [ app_end ] --END-- [ RunTime:0.000966s ]

[ 2020-03-16T22:34:01+08:00 ] 127.0.0.1 /fishClub/index.php/Admin/OrderInformation/orderInfoDatatable?page=1&limit=10&key%5Bstatus%5D=completed&key%5Bsearch%5D=
INFO: [ app_init ] --START--
INFO: Run Behavior\BuildLiteBehavior [ RunTime:0.000008s ]
INFO: [ app_init ] --END-- [ RunTime:0.000264s ]
INFO: [ app_begin ] --START--
INFO: Run Behavior\ReadHtmlCacheBehavior [ RunTime:0.000397s ]
INFO: [ app_begin ] --END-- [ RunTime:0.000413s ]
SQL: SHOW COLUMNS FROM `order_base_info` [ RunTime:0.0021s ]
SQL: SELECT b.user_id,b.first_name,b.last_name,b.company,b.adress,b.apartment,b.city,b.country,b.state,b.zip_code,b.email,b.phone,a.order_id,a.order_number,a.time,a.real_pay,a.address_id,a.status FROM order_base_info as a INNER JOIN user_address_detail as b on a.address_id = b.address_id  WHERE a.status = 'completed' AND b.status = 'normal' ORDER BY a.time desc LIMIT 0,10   [ RunTime:0.0004s ]
SQL: SELECT * FROM order_base_info as a INNER JOIN user_address_detail as b on a.address_id = b.address_id  WHERE a.status = 'completed' AND b.status = 'normal'  [ RunTime:0.0002s ]
INFO: [ app_end ] --START--
INFO: Run Behavior\ShowPageTraceBehavior [ RunTime:0.000307s ]
INFO: [ app_end ] --END-- [ RunTime:0.000320s ]

[ 2020-03-16T22:34:02+08:00 ] 127.0.0.1 /fishClub/index.php/Admin/OrderInformation/detail?order_id=4&flag=0
INFO: [ app_init ] --START--
INFO: Run Behavior\BuildLiteBehavior [ RunTime:0.000006s ]
INFO: [ app_init ] --END-- [ RunTime:0.000148s ]
INFO: [ app_begin ] --START--
INFO: Run Behavior\ReadHtmlCacheBehavior [ RunTime:0.000192s ]
INFO: [ app_begin ] --END-- [ RunTime:0.000206s ]
SQL: SHOW COLUMNS FROM `order_base_info` [ RunTime:0.0019s ]
SQL: SELECT * FROM order_base_info as a INNER JOIN user_address_detail as b on a.address_id = b.address_id  WHERE a.order_id = '4' LIMIT 1   [ RunTime:0.0004s ]
SQL: SHOW COLUMNS FROM `order_ware_detail` [ RunTime:0.0013s ]
SQL: SELECT a.price,a.count,b.name,b.picture FROM order_ware_detail as a INNER JOIN ware_base_info as b on a.id = b.ware_id  WHERE a.order_id = '4'  [ RunTime:0.0009s ]
INFO: [ view_parse ] --START--
INFO: [ template_filter ] --START--
INFO: Run Behavior\ContentReplaceBehavior [ RunTime:0.000061s ]
INFO: [ template_filter ] --END-- [ RunTime:0.000080s ]
INFO: Run Behavior\ParseTemplateBehavior [ RunTime:0.009499s ]
INFO: [ view_parse ] --END-- [ RunTime:0.009520s ]
INFO: [ view_filter ] --START--
INFO: Run Behavior\WriteHtmlCacheBehavior [ RunTime:0.000141s ]
INFO: [ view_filter ] --END-- [ RunTime:0.000152s ]
INFO: [ app_end ] --START--
INFO: Run Behavior\ShowPageTraceBehavior [ RunTime:0.000970s ]
INFO: [ app_end ] --END-- [ RunTime:0.000991s ]

[ 2020-03-16T22:34:06+08:00 ] 127.0.0.1 /fishClub/index.php/Admin/OrderInformation/orderInfoDatatable?page=1&limit=10&key%5Bstatus%5D=completed&key%5Bsearch%5D=
INFO: [ app_init ] --START--
INFO: Run Behavior\BuildLiteBehavior [ RunTime:0.000006s ]
INFO: [ app_init ] --END-- [ RunTime:0.000162s ]
INFO: [ app_begin ] --START--
INFO: Run Behavior\ReadHtmlCacheBehavior [ RunTime:0.000267s ]
INFO: [ app_begin ] --END-- [ RunTime:0.000283s ]
SQL: SHOW COLUMNS FROM `order_base_info` [ RunTime:0.0021s ]
SQL: SELECT b.user_id,b.first_name,b.last_name,b.company,b.adress,b.apartment,b.city,b.country,b.state,b.zip_code,b.email,b.phone,a.order_id,a.order_number,a.time,a.real_pay,a.address_id,a.status FROM order_base_info as a INNER JOIN user_address_detail as b on a.address_id = b.address_id  WHERE a.status = 'completed' AND b.status = 'normal' ORDER BY a.time desc LIMIT 0,10   [ RunTime:0.0005s ]
SQL: SELECT * FROM order_base_info as a INNER JOIN user_address_detail as b on a.address_id = b.address_id  WHERE a.status = 'completed' AND b.status = 'normal'  [ RunTime:0.0004s ]
INFO: [ app_end ] --START--
INFO: Run Behavior\ShowPageTraceBehavior [ RunTime:0.000411s ]
INFO: [ app_end ] --END-- [ RunTime:0.000424s ]

[ 2020-03-16T22:34:06+08:00 ] 127.0.0.1 /fishClub/index.php/Admin/OrderInformation/orderInfoDatatable?page=1&limit=10&key%5Bstatus%5D=payed&key%5Bsearch%5D=
INFO: [ app_init ] --START--
INFO: Run Behavior\BuildLiteBehavior [ RunTime:0.000006s ]
INFO: [ app_init ] --END-- [ RunTime:0.000186s ]
INFO: [ app_begin ] --START--
INFO: Run Behavior\ReadHtmlCacheBehavior [ RunTime:0.000288s ]
INFO: [ app_begin ] --END-- [ RunTime:0.000304s ]
SQL: SHOW COLUMNS FROM `order_base_info` [ RunTime:0.0013s ]
SQL: SELECT b.user_id,b.first_name,b.last_name,b.company,b.adress,b.apartment,b.city,b.country,b.state,b.zip_code,b.email,b.phone,a.order_id,a.order_number,a.time,a.real_pay,a.address_id,a.status FROM order_base_info as a INNER JOIN user_address_detail as b on a.address_id = b.address_id  WHERE a.status = 'payed' AND b.status = 'normal' ORDER BY a.time desc LIMIT 0,10   [ RunTime:0.0005s ]
SQL: SELECT * FROM order_base_info as a INNER JOIN user_address_detail as b on a.address_id = b.address_id  WHERE a.status = 'payed' AND b.status = 'normal'  [ RunTime:0.0004s ]
INFO: [ app_end ] --START--
INFO: Run Behavior\ShowPageTraceBehavior [ RunTime:0.000313s ]
INFO: [ app_end ] --END-- [ RunTime:0.000328s ]

[ 2020-03-16T22:34:06+08:00 ] 127.0.0.1 /fishClub/index.php/Admin/OrderInformation/orderInfoDatatable?page=1&limit=10&key%5Bstatus%5D=payed&key%5Bsearch%5D=
INFO: [ app_init ] --START--
INFO: Run Behavior\BuildLiteBehavior [ RunTime:0.000005s ]
INFO: [ app_init ] --END-- [ RunTime:0.000149s ]
INFO: [ app_begin ] --START--
INFO: Run Behavior\ReadHtmlCacheBehavior [ RunTime:0.000299s ]
INFO: [ app_begin ] --END-- [ RunTime:0.000330s ]
SQL: SHOW COLUMNS FROM `order_base_info` [ RunTime:0.0016s ]
SQL: SELECT b.user_id,b.first_name,b.last_name,b.company,b.adress,b.apartment,b.city,b.country,b.state,b.zip_code,b.email,b.phone,a.order_id,a.order_number,a.time,a.real_pay,a.address_id,a.status FROM order_base_info as a INNER JOIN user_address_detail as b on a.address_id = b.address_id  WHERE a.status = 'payed' AND b.status = 'normal' ORDER BY a.time desc LIMIT 0,10   [ RunTime:0.0004s ]
SQL: SELECT * FROM order_base_info as a INNER JOIN user_address_detail as b on a.address_id = b.address_id  WHERE a.status = 'payed' AND b.status = 'normal'  [ RunTime:0.0002s ]
INFO: [ app_end ] --START--
INFO: Run Behavior\ShowPageTraceBehavior [ RunTime:0.000282s ]
INFO: [ app_end ] --END-- [ RunTime:0.000296s ]

[ 2020-03-16T22:34:09+08:00 ] 127.0.0.1 /fishClub/index.php/Admin/OrderInformation/orderInfoDatatable?page=1&limit=10&key%5Bstatus%5D=payed&key%5Bsearch%5D=
INFO: [ app_init ] --START--
INFO: Run Behavior\BuildLiteBehavior [ RunTime:0.000008s ]
INFO: [ app_init ] --END-- [ RunTime:0.000245s ]
INFO: [ app_begin ] --START--
INFO: Run Behavior\ReadHtmlCacheBehavior [ RunTime:0.000376s ]
INFO: [ app_begin ] --END-- [ RunTime:0.000406s ]
SQL: SHOW COLUMNS FROM `order_base_info` [ RunTime:0.0018s ]
SQL: SELECT b.user_id,b.first_name,b.last_name,b.company,b.adress,b.apartment,b.city,b.country,b.state,b.zip_code,b.email,b.phone,a.order_id,a.order_number,a.time,a.real_pay,a.address_id,a.status FROM order_base_info as a INNER JOIN user_address_detail as b on a.address_id = b.address_id  WHERE a.status = 'payed' AND b.status = 'normal' ORDER BY a.time desc LIMIT 0,10   [ RunTime:0.0007s ]
SQL: SELECT * FROM order_base_info as a INNER JOIN user_address_detail as b on a.address_id = b.address_id  WHERE a.status = 'payed' AND b.status = 'normal'  [ RunTime:0.0030s ]
INFO: [ app_end ] --START--
INFO: Run Behavior\ShowPageTraceBehavior [ RunTime:0.000592s ]
INFO: [ app_end ] --END-- [ RunTime:0.000670s ]

[ 2020-03-16T22:34:09+08:00 ] 127.0.0.1 /fishClub/index.php/Admin/OrderInformation/orderInfoDatatable?page=1&limit=10&key%5Bstatus%5D=obligation&key%5Bsearch%5D=
INFO: [ app_init ] --START--
INFO: Run Behavior\BuildLiteBehavior [ RunTime:0.000036s ]
INFO: [ app_init ] --END-- [ RunTime:0.000543s ]
INFO: [ app_begin ] --START--
INFO: Run Behavior\ReadHtmlCacheBehavior [ RunTime:0.000342s ]
INFO: [ app_begin ] --END-- [ RunTime:0.000366s ]
SQL: SHOW COLUMNS FROM `order_base_info` [ RunTime:0.0015s ]
SQL: SELECT b.user_id,b.first_name,b.last_name,b.company,b.adress,b.apartment,b.city,b.country,b.state,b.zip_code,b.email,b.phone,a.order_id,a.order_number,a.time,a.real_pay,a.address_id,a.status FROM order_base_info as a INNER JOIN user_address_detail as b on a.address_id = b.address_id  WHERE a.status = 'obligation' AND b.status = 'normal' ORDER BY a.time desc LIMIT 0,10   [ RunTime:0.0004s ]
SQL: SELECT * FROM order_base_info as a INNER JOIN user_address_detail as b on a.address_id = b.address_id  WHERE a.status = 'obligation' AND b.status = 'normal'  [ RunTime:0.0003s ]
INFO: [ app_end ] --START--
INFO: Run Behavior\ShowPageTraceBehavior [ RunTime:0.000312s ]
INFO: [ app_end ] --END-- [ RunTime:0.000327s ]

[ 2020-03-16T22:34:09+08:00 ] 127.0.0.1 /fishClub/index.php/Admin/OrderInformation/orderInfoDatatable?page=1&limit=10&key%5Bstatus%5D=obligation&key%5Bsearch%5D=
INFO: [ app_init ] --START--
INFO: Run Behavior\BuildLiteBehavior [ RunTime:0.000006s ]
INFO: [ app_init ] --END-- [ RunTime:0.000165s ]
INFO: [ app_begin ] --START--
INFO: Run Behavior\ReadHtmlCacheBehavior [ RunTime:0.000299s ]
INFO: [ app_begin ] --END-- [ RunTime:0.000322s ]
SQL: SHOW COLUMNS FROM `order_base_info` [ RunTime:0.0028s ]
SQL: SELECT b.user_id,b.first_name,b.last_name,b.company,b.adress,b.apartment,b.city,b.country,b.state,b.zip_code,b.email,b.phone,a.order_id,a.order_number,a.time,a.real_pay,a.address_id,a.status FROM order_base_info as a INNER JOIN user_address_detail as b on a.address_id = b.address_id  WHERE a.status = 'obligation' AND b.status = 'normal' ORDER BY a.time desc LIMIT 0,10   [ RunTime:0.0005s ]
SQL: SELECT * FROM order_base_info as a INNER JOIN user_address_detail as b on a.address_id = b.address_id  WHERE a.status = 'obligation' AND b.status = 'normal'  [ RunTime:0.0004s ]
INFO: [ app_end ] --START--
INFO: Run Behavior\ShowPageTraceBehavior [ RunTime:0.000367s ]
INFO: [ app_end ] --END-- [ RunTime:0.000386s ]

[ 2020-03-16T22:34:13+08:00 ] 127.0.0.1 /fishClub/index.php/Admin/OrderInformation/orderInfoDatatable?page=1&limit=10&key%5Bstatus%5D=obligation&key%5Bsearch%5D=
INFO: [ app_init ] --START--
INFO: Run Behavior\BuildLiteBehavior [ RunTime:0.000007s ]
INFO: [ app_init ] --END-- [ RunTime:0.000178s ]
INFO: [ app_begin ] --START--
INFO: Run Behavior\ReadHtmlCacheBehavior [ RunTime:0.000310s ]
INFO: [ app_begin ] --END-- [ RunTime:0.000330s ]
SQL: SHOW COLUMNS FROM `order_base_info` [ RunTime:0.0105s ]
SQL: SELECT b.user_id,b.first_name,b.last_name,b.company,b.adress,b.apartment,b.city,b.country,b.state,b.zip_code,b.email,b.phone,a.order_id,a.order_number,a.time,a.real_pay,a.address_id,a.status FROM order_base_info as a INNER JOIN user_address_detail as b on a.address_id = b.address_id  WHERE a.status = 'obligation' AND b.status = 'normal' ORDER BY a.time desc LIMIT 0,10   [ RunTime:0.0029s ]
SQL: SELECT * FROM order_base_info as a INNER JOIN user_address_detail as b on a.address_id = b.address_id  WHERE a.status = 'obligation' AND b.status = 'normal'  [ RunTime:0.0004s ]
INFO: [ app_end ] --START--
INFO: Run Behavior\ShowPageTraceBehavior [ RunTime:0.000331s ]
INFO: [ app_end ] --END-- [ RunTime:0.000343s ]

[ 2020-03-16T22:34:13+08:00 ] 127.0.0.1 /fishClub/index.php/Admin/OrderInformation/orderInfoDatatable?page=1&limit=10&key%5Bstatus%5D=payed&key%5Bsearch%5D=
INFO: [ app_init ] --START--
INFO: Run Behavior\BuildLiteBehavior [ RunTime:0.000005s ]
INFO: [ app_init ] --END-- [ RunTime:0.000176s ]
INFO: [ app_begin ] --START--
INFO: Run Behavior\ReadHtmlCacheBehavior [ RunTime:0.000292s ]
INFO: [ app_begin ] --END-- [ RunTime:0.000311s ]
SQL: SHOW COLUMNS FROM `order_base_info` [ RunTime:0.0042s ]
SQL: SELECT b.user_id,b.first_name,b.last_name,b.company,b.adress,b.apartment,b.city,b.country,b.state,b.zip_code,b.email,b.phone,a.order_id,a.order_number,a.time,a.real_pay,a.address_id,a.status FROM order_base_info as a INNER JOIN user_address_detail as b on a.address_id = b.address_id  WHERE a.status = 'payed' AND b.status = 'normal' ORDER BY a.time desc LIMIT 0,10   [ RunTime:0.0004s ]
SQL: SELECT * FROM order_base_info as a INNER JOIN user_address_detail as b on a.address_id = b.address_id  WHERE a.status = 'payed' AND b.status = 'normal'  [ RunTime:0.0003s ]
INFO: [ app_end ] --START--
INFO: Run Behavior\ShowPageTraceBehavior [ RunTime:0.000316s ]
INFO: [ app_end ] --END-- [ RunTime:0.000332s ]

[ 2020-03-16T22:34:13+08:00 ] 127.0.0.1 /fishClub/index.php/Admin/OrderInformation/orderInfoDatatable?page=1&limit=10&key%5Bstatus%5D=payed&key%5Bsearch%5D=
INFO: [ app_init ] --START--
INFO: Run Behavior\BuildLiteBehavior [ RunTime:0.000006s ]
INFO: [ app_init ] --END-- [ RunTime:0.000153s ]
INFO: [ app_begin ] --START--
INFO: Run Behavior\ReadHtmlCacheBehavior [ RunTime:0.000197s ]
INFO: [ app_begin ] --END-- [ RunTime:0.000209s ]
SQL: SHOW COLUMNS FROM `order_base_info` [ RunTime:0.0014s ]
SQL: SELECT b.user_id,b.first_name,b.last_name,b.company,b.adress,b.apartment,b.city,b.country,b.state,b.zip_code,b.email,b.phone,a.order_id,a.order_number,a.time,a.real_pay,a.address_id,a.status FROM order_base_info as a INNER JOIN user_address_detail as b on a.address_id = b.address_id  WHERE a.status = 'payed' AND b.status = 'normal' ORDER BY a.time desc LIMIT 0,10   [ RunTime:0.0004s ]
SQL: SELECT * FROM order_base_info as a INNER JOIN user_address_detail as b on a.address_id = b.address_id  WHERE a.status = 'payed' AND b.status = 'normal'  [ RunTime:0.0003s ]
INFO: [ app_end ] --START--
INFO: Run Behavior\ShowPageTraceBehavior [ RunTime:0.000388s ]
INFO: [ app_end ] --END-- [ RunTime:0.000407s ]

[ 2020-03-16T22:34:16+08:00 ] 127.0.0.1 /fishClub/index.php/Admin/OrderInformation/orderInfoDatatable?page=1&limit=10&key%5Bstatus%5D=payed&key%5Bsearch%5D=
INFO: [ app_init ] --START--
INFO: Run Behavior\BuildLiteBehavior [ RunTime:0.000008s ]
INFO: [ app_init ] --END-- [ RunTime:0.000252s ]
INFO: [ app_begin ] --START--
INFO: Run Behavior\ReadHtmlCacheBehavior [ RunTime:0.000335s ]
INFO: [ app_begin ] --END-- [ RunTime:0.000402s ]
SQL: SHOW COLUMNS FROM `order_base_info` [ RunTime:0.0045s ]
SQL: SELECT b.user_id,b.first_name,b.last_name,b.company,b.adress,b.apartment,b.city,b.country,b.state,b.zip_code,b.email,b.phone,a.order_id,a.order_number,a.time,a.real_pay,a.address_id,a.status FROM order_base_info as a INNER JOIN user_address_detail as b on a.address_id = b.address_id  WHERE a.status = 'payed' AND b.status = 'normal' ORDER BY a.time desc LIMIT 0,10   [ RunTime:0.0011s ]
SQL: SELECT * FROM order_base_info as a INNER JOIN user_address_detail as b on a.address_id = b.address_id  WHERE a.status = 'payed' AND b.status = 'normal'  [ RunTime:0.0004s ]
INFO: [ app_end ] --START--
INFO: Run Behavior\ShowPageTraceBehavior [ RunTime:0.000290s ]
INFO: [ app_end ] --END-- [ RunTime:0.000306s ]

[ 2020-03-16T22:34:16+08:00 ] 127.0.0.1 /fishClub/index.php/Admin/OrderInformation/orderInfoDatatable?page=1&limit=10&key%5Bstatus%5D=obligation&key%5Bsearch%5D=
INFO: [ app_init ] --START--
INFO: Run Behavior\BuildLiteBehavior [ RunTime:0.000006s ]
INFO: [ app_init ] --END-- [ RunTime:0.000312s ]
INFO: [ app_begin ] --START--
INFO: Run Behavior\ReadHtmlCacheBehavior [ RunTime:0.000381s ]
INFO: [ app_begin ] --END-- [ RunTime:0.000399s ]
SQL: SHOW COLUMNS FROM `order_base_info` [ RunTime:0.0049s ]
SQL: SELECT b.user_id,b.first_name,b.last_name,b.company,b.adress,b.apartment,b.city,b.country,b.state,b.zip_code,b.email,b.phone,a.order_id,a.order_number,a.time,a.real_pay,a.address_id,a.status FROM order_base_info as a INNER JOIN user_address_detail as b on a.address_id = b.address_id  WHERE a.status = 'obligation' AND b.status = 'normal' ORDER BY a.time desc LIMIT 0,10   [ RunTime:0.0011s ]
SQL: SELECT * FROM order_base_info as a INNER JOIN user_address_detail as b on a.address_id = b.address_id  WHERE a.status = 'obligation' AND b.status = 'normal'  [ RunTime:0.0011s ]
INFO: [ app_end ] --START--
INFO: Run Behavior\ShowPageTraceBehavior [ RunTime:0.000375s ]
INFO: [ app_end ] --END-- [ RunTime:0.000404s ]

[ 2020-03-16T22:34:16+08:00 ] 127.0.0.1 /fishClub/index.php/Admin/OrderInformation/orderInfoDatatable?page=1&limit=10&key%5Bstatus%5D=obligation&key%5Bsearch%5D=
INFO: [ app_init ] --START--
INFO: Run Behavior\BuildLiteBehavior [ RunTime:0.000006s ]
INFO: [ app_init ] --END-- [ RunTime:0.000152s ]
INFO: [ app_begin ] --START--
INFO: Run Behavior\ReadHtmlCacheBehavior [ RunTime:0.000201s ]
INFO: [ app_begin ] --END-- [ RunTime:0.000213s ]
SQL: SHOW COLUMNS FROM `order_base_info` [ RunTime:0.0054s ]
SQL: SELECT b.user_id,b.first_name,b.last_name,b.company,b.adress,b.apartment,b.city,b.country,b.state,b.zip_code,b.email,b.phone,a.order_id,a.order_number,a.time,a.real_pay,a.address_id,a.status FROM order_base_info as a INNER JOIN user_address_detail as b on a.address_id = b.address_id  WHERE a.status = 'obligation' AND b.status = 'normal' ORDER BY a.time desc LIMIT 0,10   [ RunTime:0.0004s ]
SQL: SELECT * FROM order_base_info as a INNER JOIN user_address_detail as b on a.address_id = b.address_id  WHERE a.status = 'obligation' AND b.status = 'normal'  [ RunTime:0.0003s ]
INFO: [ app_end ] --START--
INFO: Run Behavior\ShowPageTraceBehavior [ RunTime:0.000355s ]
INFO: [ app_end ] --END-- [ RunTime:0.000370s ]

[ 2020-03-16T22:34:24+08:00 ] 127.0.0.1 /fishClub/index.php/Admin/WareManage/index.html
INFO: [ app_init ] --START--
INFO: Run Behavior\BuildLiteBehavior [ RunTime:0.000006s ]
INFO: [ app_init ] --END-- [ RunTime:0.000179s ]
INFO: [ app_begin ] --START--
INFO: Run Behavior\ReadHtmlCacheBehavior [ RunTime:0.000321s ]
INFO: [ app_begin ] --END-- [ RunTime:0.000338s ]
INFO: [ view_parse ] --START--
INFO: [ template_filter ] --START--
INFO: Run Behavior\ContentReplaceBehavior [ RunTime:0.000068s ]
INFO: [ template_filter ] --END-- [ RunTime:0.000088s ]
INFO: Run Behavior\ParseTemplateBehavior [ RunTime:0.011733s ]
INFO: [ view_parse ] --END-- [ RunTime:0.011754s ]
INFO: [ view_filter ] --START--
INFO: Run Behavior\WriteHtmlCacheBehavior [ RunTime:0.000432s ]
INFO: [ view_filter ] --END-- [ RunTime:0.000444s ]
INFO: [ app_end ] --START--
INFO: Run Behavior\ShowPageTraceBehavior [ RunTime:0.000312s ]
INFO: [ app_end ] --END-- [ RunTime:0.000327s ]

[ 2020-03-16T22:34:24+08:00 ] 127.0.0.1 /fishClub/index.php/Admin/WareManage/WareDatatable?page=1&limit=5
INFO: [ app_init ] --START--
INFO: Run Behavior\BuildLiteBehavior [ RunTime:0.000006s ]
INFO: [ app_init ] --END-- [ RunTime:0.000154s ]
INFO: [ app_begin ] --START--
INFO: Run Behavior\ReadHtmlCacheBehavior [ RunTime:0.000308s ]
INFO: [ app_begin ] --END-- [ RunTime:0.000319s ]
NOTIC: [8] Undefined index: key /Applications/XAMPP/xamppfiles/htdocs/fishClub/Application/Admin/Controller/WareManageController.class.php 第 13 行.
NOTIC: [8] Undefined index: key /Applications/XAMPP/xamppfiles/htdocs/fishClub/Application/Admin/Controller/WareManageController.class.php 第 14 行.
SQL: SHOW COLUMNS FROM `ware_base_info` [ RunTime:0.0015s ]
SQL: SELECT * FROM `ware_base_info` WHERE `status` = 'normal' LIMIT 0,5   [ RunTime:0.0006s ]
SQL: SELECT * FROM `ware_base_info` WHERE `status` = 'normal'  [ RunTime:0.0002s ]
INFO: [ app_end ] --START--
INFO: Run Behavior\ShowPageTraceBehavior [ RunTime:0.000345s ]
INFO: [ app_end ] --END-- [ RunTime:0.000360s ]

[ 2020-03-16T22:34:57+08:00 ] 127.0.0.1 /fishClub/index.php/Admin/WareManage/index.html
INFO: [ app_init ] --START--
INFO: Run Behavior\BuildLiteBehavior [ RunTime:0.000006s ]
INFO: [ app_init ] --END-- [ RunTime:0.000655s ]
INFO: [ app_begin ] --START--
INFO: Run Behavior\ReadHtmlCacheBehavior [ RunTime:0.000546s ]
INFO: [ app_begin ] --END-- [ RunTime:0.000560s ]
INFO: [ view_parse ] --START--
INFO: [ template_filter ] --START--
INFO: Run Behavior\ContentReplaceBehavior [ RunTime:0.000058s ]
INFO: [ template_filter ] --END-- [ RunTime:0.000091s ]
INFO: Run Behavior\ParseTemplateBehavior [ RunTime:0.007800s ]
INFO: [ view_parse ] --END-- [ RunTime:0.007822s ]
INFO: [ view_filter ] --START--
INFO: Run Behavior\WriteHtmlCacheBehavior [ RunTime:0.000630s ]
INFO: [ view_filter ] --END-- [ RunTime:0.000656s ]
INFO: [ app_end ] --START--
INFO: Run Behavior\ShowPageTraceBehavior [ RunTime:0.000789s ]
INFO: [ app_end ] --END-- [ RunTime:0.000812s ]

[ 2020-03-16T22:34:57+08:00 ] 127.0.0.1 /fishClub/index.php/Admin/WareManage/WareDatatable?page=1&limit=5
INFO: [ app_init ] --START--
INFO: Run Behavior\BuildLiteBehavior [ RunTime:0.000007s ]
INFO: [ app_init ] --END-- [ RunTime:0.000183s ]
INFO: [ app_begin ] --START--
INFO: Run Behavior\ReadHtmlCacheBehavior [ RunTime:0.000257s ]
INFO: [ app_begin ] --END-- [ RunTime:0.000271s ]
NOTIC: [8] Undefined index: key /Applications/XAMPP/xamppfiles/htdocs/fishClub/Application/Admin/Controller/WareManageController.class.php 第 13 行.
NOTIC: [8] Undefined index: key /Applications/XAMPP/xamppfiles/htdocs/fishClub/Application/Admin/Controller/WareManageController.class.php 第 14 行.
SQL: SHOW COLUMNS FROM `ware_base_info` [ RunTime:0.0016s ]
SQL: SELECT * FROM `ware_base_info` WHERE `status` = 'normal' LIMIT 0,5   [ RunTime:0.0008s ]
SQL: SELECT * FROM `ware_base_info` WHERE `status` = 'normal'  [ RunTime:0.0002s ]
INFO: [ app_end ] --START--
INFO: Run Behavior\ShowPageTraceBehavior [ RunTime:0.000355s ]
INFO: [ app_end ] --END-- [ RunTime:0.000369s ]

[ 2020-03-16T22:34:57+08:00 ] 127.0.0.1 /fishClub/index.php/Admin/OrderInformation/orderInformationIndex.html
INFO: [ app_init ] --START--
INFO: Run Behavior\BuildLiteBehavior [ RunTime:0.000005s ]
INFO: [ app_init ] --END-- [ RunTime:0.000210s ]
INFO: [ app_begin ] --START--
INFO: Run Behavior\ReadHtmlCacheBehavior [ RunTime:0.000210s ]
INFO: [ app_begin ] --END-- [ RunTime:0.000224s ]
INFO: [ view_parse ] --START--
INFO: [ template_filter ] --START--
INFO: Run Behavior\ContentReplaceBehavior [ RunTime:0.000055s ]
INFO: [ template_filter ] --END-- [ RunTime:0.000072s ]
INFO: Run Behavior\ParseTemplateBehavior [ RunTime:0.006069s ]
INFO: [ view_parse ] --END-- [ RunTime:0.006084s ]
INFO: [ view_filter ] --START--
INFO: Run Behavior\WriteHtmlCacheBehavior [ RunTime:0.000095s ]
INFO: [ view_filter ] --END-- [ RunTime:0.000104s ]
INFO: [ app_end ] --START--
INFO: Run Behavior\ShowPageTraceBehavior [ RunTime:0.000231s ]
INFO: [ app_end ] --END-- [ RunTime:0.000242s ]

[ 2020-03-16T22:34:57+08:00 ] 127.0.0.1 /fishClub/index.php/Admin/OrderInformation/orderInfoDatatable?page=1&limit=10
INFO: [ app_init ] --START--
INFO: Run Behavior\BuildLiteBehavior [ RunTime:0.000005s ]
INFO: [ app_init ] --END-- [ RunTime:0.000159s ]
INFO: [ app_begin ] --START--
INFO: Run Behavior\ReadHtmlCacheBehavior [ RunTime:0.000204s ]
INFO: [ app_begin ] --END-- [ RunTime:0.000216s ]
NOTIC: [8] Undefined index: key /Applications/XAMPP/xamppfiles/htdocs/fishClub/Application/Admin/Controller/OrderInformationController.class.php 第 13 行.
SQL: SHOW COLUMNS FROM `order_base_info` [ RunTime:0.0024s ]
SQL: SELECT b.user_id,b.first_name,b.last_name,b.company,b.adress,b.apartment,b.city,b.country,b.state,b.zip_code,b.email,b.phone,a.order_id,a.order_number,a.time,a.real_pay,a.address_id,a.status FROM order_base_info as a INNER JOIN user_address_detail as b on a.address_id = b.address_id  WHERE a.status = 'obligation' AND b.status = 'normal' ORDER BY a.time desc LIMIT 0,10   [ RunTime:0.0005s ]
SQL: SELECT * FROM order_base_info as a INNER JOIN user_address_detail as b on a.address_id = b.address_id  WHERE a.status = 'obligation' AND b.status = 'normal'  [ RunTime:0.0003s ]
INFO: [ app_end ] --START--
INFO: Run Behavior\ShowPageTraceBehavior [ RunTime:0.000321s ]
INFO: [ app_end ] --END-- [ RunTime:0.000333s ]

[ 2020-03-16T22:34:59+08:00 ] 127.0.0.1 /fishClub/index.php/Admin/OrderInformation/orderInfoDatatable?page=1&limit=10
INFO: [ app_init ] --START--
INFO: Run Behavior\BuildLiteBehavior [ RunTime:0.000010s ]
INFO: [ app_init ] --END-- [ RunTime:0.000412s ]
INFO: [ app_begin ] --START--
INFO: Run Behavior\ReadHtmlCacheBehavior [ RunTime:0.000368s ]
INFO: [ app_begin ] --END-- [ RunTime:0.000393s ]
NOTIC: [8] Undefined index: key /Applications/XAMPP/xamppfiles/htdocs/fishClub/Application/Admin/Controller/OrderInformationController.class.php 第 13 行.
SQL: SHOW COLUMNS FROM `order_base_info` [ RunTime:0.0042s ]
SQL: SELECT b.user_id,b.first_name,b.last_name,b.company,b.adress,b.apartment,b.city,b.country,b.state,b.zip_code,b.email,b.phone,a.order_id,a.order_number,a.time,a.real_pay,a.address_id,a.status FROM order_base_info as a INNER JOIN user_address_detail as b on a.address_id = b.address_id  WHERE a.status = 'obligation' AND b.status = 'normal' ORDER BY a.time desc LIMIT 0,10   [ RunTime:0.0006s ]
SQL: SELECT * FROM order_base_info as a INNER JOIN user_address_detail as b on a.address_id = b.address_id  WHERE a.status = 'obligation' AND b.status = 'normal'  [ RunTime:0.0024s ]
INFO: [ app_end ] --START--
INFO: Run Behavior\ShowPageTraceBehavior [ RunTime:0.000293s ]
INFO: [ app_end ] --END-- [ RunTime:0.000308s ]

[ 2020-03-16T22:34:59+08:00 ] 127.0.0.1 /fishClub/index.php/Admin/OrderInformation/orderInfoDatatable?page=1&limit=10&key%5Bstatus%5D=payed&key%5Bsearch%5D=
INFO: [ app_init ] --START--
INFO: Run Behavior\BuildLiteBehavior [ RunTime:0.000007s ]
INFO: [ app_init ] --END-- [ RunTime:0.000264s ]
INFO: [ app_begin ] --START--
INFO: Run Behavior\ReadHtmlCacheBehavior [ RunTime:0.000344s ]
INFO: [ app_begin ] --END-- [ RunTime:0.000377s ]
SQL: SHOW COLUMNS FROM `order_base_info` [ RunTime:0.0012s ]
SQL: SELECT b.user_id,b.first_name,b.last_name,b.company,b.adress,b.apartment,b.city,b.country,b.state,b.zip_code,b.email,b.phone,a.order_id,a.order_number,a.time,a.real_pay,a.address_id,a.status FROM order_base_info as a INNER JOIN user_address_detail as b on a.address_id = b.address_id  WHERE a.status = 'payed' AND b.status = 'normal' ORDER BY a.time desc LIMIT 0,10   [ RunTime:0.0011s ]
SQL: SELECT * FROM order_base_info as a INNER JOIN user_address_detail as b on a.address_id = b.address_id  WHERE a.status = 'payed' AND b.status = 'normal'  [ RunTime:0.0004s ]
INFO: [ app_end ] --START--
INFO: Run Behavior\ShowPageTraceBehavior [ RunTime:0.000321s ]
INFO: [ app_end ] --END-- [ RunTime:0.000339s ]

[ 2020-03-16T22:34:59+08:00 ] 127.0.0.1 /fishClub/index.php/Admin/OrderInformation/orderInfoDatatable?page=1&limit=10&key%5Bstatus%5D=payed&key%5Bsearch%5D=
INFO: [ app_init ] --START--
INFO: Run Behavior\BuildLiteBehavior [ RunTime:0.000005s ]
INFO: [ app_init ] --END-- [ RunTime:0.000150s ]
INFO: [ app_begin ] --START--
INFO: Run Behavior\ReadHtmlCacheBehavior [ RunTime:0.000202s ]
INFO: [ app_begin ] --END-- [ RunTime:0.000214s ]
SQL: SHOW COLUMNS FROM `order_base_info` [ RunTime:0.0018s ]
SQL: SELECT b.user_id,b.first_name,b.last_name,b.company,b.adress,b.apartment,b.city,b.country,b.state,b.zip_code,b.email,b.phone,a.order_id,a.order_number,a.time,a.real_pay,a.address_id,a.status FROM order_base_info as a INNER JOIN user_address_detail as b on a.address_id = b.address_id  WHERE a.status = 'payed' AND b.status = 'normal' ORDER BY a.time desc LIMIT 0,10   [ RunTime:0.0004s ]
SQL: SELECT * FROM order_base_info as a INNER JOIN user_address_detail as b on a.address_id = b.address_id  WHERE a.status = 'payed' AND b.status = 'normal'  [ RunTime:0.0003s ]
INFO: [ app_end ] --START--
INFO: Run Behavior\ShowPageTraceBehavior [ RunTime:0.000301s ]
INFO: [ app_end ] --END-- [ RunTime:0.000316s ]

[ 2020-03-16T22:35:00+08:00 ] 127.0.0.1 /fishClub/index.php/Admin/OrderInformation/orderInfoDatatable?page=1&limit=10&key%5Bstatus%5D=payed&key%5Bsearch%5D=
INFO: [ app_init ] --START--
INFO: Run Behavior\BuildLiteBehavior [ RunTime:0.000005s ]
INFO: [ app_init ] --END-- [ RunTime:0.000157s ]
INFO: [ app_begin ] --START--
INFO: Run Behavior\ReadHtmlCacheBehavior [ RunTime:0.000229s ]
INFO: [ app_begin ] --END-- [ RunTime:0.000246s ]
SQL: SHOW COLUMNS FROM `order_base_info` [ RunTime:0.0041s ]
SQL: SELECT b.user_id,b.first_name,b.last_name,b.company,b.adress,b.apartment,b.city,b.country,b.state,b.zip_code,b.email,b.phone,a.order_id,a.order_number,a.time,a.real_pay,a.address_id,a.status FROM order_base_info as a INNER JOIN user_address_detail as b on a.address_id = b.address_id  WHERE a.status = 'payed' AND b.status = 'normal' ORDER BY a.time desc LIMIT 0,10   [ RunTime:0.0006s ]
SQL: SELECT * FROM order_base_info as a INNER JOIN user_address_detail as b on a.address_id = b.address_id  WHERE a.status = 'payed' AND b.status = 'normal'  [ RunTime:0.0003s ]
INFO: [ app_end ] --START--
INFO: Run Behavior\ShowPageTraceBehavior [ RunTime:0.000360s ]
INFO: [ app_end ] --END-- [ RunTime:0.000372s ]

[ 2020-03-16T22:35:00+08:00 ] 127.0.0.1 /fishClub/index.php/Admin/OrderInformation/orderInfoDatatable?page=1&limit=10&key%5Bstatus%5D=completed&key%5Bsearch%5D=
INFO: [ app_init ] --START--
INFO: Run Behavior\BuildLiteBehavior [ RunTime:0.000006s ]
INFO: [ app_init ] --END-- [ RunTime:0.000187s ]
INFO: [ app_begin ] --START--
INFO: Run Behavior\ReadHtmlCacheBehavior [ RunTime:0.000349s ]
INFO: [ app_begin ] --END-- [ RunTime:0.000382s ]
SQL: SHOW COLUMNS FROM `order_base_info` [ RunTime:0.0015s ]
SQL: SELECT b.user_id,b.first_name,b.last_name,b.company,b.adress,b.apartment,b.city,b.country,b.state,b.zip_code,b.email,b.phone,a.order_id,a.order_number,a.time,a.real_pay,a.address_id,a.status FROM order_base_info as a INNER JOIN user_address_detail as b on a.address_id = b.address_id  WHERE a.status = 'completed' AND b.status = 'normal' ORDER BY a.time desc LIMIT 0,10   [ RunTime:0.0005s ]
SQL: SELECT * FROM order_base_info as a INNER JOIN user_address_detail as b on a.address_id = b.address_id  WHERE a.status = 'completed' AND b.status = 'normal'  [ RunTime:0.0005s ]
INFO: [ app_end ] --START--
INFO: Run Behavior\ShowPageTraceBehavior [ RunTime:0.000386s ]
INFO: [ app_end ] --END-- [ RunTime:0.000427s ]

[ 2020-03-16T22:35:00+08:00 ] 127.0.0.1 /fishClub/index.php/Admin/OrderInformation/orderInfoDatatable?page=1&limit=10&key%5Bstatus%5D=completed&key%5Bsearch%5D=
INFO: [ app_init ] --START--
INFO: Run Behavior\BuildLiteBehavior [ RunTime:0.000005s ]
INFO: [ app_init ] --END-- [ RunTime:0.000238s ]
INFO: [ app_begin ] --START--
INFO: Run Behavior\ReadHtmlCacheBehavior [ RunTime:0.000240s ]
INFO: [ app_begin ] --END-- [ RunTime:0.000267s ]
SQL: SHOW COLUMNS FROM `order_base_info` [ RunTime:0.0013s ]
SQL: SELECT b.user_id,b.first_name,b.last_name,b.company,b.adress,b.apartment,b.city,b.country,b.state,b.zip_code,b.email,b.phone,a.order_id,a.order_number,a.time,a.real_pay,a.address_id,a.status FROM order_base_info as a INNER JOIN user_address_detail as b on a.address_id = b.address_id  WHERE a.status = 'completed' AND b.status = 'normal' ORDER BY a.time desc LIMIT 0,10   [ RunTime:0.0004s ]
SQL: SELECT * FROM order_base_info as a INNER JOIN user_address_detail as b on a.address_id = b.address_id  WHERE a.status = 'completed' AND b.status = 'normal'  [ RunTime:0.0003s ]
INFO: [ app_end ] --START--
INFO: Run Behavior\ShowPageTraceBehavior [ RunTime:0.000293s ]
INFO: [ app_end ] --END-- [ RunTime:0.000307s ]

[ 2020-03-16T22:35:01+08:00 ] 127.0.0.1 /fishClub/index.php/Admin/ContactInformation/contact.html
INFO: [ app_init ] --START--
INFO: Run Behavior\BuildLiteBehavior [ RunTime:0.000005s ]
INFO: [ app_init ] --END-- [ RunTime:0.000147s ]
INFO: [ app_begin ] --START--
INFO: Run Behavior\ReadHtmlCacheBehavior [ RunTime:0.000286s ]
INFO: [ app_begin ] --END-- [ RunTime:0.000358s ]
INFO: [ view_parse ] --START--
INFO: [ template_filter ] --START--
INFO: Run Behavior\ContentReplaceBehavior [ RunTime:0.000042s ]
INFO: [ template_filter ] --END-- [ RunTime:0.000061s ]
INFO: Run Behavior\ParseTemplateBehavior [ RunTime:0.004355s ]
INFO: [ view_parse ] --END-- [ RunTime:0.004383s ]
INFO: [ view_filter ] --START--
INFO: Run Behavior\WriteHtmlCacheBehavior [ RunTime:0.000099s ]
INFO: [ view_filter ] --END-- [ RunTime:0.000108s ]
INFO: [ app_end ] --START--
INFO: Run Behavior\ShowPageTraceBehavior [ RunTime:0.000235s ]
INFO: [ app_end ] --END-- [ RunTime:0.000245s ]

[ 2020-03-16T22:35:01+08:00 ] 127.0.0.1 /fishClub/index.php/Admin/ContactInformation/contactDatatable?page=1&limit=5
INFO: [ app_init ] --START--
INFO: Run Behavior\BuildLiteBehavior [ RunTime:0.000006s ]
INFO: [ app_init ] --END-- [ RunTime:0.000159s ]
INFO: [ app_begin ] --START--
INFO: Run Behavior\ReadHtmlCacheBehavior [ RunTime:0.000194s ]
INFO: [ app_begin ] --END-- [ RunTime:0.000206s ]
SQL: SHOW COLUMNS FROM `management_base_info` [ RunTime:0.0017s ]
SQL: SELECT * FROM `management_base_info` WHERE `status` = 'normal' LIMIT 0,5   [ RunTime:0.0003s ]
SQL: SELECT * FROM `management_base_info` WHERE `status` = 'normal'  [ RunTime:0.0002s ]
INFO: [ app_end ] --START--
INFO: Run Behavior\ShowPageTraceBehavior [ RunTime:0.000296s ]
INFO: [ app_end ] --END-- [ RunTime:0.000311s ]

[ 2020-03-16T22:35:03+08:00 ] 127.0.0.1 /fishClub/index.php/Admin/DiscountManage/index.html
INFO: [ app_init ] --START--
INFO: Run Behavior\BuildLiteBehavior [ RunTime:0.000006s ]
INFO: [ app_init ] --END-- [ RunTime:0.000186s ]
INFO: [ app_begin ] --START--
INFO: Run Behavior\ReadHtmlCacheBehavior [ RunTime:0.000200s ]
INFO: [ app_begin ] --END-- [ RunTime:0.000212s ]
INFO: [ view_parse ] --START--
INFO: [ template_filter ] --START--
INFO: Run Behavior\ContentReplaceBehavior [ RunTime:0.000041s ]
INFO: [ template_filter ] --END-- [ RunTime:0.000057s ]
INFO: Run Behavior\ParseTemplateBehavior [ RunTime:0.004570s ]
INFO: [ view_parse ] --END-- [ RunTime:0.004588s ]
INFO: [ view_filter ] --START--
INFO: Run Behavior\WriteHtmlCacheBehavior [ RunTime:0.000102s ]
INFO: [ view_filter ] --END-- [ RunTime:0.000114s ]
INFO: [ app_end ] --START--
INFO: Run Behavior\ShowPageTraceBehavior [ RunTime:0.000298s ]
INFO: [ app_end ] --END-- [ RunTime:0.000317s ]

[ 2020-03-16T22:35:03+08:00 ] 127.0.0.1 /fishClub/index.php/Admin/DiscountManage/DiscountDatatable?page=1&limit=10
INFO: [ app_init ] --START--
INFO: Run Behavior\BuildLiteBehavior [ RunTime:0.000010s ]
INFO: [ app_init ] --END-- [ RunTime:0.000198s ]
INFO: [ app_begin ] --START--
INFO: Run Behavior\ReadHtmlCacheBehavior [ RunTime:0.000200s ]
INFO: [ app_begin ] --END-- [ RunTime:0.000213s ]
SQL: SHOW COLUMNS FROM `discount_base_info` [ RunTime:0.0044s ]
SQL: SELECT * FROM `discount_base_info` WHERE `status` = 'normal' LIMIT 0,10   [ RunTime:0.0018s ]
SQL: SELECT * FROM `discount_base_info` WHERE `status` = 'normal'  [ RunTime:0.0002s ]
INFO: [ app_end ] --START--
INFO: Run Behavior\ShowPageTraceBehavior [ RunTime:0.000302s ]
INFO: [ app_end ] --END-- [ RunTime:0.000316s ]

[ 2020-03-16T22:35:05+08:00 ] 127.0.0.1 /fishClub/index.php/Admin/Account/account.html
INFO: [ app_init ] --START--
INFO: Run Behavior\BuildLiteBehavior [ RunTime:0.000005s ]
INFO: [ app_init ] --END-- [ RunTime:0.000150s ]
INFO: [ app_begin ] --START--
INFO: Run Behavior\ReadHtmlCacheBehavior [ RunTime:0.000190s ]
INFO: [ app_begin ] --END-- [ RunTime:0.000203s ]
INFO: [ view_parse ] --START--
INFO: [ template_filter ] --START--
INFO: Run Behavior\ContentReplaceBehavior [ RunTime:0.000035s ]
INFO: [ template_filter ] --END-- [ RunTime:0.000052s ]
INFO: Run Behavior\ParseTemplateBehavior [ RunTime:0.003950s ]
INFO: [ view_parse ] --END-- [ RunTime:0.003969s ]
INFO: [ view_filter ] --START--
INFO: Run Behavior\WriteHtmlCacheBehavior [ RunTime:0.000098s ]
INFO: [ view_filter ] --END-- [ RunTime:0.000107s ]
INFO: [ app_end ] --START--
INFO: Run Behavior\ShowPageTraceBehavior [ RunTime:0.000243s ]
INFO: [ app_end ] --END-- [ RunTime:0.000254s ]

[ 2020-03-16T22:35:05+08:00 ] 127.0.0.1 /fishClub/index.php/Admin/Account/userTable?page=1&limit=10
INFO: [ app_init ] --START--
INFO: Run Behavior\BuildLiteBehavior [ RunTime:0.000039s ]
INFO: [ app_init ] --END-- [ RunTime:0.000244s ]
INFO: [ app_begin ] --START--
INFO: Run Behavior\ReadHtmlCacheBehavior [ RunTime:0.000349s ]
INFO: [ app_begin ] --END-- [ RunTime:0.000413s ]
SQL: SHOW COLUMNS FROM `user_base_info` [ RunTime:0.0015s ]
SQL: SELECT * FROM `user_base_info` WHERE `status` = 'normal' LIMIT 0,10   [ RunTime:0.0003s ]
SQL: SELECT * FROM `user_base_info` WHERE `status` = 'normal'  [ RunTime:0.0002s ]
INFO: [ app_end ] --START--
INFO: Run Behavior\ShowPageTraceBehavior [ RunTime:0.001151s ]
INFO: [ app_end ] --END-- [ RunTime:0.001168s ]

[ 2020-03-16T22:35:05+08:00 ] 127.0.0.1 /fishClub/index.php/Admin/WareManage/index.html
INFO: [ app_init ] --START--
INFO: Run Behavior\BuildLiteBehavior [ RunTime:0.000005s ]
INFO: [ app_init ] --END-- [ RunTime:0.000153s ]
INFO: [ app_begin ] --START--
INFO: Run Behavior\ReadHtmlCacheBehavior [ RunTime:0.000200s ]
INFO: [ app_begin ] --END-- [ RunTime:0.000213s ]
INFO: [ view_parse ] --START--
INFO: [ template_filter ] --START--
INFO: Run Behavior\ContentReplaceBehavior [ RunTime:0.000062s ]
INFO: [ template_filter ] --END-- [ RunTime:0.000077s ]
INFO: Run Behavior\ParseTemplateBehavior [ RunTime:0.004449s ]
INFO: [ view_parse ] --END-- [ RunTime:0.004469s ]
INFO: [ view_filter ] --START--
INFO: Run Behavior\WriteHtmlCacheBehavior [ RunTime:0.000109s ]
INFO: [ view_filter ] --END-- [ RunTime:0.000120s ]
INFO: [ app_end ] --START--
INFO: Run Behavior\ShowPageTraceBehavior [ RunTime:0.000296s ]
INFO: [ app_end ] --END-- [ RunTime:0.000313s ]

[ 2020-03-16T22:35:05+08:00 ] 127.0.0.1 /fishClub/index.php/Admin/WareManage/WareDatatable?page=1&limit=5
INFO: [ app_init ] --START--
INFO: Run Behavior\BuildLiteBehavior [ RunTime:0.000006s ]
INFO: [ app_init ] --END-- [ RunTime:0.000156s ]
INFO: [ app_begin ] --START--
INFO: Run Behavior\ReadHtmlCacheBehavior [ RunTime:0.000203s ]
INFO: [ app_begin ] --END-- [ RunTime:0.000216s ]
NOTIC: [8] Undefined index: key /Applications/XAMPP/xamppfiles/htdocs/fishClub/Application/Admin/Controller/WareManageController.class.php 第 13 行.
NOTIC: [8] Undefined index: key /Applications/XAMPP/xamppfiles/htdocs/fishClub/Application/Admin/Controller/WareManageController.class.php 第 14 行.
SQL: SHOW COLUMNS FROM `ware_base_info` [ RunTime:0.0015s ]
SQL: SELECT * FROM `ware_base_info` WHERE `status` = 'normal' LIMIT 0,5   [ RunTime:0.0004s ]
SQL: SELECT * FROM `ware_base_info` WHERE `status` = 'normal'  [ RunTime:0.0002s ]
INFO: [ app_end ] --START--
INFO: Run Behavior\ShowPageTraceBehavior [ RunTime:0.000285s ]
INFO: [ app_end ] --END-- [ RunTime:0.000298s ]

[ 2020-03-16T22:35:06+08:00 ] 127.0.0.1 /fishClub/index.php/Admin/OrderInformation/orderInformationIndex.html
INFO: [ app_init ] --START--
INFO: Run Behavior\BuildLiteBehavior [ RunTime:0.000006s ]
INFO: [ app_init ] --END-- [ RunTime:0.000185s ]
INFO: [ app_begin ] --START--
INFO: Run Behavior\ReadHtmlCacheBehavior [ RunTime:0.000198s ]
INFO: [ app_begin ] --END-- [ RunTime:0.000211s ]
INFO: [ view_parse ] --START--
INFO: [ template_filter ] --START--
INFO: Run Behavior\ContentReplaceBehavior [ RunTime:0.000053s ]
INFO: [ template_filter ] --END-- [ RunTime:0.000067s ]
INFO: Run Behavior\ParseTemplateBehavior [ RunTime:0.003458s ]
INFO: [ view_parse ] --END-- [ RunTime:0.003473s ]
INFO: [ view_filter ] --START--
INFO: Run Behavior\WriteHtmlCacheBehavior [ RunTime:0.000087s ]
INFO: [ view_filter ] --END-- [ RunTime:0.000097s ]
INFO: [ app_end ] --START--
INFO: Run Behavior\ShowPageTraceBehavior [ RunTime:0.000227s ]
INFO: [ app_end ] --END-- [ RunTime:0.000239s ]

[ 2020-03-16T22:35:06+08:00 ] 127.0.0.1 /fishClub/index.php/Admin/OrderInformation/orderInfoDatatable?page=1&limit=10
INFO: [ app_init ] --START--
INFO: Run Behavior\BuildLiteBehavior [ RunTime:0.000005s ]
INFO: [ app_init ] --END-- [ RunTime:0.000205s ]
INFO: [ app_begin ] --START--
INFO: Run Behavior\ReadHtmlCacheBehavior [ RunTime:0.000229s ]
INFO: [ app_begin ] --END-- [ RunTime:0.000241s ]
NOTIC: [8] Undefined index: key /Applications/XAMPP/xamppfiles/htdocs/fishClub/Application/Admin/Controller/OrderInformationController.class.php 第 13 行.
SQL: SHOW COLUMNS FROM `order_base_info` [ RunTime:0.0016s ]
SQL: SELECT b.user_id,b.first_name,b.last_name,b.company,b.adress,b.apartment,b.city,b.country,b.state,b.zip_code,b.email,b.phone,a.order_id,a.order_number,a.time,a.real_pay,a.address_id,a.status FROM order_base_info as a INNER JOIN user_address_detail as b on a.address_id = b.address_id  WHERE a.status = 'obligation' AND b.status = 'normal' ORDER BY a.time desc LIMIT 0,10   [ RunTime:0.0005s ]
SQL: SELECT * FROM order_base_info as a INNER JOIN user_address_detail as b on a.address_id = b.address_id  WHERE a.status = 'obligation' AND b.status = 'normal'  [ RunTime:0.0004s ]
INFO: [ app_end ] --START--
INFO: Run Behavior\ShowPageTraceBehavior [ RunTime:0.000316s ]
INFO: [ app_end ] --END-- [ RunTime:0.000329s ]

[ 2020-03-16T22:35:07+08:00 ] 127.0.0.1 /fishClub/index.php/Admin/Account/account.html
INFO: [ app_init ] --START--
INFO: Run Behavior\BuildLiteBehavior [ RunTime:0.000005s ]
INFO: [ app_init ] --END-- [ RunTime:0.000152s ]
INFO: [ app_begin ] --START--
INFO: Run Behavior\ReadHtmlCacheBehavior [ RunTime:0.000193s ]
INFO: [ app_begin ] --END-- [ RunTime:0.000206s ]
INFO: [ view_parse ] --START--
INFO: [ template_filter ] --START--
INFO: Run Behavior\ContentReplaceBehavior [ RunTime:0.000032s ]
INFO: [ template_filter ] --END-- [ RunTime:0.000045s ]
INFO: Run Behavior\ParseTemplateBehavior [ RunTime:0.002594s ]
INFO: [ view_parse ] --END-- [ RunTime:0.002607s ]
INFO: [ view_filter ] --START--
INFO: Run Behavior\WriteHtmlCacheBehavior [ RunTime:0.000081s ]
INFO: [ view_filter ] --END-- [ RunTime:0.000089s ]
INFO: [ app_end ] --START--
INFO: Run Behavior\ShowPageTraceBehavior [ RunTime:0.000212s ]
INFO: [ app_end ] --END-- [ RunTime:0.000221s ]

[ 2020-03-16T22:35:07+08:00 ] 127.0.0.1 /fishClub/index.php/Admin/Account/userTable?page=1&limit=10
INFO: [ app_init ] --START--
INFO: Run Behavior\BuildLiteBehavior [ RunTime:0.000005s ]
INFO: [ app_init ] --END-- [ RunTime:0.000150s ]
INFO: [ app_begin ] --START--
INFO: Run Behavior\ReadHtmlCacheBehavior [ RunTime:0.000192s ]
INFO: [ app_begin ] --END-- [ RunTime:0.000204s ]
SQL: SHOW COLUMNS FROM `user_base_info` [ RunTime:0.0016s ]
SQL: SELECT * FROM `user_base_info` WHERE `status` = 'normal' LIMIT 0,10   [ RunTime:0.0003s ]
SQL: SELECT * FROM `user_base_info` WHERE `status` = 'normal'  [ RunTime:0.0002s ]
INFO: [ app_end ] --START--
INFO: Run Behavior\ShowPageTraceBehavior [ RunTime:0.000290s ]
INFO: [ app_end ] --END-- [ RunTime:0.000303s ]

[ 2020-03-16T22:35:09+08:00 ] 127.0.0.1 /fishClub/index.php/Admin/WareManage/index.html
INFO: [ app_init ] --START--
INFO: Run Behavior\BuildLiteBehavior [ RunTime:0.000009s ]
INFO: [ app_init ] --END-- [ RunTime:0.000169s ]
INFO: [ app_begin ] --START--
INFO: Run Behavior\ReadHtmlCacheBehavior [ RunTime:0.000202s ]
INFO: [ app_begin ] --END-- [ RunTime:0.000216s ]
INFO: [ view_parse ] --START--
INFO: [ template_filter ] --START--
INFO: Run Behavior\ContentReplaceBehavior [ RunTime:0.000046s ]
INFO: [ template_filter ] --END-- [ RunTime:0.000059s ]
INFO: Run Behavior\ParseTemplateBehavior [ RunTime:0.003410s ]
INFO: [ view_parse ] --END-- [ RunTime:0.003423s ]
INFO: [ view_filter ] --START--
INFO: Run Behavior\WriteHtmlCacheBehavior [ RunTime:0.000084s ]
INFO: [ view_filter ] --END-- [ RunTime:0.000093s ]
INFO: [ app_end ] --START--
INFO: Run Behavior\ShowPageTraceBehavior [ RunTime:0.000329s ]
INFO: [ app_end ] --END-- [ RunTime:0.000349s ]

[ 2020-03-16T22:35:09+08:00 ] 127.0.0.1 /fishClub/index.php/Admin/WareManage/WareDatatable?page=1&limit=5
INFO: [ app_init ] --START--
INFO: Run Behavior\BuildLiteBehavior [ RunTime:0.000006s ]
INFO: [ app_init ] --END-- [ RunTime:0.000167s ]
INFO: [ app_begin ] --START--
INFO: Run Behavior\ReadHtmlCacheBehavior [ RunTime:0.000237s ]
INFO: [ app_begin ] --END-- [ RunTime:0.000253s ]
NOTIC: [8] Undefined index: key /Applications/XAMPP/xamppfiles/htdocs/fishClub/Application/Admin/Controller/WareManageController.class.php 第 13 行.
NOTIC: [8] Undefined index: key /Applications/XAMPP/xamppfiles/htdocs/fishClub/Application/Admin/Controller/WareManageController.class.php 第 14 行.
SQL: SHOW COLUMNS FROM `ware_base_info` [ RunTime:0.0021s ]
SQL: SELECT * FROM `ware_base_info` WHERE `status` = 'normal' LIMIT 0,5   [ RunTime:0.0003s ]
SQL: SELECT * FROM `ware_base_info` WHERE `status` = 'normal'  [ RunTime:0.0002s ]
INFO: [ app_end ] --START--
INFO: Run Behavior\ShowPageTraceBehavior [ RunTime:0.000328s ]
INFO: [ app_end ] --END-- [ RunTime:0.000342s ]

[ 2020-03-16T22:35:09+08:00 ] 127.0.0.1 /fishClub/index.php/Admin/OrderInformation/orderInformationIndex.html
INFO: [ app_init ] --START--
INFO: Run Behavior\BuildLiteBehavior [ RunTime:0.000005s ]
INFO: [ app_init ] --END-- [ RunTime:0.000149s ]
INFO: [ app_begin ] --START--
INFO: Run Behavior\ReadHtmlCacheBehavior [ RunTime:0.000194s ]
INFO: [ app_begin ] --END-- [ RunTime:0.000206s ]
INFO: [ view_parse ] --START--
INFO: [ template_filter ] --START--
INFO: Run Behavior\ContentReplaceBehavior [ RunTime:0.000054s ]
INFO: [ template_filter ] --END-- [ RunTime:0.000068s ]
INFO: Run Behavior\ParseTemplateBehavior [ RunTime:0.003313s ]
INFO: [ view_parse ] --END-- [ RunTime:0.003326s ]
INFO: [ view_filter ] --START--
INFO: Run Behavior\WriteHtmlCacheBehavior [ RunTime:0.000087s ]
INFO: [ view_filter ] --END-- [ RunTime:0.000095s ]
INFO: [ app_end ] --START--
INFO: Run Behavior\ShowPageTraceBehavior [ RunTime:0.000241s ]
INFO: [ app_end ] --END-- [ RunTime:0.000255s ]

[ 2020-03-16T22:35:09+08:00 ] 127.0.0.1 /fishClub/index.php/Admin/OrderInformation/orderInfoDatatable?page=1&limit=10
INFO: [ app_init ] --START--
INFO: Run Behavior\BuildLiteBehavior [ RunTime:0.000007s ]
INFO: [ app_init ] --END-- [ RunTime:0.000223s ]
INFO: [ app_begin ] --START--
INFO: Run Behavior\ReadHtmlCacheBehavior [ RunTime:0.000291s ]
INFO: [ app_begin ] --END-- [ RunTime:0.000314s ]
NOTIC: [8] Undefined index: key /Applications/XAMPP/xamppfiles/htdocs/fishClub/Application/Admin/Controller/OrderInformationController.class.php 第 13 行.
SQL: SHOW COLUMNS FROM `order_base_info` [ RunTime:0.0012s ]
SQL: SELECT b.user_id,b.first_name,b.last_name,b.company,b.adress,b.apartment,b.city,b.country,b.state,b.zip_code,b.email,b.phone,a.order_id,a.order_number,a.time,a.real_pay,a.address_id,a.status FROM order_base_info as a INNER JOIN user_address_detail as b on a.address_id = b.address_id  WHERE a.status = 'obligation' AND b.status = 'normal' ORDER BY a.time desc LIMIT 0,10   [ RunTime:0.0003s ]
SQL: SELECT * FROM order_base_info as a INNER JOIN user_address_detail as b on a.address_id = b.address_id  WHERE a.status = 'obligation' AND b.status = 'normal'  [ RunTime:0.0003s ]
INFO: [ app_end ] --START--
INFO: Run Behavior\ShowPageTraceBehavior [ RunTime:0.000285s ]
INFO: [ app_end ] --END-- [ RunTime:0.000297s ]

[ 2020-03-16T22:35:10+08:00 ] 127.0.0.1 /fishClub/index.php/Admin/ContactInformation/contact.html
INFO: [ app_init ] --START--
INFO: Run Behavior\BuildLiteBehavior [ RunTime:0.000006s ]
INFO: [ app_init ] --END-- [ RunTime:0.000183s ]
INFO: [ app_begin ] --START--
INFO: Run Behavior\ReadHtmlCacheBehavior [ RunTime:0.000215s ]
INFO: [ app_begin ] --END-- [ RunTime:0.000229s ]
INFO: [ view_parse ] --START--
INFO: [ template_filter ] --START--
INFO: Run Behavior\ContentReplaceBehavior [ RunTime:0.000041s ]
INFO: [ template_filter ] --END-- [ RunTime:0.000057s ]
INFO: Run Behavior\ParseTemplateBehavior [ RunTime:0.003825s ]
INFO: [ view_parse ] --END-- [ RunTime:0.003838s ]
INFO: [ view_filter ] --START--
INFO: Run Behavior\WriteHtmlCacheBehavior [ RunTime:0.000085s ]
INFO: [ view_filter ] --END-- [ RunTime:0.000093s ]
INFO: [ app_end ] --START--
INFO: Run Behavior\ShowPageTraceBehavior [ RunTime:0.000225s ]
INFO: [ app_end ] --END-- [ RunTime:0.000236s ]

[ 2020-03-16T22:35:10+08:00 ] 127.0.0.1 /fishClub/index.php/Admin/ContactInformation/contactDatatable?page=1&limit=5
INFO: [ app_init ] --START--
INFO: Run Behavior\BuildLiteBehavior [ RunTime:0.000023s ]
INFO: [ app_init ] --END-- [ RunTime:0.000248s ]
INFO: [ app_begin ] --START--
INFO: Run Behavior\ReadHtmlCacheBehavior [ RunTime:0.000218s ]
INFO: [ app_begin ] --END-- [ RunTime:0.000249s ]
SQL: SHOW COLUMNS FROM `management_base_info` [ RunTime:0.0012s ]
SQL: SELECT * FROM `management_base_info` WHERE `status` = 'normal' LIMIT 0,5   [ RunTime:0.0003s ]
SQL: SELECT * FROM `management_base_info` WHERE `status` = 'normal'  [ RunTime:0.0001s ]
INFO: [ app_end ] --START--
INFO: Run Behavior\ShowPageTraceBehavior [ RunTime:0.000266s ]
INFO: [ app_end ] --END-- [ RunTime:0.000280s ]

[ 2020-03-16T22:35:11+08:00 ] 127.0.0.1 /fishClub/index.php/Admin/DiscountManage/index.html
INFO: [ app_init ] --START--
INFO: Run Behavior\BuildLiteBehavior [ RunTime:0.000005s ]
INFO: [ app_init ] --END-- [ RunTime:0.000151s ]
INFO: [ app_begin ] --START--
INFO: Run Behavior\ReadHtmlCacheBehavior [ RunTime:0.000197s ]
INFO: [ app_begin ] --END-- [ RunTime:0.000210s ]
INFO: [ view_parse ] --START--
INFO: [ template_filter ] --START--
INFO: Run Behavior\ContentReplaceBehavior [ RunTime:0.000049s ]
INFO: [ template_filter ] --END-- [ RunTime:0.000076s ]
INFO: Run Behavior\ParseTemplateBehavior [ RunTime:0.003935s ]
INFO: [ view_parse ] --END-- [ RunTime:0.003954s ]
INFO: [ view_filter ] --START--
INFO: Run Behavior\WriteHtmlCacheBehavior [ RunTime:0.000169s ]
INFO: [ view_filter ] --END-- [ RunTime:0.000180s ]
INFO: [ app_end ] --START--
INFO: Run Behavior\ShowPageTraceBehavior [ RunTime:0.000376s ]
INFO: [ app_end ] --END-- [ RunTime:0.000415s ]

[ 2020-03-16T22:35:11+08:00 ] 127.0.0.1 /fishClub/index.php/Admin/DiscountManage/DiscountDatatable?page=1&limit=10
INFO: [ app_init ] --START--
INFO: Run Behavior\BuildLiteBehavior [ RunTime:0.000006s ]
INFO: [ app_init ] --END-- [ RunTime:0.000153s ]
INFO: [ app_begin ] --START--
INFO: Run Behavior\ReadHtmlCacheBehavior [ RunTime:0.000198s ]
INFO: [ app_begin ] --END-- [ RunTime:0.000210s ]
SQL: SHOW COLUMNS FROM `discount_base_info` [ RunTime:0.0013s ]
SQL: SELECT * FROM `discount_base_info` WHERE `status` = 'normal' LIMIT 0,10   [ RunTime:0.0002s ]
SQL: SELECT * FROM `discount_base_info` WHERE `status` = 'normal'  [ RunTime:0.0002s ]
INFO: [ app_end ] --START--
INFO: Run Behavior\ShowPageTraceBehavior [ RunTime:0.000268s ]
INFO: [ app_end ] --END-- [ RunTime:0.000282s ]

