[ 2020-02-29T13:17:42+08:00 ] 127.0.0.1 /fishClub/index.php/Home/OrderDetail/adress.html
INFO: [ app_init ] --START--
INFO: Run Behavior\BuildLiteBehavior [ RunTime:0.000009s ]
INFO: [ app_init ] --END-- [ RunTime:0.001106s ]
INFO: [ app_begin ] --START--
INFO: Run Behavior\ReadHtmlCacheBehavior [ RunTime:0.000600s ]
INFO: [ app_begin ] --END-- [ RunTime:0.000699s ]
SQL: SHOW COLUMNS FROM `user_address_detail` [ RunTime:0.0180s ]
SQL: SELECT * FROM `user_address_detail` WHERE `user_id` = 14 AND `status` = 'normal' LIMIT 1   [ RunTime:0.0086s ]
SQL: SHOW COLUMNS FROM `cart_detail_info` [ RunTime:0.0042s ]
SQL: SELECT * FROM cart_detail_info as a INNER JOIN ware_base_info as b on a.ware_id = b.ware_id  WHERE a.status = 'normal' AND b.status = 'normal' AND `cart_id` = '14'  [ RunTime:0.0049s ]
SQL: SELECT a.ware_id,a.count,b.price FROM cart_detail_info as a INNER JOIN ware_base_info as b on a.ware_id = b.ware_id  WHERE a.status = 'normal' AND b.status = 'normal' AND `cart_id` = '14'  [ RunTime:0.0003s ]
INFO: [ view_parse ] --START--
INFO: [ template_filter ] --START--
INFO: Run Behavior\ContentReplaceBehavior [ RunTime:0.000847s ]
INFO: [ template_filter ] --END-- [ RunTime:0.000880s ]
INFO: Run Behavior\ParseTemplateBehavior [ RunTime:0.009521s ]
INFO: [ view_parse ] --END-- [ RunTime:0.009540s ]
INFO: [ view_filter ] --START--
INFO: Run Behavior\WriteHtmlCacheBehavior [ RunTime:0.000425s ]
INFO: [ view_filter ] --END-- [ RunTime:0.000443s ]
INFO: [ app_end ] --START--
INFO: Run Behavior\ShowPageTraceBehavior [ RunTime:0.000701s ]
INFO: [ app_end ] --END-- [ RunTime:0.000728s ]

