[ 2020-03-10T13:00:36+08:00 ] 127.0.0.1 /fishClub/index.php/Home/Main/myOrder.html
INFO: [ app_init ] --START--
INFO: Run Behavior\BuildLiteBehavior [ RunTime:0.000014s ]
INFO: [ app_init ] --END-- [ RunTime:0.000664s ]
INFO: [ app_begin ] --START--
INFO: Run Behavior\ReadHtmlCacheBehavior [ RunTime:0.000598s ]
INFO: [ app_begin ] --END-- [ RunTime:0.000617s ]
SQL: SHOW COLUMNS FROM `user_base_info` [ RunTime:0.0057s ]
SQL: SELECT * FROM `user_base_info` WHERE `user_id` = 1 AND `status` = 'normal' LIMIT 1   [ RunTime:0.0013s ]
SQL: SHOW COLUMNS FROM `ware_base_info` [ RunTime:0.0018s ]
SQL: SELECT * FROM `ware_base_info` WHERE `status` = 'normal'  [ RunTime:0.0002s ]
SQL: SHOW COLUMNS FROM `cart_detail_info` [ RunTime:0.0011s ]
SQL: SELECT * FROM `cart_detail_info` WHERE `cart_id` = 1 AND `status` = 'normal'  [ RunTime:0.0003s ]
SQL: SHOW COLUMNS FROM `order_base_info` [ RunTime:0.0010s ]
SQL: SELECT a.order_id,a.ware_total,a.discount,a.order_number,a.total,a.real_pay FROM order_base_info as a WHERE a.status = 'obligation' AND a.user_id = '1'  [ RunTime:0.0003s ]
SQL: SHOW COLUMNS FROM `order_ware_detail` [ RunTime:0.0012s ]
SQL: SELECT a.id,a.price,a.count,b.name,b.picture FROM order_ware_detail as a INNER JOIN ware_base_info as b on a.id = b.ware_id  WHERE a.status = 'normal' AND a.order_id = '2'  [ RunTime:0.0003s ]
SQL: SELECT a.order_id,a.ware_total,a.discount,a.order_number,a.total,a.real_pay FROM order_base_info as a WHERE a.status = 'completed' AND a.user_id = '1'  [ RunTime:0.0002s ]
SQL: SELECT a.id,a.price,a.count,b.name,b.picture FROM order_ware_detail as a INNER JOIN ware_base_info as b on a.id = b.ware_id  WHERE a.status = 'normal' AND a.order_id = '1'  [ RunTime:0.0002s ]
NOTIC: [8] Undefined variable: ifshow /Applications/XAMPP/xamppfiles/htdocs/fishClub/Application/Home/Controller/MainController.class.php 第 186 行.
INFO: [ view_parse ] --START--
INFO: [ template_filter ] --START--
INFO: Run Behavior\ContentReplaceBehavior [ RunTime:0.000085s ]
INFO: [ template_filter ] --END-- [ RunTime:0.000101s ]
INFO: Run Behavior\ParseTemplateBehavior [ RunTime:0.006743s ]
INFO: [ view_parse ] --END-- [ RunTime:0.006757s ]
INFO: [ view_filter ] --START--
INFO: Run Behavior\WriteHtmlCacheBehavior [ RunTime:0.000618s ]
INFO: [ view_filter ] --END-- [ RunTime:0.000627s ]
INFO: [ app_end ] --START--
INFO: Run Behavior\ShowPageTraceBehavior [ RunTime:0.000790s ]
INFO: [ app_end ] --END-- [ RunTime:0.000811s ]

[ 2020-03-10T13:00:38+08:00 ] 127.0.0.1 /fishClub/index.php/Home/Main/myOrder.html
INFO: [ app_init ] --START--
INFO: Run Behavior\BuildLiteBehavior [ RunTime:0.000013s ]
INFO: [ app_init ] --END-- [ RunTime:0.000248s ]
INFO: [ app_begin ] --START--
INFO: Run Behavior\ReadHtmlCacheBehavior [ RunTime:0.000306s ]
INFO: [ app_begin ] --END-- [ RunTime:0.000328s ]
SQL: SHOW COLUMNS FROM `user_base_info` [ RunTime:0.0020s ]
SQL: SELECT * FROM `user_base_info` WHERE `user_id` = 1 AND `status` = 'normal' LIMIT 1   [ RunTime:0.0003s ]
SQL: SHOW COLUMNS FROM `ware_base_info` [ RunTime:0.0011s ]
SQL: SELECT * FROM `ware_base_info` WHERE `status` = 'normal'  [ RunTime:0.0002s ]
SQL: SHOW COLUMNS FROM `cart_detail_info` [ RunTime:0.0010s ]
SQL: SELECT * FROM `cart_detail_info` WHERE `cart_id` = 1 AND `status` = 'normal'  [ RunTime:0.0003s ]
SQL: SHOW COLUMNS FROM `order_base_info` [ RunTime:0.0013s ]
SQL: SELECT a.order_id,a.ware_total,a.discount,a.order_number,a.total,a.real_pay FROM order_base_info as a WHERE a.status = 'obligation' AND a.user_id = '1'  [ RunTime:0.0002s ]
SQL: SHOW COLUMNS FROM `order_ware_detail` [ RunTime:0.0019s ]
SQL: SELECT a.id,a.price,a.count,b.name,b.picture FROM order_ware_detail as a INNER JOIN ware_base_info as b on a.id = b.ware_id  WHERE a.status = 'normal' AND a.order_id = '2'  [ RunTime:0.0003s ]
SQL: SELECT a.order_id,a.ware_total,a.discount,a.order_number,a.total,a.real_pay FROM order_base_info as a WHERE a.status = 'completed' AND a.user_id = '1'  [ RunTime:0.0003s ]
SQL: SELECT a.id,a.price,a.count,b.name,b.picture FROM order_ware_detail as a INNER JOIN ware_base_info as b on a.id = b.ware_id  WHERE a.status = 'normal' AND a.order_id = '1'  [ RunTime:0.0003s ]
NOTIC: [8] Undefined variable: ifshow /Applications/XAMPP/xamppfiles/htdocs/fishClub/Application/Home/Controller/MainController.class.php 第 186 行.
INFO: [ view_parse ] --START--
INFO: [ template_filter ] --START--
INFO: Run Behavior\ContentReplaceBehavior [ RunTime:0.000091s ]
INFO: [ template_filter ] --END-- [ RunTime:0.000112s ]
INFO: Run Behavior\ParseTemplateBehavior [ RunTime:0.006705s ]
INFO: [ view_parse ] --END-- [ RunTime:0.006728s ]
INFO: [ view_filter ] --START--
INFO: Run Behavior\WriteHtmlCacheBehavior [ RunTime:0.000118s ]
INFO: [ view_filter ] --END-- [ RunTime:0.000128s ]
INFO: [ app_end ] --START--
INFO: Run Behavior\ShowPageTraceBehavior [ RunTime:0.000312s ]
INFO: [ app_end ] --END-- [ RunTime:0.000326s ]

[ 2020-03-10T13:03:18+08:00 ] 127.0.0.1 /fishClub/index.php/Home/Main/myOrder.html
INFO: [ app_init ] --START--
INFO: Run Behavior\BuildLiteBehavior [ RunTime:0.000006s ]
INFO: [ app_init ] --END-- [ RunTime:0.000149s ]
INFO: [ app_begin ] --START--
INFO: Run Behavior\ReadHtmlCacheBehavior [ RunTime:0.000201s ]
INFO: [ app_begin ] --END-- [ RunTime:0.000215s ]
SQL: SHOW COLUMNS FROM `user_base_info` [ RunTime:0.0015s ]
SQL: SELECT * FROM `user_base_info` WHERE `user_id` = 1 AND `status` = 'normal' LIMIT 1   [ RunTime:0.0003s ]
SQL: SHOW COLUMNS FROM `ware_base_info` [ RunTime:0.0012s ]
SQL: SELECT * FROM `ware_base_info` WHERE `status` = 'normal'  [ RunTime:0.0003s ]
SQL: SHOW COLUMNS FROM `cart_detail_info` [ RunTime:0.0014s ]
SQL: SELECT * FROM `cart_detail_info` WHERE `cart_id` = 1 AND `status` = 'normal'  [ RunTime:0.0003s ]
SQL: SHOW COLUMNS FROM `order_base_info` [ RunTime:0.0014s ]
SQL: SELECT a.order_id,a.ware_total,a.discount,a.order_number,a.total,a.real_pay FROM order_base_info as a WHERE a.status = 'obligation' AND a.user_id = '1'  [ RunTime:0.0004s ]
SQL: SHOW COLUMNS FROM `order_ware_detail` [ RunTime:0.0013s ]
SQL: SELECT a.id,a.price,a.count,b.name,b.picture FROM order_ware_detail as a INNER JOIN ware_base_info as b on a.id = b.ware_id  WHERE a.status = 'normal' AND a.order_id = '2'  [ RunTime:0.0003s ]
SQL: SELECT a.order_id,a.ware_total,a.discount,a.order_number,a.total,a.real_pay FROM order_base_info as a WHERE a.status = 'completed' AND a.user_id = '1'  [ RunTime:0.0002s ]
SQL: SELECT a.id,a.price,a.count,b.name,b.picture FROM order_ware_detail as a INNER JOIN ware_base_info as b on a.id = b.ware_id  WHERE a.status = 'normal' AND a.order_id = '1'  [ RunTime:0.0002s ]
NOTIC: [8] Undefined variable: ifshow /Applications/XAMPP/xamppfiles/htdocs/fishClub/Application/Home/Controller/MainController.class.php 第 186 行.
INFO: [ view_parse ] --START--
INFO: [ template_filter ] --START--
INFO: Run Behavior\ContentReplaceBehavior [ RunTime:0.000069s ]
INFO: [ template_filter ] --END-- [ RunTime:0.000087s ]
INFO: Run Behavior\ParseTemplateBehavior [ RunTime:0.005427s ]
INFO: [ view_parse ] --END-- [ RunTime:0.005443s ]
INFO: [ view_filter ] --START--
INFO: Run Behavior\WriteHtmlCacheBehavior [ RunTime:0.000101s ]
INFO: [ view_filter ] --END-- [ RunTime:0.000112s ]
INFO: [ app_end ] --START--
INFO: Run Behavior\ShowPageTraceBehavior [ RunTime:0.000307s ]
INFO: [ app_end ] --END-- [ RunTime:0.000324s ]

[ 2020-03-10T13:10:13+08:00 ] 127.0.0.1 /fishClub/index.php/Home/Main/myOrder.html
INFO: [ app_init ] --START--
INFO: Run Behavior\BuildLiteBehavior [ RunTime:0.000018s ]
INFO: [ app_init ] --END-- [ RunTime:0.000496s ]
INFO: [ app_begin ] --START--
INFO: Run Behavior\ReadHtmlCacheBehavior [ RunTime:0.000356s ]
INFO: [ app_begin ] --END-- [ RunTime:0.000386s ]
SQL: SHOW COLUMNS FROM `user_base_info` [ RunTime:0.0201s ]
SQL: SELECT * FROM `user_base_info` WHERE `user_id` = 1 AND `status` = 'normal' LIMIT 1   [ RunTime:0.0087s ]
SQL: SHOW COLUMNS FROM `ware_base_info` [ RunTime:0.0025s ]
SQL: SELECT * FROM `ware_base_info` WHERE `status` = 'normal'  [ RunTime:0.0003s ]
SQL: SHOW COLUMNS FROM `cart_detail_info` [ RunTime:0.0024s ]
SQL: SELECT * FROM `cart_detail_info` WHERE `cart_id` = 1 AND `status` = 'normal'  [ RunTime:0.0017s ]
SQL: SHOW COLUMNS FROM `order_base_info` [ RunTime:0.0022s ]
SQL: SELECT a.order_id,a.ware_total,a.discount,a.order_number,a.total,a.real_pay FROM order_base_info as a WHERE a.status = 'obligation' AND a.user_id = '1'  [ RunTime:0.0006s ]
SQL: SHOW COLUMNS FROM `order_ware_detail` [ RunTime:0.0020s ]
SQL: SELECT a.id,a.price,a.count,b.name,b.picture FROM order_ware_detail as a INNER JOIN ware_base_info as b on a.id = b.ware_id  WHERE a.status = 'normal' AND a.order_id = '2'  [ RunTime:0.0007s ]
SQL: SELECT a.order_id,a.ware_total,a.discount,a.order_number,a.total,a.real_pay FROM order_base_info as a WHERE a.status = 'completed' AND a.user_id = '1'  [ RunTime:0.0003s ]
SQL: SELECT a.id,a.price,a.count,b.name,b.picture FROM order_ware_detail as a INNER JOIN ware_base_info as b on a.id = b.ware_id  WHERE a.status = 'normal' AND a.order_id = '1'  [ RunTime:0.0003s ]
NOTIC: [8] Undefined variable: ifshow /Applications/XAMPP/xamppfiles/htdocs/fishClub/Application/Home/Controller/MainController.class.php 第 186 行.
INFO: [ view_parse ] --START--
INFO: [ template_filter ] --START--
INFO: Run Behavior\ContentReplaceBehavior [ RunTime:0.000118s ]
INFO: [ template_filter ] --END-- [ RunTime:0.000145s ]
INFO: Run Behavior\ParseTemplateBehavior [ RunTime:0.007728s ]
INFO: [ view_parse ] --END-- [ RunTime:0.007758s ]
INFO: [ view_filter ] --START--
INFO: Run Behavior\WriteHtmlCacheBehavior [ RunTime:0.000130s ]
INFO: [ view_filter ] --END-- [ RunTime:0.000146s ]
INFO: [ app_end ] --START--
INFO: Run Behavior\ShowPageTraceBehavior [ RunTime:0.000312s ]
INFO: [ app_end ] --END-- [ RunTime:0.000331s ]

[ 2020-03-10T13:10:13+08:00 ] 127.0.0.1 /fishClub/index.php/Home/Main/favicon.ico
INFO: [ app_init ] --START--
INFO: Run Behavior\BuildLiteBehavior [ RunTime:0.000005s ]
INFO: [ app_init ] --END-- [ RunTime:0.000156s ]

[ 2020-03-10T15:47:39+08:00 ] 127.0.0.1 /fishClub/index.php/Home/Main/myOrder.html
INFO: [ app_init ] --START--
INFO: Run Behavior\BuildLiteBehavior [ RunTime:0.000009s ]
INFO: [ app_init ] --END-- [ RunTime:0.000833s ]
INFO: [ app_begin ] --START--
INFO: Run Behavior\ReadHtmlCacheBehavior [ RunTime:0.000664s ]
INFO: [ app_begin ] --END-- [ RunTime:0.000689s ]
SQL: SHOW COLUMNS FROM `user_base_info` [ RunTime:0.0039s ]
SQL: SELECT * FROM `user_base_info` WHERE `user_id` = 1 AND `status` = 'normal' LIMIT 1   [ RunTime:0.0004s ]
SQL: SHOW COLUMNS FROM `ware_base_info` [ RunTime:0.0021s ]
SQL: SELECT * FROM `ware_base_info` WHERE `status` = 'normal'  [ RunTime:0.0004s ]
SQL: SHOW COLUMNS FROM `cart_detail_info` [ RunTime:0.0020s ]
SQL: SELECT * FROM `cart_detail_info` WHERE `cart_id` = 1 AND `status` = 'normal'  [ RunTime:0.0004s ]
SQL: SHOW COLUMNS FROM `order_base_info` [ RunTime:0.0021s ]
SQL: SELECT a.order_id,a.ware_total,a.discount,a.order_number,a.total,a.real_pay FROM order_base_info as a WHERE a.status = 'obligation' AND a.user_id = '1'  [ RunTime:0.0004s ]
SQL: SHOW COLUMNS FROM `order_ware_detail` [ RunTime:0.0022s ]
SQL: SELECT a.id,a.price,a.count,b.name,b.picture FROM order_ware_detail as a INNER JOIN ware_base_info as b on a.id = b.ware_id  WHERE a.status = 'normal' AND a.order_id = '2'  [ RunTime:0.0005s ]
SQL: SELECT a.order_id,a.ware_total,a.discount,a.order_number,a.total,a.real_pay FROM order_base_info as a WHERE a.status = 'completed' AND a.user_id = '1'  [ RunTime:0.0003s ]
SQL: SELECT a.id,a.price,a.count,b.name,b.picture FROM order_ware_detail as a INNER JOIN ware_base_info as b on a.id = b.ware_id  WHERE a.status = 'normal' AND a.order_id = '1'  [ RunTime:0.0004s ]
NOTIC: [8] Undefined variable: ifshow /Applications/XAMPP/xamppfiles/htdocs/fishClub/Application/Home/Controller/MainController.class.php 第 186 行.
INFO: [ view_parse ] --START--
INFO: [ template_filter ] --START--
INFO: Run Behavior\ContentReplaceBehavior [ RunTime:0.000092s ]
INFO: [ template_filter ] --END-- [ RunTime:0.000117s ]
INFO: Run Behavior\ParseTemplateBehavior [ RunTime:0.012939s ]
INFO: [ view_parse ] --END-- [ RunTime:0.012968s ]
INFO: [ view_filter ] --START--
INFO: Run Behavior\WriteHtmlCacheBehavior [ RunTime:0.000693s ]
INFO: [ view_filter ] --END-- [ RunTime:0.000715s ]
INFO: [ app_end ] --START--
INFO: Run Behavior\ShowPageTraceBehavior [ RunTime:0.000976s ]
INFO: [ app_end ] --END-- [ RunTime:0.001001s ]

[ 2020-03-10T19:42:26+08:00 ] 127.0.0.1 /fishClub/index.php/Home/Main/myOrder.html
INFO: [ app_init ] --START--
INFO: Run Behavior\BuildLiteBehavior [ RunTime:0.000006s ]
INFO: [ app_init ] --END-- [ RunTime:0.000659s ]
INFO: [ app_begin ] --START--
INFO: Run Behavior\ReadHtmlCacheBehavior [ RunTime:0.000555s ]
INFO: [ app_begin ] --END-- [ RunTime:0.000574s ]
SQL: SHOW COLUMNS FROM `user_base_info` [ RunTime:0.0048s ]
SQL: SELECT * FROM `user_base_info` WHERE `user_id` = 1 AND `status` = 'normal' LIMIT 1   [ RunTime:0.0003s ]
SQL: SHOW COLUMNS FROM `ware_base_info` [ RunTime:0.0012s ]
SQL: SELECT * FROM `ware_base_info` WHERE `status` = 'normal'  [ RunTime:0.0003s ]
SQL: SHOW COLUMNS FROM `cart_detail_info` [ RunTime:0.0012s ]
SQL: SELECT * FROM `cart_detail_info` WHERE `cart_id` = 1 AND `status` = 'normal'  [ RunTime:0.0002s ]
SQL: SHOW COLUMNS FROM `order_base_info` [ RunTime:0.0010s ]
SQL: SELECT a.order_id,a.ware_total,a.discount,a.order_number,a.total,a.real_pay FROM order_base_info as a WHERE a.status = 'obligation' AND a.user_id = '1'  [ RunTime:0.0006s ]
SQL: SHOW COLUMNS FROM `order_ware_detail` [ RunTime:0.0011s ]
SQL: SELECT a.id,a.price,a.count,b.name,b.picture FROM order_ware_detail as a INNER JOIN ware_base_info as b on a.id = b.ware_id  WHERE a.status = 'normal' AND a.order_id = '2'  [ RunTime:0.0003s ]
SQL: SELECT a.order_id,a.ware_total,a.discount,a.order_number,a.total,a.real_pay FROM order_base_info as a WHERE a.status = 'completed' AND a.user_id = '1'  [ RunTime:0.0002s ]
SQL: SELECT a.id,a.price,a.count,b.name,b.picture FROM order_ware_detail as a INNER JOIN ware_base_info as b on a.id = b.ware_id  WHERE a.status = 'normal' AND a.order_id = '1'  [ RunTime:0.0002s ]
NOTIC: [8] Undefined variable: ifshow /Applications/XAMPP/xamppfiles/htdocs/fishClub/Application/Home/Controller/MainController.class.php 第 186 行.
INFO: [ view_parse ] --START--
INFO: [ template_filter ] --START--
INFO: Run Behavior\ContentReplaceBehavior [ RunTime:0.000069s ]
INFO: [ template_filter ] --END-- [ RunTime:0.000087s ]
INFO: Run Behavior\ParseTemplateBehavior [ RunTime:0.007176s ]
INFO: [ view_parse ] --END-- [ RunTime:0.007191s ]
INFO: [ view_filter ] --START--
INFO: Run Behavior\WriteHtmlCacheBehavior [ RunTime:0.000597s ]
INFO: [ view_filter ] --END-- [ RunTime:0.000607s ]
INFO: [ app_end ] --START--
INFO: Run Behavior\ShowPageTraceBehavior [ RunTime:0.000617s ]
INFO: [ app_end ] --END-- [ RunTime:0.000633s ]

[ 2020-03-10T19:42:27+08:00 ] 127.0.0.1 /fishClub/index.php/Home/Main/favicon.ico
INFO: [ app_init ] --START--
INFO: Run Behavior\BuildLiteBehavior [ RunTime:0.000006s ]
INFO: [ app_init ] --END-- [ RunTime:0.000172s ]

