[ 2020-02-23T16:13:33+08:00 ] 127.0.0.1 /fishClub/index.php/Home/Main/index.html
INFO: [ app_init ] --START--
INFO: Run Behavior\BuildLiteBehavior [ RunTime:0.000006s ]
INFO: [ app_init ] --END-- [ RunTime:0.000236s ]
INFO: [ app_begin ] --START--
INFO: Run Behavior\ReadHtmlCacheBehavior [ RunTime:0.000246s ]
INFO: [ app_begin ] --END-- [ RunTime:0.000272s ]
SQL: SHOW COLUMNS FROM `user_base_info` [ RunTime:0.0013s ]
SQL: SELECT * FROM `user_base_info` WHERE `user_id` = 14 AND `status` = 'normal' LIMIT 1   [ RunTime:0.0005s ]
SQL: SHOW COLUMNS FROM `ware_base_info` [ RunTime:0.0009s ]
SQL: SELECT * FROM `ware_base_info` WHERE `status` = 'normal'  [ RunTime:0.0002s ]
SQL: SHOW COLUMNS FROM `cart_detail_info` [ RunTime:0.0011s ]
SQL: SELECT * FROM `cart_detail_info` WHERE `cart_id` = 14  [ RunTime:0.0019s ]
INFO: [ view_parse ] --START--
INFO: [ template_filter ] --START--
INFO: Run Behavior\ContentReplaceBehavior [ RunTime:0.000083s ]
INFO: [ template_filter ] --END-- [ RunTime:0.000100s ]
INFO: Run Behavior\ParseTemplateBehavior [ RunTime:0.004050s ]
INFO: [ view_parse ] --END-- [ RunTime:0.004067s ]
INFO: [ view_filter ] --START--
INFO: Run Behavior\WriteHtmlCacheBehavior [ RunTime:0.000083s ]
INFO: [ view_filter ] --END-- [ RunTime:0.000093s ]
INFO: [ app_end ] --START--
INFO: Run Behavior\ShowPageTraceBehavior [ RunTime:0.000224s ]
INFO: [ app_end ] --END-- [ RunTime:0.000238s ]

[ 2020-02-23T16:13:36+08:00 ] 127.0.0.1 /fishClub/index.php/Home/OrderDetail/orderDetail.html
INFO: [ app_init ] --START--
INFO: Run Behavior\BuildLiteBehavior [ RunTime:0.000007s ]
INFO: [ app_init ] --END-- [ RunTime:0.000199s ]
INFO: [ app_begin ] --START--
INFO: Run Behavior\ReadHtmlCacheBehavior [ RunTime:0.000216s ]
INFO: [ app_begin ] --END-- [ RunTime:0.000255s ]
SQL: SHOW COLUMNS FROM `user_base_info` [ RunTime:0.0012s ]
SQL: SELECT * FROM `user_base_info` WHERE `user_id` = 14 AND `status` = 'normal' LIMIT 1   [ RunTime:0.0002s ]
SQL: SHOW COLUMNS FROM `cart_detail_info` [ RunTime:0.0011s ]
SQL: SELECT * FROM `cart_detail_info` WHERE `cart_id` = 14  [ RunTime:0.0002s ]
SQL: SHOW COLUMNS FROM `cart_detail_info` [ RunTime:0.0011s ]
SQL: SELECT * FROM cart_detail_info as a INNER JOIN ware_base_info as b on a.ware_id = b.ware_id  WHERE a.status = 'normal' AND b.status = 'normal' AND `cart_id` = '14'  [ RunTime:0.0020s ]
INFO: [ view_parse ] --START--
INFO: [ template_filter ] --START--
INFO: Run Behavior\ContentReplaceBehavior [ RunTime:0.000132s ]
INFO: [ template_filter ] --END-- [ RunTime:0.000153s ]
INFO: Run Behavior\ParseTemplateBehavior [ RunTime:0.004892s ]
INFO: [ view_parse ] --END-- [ RunTime:0.004914s ]
INFO: [ view_filter ] --START--
INFO: Run Behavior\WriteHtmlCacheBehavior [ RunTime:0.000089s ]
INFO: [ view_filter ] --END-- [ RunTime:0.000099s ]
INFO: [ app_end ] --START--
INFO: Run Behavior\ShowPageTraceBehavior [ RunTime:0.000247s ]
INFO: [ app_end ] --END-- [ RunTime:0.000260s ]

[ 2020-02-23T16:14:42+08:00 ] 127.0.0.1 /fishClub/index.php/Home/OrderDetail/changeWareCount
INFO: [ app_init ] --START--
INFO: Run Behavior\BuildLiteBehavior [ RunTime:0.000006s ]
INFO: [ app_init ] --END-- [ RunTime:0.000168s ]
INFO: [ app_begin ] --START--
INFO: Run Behavior\ReadHtmlCacheBehavior [ RunTime:0.000195s ]
INFO: [ app_begin ] --END-- [ RunTime:0.000212s ]
NOTIC: [8] Undefined index: money /Applications/XAMPP/xamppfiles/htdocs/fishClub/Application/Home/Controller/OrderDetailController.class.php 第 61 行.
NOTIC: [8] Undefined index: price /Applications/XAMPP/xamppfiles/htdocs/fishClub/Application/Home/Controller/OrderDetailController.class.php 第 62 行.
SQL: SHOW COLUMNS FROM `cart_detail_info` [ RunTime:0.0018s ]
NOTIC: [2] Illegal offset type in isset or empty /Applications/XAMPP/xamppfiles/htdocs/fishClub/ThinkPHP/Library/Think/Model.class.php 第 445 行.
SQL: UPDATE `cart_detail_info` SET `count`='2' WHERE `cart_id` = 14 AND `ware_id` = 3 [ RunTime:0.0122s ]
SQL: SELECT * FROM `cart_detail_info` WHERE `cart_id` = 14  [ RunTime:0.0002s ]
INFO: [ app_end ] --START--
INFO: Run Behavior\ShowPageTraceBehavior [ RunTime:0.000445s ]
INFO: [ app_end ] --END-- [ RunTime:0.000462s ]

[ 2020-02-23T16:14:47+08:00 ] 127.0.0.1 /fishClub/index.php/Home/OrderDetail/orderDetail.html
INFO: [ app_init ] --START--
INFO: Run Behavior\BuildLiteBehavior [ RunTime:0.000005s ]
INFO: [ app_init ] --END-- [ RunTime:0.000166s ]
INFO: [ app_begin ] --START--
INFO: Run Behavior\ReadHtmlCacheBehavior [ RunTime:0.000209s ]
INFO: [ app_begin ] --END-- [ RunTime:0.000227s ]
SQL: SHOW COLUMNS FROM `user_base_info` [ RunTime:0.0016s ]
SQL: SELECT * FROM `user_base_info` WHERE `user_id` = 14 AND `status` = 'normal' LIMIT 1   [ RunTime:0.0002s ]
SQL: SHOW COLUMNS FROM `cart_detail_info` [ RunTime:0.0010s ]
SQL: SELECT * FROM `cart_detail_info` WHERE `cart_id` = 14  [ RunTime:0.0002s ]
SQL: SHOW COLUMNS FROM `cart_detail_info` [ RunTime:0.0011s ]
SQL: SELECT * FROM cart_detail_info as a INNER JOIN ware_base_info as b on a.ware_id = b.ware_id  WHERE a.status = 'normal' AND b.status = 'normal' AND `cart_id` = '14'  [ RunTime:0.0003s ]
INFO: [ view_parse ] --START--
INFO: [ template_filter ] --START--
INFO: Run Behavior\ContentReplaceBehavior [ RunTime:0.000133s ]
INFO: [ template_filter ] --END-- [ RunTime:0.000160s ]
INFO: Run Behavior\ParseTemplateBehavior [ RunTime:0.004201s ]
INFO: [ view_parse ] --END-- [ RunTime:0.004225s ]
INFO: [ view_filter ] --START--
INFO: Run Behavior\WriteHtmlCacheBehavior [ RunTime:0.000131s ]
INFO: [ view_filter ] --END-- [ RunTime:0.000143s ]
INFO: [ app_end ] --START--
INFO: Run Behavior\ShowPageTraceBehavior [ RunTime:0.000471s ]
INFO: [ app_end ] --END-- [ RunTime:0.000508s ]

[ 2020-02-23T16:14:51+08:00 ] 127.0.0.1 /fishClub/index.php/Home/OrderDetail/orderDetail.html
INFO: [ app_init ] --START--
INFO: Run Behavior\BuildLiteBehavior [ RunTime:0.000005s ]
INFO: [ app_init ] --END-- [ RunTime:0.000147s ]
INFO: [ app_begin ] --START--
INFO: Run Behavior\ReadHtmlCacheBehavior [ RunTime:0.000257s ]
INFO: [ app_begin ] --END-- [ RunTime:0.000274s ]
SQL: SHOW COLUMNS FROM `user_base_info` [ RunTime:0.0020s ]
SQL: SELECT * FROM `user_base_info` WHERE `user_id` = 14 AND `status` = 'normal' LIMIT 1   [ RunTime:0.0002s ]
SQL: SHOW COLUMNS FROM `cart_detail_info` [ RunTime:0.0009s ]
SQL: SELECT * FROM `cart_detail_info` WHERE `cart_id` = 14  [ RunTime:0.0002s ]
SQL: SHOW COLUMNS FROM `cart_detail_info` [ RunTime:0.0009s ]
SQL: SELECT * FROM cart_detail_info as a INNER JOIN ware_base_info as b on a.ware_id = b.ware_id  WHERE a.status = 'normal' AND b.status = 'normal' AND `cart_id` = '14'  [ RunTime:0.0002s ]
INFO: [ view_parse ] --START--
INFO: [ template_filter ] --START--
INFO: Run Behavior\ContentReplaceBehavior [ RunTime:0.000117s ]
INFO: [ template_filter ] --END-- [ RunTime:0.000132s ]
INFO: Run Behavior\ParseTemplateBehavior [ RunTime:0.003437s ]
INFO: [ view_parse ] --END-- [ RunTime:0.003454s ]
INFO: [ view_filter ] --START--
INFO: Run Behavior\WriteHtmlCacheBehavior [ RunTime:0.000077s ]
INFO: [ view_filter ] --END-- [ RunTime:0.000088s ]
INFO: [ app_end ] --START--
INFO: Run Behavior\ShowPageTraceBehavior [ RunTime:0.000227s ]
INFO: [ app_end ] --END-- [ RunTime:0.000241s ]

[ 2020-02-23T16:15:56+08:00 ] 127.0.0.1 /fishClub/index.php/Home/OrderDetail/adress.html
INFO: [ app_init ] --START--
INFO: Run Behavior\BuildLiteBehavior [ RunTime:0.000006s ]
INFO: [ app_init ] --END-- [ RunTime:0.000197s ]
INFO: [ app_begin ] --START--
INFO: Run Behavior\ReadHtmlCacheBehavior [ RunTime:0.000354s ]
INFO: [ app_begin ] --END-- [ RunTime:0.000384s ]
SQL: SHOW COLUMNS FROM `user_address_detail` [ RunTime:0.0020s ]
SQL: SELECT * FROM `user_address_detail` WHERE `user_id` = 14 AND `status` = 'normal' LIMIT 1   [ RunTime:0.0003s ]
SQL: SHOW COLUMNS FROM `cart_detail_info` [ RunTime:0.0012s ]
SQL: SELECT * FROM cart_detail_info as a INNER JOIN ware_base_info as b on a.ware_id = b.ware_id  WHERE a.status = 'normal' AND b.status = 'normal' AND `cart_id` = '14'  [ RunTime:0.0003s ]
INFO: [ view_parse ] --START--
INFO: [ template_filter ] --START--
INFO: Run Behavior\ContentReplaceBehavior [ RunTime:0.000125s ]
INFO: [ template_filter ] --END-- [ RunTime:0.000165s ]
INFO: Run Behavior\ParseTemplateBehavior [ RunTime:0.005911s ]
INFO: [ view_parse ] --END-- [ RunTime:0.005939s ]
INFO: [ view_filter ] --START--
INFO: Run Behavior\WriteHtmlCacheBehavior [ RunTime:0.000184s ]
INFO: [ view_filter ] --END-- [ RunTime:0.000204s ]
INFO: [ app_end ] --START--
INFO: Run Behavior\ShowPageTraceBehavior [ RunTime:0.000413s ]
INFO: [ app_end ] --END-- [ RunTime:0.000433s ]

[ 2020-02-23T16:16:37+08:00 ] 127.0.0.1 /fishClub/index.php/Home/Main/index.html
INFO: [ app_init ] --START--
INFO: Run Behavior\BuildLiteBehavior [ RunTime:0.000005s ]
INFO: [ app_init ] --END-- [ RunTime:0.000185s ]
INFO: [ app_begin ] --START--
INFO: Run Behavior\ReadHtmlCacheBehavior [ RunTime:0.000298s ]
INFO: [ app_begin ] --END-- [ RunTime:0.000326s ]
SQL: SHOW COLUMNS FROM `user_base_info` [ RunTime:0.0016s ]
SQL: SELECT * FROM `user_base_info` WHERE `user_id` = 14 AND `status` = 'normal' LIMIT 1   [ RunTime:0.0002s ]
SQL: SHOW COLUMNS FROM `ware_base_info` [ RunTime:0.0012s ]
SQL: SELECT * FROM `ware_base_info` WHERE `status` = 'normal'  [ RunTime:0.0002s ]
SQL: SHOW COLUMNS FROM `cart_detail_info` [ RunTime:0.0013s ]
SQL: SELECT * FROM `cart_detail_info` WHERE `cart_id` = 14  [ RunTime:0.0003s ]
INFO: [ view_parse ] --START--
INFO: [ template_filter ] --START--
INFO: Run Behavior\ContentReplaceBehavior [ RunTime:0.000105s ]
INFO: [ template_filter ] --END-- [ RunTime:0.000126s ]
INFO: Run Behavior\ParseTemplateBehavior [ RunTime:0.004265s ]
INFO: [ view_parse ] --END-- [ RunTime:0.004287s ]
INFO: [ view_filter ] --START--
INFO: Run Behavior\WriteHtmlCacheBehavior [ RunTime:0.000093s ]
INFO: [ view_filter ] --END-- [ RunTime:0.000105s ]
INFO: [ app_end ] --START--
INFO: Run Behavior\ShowPageTraceBehavior [ RunTime:0.000266s ]
INFO: [ app_end ] --END-- [ RunTime:0.000287s ]

