[ 2020-03-17T21:58:42+08:00 ] 127.0.0.1 /fishClub/index.php/Home/Main/myOrder.html
INFO: [ app_init ] --START--
INFO: Run Behavior\BuildLiteBehavior [ RunTime:0.000006s ]
INFO: [ app_init ] --END-- [ RunTime:0.000165s ]
INFO: [ app_begin ] --START--
INFO: Run Behavior\ReadHtmlCacheBehavior [ RunTime:0.000211s ]
INFO: [ app_begin ] --END-- [ RunTime:0.000226s ]
SQL: SHOW COLUMNS FROM `user_base_info` [ RunTime:0.0018s ]
SQL: SELECT * FROM `user_base_info` WHERE `user_id` = 1 AND `status` = 'normal' LIMIT 1   [ RunTime:0.0008s ]
SQL: SHOW COLUMNS FROM `ware_base_info` [ RunTime:0.0011s ]
SQL: SELECT * FROM `ware_base_info` WHERE `status` = 'normal'  [ RunTime:0.0002s ]
SQL: SHOW COLUMNS FROM `cart_detail_info` [ RunTime:0.0013s ]
SQL: SELECT * FROM `cart_detail_info` WHERE `cart_id` = 1 AND `status` = 'normal'  [ RunTime:0.0003s ]
SQL: SHOW COLUMNS FROM `order_base_info` [ RunTime:0.0011s ]
SQL: SELECT a.order_id,a.ware_total,a.discount,a.order_number,a.total,a.real_pay FROM order_base_info as a WHERE a.status = 'obligation' AND a.user_id = '1' ORDER BY a.time desc  [ RunTime:0.0002s ]
SQL: SHOW COLUMNS FROM `order_ware_detail` [ RunTime:0.0015s ]
SQL: SELECT a.id,a.price,a.count,b.name,b.picture FROM order_ware_detail as a INNER JOIN ware_base_info as b on a.id = b.ware_id  WHERE a.status = 'normal' AND a.order_id = '5'  [ RunTime:0.0003s ]
SQL: SELECT a.id,a.price,a.count,b.name,b.picture FROM order_ware_detail as a INNER JOIN ware_base_info as b on a.id = b.ware_id  WHERE a.status = 'normal' AND a.order_id = '2'  [ RunTime:0.0002s ]
SQL: SELECT a.order_id,a.ware_total,a.discount,a.order_number,a.total,a.real_pay FROM order_base_info as a WHERE a.user_id = '1' AND a.status IN ('payed','completed') ORDER BY a.time desc  [ RunTime:0.0022s ]
SQL: SELECT a.id,a.price,a.count,b.name,b.picture FROM order_ware_detail as a INNER JOIN ware_base_info as b on a.id = b.ware_id  WHERE a.status = 'normal' AND a.order_id = '4'  [ RunTime:0.0007s ]
SQL: SELECT a.id,a.price,a.count,b.name,b.picture FROM order_ware_detail as a INNER JOIN ware_base_info as b on a.id = b.ware_id  WHERE a.status = 'normal' AND a.order_id = '1'  [ RunTime:0.0002s ]
NOTIC: [8] Undefined variable: ifshow /Applications/XAMPP/xamppfiles/htdocs/fishClub/Application/Home/Controller/MainController.class.php 第 189 行.
INFO: [ view_parse ] --START--
INFO: [ template_filter ] --START--
INFO: Run Behavior\ContentReplaceBehavior [ RunTime:0.000074s ]
INFO: [ template_filter ] --END-- [ RunTime:0.000090s ]
INFO: Run Behavior\ParseTemplateBehavior [ RunTime:0.006380s ]
INFO: [ view_parse ] --END-- [ RunTime:0.006395s ]
INFO: [ view_filter ] --START--
INFO: Run Behavior\WriteHtmlCacheBehavior [ RunTime:0.000101s ]
INFO: [ view_filter ] --END-- [ RunTime:0.000110s ]
INFO: [ app_end ] --START--
INFO: Run Behavior\ShowPageTraceBehavior [ RunTime:0.000273s ]
INFO: [ app_end ] --END-- [ RunTime:0.000284s ]

[ 2020-03-17T21:58:46+08:00 ] 127.0.0.1 /fishClub/index.php/Home/Main/toCancleTheOrder
INFO: [ app_init ] --START--
INFO: Run Behavior\BuildLiteBehavior [ RunTime:0.000005s ]
INFO: [ app_init ] --END-- [ RunTime:0.000160s ]
INFO: [ app_begin ] --START--
INFO: Run Behavior\ReadHtmlCacheBehavior [ RunTime:0.000201s ]
INFO: [ app_begin ] --END-- [ RunTime:0.000214s ]
SQL: SHOW COLUMNS FROM `order_base_info` [ RunTime:0.0016s ]
SQL: UPDATE `order_base_info` SET `status`='delete' WHERE `order_id` = 5 [ RunTime:0.0109s ]
SQL: SHOW COLUMNS FROM `order_ware_detail` [ RunTime:0.0013s ]
SQL: SELECT * FROM `order_ware_detail` WHERE `order_id` = 5 AND `status` = 'normal'  [ RunTime:0.0006s ]
SQL: SHOW COLUMNS FROM `ware_base_info` [ RunTime:0.0014s ]
SQL: SELECT * FROM `ware_base_info` WHERE `ware_id` = 2 AND `status` <> 'delete' LIMIT 1   [ RunTime:0.0003s ]
SQL: UPDATE `ware_base_info` SET `count_max`='1',`status`='normal' WHERE `ware_id` = 2 AND `status` <> 'delete' [ RunTime:0.0002s ]
INFO: [ app_end ] --START--
INFO: Run Behavior\ShowPageTraceBehavior [ RunTime:0.000319s ]
INFO: [ app_end ] --END-- [ RunTime:0.000339s ]

[ 2020-03-17T21:58:46+08:00 ] 127.0.0.1 /fishClub/index.php/Home/Main/myOrder.html
INFO: [ app_init ] --START--
INFO: Run Behavior\BuildLiteBehavior [ RunTime:0.000008s ]
INFO: [ app_init ] --END-- [ RunTime:0.000173s ]
INFO: [ app_begin ] --START--
INFO: Run Behavior\ReadHtmlCacheBehavior [ RunTime:0.000384s ]
INFO: [ app_begin ] --END-- [ RunTime:0.000405s ]
SQL: SHOW COLUMNS FROM `user_base_info` [ RunTime:0.0014s ]
SQL: SELECT * FROM `user_base_info` WHERE `user_id` = 1 AND `status` = 'normal' LIMIT 1   [ RunTime:0.0003s ]
SQL: SHOW COLUMNS FROM `ware_base_info` [ RunTime:0.0014s ]
SQL: SELECT * FROM `ware_base_info` WHERE `status` = 'normal'  [ RunTime:0.0002s ]
SQL: SHOW COLUMNS FROM `cart_detail_info` [ RunTime:0.0013s ]
SQL: SELECT * FROM `cart_detail_info` WHERE `cart_id` = 1 AND `status` = 'normal'  [ RunTime:0.0002s ]
SQL: SHOW COLUMNS FROM `order_base_info` [ RunTime:0.0011s ]
SQL: SELECT a.order_id,a.ware_total,a.discount,a.order_number,a.total,a.real_pay FROM order_base_info as a WHERE a.status = 'obligation' AND a.user_id = '1' ORDER BY a.time desc  [ RunTime:0.0002s ]
SQL: SHOW COLUMNS FROM `order_ware_detail` [ RunTime:0.0012s ]
SQL: SELECT a.id,a.price,a.count,b.name,b.picture FROM order_ware_detail as a INNER JOIN ware_base_info as b on a.id = b.ware_id  WHERE a.status = 'normal' AND a.order_id = '2'  [ RunTime:0.0003s ]
SQL: SELECT a.order_id,a.ware_total,a.discount,a.order_number,a.total,a.real_pay FROM order_base_info as a WHERE a.user_id = '1' AND a.status IN ('payed','completed') ORDER BY a.time desc  [ RunTime:0.0002s ]
SQL: SELECT a.id,a.price,a.count,b.name,b.picture FROM order_ware_detail as a INNER JOIN ware_base_info as b on a.id = b.ware_id  WHERE a.status = 'normal' AND a.order_id = '4'  [ RunTime:0.0002s ]
SQL: SELECT a.id,a.price,a.count,b.name,b.picture FROM order_ware_detail as a INNER JOIN ware_base_info as b on a.id = b.ware_id  WHERE a.status = 'normal' AND a.order_id = '1'  [ RunTime:0.0002s ]
NOTIC: [8] Undefined variable: ifshow /Applications/XAMPP/xamppfiles/htdocs/fishClub/Application/Home/Controller/MainController.class.php 第 189 行.
INFO: [ view_parse ] --START--
INFO: [ template_filter ] --START--
INFO: Run Behavior\ContentReplaceBehavior [ RunTime:0.000069s ]
INFO: [ template_filter ] --END-- [ RunTime:0.000086s ]
INFO: Run Behavior\ParseTemplateBehavior [ RunTime:0.005681s ]
INFO: [ view_parse ] --END-- [ RunTime:0.005697s ]
INFO: [ view_filter ] --START--
INFO: Run Behavior\WriteHtmlCacheBehavior [ RunTime:0.000103s ]
INFO: [ view_filter ] --END-- [ RunTime:0.000112s ]
INFO: [ app_end ] --START--
INFO: Run Behavior\ShowPageTraceBehavior [ RunTime:0.000253s ]
INFO: [ app_end ] --END-- [ RunTime:0.000265s ]

[ 2020-03-17T21:58:52+08:00 ] 127.0.0.1 /fishClub/index.php/Home/OrderDetail/payForOrder.html?order_id=2
INFO: [ app_init ] --START--
INFO: Run Behavior\BuildLiteBehavior [ RunTime:0.000006s ]
INFO: [ app_init ] --END-- [ RunTime:0.000198s ]
INFO: [ app_begin ] --START--
INFO: Run Behavior\ReadHtmlCacheBehavior [ RunTime:0.000268s ]
INFO: [ app_begin ] --END-- [ RunTime:0.000284s ]
SQL: SHOW COLUMNS FROM `order_base_info` [ RunTime:0.0015s ]
SQL: SELECT b.price,b.count,c.ware_id,c.name,c.picture FROM order_base_info as a INNER JOIN order_ware_detail as b on a.order_id = b.order_id INNER JOIN ware_base_info as c on b.id = c.ware_id  WHERE a.order_id = '2' AND a.status = 'obligation' AND b.status = 'normal'  [ RunTime:0.0004s ]
SQL: SHOW COLUMNS FROM `order_base_info` [ RunTime:0.0012s ]
SQL: SELECT * FROM `order_base_info` WHERE `order_id` = 2 AND `status` = 'obligation' LIMIT 1   [ RunTime:0.0003s ]
SQL: SHOW COLUMNS FROM `user_address_detail` [ RunTime:0.0016s ]
SQL: SELECT * FROM `user_address_detail` WHERE `address_id` = 2 LIMIT 1   [ RunTime:0.0004s ]
INFO: [ view_parse ] --START--
INFO: [ template_filter ] --START--
INFO: Run Behavior\ContentReplaceBehavior [ RunTime:0.000118s ]
INFO: [ template_filter ] --END-- [ RunTime:0.000144s ]
NOTIC: [8] Undefined index: ware_total /Applications/XAMPP/xamppfiles/htdocs/fishClub/Application/Runtime/Cache/Home/4bf453a0695d920c4e2ae44915260cfb.php 第 338 行.
INFO: Run Behavior\ParseTemplateBehavior [ RunTime:0.006682s ]
INFO: [ view_parse ] --END-- [ RunTime:0.006701s ]
INFO: [ view_filter ] --START--
INFO: Run Behavior\WriteHtmlCacheBehavior [ RunTime:0.000181s ]
INFO: [ view_filter ] --END-- [ RunTime:0.000197s ]
INFO: [ app_end ] --START--
INFO: Run Behavior\ShowPageTraceBehavior [ RunTime:0.000338s ]
INFO: [ app_end ] --END-- [ RunTime:0.000353s ]

[ 2020-03-17T21:58:55+08:00 ] 127.0.0.1 /fishClub/index.php/Home/Main/myOrder.html
INFO: [ app_init ] --START--
INFO: Run Behavior\BuildLiteBehavior [ RunTime:0.000006s ]
INFO: [ app_init ] --END-- [ RunTime:0.000167s ]
INFO: [ app_begin ] --START--
INFO: Run Behavior\ReadHtmlCacheBehavior [ RunTime:0.000202s ]
INFO: [ app_begin ] --END-- [ RunTime:0.000216s ]
SQL: SHOW COLUMNS FROM `user_base_info` [ RunTime:0.0029s ]
SQL: SELECT * FROM `user_base_info` WHERE `user_id` = 1 AND `status` = 'normal' LIMIT 1   [ RunTime:0.0004s ]
SQL: SHOW COLUMNS FROM `ware_base_info` [ RunTime:0.0015s ]
SQL: SELECT * FROM `ware_base_info` WHERE `status` = 'normal'  [ RunTime:0.0003s ]
SQL: SHOW COLUMNS FROM `cart_detail_info` [ RunTime:0.0011s ]
SQL: SELECT * FROM `cart_detail_info` WHERE `cart_id` = 1 AND `status` = 'normal'  [ RunTime:0.0002s ]
SQL: SHOW COLUMNS FROM `order_base_info` [ RunTime:0.0011s ]
SQL: SELECT a.order_id,a.ware_total,a.discount,a.order_number,a.total,a.real_pay FROM order_base_info as a WHERE a.status = 'obligation' AND a.user_id = '1' ORDER BY a.time desc  [ RunTime:0.0003s ]
SQL: SHOW COLUMNS FROM `order_ware_detail` [ RunTime:0.0012s ]
SQL: SELECT a.id,a.price,a.count,b.name,b.picture FROM order_ware_detail as a INNER JOIN ware_base_info as b on a.id = b.ware_id  WHERE a.status = 'normal' AND a.order_id = '2'  [ RunTime:0.0003s ]
SQL: SELECT a.order_id,a.ware_total,a.discount,a.order_number,a.total,a.real_pay FROM order_base_info as a WHERE a.user_id = '1' AND a.status IN ('payed','completed') ORDER BY a.time desc  [ RunTime:0.0002s ]
SQL: SELECT a.id,a.price,a.count,b.name,b.picture FROM order_ware_detail as a INNER JOIN ware_base_info as b on a.id = b.ware_id  WHERE a.status = 'normal' AND a.order_id = '4'  [ RunTime:0.0002s ]
SQL: SELECT a.id,a.price,a.count,b.name,b.picture FROM order_ware_detail as a INNER JOIN ware_base_info as b on a.id = b.ware_id  WHERE a.status = 'normal' AND a.order_id = '1'  [ RunTime:0.0002s ]
NOTIC: [8] Undefined variable: ifshow /Applications/XAMPP/xamppfiles/htdocs/fishClub/Application/Home/Controller/MainController.class.php 第 189 行.
INFO: [ view_parse ] --START--
INFO: [ template_filter ] --START--
INFO: Run Behavior\ContentReplaceBehavior [ RunTime:0.000068s ]
INFO: [ template_filter ] --END-- [ RunTime:0.000082s ]
INFO: Run Behavior\ParseTemplateBehavior [ RunTime:0.005031s ]
INFO: [ view_parse ] --END-- [ RunTime:0.005046s ]
INFO: [ view_filter ] --START--
INFO: Run Behavior\WriteHtmlCacheBehavior [ RunTime:0.000089s ]
INFO: [ view_filter ] --END-- [ RunTime:0.000097s ]
INFO: [ app_end ] --START--
INFO: Run Behavior\ShowPageTraceBehavior [ RunTime:0.000294s ]
INFO: [ app_end ] --END-- [ RunTime:0.000309s ]

[ 2020-03-17T21:59:22+08:00 ] 127.0.0.1 /fishClub/index.php/Home/Main/index.html
INFO: [ app_init ] --START--
INFO: Run Behavior\BuildLiteBehavior [ RunTime:0.000006s ]
INFO: [ app_init ] --END-- [ RunTime:0.000191s ]
INFO: [ app_begin ] --START--
INFO: Run Behavior\ReadHtmlCacheBehavior [ RunTime:0.000298s ]
INFO: [ app_begin ] --END-- [ RunTime:0.000354s ]
SQL: SHOW COLUMNS FROM `user_base_info` [ RunTime:0.0013s ]
SQL: SELECT * FROM `user_base_info` WHERE `user_id` = 1 AND `status` = 'normal' LIMIT 1   [ RunTime:0.0003s ]
SQL: SHOW COLUMNS FROM `ware_base_info` [ RunTime:0.0011s ]
SQL: SELECT * FROM `ware_base_info` WHERE `status` = 'normal'  [ RunTime:0.0003s ]
SQL: SHOW COLUMNS FROM `cart_detail_info` [ RunTime:0.0012s ]
SQL: SELECT * FROM `cart_detail_info` WHERE `cart_id` = 1 AND `status` = 'normal'  [ RunTime:0.0002s ]
INFO: [ view_parse ] --START--
INFO: [ template_filter ] --START--
INFO: Run Behavior\ContentReplaceBehavior [ RunTime:0.000061s ]
INFO: [ template_filter ] --END-- [ RunTime:0.000077s ]
INFO: Run Behavior\ParseTemplateBehavior [ RunTime:0.009388s ]
INFO: [ view_parse ] --END-- [ RunTime:0.009405s ]
INFO: [ view_filter ] --START--
INFO: Run Behavior\WriteHtmlCacheBehavior [ RunTime:0.000104s ]
INFO: [ view_filter ] --END-- [ RunTime:0.000113s ]
INFO: [ app_end ] --START--
INFO: Run Behavior\ShowPageTraceBehavior [ RunTime:0.000285s ]
INFO: [ app_end ] --END-- [ RunTime:0.000299s ]

[ 2020-03-17T21:59:24+08:00 ] 127.0.0.1 /fishClub/index.php/Home/Main/wareDetail.html?ware_id=3
INFO: [ app_init ] --START--
INFO: Run Behavior\BuildLiteBehavior [ RunTime:0.000006s ]
INFO: [ app_init ] --END-- [ RunTime:0.000170s ]
INFO: [ app_begin ] --START--
INFO: Run Behavior\ReadHtmlCacheBehavior [ RunTime:0.000207s ]
INFO: [ app_begin ] --END-- [ RunTime:0.000220s ]
SQL: SHOW COLUMNS FROM `user_base_info` [ RunTime:0.0012s ]
SQL: SELECT * FROM `user_base_info` WHERE `user_id` = 1 AND `status` = 'normal' LIMIT 1   [ RunTime:0.0003s ]
SQL: SHOW COLUMNS FROM `ware_base_info` [ RunTime:0.0011s ]
SQL: SELECT * FROM `ware_base_info` WHERE `ware_id` = 3 AND `status` = 'normal' LIMIT 1   [ RunTime:0.0003s ]
SQL: SHOW COLUMNS FROM `cart_detail_info` [ RunTime:0.0013s ]
SQL: SELECT * FROM `cart_detail_info` WHERE `status` = 'normal' AND `ware_id` = 3 AND `cart_id` = 1 LIMIT 1   [ RunTime:0.0003s ]
SQL: SELECT * FROM `cart_detail_info` WHERE `cart_id` = 1 AND `status` = 'normal'  [ RunTime:0.0002s ]
INFO: [ view_parse ] --START--
INFO: [ template_filter ] --START--
INFO: Run Behavior\ContentReplaceBehavior [ RunTime:0.000068s ]
INFO: [ template_filter ] --END-- [ RunTime:0.000087s ]
INFO: Run Behavior\ParseTemplateBehavior [ RunTime:0.004140s ]
INFO: [ view_parse ] --END-- [ RunTime:0.004156s ]
INFO: [ view_filter ] --START--
INFO: Run Behavior\WriteHtmlCacheBehavior [ RunTime:0.000097s ]
INFO: [ view_filter ] --END-- [ RunTime:0.000107s ]
INFO: [ app_end ] --START--
INFO: Run Behavior\ShowPageTraceBehavior [ RunTime:0.000250s ]
INFO: [ app_end ] --END-- [ RunTime:0.000263s ]

[ 2020-03-17T21:59:25+08:00 ] 127.0.0.1 /fishClub/index.php/Home/Main/addToCart
INFO: [ app_init ] --START--
INFO: Run Behavior\BuildLiteBehavior [ RunTime:0.000006s ]
INFO: [ app_init ] --END-- [ RunTime:0.000166s ]
INFO: [ app_begin ] --START--
INFO: Run Behavior\ReadHtmlCacheBehavior [ RunTime:0.000249s ]
INFO: [ app_begin ] --END-- [ RunTime:0.000262s ]
SQL: SHOW COLUMNS FROM `ware_base_info` [ RunTime:0.0017s ]
SQL: SELECT * FROM `ware_base_info` WHERE `ware_id` = 3 AND `status` = 'normal' LIMIT 1   [ RunTime:0.0003s ]
SQL: SHOW COLUMNS FROM `cart_detail_info` [ RunTime:0.0013s ]
SQL: SELECT * FROM `cart_detail_info` WHERE `status` = 'normal' AND `ware_id` = 3 AND `cart_id` = 1 LIMIT 1   [ RunTime:0.0003s ]
SQL: INSERT INTO `cart_detail_info` (`cart_id`,`ware_id`,`count`) VALUES ('1','3','1') [ RunTime:0.0054s ]
INFO: [ app_end ] --START--
INFO: Run Behavior\ShowPageTraceBehavior [ RunTime:0.000318s ]
INFO: [ app_end ] --END-- [ RunTime:0.000333s ]

[ 2020-03-17T21:59:25+08:00 ] 127.0.0.1 /fishClub/index.php/Home/Main/index.html
INFO: [ app_init ] --START--
INFO: Run Behavior\BuildLiteBehavior [ RunTime:0.000005s ]
INFO: [ app_init ] --END-- [ RunTime:0.000149s ]
INFO: [ app_begin ] --START--
INFO: Run Behavior\ReadHtmlCacheBehavior [ RunTime:0.000192s ]
INFO: [ app_begin ] --END-- [ RunTime:0.000204s ]
SQL: SHOW COLUMNS FROM `user_base_info` [ RunTime:0.0021s ]
SQL: SELECT * FROM `user_base_info` WHERE `user_id` = 1 AND `status` = 'normal' LIMIT 1   [ RunTime:0.0003s ]
SQL: SHOW COLUMNS FROM `ware_base_info` [ RunTime:0.0012s ]
SQL: SELECT * FROM `ware_base_info` WHERE `status` = 'normal'  [ RunTime:0.0003s ]
SQL: SHOW COLUMNS FROM `cart_detail_info` [ RunTime:0.0015s ]
SQL: SELECT * FROM `cart_detail_info` WHERE `cart_id` = 1 AND `status` = 'normal'  [ RunTime:0.0004s ]
INFO: [ view_parse ] --START--
INFO: [ template_filter ] --START--
INFO: Run Behavior\ContentReplaceBehavior [ RunTime:0.000055s ]
INFO: [ template_filter ] --END-- [ RunTime:0.000073s ]
INFO: Run Behavior\ParseTemplateBehavior [ RunTime:0.003668s ]
INFO: [ view_parse ] --END-- [ RunTime:0.003684s ]
INFO: [ view_filter ] --START--
INFO: Run Behavior\WriteHtmlCacheBehavior [ RunTime:0.000098s ]
INFO: [ view_filter ] --END-- [ RunTime:0.000107s ]
INFO: [ app_end ] --START--
INFO: Run Behavior\ShowPageTraceBehavior [ RunTime:0.000250s ]
INFO: [ app_end ] --END-- [ RunTime:0.000262s ]

[ 2020-03-17T21:59:27+08:00 ] 127.0.0.1 /fishClub/index.php/Home/Main/wareDetail.html?ware_id=4
INFO: [ app_init ] --START--
INFO: Run Behavior\BuildLiteBehavior [ RunTime:0.000007s ]
INFO: [ app_init ] --END-- [ RunTime:0.000169s ]
INFO: [ app_begin ] --START--
INFO: Run Behavior\ReadHtmlCacheBehavior [ RunTime:0.000207s ]
INFO: [ app_begin ] --END-- [ RunTime:0.000220s ]
SQL: SHOW COLUMNS FROM `user_base_info` [ RunTime:0.0015s ]
SQL: SELECT * FROM `user_base_info` WHERE `user_id` = 1 AND `status` = 'normal' LIMIT 1   [ RunTime:0.0003s ]
SQL: SHOW COLUMNS FROM `ware_base_info` [ RunTime:0.0011s ]
SQL: SELECT * FROM `ware_base_info` WHERE `ware_id` = 4 AND `status` = 'normal' LIMIT 1   [ RunTime:0.0002s ]
SQL: SHOW COLUMNS FROM `cart_detail_info` [ RunTime:0.0016s ]
SQL: SELECT * FROM `cart_detail_info` WHERE `status` = 'normal' AND `ware_id` = 4 AND `cart_id` = 1 LIMIT 1   [ RunTime:0.0002s ]
SQL: SELECT * FROM `cart_detail_info` WHERE `cart_id` = 1 AND `status` = 'normal'  [ RunTime:0.0002s ]
INFO: [ view_parse ] --START--
INFO: [ template_filter ] --START--
INFO: Run Behavior\ContentReplaceBehavior [ RunTime:0.000061s ]
INFO: [ template_filter ] --END-- [ RunTime:0.000080s ]
INFO: Run Behavior\ParseTemplateBehavior [ RunTime:0.003798s ]
INFO: [ view_parse ] --END-- [ RunTime:0.003818s ]
INFO: [ view_filter ] --START--
INFO: Run Behavior\WriteHtmlCacheBehavior [ RunTime:0.000099s ]
INFO: [ view_filter ] --END-- [ RunTime:0.000110s ]
INFO: [ app_end ] --START--
INFO: Run Behavior\ShowPageTraceBehavior [ RunTime:0.000262s ]
INFO: [ app_end ] --END-- [ RunTime:0.000278s ]

[ 2020-03-17T21:59:31+08:00 ] 127.0.0.1 /fishClub/index.php/Home/Main/addToCart
INFO: [ app_init ] --START--
INFO: Run Behavior\BuildLiteBehavior [ RunTime:0.000006s ]
INFO: [ app_init ] --END-- [ RunTime:0.000149s ]
INFO: [ app_begin ] --START--
INFO: Run Behavior\ReadHtmlCacheBehavior [ RunTime:0.000192s ]
INFO: [ app_begin ] --END-- [ RunTime:0.000205s ]
SQL: SHOW COLUMNS FROM `ware_base_info` [ RunTime:0.0016s ]
SQL: SELECT * FROM `ware_base_info` WHERE `ware_id` = 4 AND `status` = 'normal' LIMIT 1   [ RunTime:0.0003s ]
SQL: SHOW COLUMNS FROM `cart_detail_info` [ RunTime:0.0011s ]
SQL: SELECT * FROM `cart_detail_info` WHERE `status` = 'normal' AND `ware_id` = 4 AND `cart_id` = 1 LIMIT 1   [ RunTime:0.0002s ]
SQL: INSERT INTO `cart_detail_info` (`cart_id`,`ware_id`,`count`) VALUES ('1','4','3') [ RunTime:0.0015s ]
INFO: [ app_end ] --START--
INFO: Run Behavior\ShowPageTraceBehavior [ RunTime:0.000300s ]
INFO: [ app_end ] --END-- [ RunTime:0.000313s ]

[ 2020-03-17T21:59:31+08:00 ] 127.0.0.1 /fishClub/index.php/Home/Main/index.html
INFO: [ app_init ] --START--
INFO: Run Behavior\BuildLiteBehavior [ RunTime:0.000006s ]
INFO: [ app_init ] --END-- [ RunTime:0.000184s ]
INFO: [ app_begin ] --START--
INFO: Run Behavior\ReadHtmlCacheBehavior [ RunTime:0.000412s ]
INFO: [ app_begin ] --END-- [ RunTime:0.000453s ]
SQL: SHOW COLUMNS FROM `user_base_info` [ RunTime:0.0012s ]
SQL: SELECT * FROM `user_base_info` WHERE `user_id` = 1 AND `status` = 'normal' LIMIT 1   [ RunTime:0.0003s ]
SQL: SHOW COLUMNS FROM `ware_base_info` [ RunTime:0.0014s ]
SQL: SELECT * FROM `ware_base_info` WHERE `status` = 'normal'  [ RunTime:0.0003s ]
SQL: SHOW COLUMNS FROM `cart_detail_info` [ RunTime:0.0011s ]
SQL: SELECT * FROM `cart_detail_info` WHERE `cart_id` = 1 AND `status` = 'normal'  [ RunTime:0.0002s ]
INFO: [ view_parse ] --START--
INFO: [ template_filter ] --START--
INFO: Run Behavior\ContentReplaceBehavior [ RunTime:0.000065s ]
INFO: [ template_filter ] --END-- [ RunTime:0.000089s ]
INFO: Run Behavior\ParseTemplateBehavior [ RunTime:0.005182s ]
INFO: [ view_parse ] --END-- [ RunTime:0.005204s ]
INFO: [ view_filter ] --START--
INFO: Run Behavior\WriteHtmlCacheBehavior [ RunTime:0.000126s ]
INFO: [ view_filter ] --END-- [ RunTime:0.000138s ]
INFO: [ app_end ] --START--
INFO: Run Behavior\ShowPageTraceBehavior [ RunTime:0.000324s ]
INFO: [ app_end ] --END-- [ RunTime:0.000339s ]

[ 2020-03-17T21:59:33+08:00 ] 127.0.0.1 /fishClub/index.php/Home/OrderDetail/orderDetail.html
INFO: [ app_init ] --START--
INFO: Run Behavior\BuildLiteBehavior [ RunTime:0.000006s ]
INFO: [ app_init ] --END-- [ RunTime:0.000177s ]
INFO: [ app_begin ] --START--
INFO: Run Behavior\ReadHtmlCacheBehavior [ RunTime:0.000208s ]
INFO: [ app_begin ] --END-- [ RunTime:0.000222s ]
SQL: SHOW COLUMNS FROM `user_base_info` [ RunTime:0.0023s ]
SQL: SELECT * FROM `user_base_info` WHERE `user_id` = 1 AND `status` = 'normal' LIMIT 1   [ RunTime:0.0011s ]
SQL: SHOW COLUMNS FROM `cart_detail_info` [ RunTime:0.0021s ]
SQL: SELECT * FROM `cart_detail_info` WHERE `cart_id` = 1 AND `status` = 'normal'  [ RunTime:0.0006s ]
SQL: SHOW COLUMNS FROM `cart_detail_info` [ RunTime:0.0022s ]
SQL: SELECT * FROM cart_detail_info as a INNER JOIN ware_base_info as b on a.ware_id = b.ware_id  WHERE a.status = 'normal' AND b.status = 'normal' AND `cart_id` = '1'  [ RunTime:0.0008s ]
INFO: [ view_parse ] --START--
INFO: [ template_filter ] --START--
INFO: Run Behavior\ContentReplaceBehavior [ RunTime:0.000065s ]
INFO: [ template_filter ] --END-- [ RunTime:0.000085s ]
INFO: Run Behavior\ParseTemplateBehavior [ RunTime:0.006519s ]
INFO: [ view_parse ] --END-- [ RunTime:0.006546s ]
INFO: [ view_filter ] --START--
INFO: Run Behavior\WriteHtmlCacheBehavior [ RunTime:0.000122s ]
INFO: [ view_filter ] --END-- [ RunTime:0.000134s ]
INFO: [ app_end ] --START--
INFO: Run Behavior\ShowPageTraceBehavior [ RunTime:0.000281s ]
INFO: [ app_end ] --END-- [ RunTime:0.000295s ]

[ 2020-03-17T21:59:38+08:00 ] 127.0.0.1 /fishClub/index.php/Home/OrderDetail/adress.html
INFO: [ app_init ] --START--
INFO: Run Behavior\BuildLiteBehavior [ RunTime:0.000007s ]
INFO: [ app_init ] --END-- [ RunTime:0.000214s ]
INFO: [ app_begin ] --START--
INFO: Run Behavior\ReadHtmlCacheBehavior [ RunTime:0.000233s ]
INFO: [ app_begin ] --END-- [ RunTime:0.000251s ]
SQL: SHOW COLUMNS FROM `user_address_detail` [ RunTime:0.0013s ]
SQL: SELECT * FROM `user_address_detail` WHERE `user_id` = 1 AND `status` = 'normal' LIMIT 1   [ RunTime:0.0003s ]
SQL: SHOW COLUMNS FROM `cart_detail_info` [ RunTime:0.0013s ]
SQL: SELECT * FROM cart_detail_info as a INNER JOIN ware_base_info as b on a.ware_id = b.ware_id  WHERE a.status = 'normal' AND b.status = 'normal' AND `cart_id` = '1'  [ RunTime:0.0004s ]
SQL: SELECT a.ware_id,a.count,b.price FROM cart_detail_info as a INNER JOIN ware_base_info as b on a.ware_id = b.ware_id  WHERE a.status = 'normal' AND b.status = 'normal' AND `cart_id` = '1'  [ RunTime:0.0002s ]
INFO: [ view_parse ] --START--
INFO: [ template_filter ] --START--
INFO: Run Behavior\ContentReplaceBehavior [ RunTime:0.000067s ]
INFO: [ template_filter ] --END-- [ RunTime:0.000086s ]
INFO: Run Behavior\ParseTemplateBehavior [ RunTime:0.004871s ]
INFO: [ view_parse ] --END-- [ RunTime:0.004895s ]
INFO: [ view_filter ] --START--
INFO: Run Behavior\WriteHtmlCacheBehavior [ RunTime:0.000135s ]
INFO: [ view_filter ] --END-- [ RunTime:0.000148s ]
INFO: [ app_end ] --START--
INFO: Run Behavior\ShowPageTraceBehavior [ RunTime:0.000292s ]
INFO: [ app_end ] --END-- [ RunTime:0.000307s ]

[ 2020-03-17T21:59:43+08:00 ] 127.0.0.1 /fishClub/index.php/Home/OrderDetail/createOrder
INFO: [ app_init ] --START--
INFO: Run Behavior\BuildLiteBehavior [ RunTime:0.000005s ]
INFO: [ app_init ] --END-- [ RunTime:0.000152s ]
INFO: [ app_begin ] --START--
INFO: Run Behavior\ReadHtmlCacheBehavior [ RunTime:0.000192s ]
INFO: [ app_begin ] --END-- [ RunTime:0.000204s ]
SQL: SHOW COLUMNS FROM `user_base_info` [ RunTime:0.0014s ]
SQL: SELECT `email` FROM `user_base_info` WHERE `user_id` = 1 LIMIT 1   [ RunTime:0.0003s ]
SQL: SHOW COLUMNS FROM `user_address_detail` [ RunTime:0.0011s ]
SQL: INSERT INTO `user_address_detail` (`first_name`,`last_name`,`company`,`adress`,`apartment`,`city`,`country`,`state`,`zip_code`,`phone`,`user_id`,`email`) VALUES ('R','Song','tjufe','tjufe tianjin','hebei','Tianjin','United States','Alaska','123451','15022562631','1','2640470874@qq.com') [ RunTime:0.0016s ]
SQL: SHOW COLUMNS FROM `order_base_info` [ RunTime:0.0015s ]
SQL: INSERT INTO `order_base_info` (`user_id`,`order_number`,`time`,`ware_total`,`shipping`,`discount_code`,`discount`,`total`,`real_pay`,`address_id`,`status`) VALUES ('1','2020031710621','2020-03-17 21:59:43','407.56','0','','0','407.56','407.56','6','obligation') [ RunTime:0.0016s ]
SQL: SHOW COLUMNS FROM `order_ware_detail` [ RunTime:0.0012s ]
SQL: INSERT INTO `order_ware_detail` (`order_id`,`id`,`price`,`count`) VALUES ('6','3','109.99','1') [ RunTime:0.0002s ]
SQL: SHOW COLUMNS FROM `ware_base_info` [ RunTime:0.0014s ]
SQL: SELECT `count_max` FROM `ware_base_info` WHERE `ware_id` = 3 AND `status` = 'normal' LIMIT 1   [ RunTime:0.0002s ]
SQL: UPDATE `ware_base_info` SET `count_max`='3' WHERE `ware_id` = 3 [ RunTime:0.0002s ]
SQL: INSERT INTO `order_ware_detail` (`order_id`,`id`,`price`,`count`) VALUES ('6','4','99.19','3') [ RunTime:0.0005s ]
SQL: SELECT `count_max` FROM `ware_base_info` WHERE `ware_id` = 4 AND `status` = 'normal' LIMIT 1   [ RunTime:0.0001s ]
SQL: UPDATE `ware_base_info` SET `count_max`='1' WHERE `ware_id` = 4 [ RunTime:0.0001s ]
SQL: SHOW COLUMNS FROM `cart_detail_info` [ RunTime:0.0011s ]
NOTIC: [2] Illegal offset type in isset or empty /Applications/XAMPP/xamppfiles/htdocs/fishClub/ThinkPHP/Library/Think/Model.class.php 第 511 行.
SQL: DELETE FROM `cart_detail_info` WHERE `ware_id` IN ('3','4') AND `cart_id` = 1 [ RunTime:0.0016s ]
NOTIC: [8] Use of undefined constant flag - assumed 'flag' /Applications/XAMPP/xamppfiles/htdocs/fishClub/Application/Home/Controller/OrderDetailController.class.php 第 183 行.
INFO: [ app_end ] --START--
INFO: Run Behavior\ShowPageTraceBehavior [ RunTime:0.000299s ]
INFO: [ app_end ] --END-- [ RunTime:0.000316s ]

[ 2020-03-17T21:59:43+08:00 ] 127.0.0.1 /fishClub/index.php/Home/OrderDetail/payForOrder.html?order_id=6
INFO: [ app_init ] --START--
INFO: Run Behavior\BuildLiteBehavior [ RunTime:0.000008s ]
INFO: [ app_init ] --END-- [ RunTime:0.000183s ]
INFO: [ app_begin ] --START--
INFO: Run Behavior\ReadHtmlCacheBehavior [ RunTime:0.000266s ]
INFO: [ app_begin ] --END-- [ RunTime:0.000283s ]
SQL: SHOW COLUMNS FROM `order_base_info` [ RunTime:0.0012s ]
SQL: SELECT b.price,b.count,c.ware_id,c.name,c.picture FROM order_base_info as a INNER JOIN order_ware_detail as b on a.order_id = b.order_id INNER JOIN ware_base_info as c on b.id = c.ware_id  WHERE a.order_id = '6' AND a.status = 'obligation' AND b.status = 'normal'  [ RunTime:0.0004s ]
SQL: SHOW COLUMNS FROM `order_base_info` [ RunTime:0.0012s ]
SQL: SELECT * FROM `order_base_info` WHERE `order_id` = 6 AND `status` = 'obligation' LIMIT 1   [ RunTime:0.0003s ]
SQL: SHOW COLUMNS FROM `user_address_detail` [ RunTime:0.0016s ]
SQL: SELECT * FROM `user_address_detail` WHERE `address_id` = 6 LIMIT 1   [ RunTime:0.0004s ]
INFO: [ view_parse ] --START--
INFO: [ template_filter ] --START--
INFO: Run Behavior\ContentReplaceBehavior [ RunTime:0.000064s ]
INFO: [ template_filter ] --END-- [ RunTime:0.000080s ]
NOTIC: [8] Undefined index: ware_total /Applications/XAMPP/xamppfiles/htdocs/fishClub/Application/Runtime/Cache/Home/4bf453a0695d920c4e2ae44915260cfb.php 第 338 行.
INFO: Run Behavior\ParseTemplateBehavior [ RunTime:0.003716s ]
INFO: [ view_parse ] --END-- [ RunTime:0.003729s ]
INFO: [ view_filter ] --START--
INFO: Run Behavior\WriteHtmlCacheBehavior [ RunTime:0.000089s ]
INFO: [ view_filter ] --END-- [ RunTime:0.000097s ]
INFO: [ app_end ] --START--
INFO: Run Behavior\ShowPageTraceBehavior [ RunTime:0.000239s ]
INFO: [ app_end ] --END-- [ RunTime:0.000250s ]

[ 2020-03-17T21:59:53+08:00 ] 127.0.0.1 /fishClub/index.php/Home/Main/myOrder.html
INFO: [ app_init ] --START--
INFO: Run Behavior\BuildLiteBehavior [ RunTime:0.000005s ]
INFO: [ app_init ] --END-- [ RunTime:0.000158s ]
INFO: [ app_begin ] --START--
INFO: Run Behavior\ReadHtmlCacheBehavior [ RunTime:0.000215s ]
INFO: [ app_begin ] --END-- [ RunTime:0.000230s ]
SQL: SHOW COLUMNS FROM `user_base_info` [ RunTime:0.0016s ]
SQL: SELECT * FROM `user_base_info` WHERE `user_id` = 1 AND `status` = 'normal' LIMIT 1   [ RunTime:0.0005s ]
SQL: SHOW COLUMNS FROM `ware_base_info` [ RunTime:0.0013s ]
SQL: SELECT * FROM `ware_base_info` WHERE `status` = 'normal'  [ RunTime:0.0002s ]
SQL: SHOW COLUMNS FROM `cart_detail_info` [ RunTime:0.0013s ]
SQL: SELECT * FROM `cart_detail_info` WHERE `cart_id` = 1 AND `status` = 'normal'  [ RunTime:0.0003s ]
SQL: SHOW COLUMNS FROM `order_base_info` [ RunTime:0.0021s ]
SQL: SELECT a.order_id,a.ware_total,a.discount,a.order_number,a.total,a.real_pay FROM order_base_info as a WHERE a.status = 'obligation' AND a.user_id = '1' ORDER BY a.time desc  [ RunTime:0.0003s ]
SQL: SHOW COLUMNS FROM `order_ware_detail` [ RunTime:0.0012s ]
SQL: SELECT a.id,a.price,a.count,b.name,b.picture FROM order_ware_detail as a INNER JOIN ware_base_info as b on a.id = b.ware_id  WHERE a.status = 'normal' AND a.order_id = '6'  [ RunTime:0.0003s ]
SQL: SELECT a.id,a.price,a.count,b.name,b.picture FROM order_ware_detail as a INNER JOIN ware_base_info as b on a.id = b.ware_id  WHERE a.status = 'normal' AND a.order_id = '2'  [ RunTime:0.0002s ]
SQL: SELECT a.order_id,a.ware_total,a.discount,a.order_number,a.total,a.real_pay FROM order_base_info as a WHERE a.user_id = '1' AND a.status IN ('payed','completed') ORDER BY a.time desc  [ RunTime:0.0002s ]
SQL: SELECT a.id,a.price,a.count,b.name,b.picture FROM order_ware_detail as a INNER JOIN ware_base_info as b on a.id = b.ware_id  WHERE a.status = 'normal' AND a.order_id = '4'  [ RunTime:0.0002s ]
SQL: SELECT a.id,a.price,a.count,b.name,b.picture FROM order_ware_detail as a INNER JOIN ware_base_info as b on a.id = b.ware_id  WHERE a.status = 'normal' AND a.order_id = '1'  [ RunTime:0.0002s ]
NOTIC: [8] Undefined variable: ifshow /Applications/XAMPP/xamppfiles/htdocs/fishClub/Application/Home/Controller/MainController.class.php 第 189 行.
INFO: [ view_parse ] --START--
INFO: [ template_filter ] --START--
INFO: Run Behavior\ContentReplaceBehavior [ RunTime:0.000067s ]
INFO: [ template_filter ] --END-- [ RunTime:0.000083s ]
INFO: Run Behavior\ParseTemplateBehavior [ RunTime:0.005801s ]
INFO: [ view_parse ] --END-- [ RunTime:0.005815s ]
INFO: [ view_filter ] --START--
INFO: Run Behavior\WriteHtmlCacheBehavior [ RunTime:0.000090s ]
INFO: [ view_filter ] --END-- [ RunTime:0.000100s ]
INFO: [ app_end ] --START--
INFO: Run Behavior\ShowPageTraceBehavior [ RunTime:0.000314s ]
INFO: [ app_end ] --END-- [ RunTime:0.000332s ]

[ 2020-03-17T22:02:23+08:00 ] 127.0.0.1 /fishClub/index.php/Home/Main/myOrder.html
INFO: [ app_init ] --START--
INFO: Run Behavior\BuildLiteBehavior [ RunTime:0.000006s ]
INFO: [ app_init ] --END-- [ RunTime:0.000171s ]
INFO: [ app_begin ] --START--
INFO: Run Behavior\ReadHtmlCacheBehavior [ RunTime:0.000239s ]
INFO: [ app_begin ] --END-- [ RunTime:0.000253s ]
SQL: SHOW COLUMNS FROM `user_base_info` [ RunTime:0.0012s ]
SQL: SELECT * FROM `user_base_info` WHERE `user_id` = 1 AND `status` = 'normal' LIMIT 1   [ RunTime:0.0002s ]
SQL: SHOW COLUMNS FROM `ware_base_info` [ RunTime:0.0011s ]
SQL: SELECT * FROM `ware_base_info` WHERE `status` = 'normal'  [ RunTime:0.0002s ]
SQL: SHOW COLUMNS FROM `cart_detail_info` [ RunTime:0.0013s ]
SQL: SELECT * FROM `cart_detail_info` WHERE `cart_id` = 1 AND `status` = 'normal'  [ RunTime:0.0004s ]
SQL: SHOW COLUMNS FROM `order_base_info` [ RunTime:0.0011s ]
SQL: SELECT a.order_id,a.ware_total,a.discount,a.order_number,a.total,a.real_pay FROM order_base_info as a WHERE a.status = 'obligation' AND a.user_id = '1' ORDER BY a.time desc  [ RunTime:0.0002s ]
SQL: SHOW COLUMNS FROM `order_ware_detail` [ RunTime:0.0011s ]
SQL: SELECT a.id,a.price,a.count,b.name,b.picture FROM order_ware_detail as a INNER JOIN ware_base_info as b on a.id = b.ware_id  WHERE a.status = 'normal' AND a.order_id = '2'  [ RunTime:0.0003s ]
SQL: SELECT a.order_id,a.ware_total,a.discount,a.order_number,a.total,a.real_pay FROM order_base_info as a WHERE a.user_id = '1' AND a.status IN ('payed','completed') ORDER BY a.time desc  [ RunTime:0.0002s ]
SQL: SELECT a.id,a.price,a.count,b.name,b.picture FROM order_ware_detail as a INNER JOIN ware_base_info as b on a.id = b.ware_id  WHERE a.status = 'normal' AND a.order_id = '4'  [ RunTime:0.0002s ]
SQL: SELECT a.id,a.price,a.count,b.name,b.picture FROM order_ware_detail as a INNER JOIN ware_base_info as b on a.id = b.ware_id  WHERE a.status = 'normal' AND a.order_id = '1'  [ RunTime:0.0002s ]
NOTIC: [8] Undefined variable: ifshow /Applications/XAMPP/xamppfiles/htdocs/fishClub/Application/Home/Controller/MainController.class.php 第 189 行.
INFO: [ view_parse ] --START--
INFO: [ template_filter ] --START--
INFO: Run Behavior\ContentReplaceBehavior [ RunTime:0.000068s ]
INFO: [ template_filter ] --END-- [ RunTime:0.000085s ]
INFO: Run Behavior\ParseTemplateBehavior [ RunTime:0.005273s ]
INFO: [ view_parse ] --END-- [ RunTime:0.005286s ]
INFO: [ view_filter ] --START--
INFO: Run Behavior\WriteHtmlCacheBehavior [ RunTime:0.000100s ]
INFO: [ view_filter ] --END-- [ RunTime:0.000108s ]
INFO: [ app_end ] --START--
INFO: Run Behavior\ShowPageTraceBehavior [ RunTime:0.000252s ]
INFO: [ app_end ] --END-- [ RunTime:0.000263s ]

[ 2020-03-17T22:02:58+08:00 ] 127.0.0.1 /fishClub/index.php/Home/Main/index.html
INFO: [ app_init ] --START--
INFO: Run Behavior\BuildLiteBehavior [ RunTime:0.000006s ]
INFO: [ app_init ] --END-- [ RunTime:0.000203s ]
INFO: [ app_begin ] --START--
INFO: Run Behavior\ReadHtmlCacheBehavior [ RunTime:0.000598s ]
INFO: [ app_begin ] --END-- [ RunTime:0.000620s ]
SQL: SHOW COLUMNS FROM `user_base_info` [ RunTime:0.0017s ]
SQL: SELECT * FROM `user_base_info` WHERE `user_id` = 1 AND `status` = 'normal' LIMIT 1   [ RunTime:0.0004s ]
SQL: SHOW COLUMNS FROM `ware_base_info` [ RunTime:0.0014s ]
SQL: SELECT * FROM `ware_base_info` WHERE `status` = 'normal'  [ RunTime:0.0003s ]
SQL: SHOW COLUMNS FROM `cart_detail_info` [ RunTime:0.0013s ]
SQL: SELECT * FROM `cart_detail_info` WHERE `cart_id` = 1 AND `status` = 'normal'  [ RunTime:0.0003s ]
INFO: [ view_parse ] --START--
INFO: [ template_filter ] --START--
INFO: Run Behavior\ContentReplaceBehavior [ RunTime:0.000051s ]
INFO: [ template_filter ] --END-- [ RunTime:0.000073s ]
INFO: Run Behavior\ParseTemplateBehavior [ RunTime:0.005980s ]
INFO: [ view_parse ] --END-- [ RunTime:0.005997s ]
INFO: [ view_filter ] --START--
INFO: Run Behavior\WriteHtmlCacheBehavior [ RunTime:0.000114s ]
INFO: [ view_filter ] --END-- [ RunTime:0.000123s ]
INFO: [ app_end ] --START--
INFO: Run Behavior\ShowPageTraceBehavior [ RunTime:0.000283s ]
INFO: [ app_end ] --END-- [ RunTime:0.000306s ]

[ 2020-03-17T22:02:59+08:00 ] 127.0.0.1 /fishClub/index.php/Home/Main/wareDetail.html?ware_id=3
INFO: [ app_init ] --START--
INFO: Run Behavior\BuildLiteBehavior [ RunTime:0.000006s ]
INFO: [ app_init ] --END-- [ RunTime:0.000160s ]
INFO: [ app_begin ] --START--
INFO: Run Behavior\ReadHtmlCacheBehavior [ RunTime:0.000202s ]
INFO: [ app_begin ] --END-- [ RunTime:0.000215s ]
SQL: SHOW COLUMNS FROM `user_base_info` [ RunTime:0.0015s ]
SQL: SELECT * FROM `user_base_info` WHERE `user_id` = 1 AND `status` = 'normal' LIMIT 1   [ RunTime:0.0002s ]
SQL: SHOW COLUMNS FROM `ware_base_info` [ RunTime:0.0011s ]
SQL: SELECT * FROM `ware_base_info` WHERE `ware_id` = 3 AND `status` = 'normal' LIMIT 1   [ RunTime:0.0002s ]
SQL: SHOW COLUMNS FROM `cart_detail_info` [ RunTime:0.0013s ]
SQL: SELECT * FROM `cart_detail_info` WHERE `status` = 'normal' AND `ware_id` = 3 AND `cart_id` = 1 LIMIT 1   [ RunTime:0.0002s ]
SQL: SELECT * FROM `cart_detail_info` WHERE `cart_id` = 1 AND `status` = 'normal'  [ RunTime:0.0002s ]
INFO: [ view_parse ] --START--
INFO: [ template_filter ] --START--
INFO: Run Behavior\ContentReplaceBehavior [ RunTime:0.000053s ]
INFO: [ template_filter ] --END-- [ RunTime:0.000067s ]
INFO: Run Behavior\ParseTemplateBehavior [ RunTime:0.003275s ]
INFO: [ view_parse ] --END-- [ RunTime:0.003288s ]
INFO: [ view_filter ] --START--
INFO: Run Behavior\WriteHtmlCacheBehavior [ RunTime:0.000085s ]
INFO: [ view_filter ] --END-- [ RunTime:0.000094s ]
INFO: [ app_end ] --START--
INFO: Run Behavior\ShowPageTraceBehavior [ RunTime:0.000238s ]
INFO: [ app_end ] --END-- [ RunTime:0.000264s ]

[ 2020-03-17T22:03:06+08:00 ] 127.0.0.1 /fishClub/index.php/Home/Main/addToCart
INFO: [ app_init ] --START--
INFO: Run Behavior\BuildLiteBehavior [ RunTime:0.000005s ]
INFO: [ app_init ] --END-- [ RunTime:0.000154s ]
INFO: [ app_begin ] --START--
INFO: Run Behavior\ReadHtmlCacheBehavior [ RunTime:0.000195s ]
INFO: [ app_begin ] --END-- [ RunTime:0.000208s ]
SQL: SHOW COLUMNS FROM `ware_base_info` [ RunTime:0.0017s ]
SQL: SELECT * FROM `ware_base_info` WHERE `ware_id` = 3 AND `status` = 'normal' LIMIT 1   [ RunTime:0.0004s ]
SQL: SHOW COLUMNS FROM `cart_detail_info` [ RunTime:0.0010s ]
SQL: SELECT * FROM `cart_detail_info` WHERE `status` = 'normal' AND `ware_id` = 3 AND `cart_id` = 1 LIMIT 1   [ RunTime:0.0002s ]
SQL: INSERT INTO `cart_detail_info` (`cart_id`,`ware_id`,`count`) VALUES ('1','3','3') [ RunTime:0.0020s ]
INFO: [ app_end ] --START--
INFO: Run Behavior\ShowPageTraceBehavior [ RunTime:0.000357s ]
INFO: [ app_end ] --END-- [ RunTime:0.000371s ]

[ 2020-03-17T22:03:06+08:00 ] 127.0.0.1 /fishClub/index.php/Home/Main/index.html
INFO: [ app_init ] --START--
INFO: Run Behavior\BuildLiteBehavior [ RunTime:0.000007s ]
INFO: [ app_init ] --END-- [ RunTime:0.000175s ]
INFO: [ app_begin ] --START--
INFO: Run Behavior\ReadHtmlCacheBehavior [ RunTime:0.000268s ]
INFO: [ app_begin ] --END-- [ RunTime:0.000282s ]
SQL: SHOW COLUMNS FROM `user_base_info` [ RunTime:0.0013s ]
SQL: SELECT * FROM `user_base_info` WHERE `user_id` = 1 AND `status` = 'normal' LIMIT 1   [ RunTime:0.0003s ]
SQL: SHOW COLUMNS FROM `ware_base_info` [ RunTime:0.0011s ]
SQL: SELECT * FROM `ware_base_info` WHERE `status` = 'normal'  [ RunTime:0.0003s ]
SQL: SHOW COLUMNS FROM `cart_detail_info` [ RunTime:0.0015s ]
SQL: SELECT * FROM `cart_detail_info` WHERE `cart_id` = 1 AND `status` = 'normal'  [ RunTime:0.0002s ]
INFO: [ view_parse ] --START--
INFO: [ template_filter ] --START--
INFO: Run Behavior\ContentReplaceBehavior [ RunTime:0.000050s ]
INFO: [ template_filter ] --END-- [ RunTime:0.000063s ]
INFO: Run Behavior\ParseTemplateBehavior [ RunTime:0.003500s ]
INFO: [ view_parse ] --END-- [ RunTime:0.003515s ]
INFO: [ view_filter ] --START--
INFO: Run Behavior\WriteHtmlCacheBehavior [ RunTime:0.000092s ]
INFO: [ view_filter ] --END-- [ RunTime:0.000100s ]
INFO: [ app_end ] --START--
INFO: Run Behavior\ShowPageTraceBehavior [ RunTime:0.000240s ]
INFO: [ app_end ] --END-- [ RunTime:0.000251s ]

[ 2020-03-17T22:03:07+08:00 ] 127.0.0.1 /fishClub/index.php/Home/OrderDetail/orderDetail.html
INFO: [ app_init ] --START--
INFO: Run Behavior\BuildLiteBehavior [ RunTime:0.000007s ]
INFO: [ app_init ] --END-- [ RunTime:0.000224s ]
INFO: [ app_begin ] --START--
INFO: Run Behavior\ReadHtmlCacheBehavior [ RunTime:0.000265s ]
INFO: [ app_begin ] --END-- [ RunTime:0.000286s ]
SQL: SHOW COLUMNS FROM `user_base_info` [ RunTime:0.0014s ]
SQL: SELECT * FROM `user_base_info` WHERE `user_id` = 1 AND `status` = 'normal' LIMIT 1   [ RunTime:0.0005s ]
SQL: SHOW COLUMNS FROM `cart_detail_info` [ RunTime:0.0012s ]
SQL: SELECT * FROM `cart_detail_info` WHERE `cart_id` = 1 AND `status` = 'normal'  [ RunTime:0.0003s ]
SQL: SHOW COLUMNS FROM `cart_detail_info` [ RunTime:0.0013s ]
SQL: SELECT * FROM cart_detail_info as a INNER JOIN ware_base_info as b on a.ware_id = b.ware_id  WHERE a.status = 'normal' AND b.status = 'normal' AND `cart_id` = '1'  [ RunTime:0.0003s ]
INFO: [ view_parse ] --START--
INFO: [ template_filter ] --START--
INFO: Run Behavior\ContentReplaceBehavior [ RunTime:0.000060s ]
INFO: [ template_filter ] --END-- [ RunTime:0.000073s ]
INFO: Run Behavior\ParseTemplateBehavior [ RunTime:0.004043s ]
INFO: [ view_parse ] --END-- [ RunTime:0.004056s ]
INFO: [ view_filter ] --START--
INFO: Run Behavior\WriteHtmlCacheBehavior [ RunTime:0.000087s ]
INFO: [ view_filter ] --END-- [ RunTime:0.000095s ]
INFO: [ app_end ] --START--
INFO: Run Behavior\ShowPageTraceBehavior [ RunTime:0.000301s ]
INFO: [ app_end ] --END-- [ RunTime:0.000312s ]

[ 2020-03-17T22:03:09+08:00 ] 127.0.0.1 /fishClub/index.php/Home/OrderDetail/adress.html
INFO: [ app_init ] --START--
INFO: Run Behavior\BuildLiteBehavior [ RunTime:0.000007s ]
INFO: [ app_init ] --END-- [ RunTime:0.000169s ]
INFO: [ app_begin ] --START--
INFO: Run Behavior\ReadHtmlCacheBehavior [ RunTime:0.000208s ]
INFO: [ app_begin ] --END-- [ RunTime:0.000221s ]
SQL: SHOW COLUMNS FROM `user_address_detail` [ RunTime:0.0020s ]
SQL: SELECT * FROM `user_address_detail` WHERE `user_id` = 1 AND `status` = 'normal' LIMIT 1   [ RunTime:0.0007s ]
SQL: SHOW COLUMNS FROM `cart_detail_info` [ RunTime:0.0014s ]
SQL: SELECT * FROM cart_detail_info as a INNER JOIN ware_base_info as b on a.ware_id = b.ware_id  WHERE a.status = 'normal' AND b.status = 'normal' AND `cart_id` = '1'  [ RunTime:0.0004s ]
SQL: SELECT a.ware_id,a.count,b.price FROM cart_detail_info as a INNER JOIN ware_base_info as b on a.ware_id = b.ware_id  WHERE a.status = 'normal' AND b.status = 'normal' AND `cart_id` = '1'  [ RunTime:0.0003s ]
INFO: [ view_parse ] --START--
INFO: [ template_filter ] --START--
INFO: Run Behavior\ContentReplaceBehavior [ RunTime:0.000112s ]
INFO: [ template_filter ] --END-- [ RunTime:0.000131s ]
INFO: Run Behavior\ParseTemplateBehavior [ RunTime:0.005503s ]
INFO: [ view_parse ] --END-- [ RunTime:0.005530s ]
INFO: [ view_filter ] --START--
INFO: Run Behavior\WriteHtmlCacheBehavior [ RunTime:0.000173s ]
INFO: [ view_filter ] --END-- [ RunTime:0.000184s ]
INFO: [ app_end ] --START--
INFO: Run Behavior\ShowPageTraceBehavior [ RunTime:0.000267s ]
INFO: [ app_end ] --END-- [ RunTime:0.000278s ]

[ 2020-03-17T22:03:11+08:00 ] 127.0.0.1 /fishClub/index.php/Home/OrderDetail/createOrder
INFO: [ app_init ] --START--
INFO: Run Behavior\BuildLiteBehavior [ RunTime:0.000005s ]
INFO: [ app_init ] --END-- [ RunTime:0.000147s ]
INFO: [ app_begin ] --START--
INFO: Run Behavior\ReadHtmlCacheBehavior [ RunTime:0.000190s ]
INFO: [ app_begin ] --END-- [ RunTime:0.000203s ]
SQL: SHOW COLUMNS FROM `user_base_info` [ RunTime:0.0016s ]
SQL: SELECT `email` FROM `user_base_info` WHERE `user_id` = 1 LIMIT 1   [ RunTime:0.0003s ]
SQL: SHOW COLUMNS FROM `user_address_detail` [ RunTime:0.0012s ]
SQL: INSERT INTO `user_address_detail` (`first_name`,`last_name`,`company`,`adress`,`apartment`,`city`,`country`,`state`,`zip_code`,`phone`,`user_id`,`email`) VALUES ('R','Song','tjufe','tjufe tianjin','hebei','Tianjin','United States','Alaska','123451','15022562631','1','2640470874@qq.com') [ RunTime:0.0002s ]
SQL: SHOW COLUMNS FROM `order_base_info` [ RunTime:0.0013s ]
SQL: INSERT INTO `order_base_info` (`user_id`,`order_number`,`time`,`ware_total`,`shipping`,`discount_code`,`discount`,`total`,`real_pay`,`address_id`,`status`) VALUES ('1','2020031743995','2020-03-17 22:03:11','329.97','0','','0','329.97','329.97','7','obligation') [ RunTime:0.0003s ]
SQL: SHOW COLUMNS FROM `order_ware_detail` [ RunTime:0.0014s ]
SQL: INSERT INTO `order_ware_detail` (`order_id`,`id`,`price`,`count`) VALUES ('7','3','109.99','3') [ RunTime:0.0004s ]
SQL: SHOW COLUMNS FROM `ware_base_info` [ RunTime:0.0017s ]
SQL: SELECT `count_max` FROM `ware_base_info` WHERE `ware_id` = 3 AND `status` = 'normal' LIMIT 1   [ RunTime:0.0005s ]
SQL: UPDATE `ware_base_info` SET `count_max`='1' WHERE `ware_id` = 3 [ RunTime:0.0002s ]
SQL: SHOW COLUMNS FROM `cart_detail_info` [ RunTime:0.0012s ]
NOTIC: [2] Illegal offset type in isset or empty /Applications/XAMPP/xamppfiles/htdocs/fishClub/ThinkPHP/Library/Think/Model.class.php 第 511 行.
SQL: DELETE FROM `cart_detail_info` WHERE `ware_id` IN ('3') AND `cart_id` = 1 [ RunTime:0.0002s ]
NOTIC: [8] Use of undefined constant flag - assumed 'flag' /Applications/XAMPP/xamppfiles/htdocs/fishClub/Application/Home/Controller/OrderDetailController.class.php 第 183 行.
INFO: [ app_end ] --START--
INFO: Run Behavior\ShowPageTraceBehavior [ RunTime:0.000314s ]
INFO: [ app_end ] --END-- [ RunTime:0.000333s ]

[ 2020-03-17T22:03:11+08:00 ] 127.0.0.1 /fishClub/index.php/Home/OrderDetail/payForOrder.html?order_id=7
INFO: [ app_init ] --START--
INFO: Run Behavior\BuildLiteBehavior [ RunTime:0.000007s ]
INFO: [ app_init ] --END-- [ RunTime:0.000220s ]
INFO: [ app_begin ] --START--
INFO: Run Behavior\ReadHtmlCacheBehavior [ RunTime:0.000211s ]
INFO: [ app_begin ] --END-- [ RunTime:0.000226s ]
SQL: SHOW COLUMNS FROM `order_base_info` [ RunTime:0.0015s ]
SQL: SELECT b.price,b.count,c.ware_id,c.name,c.picture FROM order_base_info as a INNER JOIN order_ware_detail as b on a.order_id = b.order_id INNER JOIN ware_base_info as c on b.id = c.ware_id  WHERE a.order_id = '7' AND a.status = 'obligation' AND b.status = 'normal'  [ RunTime:0.0004s ]
SQL: SHOW COLUMNS FROM `order_base_info` [ RunTime:0.0013s ]
SQL: SELECT * FROM `order_base_info` WHERE `order_id` = 7 AND `status` = 'obligation' LIMIT 1   [ RunTime:0.0003s ]
SQL: SHOW COLUMNS FROM `user_address_detail` [ RunTime:0.0016s ]
SQL: SELECT * FROM `user_address_detail` WHERE `address_id` = 7 LIMIT 1   [ RunTime:0.0003s ]
INFO: [ view_parse ] --START--
INFO: [ template_filter ] --START--
INFO: Run Behavior\ContentReplaceBehavior [ RunTime:0.000049s ]
INFO: [ template_filter ] --END-- [ RunTime:0.000063s ]
NOTIC: [8] Undefined index: ware_total /Applications/XAMPP/xamppfiles/htdocs/fishClub/Application/Runtime/Cache/Home/4bf453a0695d920c4e2ae44915260cfb.php 第 338 行.
INFO: Run Behavior\ParseTemplateBehavior [ RunTime:0.003526s ]
INFO: [ view_parse ] --END-- [ RunTime:0.003540s ]
INFO: [ view_filter ] --START--
INFO: Run Behavior\WriteHtmlCacheBehavior [ RunTime:0.000092s ]
INFO: [ view_filter ] --END-- [ RunTime:0.000101s ]
INFO: [ app_end ] --START--
INFO: Run Behavior\ShowPageTraceBehavior [ RunTime:0.000241s ]
INFO: [ app_end ] --END-- [ RunTime:0.000253s ]

[ 2020-03-17T22:03:15+08:00 ] 127.0.0.1 /fishClub/index.php/Home/Main/myOrder.html
INFO: [ app_init ] --START--
INFO: Run Behavior\BuildLiteBehavior [ RunTime:0.000007s ]
INFO: [ app_init ] --END-- [ RunTime:0.000177s ]
INFO: [ app_begin ] --START--
INFO: Run Behavior\ReadHtmlCacheBehavior [ RunTime:0.000218s ]
INFO: [ app_begin ] --END-- [ RunTime:0.000236s ]
SQL: SHOW COLUMNS FROM `user_base_info` [ RunTime:0.0018s ]
SQL: SELECT * FROM `user_base_info` WHERE `user_id` = 1 AND `status` = 'normal' LIMIT 1   [ RunTime:0.0004s ]
SQL: SHOW COLUMNS FROM `ware_base_info` [ RunTime:0.0013s ]
SQL: SELECT * FROM `ware_base_info` WHERE `status` = 'normal'  [ RunTime:0.0003s ]
SQL: SHOW COLUMNS FROM `cart_detail_info` [ RunTime:0.0014s ]
SQL: SELECT * FROM `cart_detail_info` WHERE `cart_id` = 1 AND `status` = 'normal'  [ RunTime:0.0003s ]
SQL: SHOW COLUMNS FROM `order_base_info` [ RunTime:0.0011s ]
SQL: SELECT a.order_id,a.ware_total,a.discount,a.order_number,a.total,a.real_pay FROM order_base_info as a WHERE a.status = 'obligation' AND a.user_id = '1' ORDER BY a.time desc  [ RunTime:0.0002s ]
SQL: SHOW COLUMNS FROM `order_ware_detail` [ RunTime:0.0011s ]
SQL: SELECT a.id,a.price,a.count,b.name,b.picture FROM order_ware_detail as a INNER JOIN ware_base_info as b on a.id = b.ware_id  WHERE a.status = 'normal' AND a.order_id = '7'  [ RunTime:0.0003s ]
SQL: SELECT a.id,a.price,a.count,b.name,b.picture FROM order_ware_detail as a INNER JOIN ware_base_info as b on a.id = b.ware_id  WHERE a.status = 'normal' AND a.order_id = '2'  [ RunTime:0.0003s ]
SQL: SELECT a.order_id,a.ware_total,a.discount,a.order_number,a.total,a.real_pay FROM order_base_info as a WHERE a.user_id = '1' AND a.status IN ('payed','completed') ORDER BY a.time desc  [ RunTime:0.0004s ]
SQL: SELECT a.id,a.price,a.count,b.name,b.picture FROM order_ware_detail as a INNER JOIN ware_base_info as b on a.id = b.ware_id  WHERE a.status = 'normal' AND a.order_id = '4'  [ RunTime:0.0003s ]
SQL: SELECT a.id,a.price,a.count,b.name,b.picture FROM order_ware_detail as a INNER JOIN ware_base_info as b on a.id = b.ware_id  WHERE a.status = 'normal' AND a.order_id = '1'  [ RunTime:0.0003s ]
NOTIC: [8] Undefined variable: ifshow /Applications/XAMPP/xamppfiles/htdocs/fishClub/Application/Home/Controller/MainController.class.php 第 189 行.
INFO: [ view_parse ] --START--
INFO: [ template_filter ] --START--
INFO: Run Behavior\ContentReplaceBehavior [ RunTime:0.000076s ]
INFO: [ template_filter ] --END-- [ RunTime:0.000098s ]
INFO: Run Behavior\ParseTemplateBehavior [ RunTime:0.006187s ]
INFO: [ view_parse ] --END-- [ RunTime:0.006205s ]
INFO: [ view_filter ] --START--
INFO: Run Behavior\WriteHtmlCacheBehavior [ RunTime:0.000099s ]
INFO: [ view_filter ] --END-- [ RunTime:0.000109s ]
INFO: [ app_end ] --START--
INFO: Run Behavior\ShowPageTraceBehavior [ RunTime:0.000301s ]
INFO: [ app_end ] --END-- [ RunTime:0.000312s ]

[ 2020-03-17T22:03:44+08:00 ] 127.0.0.1 /fishClub/index.php/Home/Main/myOrder.html
INFO: [ app_init ] --START--
INFO: Run Behavior\BuildLiteBehavior [ RunTime:0.000007s ]
INFO: [ app_init ] --END-- [ RunTime:0.000172s ]
INFO: [ app_begin ] --START--
INFO: Run Behavior\ReadHtmlCacheBehavior [ RunTime:0.000285s ]
INFO: [ app_begin ] --END-- [ RunTime:0.000306s ]
SQL: SHOW COLUMNS FROM `user_base_info` [ RunTime:0.0012s ]
SQL: SELECT * FROM `user_base_info` WHERE `user_id` = 1 AND `status` = 'normal' LIMIT 1   [ RunTime:0.0002s ]
SQL: SHOW COLUMNS FROM `ware_base_info` [ RunTime:0.0010s ]
SQL: SELECT * FROM `ware_base_info` WHERE `status` = 'normal'  [ RunTime:0.0002s ]
SQL: SHOW COLUMNS FROM `cart_detail_info` [ RunTime:0.0012s ]
SQL: SELECT * FROM `cart_detail_info` WHERE `cart_id` = 1 AND `status` = 'normal'  [ RunTime:0.0002s ]
SQL: SHOW COLUMNS FROM `order_base_info` [ RunTime:0.0011s ]
SQL: SELECT a.order_id,a.ware_total,a.discount,a.order_number,a.total,a.real_pay FROM order_base_info as a WHERE a.status = 'obligation' AND a.user_id = '1' ORDER BY a.time desc  [ RunTime:0.0002s ]
SQL: SHOW COLUMNS FROM `order_ware_detail` [ RunTime:0.0012s ]
SQL: SELECT a.id,a.price,a.count,b.name,b.picture FROM order_ware_detail as a INNER JOIN ware_base_info as b on a.id = b.ware_id  WHERE a.status = 'normal' AND a.order_id = '2'  [ RunTime:0.0004s ]
SQL: SELECT a.order_id,a.ware_total,a.discount,a.order_number,a.total,a.real_pay FROM order_base_info as a WHERE a.user_id = '1' AND a.status IN ('payed','completed') ORDER BY a.time desc  [ RunTime:0.0007s ]
SQL: SELECT a.id,a.price,a.count,b.name,b.picture FROM order_ware_detail as a INNER JOIN ware_base_info as b on a.id = b.ware_id  WHERE a.status = 'normal' AND a.order_id = '4'  [ RunTime:0.0005s ]
SQL: SELECT a.id,a.price,a.count,b.name,b.picture FROM order_ware_detail as a INNER JOIN ware_base_info as b on a.id = b.ware_id  WHERE a.status = 'normal' AND a.order_id = '1'  [ RunTime:0.0003s ]
NOTIC: [8] Undefined variable: ifshow /Applications/XAMPP/xamppfiles/htdocs/fishClub/Application/Home/Controller/MainController.class.php 第 189 行.
INFO: [ view_parse ] --START--
INFO: [ template_filter ] --START--
INFO: Run Behavior\ContentReplaceBehavior [ RunTime:0.000082s ]
INFO: [ template_filter ] --END-- [ RunTime:0.000105s ]
INFO: Run Behavior\ParseTemplateBehavior [ RunTime:0.007100s ]
INFO: [ view_parse ] --END-- [ RunTime:0.007116s ]
INFO: [ view_filter ] --START--
INFO: Run Behavior\WriteHtmlCacheBehavior [ RunTime:0.000110s ]
INFO: [ view_filter ] --END-- [ RunTime:0.000119s ]
INFO: [ app_end ] --START--
INFO: Run Behavior\ShowPageTraceBehavior [ RunTime:0.000274s ]
INFO: [ app_end ] --END-- [ RunTime:0.000286s ]

[ 2020-03-17T22:11:13+08:00 ] 127.0.0.1 /fishClub/index.php/Home/OrderDetail/payForOrder.html?order_id=2
INFO: [ app_init ] --START--
INFO: Run Behavior\BuildLiteBehavior [ RunTime:0.000010s ]
INFO: [ app_init ] --END-- [ RunTime:0.000433s ]
INFO: [ app_begin ] --START--
INFO: Run Behavior\ReadHtmlCacheBehavior [ RunTime:0.000394s ]
INFO: [ app_begin ] --END-- [ RunTime:0.000414s ]
SQL: SHOW COLUMNS FROM `order_base_info` [ RunTime:0.0013s ]
SQL: SELECT b.price,b.count,c.ware_id,c.name,c.picture FROM order_base_info as a INNER JOIN order_ware_detail as b on a.order_id = b.order_id INNER JOIN ware_base_info as c on b.id = c.ware_id  WHERE a.order_id = '2' AND a.status = 'obligation' AND b.status = 'normal'  [ RunTime:0.0004s ]
SQL: SHOW COLUMNS FROM `order_base_info` [ RunTime:0.0013s ]
SQL: SELECT * FROM `order_base_info` WHERE `order_id` = 2 AND `status` = 'obligation' LIMIT 1   [ RunTime:0.0003s ]
SQL: SHOW COLUMNS FROM `user_address_detail` [ RunTime:0.0012s ]
SQL: SELECT * FROM `user_address_detail` WHERE `address_id` = 2 LIMIT 1   [ RunTime:0.0002s ]
INFO: [ view_parse ] --START--
INFO: [ template_filter ] --START--
INFO: Run Behavior\ContentReplaceBehavior [ RunTime:0.000077s ]
INFO: [ template_filter ] --END-- [ RunTime:0.000094s ]
NOTIC: [8] Undefined index: ware_total /Applications/XAMPP/xamppfiles/htdocs/fishClub/Application/Runtime/Cache/Home/4bf453a0695d920c4e2ae44915260cfb.php 第 338 行.
INFO: Run Behavior\ParseTemplateBehavior [ RunTime:0.004233s ]
INFO: [ view_parse ] --END-- [ RunTime:0.004246s ]
INFO: [ view_filter ] --START--
INFO: Run Behavior\WriteHtmlCacheBehavior [ RunTime:0.000098s ]
INFO: [ view_filter ] --END-- [ RunTime:0.000107s ]
INFO: [ app_end ] --START--
INFO: Run Behavior\ShowPageTraceBehavior [ RunTime:0.000322s ]
INFO: [ app_end ] --END-- [ RunTime:0.000354s ]

[ 2020-03-17T22:11:20+08:00 ] 127.0.0.1 /fishClub/index.php/Home/Main/myOrder.html
INFO: [ app_init ] --START--
INFO: Run Behavior\BuildLiteBehavior [ RunTime:0.000011s ]
INFO: [ app_init ] --END-- [ RunTime:0.000281s ]
INFO: [ app_begin ] --START--
INFO: Run Behavior\ReadHtmlCacheBehavior [ RunTime:0.000306s ]
INFO: [ app_begin ] --END-- [ RunTime:0.000327s ]
SQL: SHOW COLUMNS FROM `user_base_info` [ RunTime:0.0012s ]
SQL: SELECT * FROM `user_base_info` WHERE `user_id` = 1 AND `status` = 'normal' LIMIT 1   [ RunTime:0.0002s ]
SQL: SHOW COLUMNS FROM `ware_base_info` [ RunTime:0.0011s ]
SQL: SELECT * FROM `ware_base_info` WHERE `status` = 'normal'  [ RunTime:0.0002s ]
SQL: SHOW COLUMNS FROM `cart_detail_info` [ RunTime:0.0013s ]
SQL: SELECT * FROM `cart_detail_info` WHERE `cart_id` = 1 AND `status` = 'normal'  [ RunTime:0.0002s ]
SQL: SHOW COLUMNS FROM `order_base_info` [ RunTime:0.0012s ]
SQL: SELECT a.order_id,a.ware_total,a.discount,a.order_number,a.total,a.real_pay FROM order_base_info as a WHERE a.status = 'obligation' AND a.user_id = '1' ORDER BY a.time desc  [ RunTime:0.0003s ]
SQL: SHOW COLUMNS FROM `order_ware_detail` [ RunTime:0.0012s ]
SQL: SELECT a.id,a.price,a.count,b.name,b.picture FROM order_ware_detail as a INNER JOIN ware_base_info as b on a.id = b.ware_id  WHERE a.status = 'normal' AND a.order_id = '2'  [ RunTime:0.0003s ]
SQL: SELECT a.order_id,a.ware_total,a.discount,a.order_number,a.total,a.real_pay FROM order_base_info as a WHERE a.user_id = '1' AND a.status IN ('payed','completed') ORDER BY a.time desc  [ RunTime:0.0002s ]
SQL: SELECT a.id,a.price,a.count,b.name,b.picture FROM order_ware_detail as a INNER JOIN ware_base_info as b on a.id = b.ware_id  WHERE a.status = 'normal' AND a.order_id = '4'  [ RunTime:0.0002s ]
SQL: SELECT a.id,a.price,a.count,b.name,b.picture FROM order_ware_detail as a INNER JOIN ware_base_info as b on a.id = b.ware_id  WHERE a.status = 'normal' AND a.order_id = '1'  [ RunTime:0.0002s ]
NOTIC: [8] Undefined variable: ifshow /Applications/XAMPP/xamppfiles/htdocs/fishClub/Application/Home/Controller/MainController.class.php 第 189 行.
INFO: [ view_parse ] --START--
INFO: [ template_filter ] --START--
INFO: Run Behavior\ContentReplaceBehavior [ RunTime:0.000072s ]
INFO: [ template_filter ] --END-- [ RunTime:0.000093s ]
INFO: Run Behavior\ParseTemplateBehavior [ RunTime:0.007224s ]
INFO: [ view_parse ] --END-- [ RunTime:0.007247s ]
INFO: [ view_filter ] --START--
INFO: Run Behavior\WriteHtmlCacheBehavior [ RunTime:0.000168s ]
INFO: [ view_filter ] --END-- [ RunTime:0.000179s ]
INFO: [ app_end ] --START--
INFO: Run Behavior\ShowPageTraceBehavior [ RunTime:0.000413s ]
INFO: [ app_end ] --END-- [ RunTime:0.000439s ]

[ 2020-03-17T22:11:23+08:00 ] 127.0.0.1 /fishClub/index.php/Home/Main/index.html
INFO: [ app_init ] --START--
INFO: Run Behavior\BuildLiteBehavior [ RunTime:0.000010s ]
INFO: [ app_init ] --END-- [ RunTime:0.000180s ]
INFO: [ app_begin ] --START--
INFO: Run Behavior\ReadHtmlCacheBehavior [ RunTime:0.000310s ]
INFO: [ app_begin ] --END-- [ RunTime:0.000339s ]
SQL: SHOW COLUMNS FROM `user_base_info` [ RunTime:0.0013s ]
SQL: SELECT * FROM `user_base_info` WHERE `user_id` = 1 AND `status` = 'normal' LIMIT 1   [ RunTime:0.0002s ]
SQL: SHOW COLUMNS FROM `ware_base_info` [ RunTime:0.0012s ]
SQL: SELECT * FROM `ware_base_info` WHERE `status` = 'normal'  [ RunTime:0.0003s ]
SQL: SHOW COLUMNS FROM `cart_detail_info` [ RunTime:0.0013s ]
SQL: SELECT * FROM `cart_detail_info` WHERE `cart_id` = 1 AND `status` = 'normal'  [ RunTime:0.0002s ]
INFO: [ view_parse ] --START--
INFO: [ template_filter ] --START--
INFO: Run Behavior\ContentReplaceBehavior [ RunTime:0.000051s ]
INFO: [ template_filter ] --END-- [ RunTime:0.000068s ]
INFO: Run Behavior\ParseTemplateBehavior [ RunTime:0.004178s ]
INFO: [ view_parse ] --END-- [ RunTime:0.004193s ]
INFO: [ view_filter ] --START--
INFO: Run Behavior\WriteHtmlCacheBehavior [ RunTime:0.000092s ]
INFO: [ view_filter ] --END-- [ RunTime:0.000100s ]
INFO: [ app_end ] --START--
INFO: Run Behavior\ShowPageTraceBehavior [ RunTime:0.000258s ]
INFO: [ app_end ] --END-- [ RunTime:0.000270s ]

[ 2020-03-17T22:11:26+08:00 ] 127.0.0.1 /fishClub/index.php/Home/Main/wareDetail.html?ware_id=4
INFO: [ app_init ] --START--
INFO: Run Behavior\BuildLiteBehavior [ RunTime:0.000007s ]
INFO: [ app_init ] --END-- [ RunTime:0.000170s ]
INFO: [ app_begin ] --START--
INFO: Run Behavior\ReadHtmlCacheBehavior [ RunTime:0.000353s ]
INFO: [ app_begin ] --END-- [ RunTime:0.000394s ]
SQL: SHOW COLUMNS FROM `user_base_info` [ RunTime:0.0013s ]
SQL: SELECT * FROM `user_base_info` WHERE `user_id` = 1 AND `status` = 'normal' LIMIT 1   [ RunTime:0.0002s ]
SQL: SHOW COLUMNS FROM `ware_base_info` [ RunTime:0.0012s ]
SQL: SELECT * FROM `ware_base_info` WHERE `ware_id` = 4 AND `status` = 'normal' LIMIT 1   [ RunTime:0.0003s ]
SQL: SHOW COLUMNS FROM `cart_detail_info` [ RunTime:0.0011s ]
SQL: SELECT * FROM `cart_detail_info` WHERE `status` = 'normal' AND `ware_id` = 4 AND `cart_id` = 1 LIMIT 1   [ RunTime:0.0002s ]
SQL: SELECT * FROM `cart_detail_info` WHERE `cart_id` = 1 AND `status` = 'normal'  [ RunTime:0.0002s ]
INFO: [ view_parse ] --START--
INFO: [ template_filter ] --START--
INFO: Run Behavior\ContentReplaceBehavior [ RunTime:0.000059s ]
INFO: [ template_filter ] --END-- [ RunTime:0.000073s ]
INFO: Run Behavior\ParseTemplateBehavior [ RunTime:0.003833s ]
INFO: [ view_parse ] --END-- [ RunTime:0.003848s ]
INFO: [ view_filter ] --START--
INFO: Run Behavior\WriteHtmlCacheBehavior [ RunTime:0.000093s ]
INFO: [ view_filter ] --END-- [ RunTime:0.000102s ]
INFO: [ app_end ] --START--
INFO: Run Behavior\ShowPageTraceBehavior [ RunTime:0.000344s ]
INFO: [ app_end ] --END-- [ RunTime:0.000365s ]

[ 2020-03-17T22:11:27+08:00 ] 127.0.0.1 /fishClub/index.php/Home/Main/addToCart
INFO: [ app_init ] --START--
INFO: Run Behavior\BuildLiteBehavior [ RunTime:0.000005s ]
INFO: [ app_init ] --END-- [ RunTime:0.000199s ]
INFO: [ app_begin ] --START--
INFO: Run Behavior\ReadHtmlCacheBehavior [ RunTime:0.000210s ]
INFO: [ app_begin ] --END-- [ RunTime:0.000223s ]
SQL: SHOW COLUMNS FROM `ware_base_info` [ RunTime:0.0013s ]
SQL: SELECT * FROM `ware_base_info` WHERE `ware_id` = 4 AND `status` = 'normal' LIMIT 1   [ RunTime:0.0003s ]
SQL: SHOW COLUMNS FROM `cart_detail_info` [ RunTime:0.0013s ]
SQL: SELECT * FROM `cart_detail_info` WHERE `status` = 'normal' AND `ware_id` = 4 AND `cart_id` = 1 LIMIT 1   [ RunTime:0.0004s ]
SQL: INSERT INTO `cart_detail_info` (`cart_id`,`ware_id`,`count`) VALUES ('1','4','1') [ RunTime:0.0037s ]
INFO: [ app_end ] --START--
INFO: Run Behavior\ShowPageTraceBehavior [ RunTime:0.000315s ]
INFO: [ app_end ] --END-- [ RunTime:0.000331s ]

[ 2020-03-17T22:11:27+08:00 ] 127.0.0.1 /fishClub/index.php/Home/Main/index.html
INFO: [ app_init ] --START--
INFO: Run Behavior\BuildLiteBehavior [ RunTime:0.000006s ]
INFO: [ app_init ] --END-- [ RunTime:0.000229s ]
INFO: [ app_begin ] --START--
INFO: Run Behavior\ReadHtmlCacheBehavior [ RunTime:0.000295s ]
INFO: [ app_begin ] --END-- [ RunTime:0.000338s ]
SQL: SHOW COLUMNS FROM `user_base_info` [ RunTime:0.0012s ]
SQL: SELECT * FROM `user_base_info` WHERE `user_id` = 1 AND `status` = 'normal' LIMIT 1   [ RunTime:0.0002s ]
SQL: SHOW COLUMNS FROM `ware_base_info` [ RunTime:0.0014s ]
SQL: SELECT * FROM `ware_base_info` WHERE `status` = 'normal'  [ RunTime:0.0003s ]
SQL: SHOW COLUMNS FROM `cart_detail_info` [ RunTime:0.0011s ]
SQL: SELECT * FROM `cart_detail_info` WHERE `cart_id` = 1 AND `status` = 'normal'  [ RunTime:0.0002s ]
INFO: [ view_parse ] --START--
INFO: [ template_filter ] --START--
INFO: Run Behavior\ContentReplaceBehavior [ RunTime:0.000063s ]
INFO: [ template_filter ] --END-- [ RunTime:0.000081s ]
INFO: Run Behavior\ParseTemplateBehavior [ RunTime:0.003513s ]
INFO: [ view_parse ] --END-- [ RunTime:0.003531s ]
INFO: [ view_filter ] --START--
INFO: Run Behavior\WriteHtmlCacheBehavior [ RunTime:0.000103s ]
INFO: [ view_filter ] --END-- [ RunTime:0.000112s ]
INFO: [ app_end ] --START--
INFO: Run Behavior\ShowPageTraceBehavior [ RunTime:0.000320s ]
INFO: [ app_end ] --END-- [ RunTime:0.000336s ]

[ 2020-03-17T22:11:33+08:00 ] 127.0.0.1 /fishClub/index.php/Home/OrderDetail/orderDetail.html
INFO: [ app_init ] --START--
INFO: Run Behavior\BuildLiteBehavior [ RunTime:0.000006s ]
INFO: [ app_init ] --END-- [ RunTime:0.000225s ]
INFO: [ app_begin ] --START--
INFO: Run Behavior\ReadHtmlCacheBehavior [ RunTime:0.000289s ]
INFO: [ app_begin ] --END-- [ RunTime:0.000325s ]
SQL: SHOW COLUMNS FROM `user_base_info` [ RunTime:0.0016s ]
SQL: SELECT * FROM `user_base_info` WHERE `user_id` = 1 AND `status` = 'normal' LIMIT 1   [ RunTime:0.0004s ]
SQL: SHOW COLUMNS FROM `cart_detail_info` [ RunTime:0.0011s ]
SQL: SELECT * FROM `cart_detail_info` WHERE `cart_id` = 1 AND `status` = 'normal'  [ RunTime:0.0002s ]
SQL: SHOW COLUMNS FROM `cart_detail_info` [ RunTime:0.0015s ]
SQL: SELECT * FROM cart_detail_info as a INNER JOIN ware_base_info as b on a.ware_id = b.ware_id  WHERE a.status = 'normal' AND b.status = 'normal' AND `cart_id` = '1'  [ RunTime:0.0004s ]
INFO: [ view_parse ] --START--
INFO: [ template_filter ] --START--
INFO: Run Behavior\ContentReplaceBehavior [ RunTime:0.000061s ]
INFO: [ template_filter ] --END-- [ RunTime:0.000077s ]
INFO: Run Behavior\ParseTemplateBehavior [ RunTime:0.004415s ]
INFO: [ view_parse ] --END-- [ RunTime:0.004431s ]
INFO: [ view_filter ] --START--
INFO: Run Behavior\WriteHtmlCacheBehavior [ RunTime:0.000094s ]
INFO: [ view_filter ] --END-- [ RunTime:0.000102s ]
INFO: [ app_end ] --START--
INFO: Run Behavior\ShowPageTraceBehavior [ RunTime:0.000377s ]
INFO: [ app_end ] --END-- [ RunTime:0.000397s ]

[ 2020-03-17T22:11:40+08:00 ] 127.0.0.1 /fishClub/index.php/Home/Main/index.html
INFO: [ app_init ] --START--
INFO: Run Behavior\BuildLiteBehavior [ RunTime:0.000007s ]
INFO: [ app_init ] --END-- [ RunTime:0.000249s ]
INFO: [ app_begin ] --START--
INFO: Run Behavior\ReadHtmlCacheBehavior [ RunTime:0.000226s ]
INFO: [ app_begin ] --END-- [ RunTime:0.000241s ]
SQL: SHOW COLUMNS FROM `user_base_info` [ RunTime:0.0017s ]
SQL: SELECT * FROM `user_base_info` WHERE `user_id` = 1 AND `status` = 'normal' LIMIT 1   [ RunTime:0.0003s ]
SQL: SHOW COLUMNS FROM `ware_base_info` [ RunTime:0.0012s ]
SQL: SELECT * FROM `ware_base_info` WHERE `status` = 'normal'  [ RunTime:0.0003s ]
SQL: SHOW COLUMNS FROM `cart_detail_info` [ RunTime:0.0014s ]
SQL: SELECT * FROM `cart_detail_info` WHERE `cart_id` = 1 AND `status` = 'normal'  [ RunTime:0.0003s ]
INFO: [ view_parse ] --START--
INFO: [ template_filter ] --START--
INFO: Run Behavior\ContentReplaceBehavior [ RunTime:0.000054s ]
INFO: [ template_filter ] --END-- [ RunTime:0.000072s ]
INFO: Run Behavior\ParseTemplateBehavior [ RunTime:0.004757s ]
INFO: [ view_parse ] --END-- [ RunTime:0.004775s ]
INFO: [ view_filter ] --START--
INFO: Run Behavior\WriteHtmlCacheBehavior [ RunTime:0.000121s ]
INFO: [ view_filter ] --END-- [ RunTime:0.000131s ]
INFO: [ app_end ] --START--
INFO: Run Behavior\ShowPageTraceBehavior [ RunTime:0.000317s ]
INFO: [ app_end ] --END-- [ RunTime:0.000337s ]

[ 2020-03-17T22:11:48+08:00 ] 127.0.0.1 /fishClub/index.php/Home/Main/wareDetail.html?ware_id=3
INFO: [ app_init ] --START--
INFO: Run Behavior\BuildLiteBehavior [ RunTime:0.000007s ]
INFO: [ app_init ] --END-- [ RunTime:0.000158s ]
INFO: [ app_begin ] --START--
INFO: Run Behavior\ReadHtmlCacheBehavior [ RunTime:0.000456s ]
INFO: [ app_begin ] --END-- [ RunTime:0.000495s ]
SQL: SHOW COLUMNS FROM `user_base_info` [ RunTime:0.0012s ]
SQL: SELECT * FROM `user_base_info` WHERE `user_id` = 1 AND `status` = 'normal' LIMIT 1   [ RunTime:0.0006s ]
SQL: SHOW COLUMNS FROM `ware_base_info` [ RunTime:0.0013s ]
SQL: SELECT * FROM `ware_base_info` WHERE `ware_id` = 3 AND `status` = 'normal' LIMIT 1   [ RunTime:0.0003s ]
SQL: SHOW COLUMNS FROM `cart_detail_info` [ RunTime:0.0011s ]
SQL: SELECT * FROM `cart_detail_info` WHERE `status` = 'normal' AND `ware_id` = 3 AND `cart_id` = 1 LIMIT 1   [ RunTime:0.0002s ]
SQL: SELECT * FROM `cart_detail_info` WHERE `cart_id` = 1 AND `status` = 'normal'  [ RunTime:0.0002s ]
INFO: [ view_parse ] --START--
INFO: [ template_filter ] --START--
INFO: Run Behavior\ContentReplaceBehavior [ RunTime:0.000068s ]
INFO: [ template_filter ] --END-- [ RunTime:0.000086s ]
INFO: Run Behavior\ParseTemplateBehavior [ RunTime:0.003763s ]
INFO: [ view_parse ] --END-- [ RunTime:0.003778s ]
INFO: [ view_filter ] --START--
INFO: Run Behavior\WriteHtmlCacheBehavior [ RunTime:0.000104s ]
INFO: [ view_filter ] --END-- [ RunTime:0.000118s ]
INFO: [ app_end ] --START--
INFO: Run Behavior\ShowPageTraceBehavior [ RunTime:0.000329s ]
INFO: [ app_end ] --END-- [ RunTime:0.000343s ]

[ 2020-03-17T22:12:37+08:00 ] 127.0.0.1 /fishClub/index.php/Home/Main/wareDetail.html?ware_id=3
INFO: [ app_init ] --START--
INFO: Run Behavior\BuildLiteBehavior [ RunTime:0.000009s ]
INFO: [ app_init ] --END-- [ RunTime:0.000534s ]
INFO: [ app_begin ] --START--
INFO: Run Behavior\ReadHtmlCacheBehavior [ RunTime:0.000546s ]
INFO: [ app_begin ] --END-- [ RunTime:0.000571s ]
SQL: SHOW COLUMNS FROM `user_base_info` [ RunTime:0.0014s ]
SQL: SELECT * FROM `user_base_info` WHERE `user_id` = 1 AND `status` = 'normal' LIMIT 1   [ RunTime:0.0006s ]
SQL: SHOW COLUMNS FROM `ware_base_info` [ RunTime:0.0013s ]
SQL: SELECT * FROM `ware_base_info` WHERE `ware_id` = 3 AND `status` = 'normal' LIMIT 1   [ RunTime:0.0002s ]
SQL: SHOW COLUMNS FROM `cart_detail_info` [ RunTime:0.0014s ]
SQL: SELECT * FROM `cart_detail_info` WHERE `status` = 'normal' AND `ware_id` = 3 AND `cart_id` = 1 LIMIT 1   [ RunTime:0.0003s ]
SQL: SELECT * FROM `cart_detail_info` WHERE `cart_id` = 1 AND `status` = 'normal'  [ RunTime:0.0003s ]
INFO: [ view_parse ] --START--
INFO: [ template_filter ] --START--
INFO: Run Behavior\ContentReplaceBehavior [ RunTime:0.000073s ]
INFO: [ template_filter ] --END-- [ RunTime:0.000098s ]
INFO: Run Behavior\ParseTemplateBehavior [ RunTime:0.004430s ]
INFO: [ view_parse ] --END-- [ RunTime:0.004458s ]
INFO: [ view_filter ] --START--
INFO: Run Behavior\WriteHtmlCacheBehavior [ RunTime:0.000570s ]
INFO: [ view_filter ] --END-- [ RunTime:0.000616s ]
INFO: [ app_end ] --START--
INFO: Run Behavior\ShowPageTraceBehavior [ RunTime:0.000812s ]
INFO: [ app_end ] --END-- [ RunTime:0.000835s ]

[ 2020-03-17T22:12:47+08:00 ] 127.0.0.1 /fishClub/index.php/Home/Main/addToCart
INFO: [ app_init ] --START--
INFO: Run Behavior\BuildLiteBehavior [ RunTime:0.000005s ]
INFO: [ app_init ] --END-- [ RunTime:0.000154s ]
INFO: [ app_begin ] --START--
INFO: Run Behavior\ReadHtmlCacheBehavior [ RunTime:0.000200s ]
INFO: [ app_begin ] --END-- [ RunTime:0.000214s ]
SQL: SHOW COLUMNS FROM `ware_base_info` [ RunTime:0.0016s ]
SQL: SELECT * FROM `ware_base_info` WHERE `ware_id` = 3 AND `status` = 'normal' LIMIT 1   [ RunTime:0.0003s ]
SQL: SHOW COLUMNS FROM `cart_detail_info` [ RunTime:0.0012s ]
SQL: SELECT * FROM `cart_detail_info` WHERE `status` = 'normal' AND `ware_id` = 3 AND `cart_id` = 1 LIMIT 1   [ RunTime:0.0002s ]
SQL: INSERT INTO `cart_detail_info` (`cart_id`,`ware_id`,`count`) VALUES ('1','3','2') [ RunTime:0.0046s ]
INFO: [ app_end ] --START--
INFO: Run Behavior\ShowPageTraceBehavior [ RunTime:0.000383s ]
INFO: [ app_end ] --END-- [ RunTime:0.000404s ]

[ 2020-03-17T22:12:52+08:00 ] 127.0.0.1 /fishClub/index.php/Home/Main/addToCart
INFO: [ app_init ] --START--
INFO: Run Behavior\BuildLiteBehavior [ RunTime:0.000006s ]
INFO: [ app_init ] --END-- [ RunTime:0.000149s ]
INFO: [ app_begin ] --START--
INFO: Run Behavior\ReadHtmlCacheBehavior [ RunTime:0.000191s ]
INFO: [ app_begin ] --END-- [ RunTime:0.000204s ]
SQL: SHOW COLUMNS FROM `ware_base_info` [ RunTime:0.0017s ]
SQL: SELECT * FROM `ware_base_info` WHERE `ware_id` = 3 AND `status` = 'normal' LIMIT 1   [ RunTime:0.0004s ]
SQL: SHOW COLUMNS FROM `cart_detail_info` [ RunTime:0.0013s ]
SQL: SELECT * FROM `cart_detail_info` WHERE `status` = 'normal' AND `ware_id` = 3 AND `cart_id` = 1 LIMIT 1   [ RunTime:0.0002s ]
NOTIC: [2] Illegal offset type in isset or empty /Applications/XAMPP/xamppfiles/htdocs/fishClub/ThinkPHP/Library/Think/Model.class.php 第 445 行.
SQL: UPDATE `cart_detail_info` SET `count`='4' WHERE `cart_id` = 1 AND `ware_id` = 3 [ RunTime:0.0004s ]
INFO: [ app_end ] --START--
INFO: Run Behavior\ShowPageTraceBehavior [ RunTime:0.000315s ]
INFO: [ app_end ] --END-- [ RunTime:0.000327s ]

[ 2020-03-17T22:12:52+08:00 ] 127.0.0.1 /fishClub/index.php/Home/Main/addToCart
INFO: [ app_init ] --START--
INFO: Run Behavior\BuildLiteBehavior [ RunTime:0.000005s ]
INFO: [ app_init ] --END-- [ RunTime:0.000149s ]
INFO: [ app_begin ] --START--
INFO: Run Behavior\ReadHtmlCacheBehavior [ RunTime:0.000201s ]
INFO: [ app_begin ] --END-- [ RunTime:0.000214s ]
SQL: SHOW COLUMNS FROM `ware_base_info` [ RunTime:0.0017s ]
SQL: SELECT * FROM `ware_base_info` WHERE `ware_id` = 3 AND `status` = 'normal' LIMIT 1   [ RunTime:0.0003s ]
SQL: SHOW COLUMNS FROM `cart_detail_info` [ RunTime:0.0011s ]
SQL: SELECT * FROM `cart_detail_info` WHERE `status` = 'normal' AND `ware_id` = 3 AND `cart_id` = 1 LIMIT 1   [ RunTime:0.0003s ]
INFO: [ app_end ] --START--
INFO: Run Behavior\ShowPageTraceBehavior [ RunTime:0.000397s ]
INFO: [ app_end ] --END-- [ RunTime:0.000411s ]

[ 2020-03-17T22:13:01+08:00 ] 127.0.0.1 /fishClub/index.php/Home/Main/wareDetail.html?ware_id=3
INFO: [ app_init ] --START--
INFO: Run Behavior\BuildLiteBehavior [ RunTime:0.000006s ]
INFO: [ app_init ] --END-- [ RunTime:0.000173s ]
INFO: [ app_begin ] --START--
INFO: Run Behavior\ReadHtmlCacheBehavior [ RunTime:0.000224s ]
INFO: [ app_begin ] --END-- [ RunTime:0.000240s ]
SQL: SHOW COLUMNS FROM `user_base_info` [ RunTime:0.0017s ]
SQL: SELECT * FROM `user_base_info` WHERE `user_id` = 1 AND `status` = 'normal' LIMIT 1   [ RunTime:0.0005s ]
SQL: SHOW COLUMNS FROM `ware_base_info` [ RunTime:0.0015s ]
SQL: SELECT * FROM `ware_base_info` WHERE `ware_id` = 3 AND `status` = 'normal' LIMIT 1   [ RunTime:0.0004s ]
SQL: SHOW COLUMNS FROM `cart_detail_info` [ RunTime:0.0016s ]
SQL: SELECT * FROM `cart_detail_info` WHERE `status` = 'normal' AND `ware_id` = 3 AND `cart_id` = 1 LIMIT 1   [ RunTime:0.0003s ]
SQL: SELECT * FROM `cart_detail_info` WHERE `cart_id` = 1 AND `status` = 'normal'  [ RunTime:0.0002s ]
INFO: [ view_parse ] --START--
INFO: [ template_filter ] --START--
INFO: Run Behavior\ContentReplaceBehavior [ RunTime:0.000063s ]
INFO: [ template_filter ] --END-- [ RunTime:0.000081s ]
INFO: Run Behavior\ParseTemplateBehavior [ RunTime:0.004109s ]
INFO: [ view_parse ] --END-- [ RunTime:0.004131s ]
INFO: [ view_filter ] --START--
INFO: Run Behavior\WriteHtmlCacheBehavior [ RunTime:0.000139s ]
INFO: [ view_filter ] --END-- [ RunTime:0.000148s ]
INFO: [ app_end ] --START--
INFO: Run Behavior\ShowPageTraceBehavior [ RunTime:0.000371s ]
INFO: [ app_end ] --END-- [ RunTime:0.000401s ]

[ 2020-03-17T22:13:04+08:00 ] 127.0.0.1 /fishClub/index.php/Home/OrderDetail/orderDetail.html
INFO: [ app_init ] --START--
INFO: Run Behavior\BuildLiteBehavior [ RunTime:0.000009s ]
INFO: [ app_init ] --END-- [ RunTime:0.000245s ]
INFO: [ app_begin ] --START--
INFO: Run Behavior\ReadHtmlCacheBehavior [ RunTime:0.000220s ]
INFO: [ app_begin ] --END-- [ RunTime:0.000234s ]
SQL: SHOW COLUMNS FROM `user_base_info` [ RunTime:0.0012s ]
SQL: SELECT * FROM `user_base_info` WHERE `user_id` = 1 AND `status` = 'normal' LIMIT 1   [ RunTime:0.0002s ]
SQL: SHOW COLUMNS FROM `cart_detail_info` [ RunTime:0.0011s ]
SQL: SELECT * FROM `cart_detail_info` WHERE `cart_id` = 1 AND `status` = 'normal'  [ RunTime:0.0003s ]
SQL: SHOW COLUMNS FROM `cart_detail_info` [ RunTime:0.0012s ]
SQL: SELECT * FROM cart_detail_info as a INNER JOIN ware_base_info as b on a.ware_id = b.ware_id  WHERE a.status = 'normal' AND b.status = 'normal' AND `cart_id` = '1'  [ RunTime:0.0003s ]
INFO: [ view_parse ] --START--
INFO: [ template_filter ] --START--
INFO: Run Behavior\ContentReplaceBehavior [ RunTime:0.000060s ]
INFO: [ template_filter ] --END-- [ RunTime:0.000078s ]
INFO: Run Behavior\ParseTemplateBehavior [ RunTime:0.004690s ]
INFO: [ view_parse ] --END-- [ RunTime:0.004705s ]
INFO: [ view_filter ] --START--
INFO: Run Behavior\WriteHtmlCacheBehavior [ RunTime:0.000091s ]
INFO: [ view_filter ] --END-- [ RunTime:0.000100s ]
INFO: [ app_end ] --START--
INFO: Run Behavior\ShowPageTraceBehavior [ RunTime:0.000262s ]
INFO: [ app_end ] --END-- [ RunTime:0.000273s ]

[ 2020-03-17T22:13:09+08:00 ] 127.0.0.1 /fishClub/index.php/Home/Main/index.html
INFO: [ app_init ] --START--
INFO: Run Behavior\BuildLiteBehavior [ RunTime:0.000008s ]
INFO: [ app_init ] --END-- [ RunTime:0.000397s ]
INFO: [ app_begin ] --START--
INFO: Run Behavior\ReadHtmlCacheBehavior [ RunTime:0.000315s ]
INFO: [ app_begin ] --END-- [ RunTime:0.000358s ]
SQL: SHOW COLUMNS FROM `user_base_info` [ RunTime:0.0013s ]
SQL: SELECT * FROM `user_base_info` WHERE `user_id` = 1 AND `status` = 'normal' LIMIT 1   [ RunTime:0.0002s ]
SQL: SHOW COLUMNS FROM `ware_base_info` [ RunTime:0.0011s ]
SQL: SELECT * FROM `ware_base_info` WHERE `status` = 'normal'  [ RunTime:0.0002s ]
SQL: SHOW COLUMNS FROM `cart_detail_info` [ RunTime:0.0015s ]
SQL: SELECT * FROM `cart_detail_info` WHERE `cart_id` = 1 AND `status` = 'normal'  [ RunTime:0.0003s ]
INFO: [ view_parse ] --START--
INFO: [ template_filter ] --START--
INFO: Run Behavior\ContentReplaceBehavior [ RunTime:0.000060s ]
INFO: [ template_filter ] --END-- [ RunTime:0.000076s ]
INFO: Run Behavior\ParseTemplateBehavior [ RunTime:0.005810s ]
INFO: [ view_parse ] --END-- [ RunTime:0.005829s ]
INFO: [ view_filter ] --START--
INFO: Run Behavior\WriteHtmlCacheBehavior [ RunTime:0.000103s ]
INFO: [ view_filter ] --END-- [ RunTime:0.000113s ]
INFO: [ app_end ] --START--
INFO: Run Behavior\ShowPageTraceBehavior [ RunTime:0.000266s ]
INFO: [ app_end ] --END-- [ RunTime:0.000277s ]

[ 2020-03-17T22:13:14+08:00 ] 127.0.0.1 /fishClub/index.php/Home/Main/wareDetail.html?ware_id=3
INFO: [ app_init ] --START--
INFO: Run Behavior\BuildLiteBehavior [ RunTime:0.000007s ]
INFO: [ app_init ] --END-- [ RunTime:0.000291s ]
INFO: [ app_begin ] --START--
INFO: Run Behavior\ReadHtmlCacheBehavior [ RunTime:0.000219s ]
INFO: [ app_begin ] --END-- [ RunTime:0.000233s ]
SQL: SHOW COLUMNS FROM `user_base_info` [ RunTime:0.0013s ]
SQL: SELECT * FROM `user_base_info` WHERE `user_id` = 1 AND `status` = 'normal' LIMIT 1   [ RunTime:0.0007s ]
SQL: SHOW COLUMNS FROM `ware_base_info` [ RunTime:0.0013s ]
SQL: SELECT * FROM `ware_base_info` WHERE `ware_id` = 3 AND `status` = 'normal' LIMIT 1   [ RunTime:0.0003s ]
SQL: SHOW COLUMNS FROM `cart_detail_info` [ RunTime:0.0013s ]
SQL: SELECT * FROM `cart_detail_info` WHERE `status` = 'normal' AND `ware_id` = 3 AND `cart_id` = 1 LIMIT 1   [ RunTime:0.0003s ]
SQL: SELECT * FROM `cart_detail_info` WHERE `cart_id` = 1 AND `status` = 'normal'  [ RunTime:0.0002s ]
INFO: [ view_parse ] --START--
INFO: [ template_filter ] --START--
INFO: Run Behavior\ContentReplaceBehavior [ RunTime:0.000061s ]
INFO: [ template_filter ] --END-- [ RunTime:0.000075s ]
INFO: Run Behavior\ParseTemplateBehavior [ RunTime:0.004516s ]
INFO: [ view_parse ] --END-- [ RunTime:0.004533s ]
INFO: [ view_filter ] --START--
INFO: Run Behavior\WriteHtmlCacheBehavior [ RunTime:0.000106s ]
INFO: [ view_filter ] --END-- [ RunTime:0.000115s ]
INFO: [ app_end ] --START--
INFO: Run Behavior\ShowPageTraceBehavior [ RunTime:0.000275s ]
INFO: [ app_end ] --END-- [ RunTime:0.000289s ]

[ 2020-03-17T22:13:15+08:00 ] 127.0.0.1 /fishClub/index.php/Home/Main/addToCart
INFO: [ app_init ] --START--
INFO: Run Behavior\BuildLiteBehavior [ RunTime:0.000005s ]
INFO: [ app_init ] --END-- [ RunTime:0.000145s ]
INFO: [ app_begin ] --START--
INFO: Run Behavior\ReadHtmlCacheBehavior [ RunTime:0.000218s ]
INFO: [ app_begin ] --END-- [ RunTime:0.000231s ]
SQL: SHOW COLUMNS FROM `ware_base_info` [ RunTime:0.0015s ]
SQL: SELECT * FROM `ware_base_info` WHERE `ware_id` = 3 AND `status` = 'normal' LIMIT 1   [ RunTime:0.0002s ]
SQL: SHOW COLUMNS FROM `cart_detail_info` [ RunTime:0.0010s ]
SQL: SELECT * FROM `cart_detail_info` WHERE `status` = 'normal' AND `ware_id` = 3 AND `cart_id` = 1 LIMIT 1   [ RunTime:0.0002s ]
INFO: [ app_end ] --START--
INFO: Run Behavior\ShowPageTraceBehavior [ RunTime:0.000282s ]
INFO: [ app_end ] --END-- [ RunTime:0.000294s ]

[ 2020-03-17T22:13:18+08:00 ] 127.0.0.1 /fishClub/index.php/Home/Main/index.html
INFO: [ app_init ] --START--
INFO: Run Behavior\BuildLiteBehavior [ RunTime:0.000008s ]
INFO: [ app_init ] --END-- [ RunTime:0.000238s ]
INFO: [ app_begin ] --START--
INFO: Run Behavior\ReadHtmlCacheBehavior [ RunTime:0.000242s ]
INFO: [ app_begin ] --END-- [ RunTime:0.000280s ]
SQL: SHOW COLUMNS FROM `user_base_info` [ RunTime:0.0014s ]
SQL: SELECT * FROM `user_base_info` WHERE `user_id` = 1 AND `status` = 'normal' LIMIT 1   [ RunTime:0.0004s ]
SQL: SHOW COLUMNS FROM `ware_base_info` [ RunTime:0.0014s ]
SQL: SELECT * FROM `ware_base_info` WHERE `status` = 'normal'  [ RunTime:0.0002s ]
SQL: SHOW COLUMNS FROM `cart_detail_info` [ RunTime:0.0011s ]
SQL: SELECT * FROM `cart_detail_info` WHERE `cart_id` = 1 AND `status` = 'normal'  [ RunTime:0.0003s ]
INFO: [ view_parse ] --START--
INFO: [ template_filter ] --START--
INFO: Run Behavior\ContentReplaceBehavior [ RunTime:0.000051s ]
INFO: [ template_filter ] --END-- [ RunTime:0.000065s ]
INFO: Run Behavior\ParseTemplateBehavior [ RunTime:0.003352s ]
INFO: [ view_parse ] --END-- [ RunTime:0.003368s ]
INFO: [ view_filter ] --START--
INFO: Run Behavior\WriteHtmlCacheBehavior [ RunTime:0.000091s ]
INFO: [ view_filter ] --END-- [ RunTime:0.000099s ]
INFO: [ app_end ] --START--
INFO: Run Behavior\ShowPageTraceBehavior [ RunTime:0.000247s ]
INFO: [ app_end ] --END-- [ RunTime:0.000258s ]

[ 2020-03-17T22:13:19+08:00 ] 127.0.0.1 /fishClub/index.php/Home/Main/wareDetail.html?ware_id=4
INFO: [ app_init ] --START--
INFO: Run Behavior\BuildLiteBehavior [ RunTime:0.000006s ]
INFO: [ app_init ] --END-- [ RunTime:0.000165s ]
INFO: [ app_begin ] --START--
INFO: Run Behavior\ReadHtmlCacheBehavior [ RunTime:0.000217s ]
INFO: [ app_begin ] --END-- [ RunTime:0.000232s ]
SQL: SHOW COLUMNS FROM `user_base_info` [ RunTime:0.0011s ]
SQL: SELECT * FROM `user_base_info` WHERE `user_id` = 1 AND `status` = 'normal' LIMIT 1   [ RunTime:0.0002s ]
SQL: SHOW COLUMNS FROM `ware_base_info` [ RunTime:0.0014s ]
SQL: SELECT * FROM `ware_base_info` WHERE `ware_id` = 4 AND `status` = 'normal' LIMIT 1   [ RunTime:0.0003s ]
SQL: SHOW COLUMNS FROM `cart_detail_info` [ RunTime:0.0014s ]
SQL: SELECT * FROM `cart_detail_info` WHERE `status` = 'normal' AND `ware_id` = 4 AND `cart_id` = 1 LIMIT 1   [ RunTime:0.0002s ]
SQL: SELECT * FROM `cart_detail_info` WHERE `cart_id` = 1 AND `status` = 'normal'  [ RunTime:0.0002s ]
INFO: [ view_parse ] --START--
INFO: [ template_filter ] --START--
INFO: Run Behavior\ContentReplaceBehavior [ RunTime:0.000059s ]
INFO: [ template_filter ] --END-- [ RunTime:0.000073s ]
INFO: Run Behavior\ParseTemplateBehavior [ RunTime:0.003306s ]
INFO: [ view_parse ] --END-- [ RunTime:0.003321s ]
INFO: [ view_filter ] --START--
INFO: Run Behavior\WriteHtmlCacheBehavior [ RunTime:0.000086s ]
INFO: [ view_filter ] --END-- [ RunTime:0.000095s ]
INFO: [ app_end ] --START--
INFO: Run Behavior\ShowPageTraceBehavior [ RunTime:0.000246s ]
INFO: [ app_end ] --END-- [ RunTime:0.000258s ]

[ 2020-03-17T22:13:20+08:00 ] 127.0.0.1 /fishClub/index.php/Home/Main/addToCart
INFO: [ app_init ] --START--
INFO: Run Behavior\BuildLiteBehavior [ RunTime:0.000005s ]
INFO: [ app_init ] --END-- [ RunTime:0.000152s ]
INFO: [ app_begin ] --START--
INFO: Run Behavior\ReadHtmlCacheBehavior [ RunTime:0.000382s ]
INFO: [ app_begin ] --END-- [ RunTime:0.000400s ]
SQL: SHOW COLUMNS FROM `ware_base_info` [ RunTime:0.0015s ]
SQL: SELECT * FROM `ware_base_info` WHERE `ware_id` = 4 AND `status` = 'normal' LIMIT 1   [ RunTime:0.0003s ]
SQL: SHOW COLUMNS FROM `cart_detail_info` [ RunTime:0.0011s ]
SQL: SELECT * FROM `cart_detail_info` WHERE `status` = 'normal' AND `ware_id` = 4 AND `cart_id` = 1 LIMIT 1   [ RunTime:0.0002s ]
NOTIC: [2] Illegal offset type in isset or empty /Applications/XAMPP/xamppfiles/htdocs/fishClub/ThinkPHP/Library/Think/Model.class.php 第 445 行.
SQL: UPDATE `cart_detail_info` SET `count`='2' WHERE `cart_id` = 1 AND `ware_id` = 4 [ RunTime:0.0035s ]
INFO: [ app_end ] --START--
INFO: Run Behavior\ShowPageTraceBehavior [ RunTime:0.000300s ]
INFO: [ app_end ] --END-- [ RunTime:0.000314s ]

[ 2020-03-17T22:13:20+08:00 ] 127.0.0.1 /fishClub/index.php/Home/Main/index.html
INFO: [ app_init ] --START--
INFO: Run Behavior\BuildLiteBehavior [ RunTime:0.000007s ]
INFO: [ app_init ] --END-- [ RunTime:0.000174s ]
INFO: [ app_begin ] --START--
INFO: Run Behavior\ReadHtmlCacheBehavior [ RunTime:0.000253s ]
INFO: [ app_begin ] --END-- [ RunTime:0.000271s ]
SQL: SHOW COLUMNS FROM `user_base_info` [ RunTime:0.0013s ]
SQL: SELECT * FROM `user_base_info` WHERE `user_id` = 1 AND `status` = 'normal' LIMIT 1   [ RunTime:0.0003s ]
SQL: SHOW COLUMNS FROM `ware_base_info` [ RunTime:0.0015s ]
SQL: SELECT * FROM `ware_base_info` WHERE `status` = 'normal'  [ RunTime:0.0003s ]
SQL: SHOW COLUMNS FROM `cart_detail_info` [ RunTime:0.0012s ]
SQL: SELECT * FROM `cart_detail_info` WHERE `cart_id` = 1 AND `status` = 'normal'  [ RunTime:0.0002s ]
INFO: [ view_parse ] --START--
INFO: [ template_filter ] --START--
INFO: Run Behavior\ContentReplaceBehavior [ RunTime:0.000050s ]
INFO: [ template_filter ] --END-- [ RunTime:0.000064s ]
INFO: Run Behavior\ParseTemplateBehavior [ RunTime:0.003275s ]
INFO: [ view_parse ] --END-- [ RunTime:0.003289s ]
INFO: [ view_filter ] --START--
INFO: Run Behavior\WriteHtmlCacheBehavior [ RunTime:0.000086s ]
INFO: [ view_filter ] --END-- [ RunTime:0.000094s ]
INFO: [ app_end ] --START--
INFO: Run Behavior\ShowPageTraceBehavior [ RunTime:0.000297s ]
INFO: [ app_end ] --END-- [ RunTime:0.000308s ]

[ 2020-03-17T22:13:26+08:00 ] 127.0.0.1 /fishClub/index.php/Home/Main/myOrder.html
INFO: [ app_init ] --START--
INFO: Run Behavior\BuildLiteBehavior [ RunTime:0.000007s ]
INFO: [ app_init ] --END-- [ RunTime:0.000204s ]
INFO: [ app_begin ] --START--
INFO: Run Behavior\ReadHtmlCacheBehavior [ RunTime:0.000329s ]
INFO: [ app_begin ] --END-- [ RunTime:0.000362s ]
SQL: SHOW COLUMNS FROM `user_base_info` [ RunTime:0.0015s ]
SQL: SELECT * FROM `user_base_info` WHERE `user_id` = 1 AND `status` = 'normal' LIMIT 1   [ RunTime:0.0007s ]
SQL: SHOW COLUMNS FROM `ware_base_info` [ RunTime:0.0011s ]
SQL: SELECT * FROM `ware_base_info` WHERE `status` = 'normal'  [ RunTime:0.0002s ]
SQL: SHOW COLUMNS FROM `cart_detail_info` [ RunTime:0.0011s ]
SQL: SELECT * FROM `cart_detail_info` WHERE `cart_id` = 1 AND `status` = 'normal'  [ RunTime:0.0002s ]
SQL: SHOW COLUMNS FROM `order_base_info` [ RunTime:0.0011s ]
SQL: SELECT a.order_id,a.ware_total,a.discount,a.order_number,a.total,a.real_pay FROM order_base_info as a WHERE a.status = 'obligation' AND a.user_id = '1' ORDER BY a.time desc  [ RunTime:0.0002s ]
SQL: SHOW COLUMNS FROM `order_ware_detail` [ RunTime:0.0012s ]
SQL: SELECT a.id,a.price,a.count,b.name,b.picture FROM order_ware_detail as a INNER JOIN ware_base_info as b on a.id = b.ware_id  WHERE a.status = 'normal' AND a.order_id = '2'  [ RunTime:0.0003s ]
SQL: SELECT a.order_id,a.ware_total,a.discount,a.order_number,a.total,a.real_pay FROM order_base_info as a WHERE a.user_id = '1' AND a.status IN ('payed','completed') ORDER BY a.time desc  [ RunTime:0.0002s ]
SQL: SELECT a.id,a.price,a.count,b.name,b.picture FROM order_ware_detail as a INNER JOIN ware_base_info as b on a.id = b.ware_id  WHERE a.status = 'normal' AND a.order_id = '4'  [ RunTime:0.0002s ]
SQL: SELECT a.id,a.price,a.count,b.name,b.picture FROM order_ware_detail as a INNER JOIN ware_base_info as b on a.id = b.ware_id  WHERE a.status = 'normal' AND a.order_id = '1'  [ RunTime:0.0002s ]
NOTIC: [8] Undefined variable: ifshow /Applications/XAMPP/xamppfiles/htdocs/fishClub/Application/Home/Controller/MainController.class.php 第 189 行.
INFO: [ view_parse ] --START--
INFO: [ template_filter ] --START--
INFO: Run Behavior\ContentReplaceBehavior [ RunTime:0.000068s ]
INFO: [ template_filter ] --END-- [ RunTime:0.000085s ]
INFO: Run Behavior\ParseTemplateBehavior [ RunTime:0.005812s ]
INFO: [ view_parse ] --END-- [ RunTime:0.005827s ]
INFO: [ view_filter ] --START--
INFO: Run Behavior\WriteHtmlCacheBehavior [ RunTime:0.000107s ]
INFO: [ view_filter ] --END-- [ RunTime:0.000117s ]
INFO: [ app_end ] --START--
INFO: Run Behavior\ShowPageTraceBehavior [ RunTime:0.000273s ]
INFO: [ app_end ] --END-- [ RunTime:0.000286s ]

[ 2020-03-17T22:13:35+08:00 ] 127.0.0.1 /fishClub/index.php/Home/Main/myOrder.html
INFO: [ app_init ] --START--
INFO: Run Behavior\BuildLiteBehavior [ RunTime:0.000007s ]
INFO: [ app_init ] --END-- [ RunTime:0.000263s ]
INFO: [ app_begin ] --START--
INFO: Run Behavior\ReadHtmlCacheBehavior [ RunTime:0.000263s ]
INFO: [ app_begin ] --END-- [ RunTime:0.000279s ]
SQL: SHOW COLUMNS FROM `user_base_info` [ RunTime:0.0015s ]
SQL: SELECT * FROM `user_base_info` WHERE `user_id` = 1 AND `status` = 'normal' LIMIT 1   [ RunTime:0.0003s ]
SQL: SHOW COLUMNS FROM `ware_base_info` [ RunTime:0.0010s ]
SQL: SELECT * FROM `ware_base_info` WHERE `status` = 'normal'  [ RunTime:0.0002s ]
SQL: SHOW COLUMNS FROM `cart_detail_info` [ RunTime:0.0013s ]
SQL: SELECT * FROM `cart_detail_info` WHERE `cart_id` = 1 AND `status` = 'normal'  [ RunTime:0.0003s ]
SQL: SHOW COLUMNS FROM `order_base_info` [ RunTime:0.0010s ]
SQL: SELECT a.order_id,a.ware_total,a.discount,a.order_number,a.total,a.real_pay FROM order_base_info as a WHERE a.status = 'obligation' AND a.user_id = '1' ORDER BY a.time desc  [ RunTime:0.0002s ]
SQL: SHOW COLUMNS FROM `order_ware_detail` [ RunTime:0.0012s ]
SQL: SELECT a.id,a.price,a.count,b.name,b.picture FROM order_ware_detail as a INNER JOIN ware_base_info as b on a.id = b.ware_id  WHERE a.status = 'normal' AND a.order_id = '2'  [ RunTime:0.0003s ]
SQL: SELECT a.order_id,a.ware_total,a.discount,a.order_number,a.total,a.real_pay FROM order_base_info as a WHERE a.user_id = '1' AND a.status IN ('payed','completed') ORDER BY a.time desc  [ RunTime:0.0002s ]
SQL: SELECT a.id,a.price,a.count,b.name,b.picture FROM order_ware_detail as a INNER JOIN ware_base_info as b on a.id = b.ware_id  WHERE a.status = 'normal' AND a.order_id = '4'  [ RunTime:0.0002s ]
SQL: SELECT a.id,a.price,a.count,b.name,b.picture FROM order_ware_detail as a INNER JOIN ware_base_info as b on a.id = b.ware_id  WHERE a.status = 'normal' AND a.order_id = '1'  [ RunTime:0.0002s ]
NOTIC: [8] Undefined variable: ifshow /Applications/XAMPP/xamppfiles/htdocs/fishClub/Application/Home/Controller/MainController.class.php 第 189 行.
INFO: [ view_parse ] --START--
INFO: [ template_filter ] --START--
INFO: Run Behavior\ContentReplaceBehavior [ RunTime:0.000068s ]
INFO: [ template_filter ] --END-- [ RunTime:0.000084s ]
INFO: Run Behavior\ParseTemplateBehavior [ RunTime:0.004677s ]
INFO: [ view_parse ] --END-- [ RunTime:0.004692s ]
INFO: [ view_filter ] --START--
INFO: Run Behavior\WriteHtmlCacheBehavior [ RunTime:0.000093s ]
INFO: [ view_filter ] --END-- [ RunTime:0.000102s ]
INFO: [ app_end ] --START--
INFO: Run Behavior\ShowPageTraceBehavior [ RunTime:0.000244s ]
INFO: [ app_end ] --END-- [ RunTime:0.000254s ]

