[ 2020-03-12T23:02:35+08:00 ] 127.0.0.1 /fishClub/index.php/Home/OrderDetail/payForOrder.html?order_id=5
INFO: [ app_init ] --START--
INFO: Run Behavior\BuildLiteBehavior [ RunTime:0.000007s ]
INFO: [ app_init ] --END-- [ RunTime:0.000341s ]
INFO: [ app_begin ] --START--
INFO: Run Behavior\ReadHtmlCacheBehavior [ RunTime:0.000322s ]
INFO: [ app_begin ] --END-- [ RunTime:0.000346s ]
SQL: SHOW COLUMNS FROM `order_base_info` [ RunTime:0.0016s ]
SQL: SELECT b.price,b.count,c.ware_id,c.name,c.picture FROM order_base_info as a INNER JOIN order_ware_detail as b on a.order_id = b.order_id INNER JOIN ware_base_info as c on b.id = c.ware_id  WHERE a.order_id = '5' AND a.status = 'obligation' AND b.status = 'normal'  [ RunTime:0.0005s ]
SQL: SHOW COLUMNS FROM `order_base_info` [ RunTime:0.0011s ]
SQL: SELECT * FROM `order_base_info` WHERE `order_id` = 5 AND `status` = 'obligation' LIMIT 1   [ RunTime:0.0002s ]
SQL: SHOW COLUMNS FROM `user_address_detail` [ RunTime:0.0014s ]
SQL: SELECT * FROM `user_address_detail` WHERE `address_id` = 5 LIMIT 1   [ RunTime:0.0003s ]
INFO: [ view_parse ] --START--
INFO: [ template_filter ] --START--
INFO: Run Behavior\ContentReplaceBehavior [ RunTime:0.000058s ]
INFO: [ template_filter ] --END-- [ RunTime:0.000072s ]
NOTIC: [8] Undefined index: ware_total /Applications/XAMPP/xamppfiles/htdocs/fishClub/Application/Runtime/Cache/Home/4bf453a0695d920c4e2ae44915260cfb.php 第 338 行.
INFO: Run Behavior\ParseTemplateBehavior [ RunTime:0.004436s ]
INFO: [ view_parse ] --END-- [ RunTime:0.004449s ]
INFO: [ view_filter ] --START--
INFO: Run Behavior\WriteHtmlCacheBehavior [ RunTime:0.000096s ]
INFO: [ view_filter ] --END-- [ RunTime:0.000105s ]
INFO: [ app_end ] --START--
INFO: Run Behavior\ShowPageTraceBehavior [ RunTime:0.000254s ]
INFO: [ app_end ] --END-- [ RunTime:0.000266s ]

