[ 2020-03-16T22:35:20+08:00 ] 127.0.0.1 /fishClub/index.php/Home/Main/index.html
INFO: [ app_init ] --START--
INFO: Run Behavior\BuildLiteBehavior [ RunTime:0.000006s ]
INFO: [ app_init ] --END-- [ RunTime:0.000207s ]
INFO: [ app_begin ] --START--
INFO: Run Behavior\ReadHtmlCacheBehavior [ RunTime:0.000334s ]
INFO: [ app_begin ] --END-- [ RunTime:0.000385s ]
SQL: SHOW COLUMNS FROM `user_base_info` [ RunTime:0.0013s ]
SQL: SELECT * FROM `user_base_info` WHERE `user_id` = 1 AND `status` = 'normal' LIMIT 1   [ RunTime:0.0016s ]
SQL: SHOW COLUMNS FROM `ware_base_info` [ RunTime:0.0011s ]
SQL: SELECT * FROM `ware_base_info` WHERE `status` = 'normal'  [ RunTime:0.0002s ]
SQL: SHOW COLUMNS FROM `cart_detail_info` [ RunTime:0.0011s ]
SQL: SELECT * FROM `cart_detail_info` WHERE `cart_id` = 1 AND `status` = 'normal'  [ RunTime:0.0014s ]
INFO: [ view_parse ] --START--
INFO: [ template_filter ] --START--
INFO: Run Behavior\ContentReplaceBehavior [ RunTime:0.000063s ]
INFO: [ template_filter ] --END-- [ RunTime:0.000083s ]
INFO: Run Behavior\ParseTemplateBehavior [ RunTime:0.006477s ]
INFO: [ view_parse ] --END-- [ RunTime:0.006511s ]
INFO: [ view_filter ] --START--
INFO: Run Behavior\WriteHtmlCacheBehavior [ RunTime:0.000156s ]
INFO: [ view_filter ] --END-- [ RunTime:0.000187s ]
INFO: [ app_end ] --START--
INFO: Run Behavior\ShowPageTraceBehavior [ RunTime:0.000449s ]
INFO: [ app_end ] --END-- [ RunTime:0.000479s ]

[ 2020-03-16T22:35:25+08:00 ] 127.0.0.1 /fishClub/index.php/Home/OrderDetail/orderDetail.html
INFO: [ app_init ] --START--
INFO: Run Behavior\BuildLiteBehavior [ RunTime:0.000006s ]
INFO: [ app_init ] --END-- [ RunTime:0.000234s ]
INFO: [ app_begin ] --START--
INFO: Run Behavior\ReadHtmlCacheBehavior [ RunTime:0.000269s ]
INFO: [ app_begin ] --END-- [ RunTime:0.000286s ]
SQL: SHOW COLUMNS FROM `user_base_info` [ RunTime:0.0013s ]
SQL: SELECT * FROM `user_base_info` WHERE `user_id` = 1 AND `status` = 'normal' LIMIT 1   [ RunTime:0.0003s ]
SQL: SHOW COLUMNS FROM `cart_detail_info` [ RunTime:0.0013s ]
SQL: SELECT * FROM `cart_detail_info` WHERE `cart_id` = 1 AND `status` = 'normal'  [ RunTime:0.0003s ]
SQL: SHOW COLUMNS FROM `cart_detail_info` [ RunTime:0.0013s ]
SQL: SELECT * FROM cart_detail_info as a INNER JOIN ware_base_info as b on a.ware_id = b.ware_id  WHERE a.status = 'normal' AND b.status = 'normal' AND `cart_id` = '1'  [ RunTime:0.0004s ]
INFO: [ view_parse ] --START--
INFO: [ template_filter ] --START--
INFO: Run Behavior\ContentReplaceBehavior [ RunTime:0.000073s ]
INFO: [ template_filter ] --END-- [ RunTime:0.000093s ]
INFO: Run Behavior\ParseTemplateBehavior [ RunTime:0.005500s ]
INFO: [ view_parse ] --END-- [ RunTime:0.005524s ]
INFO: [ view_filter ] --START--
INFO: Run Behavior\WriteHtmlCacheBehavior [ RunTime:0.000134s ]
INFO: [ view_filter ] --END-- [ RunTime:0.000145s ]
INFO: [ app_end ] --START--
INFO: Run Behavior\ShowPageTraceBehavior [ RunTime:0.000415s ]
INFO: [ app_end ] --END-- [ RunTime:0.000438s ]

[ 2020-03-16T22:35:28+08:00 ] 127.0.0.1 /fishClub/index.php/Home/Main/index.html
INFO: [ app_init ] --START--
INFO: Run Behavior\BuildLiteBehavior [ RunTime:0.000006s ]
INFO: [ app_init ] --END-- [ RunTime:0.000169s ]
INFO: [ app_begin ] --START--
INFO: Run Behavior\ReadHtmlCacheBehavior [ RunTime:0.000208s ]
INFO: [ app_begin ] --END-- [ RunTime:0.000222s ]
SQL: SHOW COLUMNS FROM `user_base_info` [ RunTime:0.0019s ]
SQL: SELECT * FROM `user_base_info` WHERE `user_id` = 1 AND `status` = 'normal' LIMIT 1   [ RunTime:0.0007s ]
SQL: SHOW COLUMNS FROM `ware_base_info` [ RunTime:0.0012s ]
SQL: SELECT * FROM `ware_base_info` WHERE `status` = 'normal'  [ RunTime:0.0002s ]
SQL: SHOW COLUMNS FROM `cart_detail_info` [ RunTime:0.0050s ]
SQL: SELECT * FROM `cart_detail_info` WHERE `cart_id` = 1 AND `status` = 'normal'  [ RunTime:0.0002s ]
INFO: [ view_parse ] --START--
INFO: [ template_filter ] --START--
INFO: Run Behavior\ContentReplaceBehavior [ RunTime:0.000051s ]
INFO: [ template_filter ] --END-- [ RunTime:0.000068s ]
INFO: Run Behavior\ParseTemplateBehavior [ RunTime:0.004022s ]
INFO: [ view_parse ] --END-- [ RunTime:0.004036s ]
INFO: [ view_filter ] --START--
INFO: Run Behavior\WriteHtmlCacheBehavior [ RunTime:0.000094s ]
INFO: [ view_filter ] --END-- [ RunTime:0.000103s ]
INFO: [ app_end ] --START--
INFO: Run Behavior\ShowPageTraceBehavior [ RunTime:0.000265s ]
INFO: [ app_end ] --END-- [ RunTime:0.000278s ]

