[ 2020-04-13T11:41:14+08:00 ] 127.0.0.1 /fishClub/index.php/Home/OrderDetail/orderDetail.html
INFO: [ app_init ] --START--
INFO: Run Behavior\BuildLiteBehavior [ RunTime:0.000013s ]
INFO: [ app_init ] --END-- [ RunTime:0.001359s ]
INFO: [ app_begin ] --START--
INFO: Run Behavior\ReadHtmlCacheBehavior [ RunTime:0.000612s ]
INFO: [ app_begin ] --END-- [ RunTime:0.000630s ]
SQL: SHOW COLUMNS FROM `user_base_info` [ RunTime:0.0205s ]
SQL: SELECT * FROM `user_base_info` WHERE `user_id` = 1 AND `status` = 'normal' LIMIT 1   [ RunTime:0.0029s ]
SQL: SHOW COLUMNS FROM `cart_detail_info` [ RunTime:0.0049s ]
SQL: SELECT * FROM `cart_detail_info` WHERE `cart_id` = 1 AND `status` = 'normal'  [ RunTime:0.0057s ]
SQL: SHOW COLUMNS FROM `cart_detail_info` [ RunTime:0.0031s ]
SQL: SELECT * FROM cart_detail_info as a INNER JOIN ware_base_info as b on a.ware_id = b.ware_id  WHERE a.status = 'normal' AND b.status = 'normal' AND `cart_id` = '1'  [ RunTime:0.0087s ]
INFO: [ view_parse ] --START--
INFO: [ template_filter ] --START--
INFO: Run Behavior\ContentReplaceBehavior [ RunTime:0.000083s ]
INFO: [ template_filter ] --END-- [ RunTime:0.000102s ]
INFO: Run Behavior\ParseTemplateBehavior [ RunTime:0.016828s ]
INFO: [ view_parse ] --END-- [ RunTime:0.016868s ]
INFO: [ view_filter ] --START--
INFO: Run Behavior\WriteHtmlCacheBehavior [ RunTime:0.000647s ]
INFO: [ view_filter ] --END-- [ RunTime:0.000660s ]
INFO: [ app_end ] --START--
INFO: Run Behavior\ShowPageTraceBehavior [ RunTime:0.000752s ]
INFO: [ app_end ] --END-- [ RunTime:0.000770s ]

[ 2020-04-13T11:41:17+08:00 ] 127.0.0.1 /fishClub/index.php/Home/OrderDetail/orderDetail.html
INFO: [ app_init ] --START--
INFO: Run Behavior\BuildLiteBehavior [ RunTime:0.000014s ]
INFO: [ app_init ] --END-- [ RunTime:0.000240s ]
INFO: [ app_begin ] --START--
INFO: Run Behavior\ReadHtmlCacheBehavior [ RunTime:0.000289s ]
INFO: [ app_begin ] --END-- [ RunTime:0.000307s ]
SQL: SHOW COLUMNS FROM `user_base_info` [ RunTime:0.0021s ]
SQL: SELECT * FROM `user_base_info` WHERE `user_id` = 1 AND `status` = 'normal' LIMIT 1   [ RunTime:0.0003s ]
SQL: SHOW COLUMNS FROM `cart_detail_info` [ RunTime:0.0018s ]
SQL: SELECT * FROM `cart_detail_info` WHERE `cart_id` = 1 AND `status` = 'normal'  [ RunTime:0.0002s ]
SQL: SHOW COLUMNS FROM `cart_detail_info` [ RunTime:0.0020s ]
SQL: SELECT * FROM cart_detail_info as a INNER JOIN ware_base_info as b on a.ware_id = b.ware_id  WHERE a.status = 'normal' AND b.status = 'normal' AND `cart_id` = '1'  [ RunTime:0.0003s ]
INFO: [ view_parse ] --START--
INFO: [ template_filter ] --START--
INFO: Run Behavior\ContentReplaceBehavior [ RunTime:0.000083s ]
INFO: [ template_filter ] --END-- [ RunTime:0.000103s ]
INFO: Run Behavior\ParseTemplateBehavior [ RunTime:0.014481s ]
INFO: [ view_parse ] --END-- [ RunTime:0.014497s ]
INFO: [ view_filter ] --START--
INFO: Run Behavior\WriteHtmlCacheBehavior [ RunTime:0.000106s ]
INFO: [ view_filter ] --END-- [ RunTime:0.000115s ]
INFO: [ app_end ] --START--
INFO: Run Behavior\ShowPageTraceBehavior [ RunTime:0.000319s ]
INFO: [ app_end ] --END-- [ RunTime:0.000333s ]

[ 2020-04-13T11:41:19+08:00 ] 127.0.0.1 /fishClub/index.php/Home/OrderDetail/orderDetail.html
INFO: [ app_init ] --START--
INFO: Run Behavior\BuildLiteBehavior [ RunTime:0.000006s ]
INFO: [ app_init ] --END-- [ RunTime:0.000179s ]
INFO: [ app_begin ] --START--
INFO: Run Behavior\ReadHtmlCacheBehavior [ RunTime:0.000210s ]
INFO: [ app_begin ] --END-- [ RunTime:0.000223s ]
SQL: SHOW COLUMNS FROM `user_base_info` [ RunTime:0.0013s ]
SQL: SELECT * FROM `user_base_info` WHERE `user_id` = 1 AND `status` = 'normal' LIMIT 1   [ RunTime:0.0002s ]
SQL: SHOW COLUMNS FROM `cart_detail_info` [ RunTime:0.0011s ]
SQL: SELECT * FROM `cart_detail_info` WHERE `cart_id` = 1 AND `status` = 'normal'  [ RunTime:0.0002s ]
SQL: SHOW COLUMNS FROM `cart_detail_info` [ RunTime:0.0018s ]
SQL: SELECT * FROM cart_detail_info as a INNER JOIN ware_base_info as b on a.ware_id = b.ware_id  WHERE a.status = 'normal' AND b.status = 'normal' AND `cart_id` = '1'  [ RunTime:0.0003s ]
INFO: [ view_parse ] --START--
INFO: [ template_filter ] --START--
INFO: Run Behavior\ContentReplaceBehavior [ RunTime:0.000061s ]
INFO: [ template_filter ] --END-- [ RunTime:0.000074s ]
INFO: Run Behavior\ParseTemplateBehavior [ RunTime:0.004546s ]
INFO: [ view_parse ] --END-- [ RunTime:0.004561s ]
INFO: [ view_filter ] --START--
INFO: Run Behavior\WriteHtmlCacheBehavior [ RunTime:0.000088s ]
INFO: [ view_filter ] --END-- [ RunTime:0.000098s ]
INFO: [ app_end ] --START--
INFO: Run Behavior\ShowPageTraceBehavior [ RunTime:0.000327s ]
INFO: [ app_end ] --END-- [ RunTime:0.000344s ]

[ 2020-04-13T11:41:21+08:00 ] 127.0.0.1 /fishClub/index.php/Home/OrderDetail/contactUs
INFO: [ app_init ] --START--
INFO: Run Behavior\BuildLiteBehavior [ RunTime:0.000007s ]
INFO: [ app_init ] --END-- [ RunTime:0.000236s ]
INFO: [ app_begin ] --START--
INFO: Run Behavior\ReadHtmlCacheBehavior [ RunTime:0.000341s ]
INFO: [ app_begin ] --END-- [ RunTime:0.000373s ]
SQL: SHOW COLUMNS FROM `management_base_info` [ RunTime:0.0021s ]
SQL: SELECT * FROM `management_base_info` WHERE `status` = 'normal' LIMIT 1   [ RunTime:0.0066s ]
INFO: [ view_parse ] --START--
INFO: [ template_filter ] --START--
INFO: Run Behavior\ContentReplaceBehavior [ RunTime:0.000023s ]
INFO: [ template_filter ] --END-- [ RunTime:0.000039s ]
INFO: Run Behavior\ParseTemplateBehavior [ RunTime:0.004248s ]
INFO: [ view_parse ] --END-- [ RunTime:0.004266s ]
INFO: [ view_filter ] --START--
INFO: Run Behavior\WriteHtmlCacheBehavior [ RunTime:0.000093s ]
INFO: [ view_filter ] --END-- [ RunTime:0.000103s ]
INFO: [ app_end ] --START--
INFO: Run Behavior\ShowPageTraceBehavior [ RunTime:0.000265s ]
INFO: [ app_end ] --END-- [ RunTime:0.000275s ]

[ 2020-04-13T11:41:26+08:00 ] 127.0.0.1 /fishClub/index.php/Home/OrderDetail/contactUs
INFO: [ app_init ] --START--
INFO: Run Behavior\BuildLiteBehavior [ RunTime:0.000007s ]
INFO: [ app_init ] --END-- [ RunTime:0.000220s ]
INFO: [ app_begin ] --START--
INFO: Run Behavior\ReadHtmlCacheBehavior [ RunTime:0.000239s ]
INFO: [ app_begin ] --END-- [ RunTime:0.000254s ]
SQL: SHOW COLUMNS FROM `management_base_info` [ RunTime:0.0015s ]
SQL: SELECT * FROM `management_base_info` WHERE `status` = 'normal' LIMIT 1   [ RunTime:0.0006s ]
INFO: [ view_parse ] --START--
INFO: [ template_filter ] --START--
INFO: Run Behavior\ContentReplaceBehavior [ RunTime:0.000025s ]
INFO: [ template_filter ] --END-- [ RunTime:0.000042s ]
INFO: Run Behavior\ParseTemplateBehavior [ RunTime:0.002329s ]
INFO: [ view_parse ] --END-- [ RunTime:0.002344s ]
INFO: [ view_filter ] --START--
INFO: Run Behavior\WriteHtmlCacheBehavior [ RunTime:0.000095s ]
INFO: [ view_filter ] --END-- [ RunTime:0.000104s ]
INFO: [ app_end ] --START--
INFO: Run Behavior\ShowPageTraceBehavior [ RunTime:0.000243s ]
INFO: [ app_end ] --END-- [ RunTime:0.000253s ]

[ 2020-04-13T11:41:31+08:00 ] 127.0.0.1 /fishClub/index.php/Home/Main/myOrder.html
INFO: [ app_init ] --START--
INFO: Run Behavior\BuildLiteBehavior [ RunTime:0.000007s ]
INFO: [ app_init ] --END-- [ RunTime:0.000178s ]
INFO: [ app_begin ] --START--
INFO: Run Behavior\ReadHtmlCacheBehavior [ RunTime:0.000241s ]
INFO: [ app_begin ] --END-- [ RunTime:0.000253s ]
SQL: SHOW COLUMNS FROM `user_base_info` [ RunTime:0.0019s ]
SQL: SELECT * FROM `user_base_info` WHERE `user_id` = 1 AND `status` = 'normal' LIMIT 1   [ RunTime:0.0003s ]
SQL: SHOW COLUMNS FROM `ware_base_info` [ RunTime:0.0012s ]
SQL: SELECT * FROM `ware_base_info` WHERE `status` = 'normal'  [ RunTime:0.0009s ]
SQL: SHOW COLUMNS FROM `cart_detail_info` [ RunTime:0.0025s ]
SQL: SELECT * FROM `cart_detail_info` WHERE `cart_id` = 1 AND `status` = 'normal'  [ RunTime:0.0004s ]
SQL: SHOW COLUMNS FROM `order_base_info` [ RunTime:0.0058s ]
SQL: SELECT a.order_id,a.ware_total,a.discount,a.order_number,a.total,a.real_pay FROM order_base_info as a WHERE a.status = 'obligation' AND a.user_id = '1' ORDER BY a.time desc  [ RunTime:0.0079s ]
SQL: SHOW COLUMNS FROM `order_ware_detail` [ RunTime:0.0027s ]
SQL: SELECT a.id,a.price,a.count,b.name,b.picture FROM order_ware_detail as a INNER JOIN ware_base_info as b on a.id = b.ware_id  WHERE a.status = 'normal' AND a.order_id = '2'  [ RunTime:0.0038s ]
SQL: SELECT a.order_id,a.ware_total,a.discount,a.order_number,a.total,a.real_pay FROM order_base_info as a WHERE a.user_id = '1' AND a.status IN ('payed','completed') ORDER BY a.time desc  [ RunTime:0.0020s ]
SQL: SELECT a.id,a.price,a.count,b.name,b.picture FROM order_ware_detail as a INNER JOIN ware_base_info as b on a.id = b.ware_id  WHERE a.status = 'normal' AND a.order_id = '4'  [ RunTime:0.0002s ]
SQL: SELECT a.id,a.price,a.count,b.name,b.picture FROM order_ware_detail as a INNER JOIN ware_base_info as b on a.id = b.ware_id  WHERE a.status = 'normal' AND a.order_id = '1'  [ RunTime:0.0002s ]
NOTIC: [8] Undefined variable: ifshow /Applications/XAMPP/xamppfiles/htdocs/fishClub/Application/Home/Controller/MainController.class.php 第 189 行.
INFO: [ view_parse ] --START--
INFO: [ template_filter ] --START--
INFO: Run Behavior\ContentReplaceBehavior [ RunTime:0.000069s ]
INFO: [ template_filter ] --END-- [ RunTime:0.000087s ]
INFO: Run Behavior\ParseTemplateBehavior [ RunTime:0.007777s ]
INFO: [ view_parse ] --END-- [ RunTime:0.007797s ]
INFO: [ view_filter ] --START--
INFO: Run Behavior\WriteHtmlCacheBehavior [ RunTime:0.000131s ]
INFO: [ view_filter ] --END-- [ RunTime:0.000145s ]
INFO: [ app_end ] --START--
INFO: Run Behavior\ShowPageTraceBehavior [ RunTime:0.000272s ]
INFO: [ app_end ] --END-- [ RunTime:0.000286s ]

[ 2020-04-13T11:41:37+08:00 ] 127.0.0.1 /fishClub/index.php/Home/Main/index.html
INFO: [ app_init ] --START--
INFO: Run Behavior\BuildLiteBehavior [ RunTime:0.000007s ]
INFO: [ app_init ] --END-- [ RunTime:0.000255s ]
INFO: [ app_begin ] --START--
INFO: Run Behavior\ReadHtmlCacheBehavior [ RunTime:0.000299s ]
INFO: [ app_begin ] --END-- [ RunTime:0.000322s ]
SQL: SHOW COLUMNS FROM `user_base_info` [ RunTime:0.0015s ]
SQL: SELECT * FROM `user_base_info` WHERE `user_id` = 1 AND `status` = 'normal' LIMIT 1   [ RunTime:0.0003s ]
SQL: SHOW COLUMNS FROM `ware_base_info` [ RunTime:0.0023s ]
SQL: SELECT * FROM `ware_base_info` WHERE `status` = 'normal'  [ RunTime:0.0003s ]
SQL: SHOW COLUMNS FROM `cart_detail_info` [ RunTime:0.0020s ]
SQL: SELECT * FROM `cart_detail_info` WHERE `cart_id` = 1 AND `status` = 'normal'  [ RunTime:0.0005s ]
INFO: [ view_parse ] --START--
INFO: [ template_filter ] --START--
INFO: Run Behavior\ContentReplaceBehavior [ RunTime:0.000074s ]
INFO: [ template_filter ] --END-- [ RunTime:0.000092s ]
INFO: Run Behavior\ParseTemplateBehavior [ RunTime:0.012154s ]
INFO: [ view_parse ] --END-- [ RunTime:0.012180s ]
INFO: [ view_filter ] --START--
INFO: Run Behavior\WriteHtmlCacheBehavior [ RunTime:0.000134s ]
INFO: [ view_filter ] --END-- [ RunTime:0.000147s ]
INFO: [ app_end ] --START--
INFO: Run Behavior\ShowPageTraceBehavior [ RunTime:0.000387s ]
INFO: [ app_end ] --END-- [ RunTime:0.000406s ]

[ 2020-04-13T11:41:39+08:00 ] 127.0.0.1 /fishClub/index.php/Home/Main/wareDetail.html?ware_id=2
INFO: [ app_init ] --START--
INFO: Run Behavior\BuildLiteBehavior [ RunTime:0.000010s ]
INFO: [ app_init ] --END-- [ RunTime:0.000164s ]
INFO: [ app_begin ] --START--
INFO: Run Behavior\ReadHtmlCacheBehavior [ RunTime:0.000199s ]
INFO: [ app_begin ] --END-- [ RunTime:0.000213s ]
SQL: SHOW COLUMNS FROM `user_base_info` [ RunTime:0.0017s ]
SQL: SELECT * FROM `user_base_info` WHERE `user_id` = 1 AND `status` = 'normal' LIMIT 1   [ RunTime:0.0003s ]
SQL: SHOW COLUMNS FROM `ware_base_info` [ RunTime:0.0032s ]
SQL: SELECT * FROM `ware_base_info` WHERE `ware_id` = 2 AND `status` = 'normal' LIMIT 1   [ RunTime:0.0002s ]
SQL: SHOW COLUMNS FROM `cart_detail_info` [ RunTime:0.0012s ]
SQL: SELECT * FROM `cart_detail_info` WHERE `status` = 'normal' AND `ware_id` = 2 AND `cart_id` = 1 LIMIT 1   [ RunTime:0.0002s ]
SQL: SELECT * FROM `cart_detail_info` WHERE `cart_id` = 1 AND `status` = 'normal'  [ RunTime:0.0002s ]
INFO: [ view_parse ] --START--
INFO: [ template_filter ] --START--
INFO: Run Behavior\ContentReplaceBehavior [ RunTime:0.000576s ]
INFO: [ template_filter ] --END-- [ RunTime:0.000595s ]
INFO: Run Behavior\ParseTemplateBehavior [ RunTime:0.007953s ]
INFO: [ view_parse ] --END-- [ RunTime:0.007967s ]
INFO: [ view_filter ] --START--
INFO: Run Behavior\WriteHtmlCacheBehavior [ RunTime:0.000096s ]
INFO: [ view_filter ] --END-- [ RunTime:0.000104s ]
INFO: [ app_end ] --START--
INFO: Run Behavior\ShowPageTraceBehavior [ RunTime:0.000257s ]
INFO: [ app_end ] --END-- [ RunTime:0.000268s ]

[ 2020-04-13T11:41:43+08:00 ] 127.0.0.1 /fishClub/index.php/Home/Main/index.html
INFO: [ app_init ] --START--
INFO: Run Behavior\BuildLiteBehavior [ RunTime:0.000007s ]
INFO: [ app_init ] --END-- [ RunTime:0.000177s ]
INFO: [ app_begin ] --START--
INFO: Run Behavior\ReadHtmlCacheBehavior [ RunTime:0.000223s ]
INFO: [ app_begin ] --END-- [ RunTime:0.000242s ]
SQL: SHOW COLUMNS FROM `user_base_info` [ RunTime:0.0023s ]
SQL: SELECT * FROM `user_base_info` WHERE `user_id` = 1 AND `status` = 'normal' LIMIT 1   [ RunTime:0.0003s ]
SQL: SHOW COLUMNS FROM `ware_base_info` [ RunTime:0.0014s ]
SQL: SELECT * FROM `ware_base_info` WHERE `status` = 'normal'  [ RunTime:0.0003s ]
SQL: SHOW COLUMNS FROM `cart_detail_info` [ RunTime:0.0012s ]
SQL: SELECT * FROM `cart_detail_info` WHERE `cart_id` = 1 AND `status` = 'normal'  [ RunTime:0.0003s ]
INFO: [ view_parse ] --START--
INFO: [ template_filter ] --START--
INFO: Run Behavior\ContentReplaceBehavior [ RunTime:0.000045s ]
INFO: [ template_filter ] --END-- [ RunTime:0.000057s ]
INFO: Run Behavior\ParseTemplateBehavior [ RunTime:0.003141s ]
INFO: [ view_parse ] --END-- [ RunTime:0.003154s ]
INFO: [ view_filter ] --START--
INFO: Run Behavior\WriteHtmlCacheBehavior [ RunTime:0.000085s ]
INFO: [ view_filter ] --END-- [ RunTime:0.000094s ]
INFO: [ app_end ] --START--
INFO: Run Behavior\ShowPageTraceBehavior [ RunTime:0.000310s ]
INFO: [ app_end ] --END-- [ RunTime:0.000322s ]

