[ 2020-02-26T22:06:46+08:00 ] 127.0.0.1 /fishClub/index.php/Home/OrderDetail/adress.html
INFO: [ app_init ] --START--
INFO: Run Behavior\BuildLiteBehavior [ RunTime:0.000006s ]
INFO: [ app_init ] --END-- [ RunTime:0.001186s ]
INFO: [ app_begin ] --START--
INFO: Run Behavior\ReadHtmlCacheBehavior [ RunTime:0.000515s ]
INFO: [ app_begin ] --END-- [ RunTime:0.000546s ]
SQL: SHOW COLUMNS FROM `user_address_detail` [ RunTime:0.0144s ]
SQL: SELECT * FROM `user_address_detail` WHERE `user_id` = 14 AND `status` = 'normal' LIMIT 1   [ RunTime:0.0016s ]
SQL: SHOW COLUMNS FROM `cart_detail_info` [ RunTime:0.0012s ]
SQL: SELECT * FROM cart_detail_info as a INNER JOIN ware_base_info as b on a.ware_id = b.ware_id  WHERE a.status = 'normal' AND b.status = 'normal' AND `cart_id` = '14'  [ RunTime:0.0048s ]
INFO: [ view_parse ] --START--
INFO: [ template_filter ] --START--
INFO: Run Behavior\ContentReplaceBehavior [ RunTime:0.000096s ]
INFO: [ template_filter ] --END-- [ RunTime:0.000127s ]
INFO: Run Behavior\ParseTemplateBehavior [ RunTime:0.009075s ]
INFO: [ view_parse ] --END-- [ RunTime:0.009096s ]
INFO: [ view_filter ] --START--
INFO: Run Behavior\WriteHtmlCacheBehavior [ RunTime:0.000365s ]
INFO: [ view_filter ] --END-- [ RunTime:0.000376s ]
INFO: [ app_end ] --START--
INFO: Run Behavior\ShowPageTraceBehavior [ RunTime:0.000736s ]
INFO: [ app_end ] --END-- [ RunTime:0.000782s ]

[ 2020-02-26T22:16:27+08:00 ] 127.0.0.1 /fishClub/index.php/Home/OrderDetail/adress.html
INFO: [ app_init ] --START--
INFO: Run Behavior\BuildLiteBehavior [ RunTime:0.000006s ]
INFO: [ app_init ] --END-- [ RunTime:0.000760s ]
INFO: [ app_begin ] --START--
INFO: Run Behavior\ReadHtmlCacheBehavior [ RunTime:0.000530s ]
INFO: [ app_begin ] --END-- [ RunTime:0.000547s ]
SQL: SHOW COLUMNS FROM `user_address_detail` [ RunTime:0.0037s ]
SQL: SELECT * FROM `user_address_detail` WHERE `user_id` = 14 AND `status` = 'normal' LIMIT 1   [ RunTime:0.0002s ]
SQL: SHOW COLUMNS FROM `cart_detail_info` [ RunTime:0.0034s ]
SQL: SELECT * FROM cart_detail_info as a INNER JOIN ware_base_info as b on a.ware_id = b.ware_id  WHERE a.status = 'normal' AND b.status = 'normal' AND `cart_id` = '14'  [ RunTime:0.0003s ]
INFO: [ view_parse ] --START--
INFO: [ template_filter ] --START--
INFO: Run Behavior\ContentReplaceBehavior [ RunTime:0.000109s ]
INFO: [ template_filter ] --END-- [ RunTime:0.000141s ]
INFO: Run Behavior\ParseTemplateBehavior [ RunTime:0.009609s ]
INFO: [ view_parse ] --END-- [ RunTime:0.009634s ]
INFO: [ view_filter ] --START--
INFO: Run Behavior\WriteHtmlCacheBehavior [ RunTime:0.000410s ]
INFO: [ view_filter ] --END-- [ RunTime:0.000428s ]
INFO: [ app_end ] --START--
INFO: Run Behavior\ShowPageTraceBehavior [ RunTime:0.000755s ]
INFO: [ app_end ] --END-- [ RunTime:0.000781s ]

[ 2020-02-26T22:17:36+08:00 ] 127.0.0.1 /fishClub/index.php/Home/Main/wareDetail.html?ware_id=1
INFO: [ app_init ] --START--
INFO: Run Behavior\BuildLiteBehavior [ RunTime:0.000009s ]
INFO: [ app_init ] --END-- [ RunTime:0.000527s ]
INFO: [ app_begin ] --START--
INFO: Run Behavior\ReadHtmlCacheBehavior [ RunTime:0.000385s ]
INFO: [ app_begin ] --END-- [ RunTime:0.000409s ]
SQL: SHOW COLUMNS FROM `user_base_info` [ RunTime:0.0012s ]
SQL: SELECT * FROM `user_base_info` WHERE `user_id` = 14 AND `status` = 'normal' LIMIT 1   [ RunTime:0.0002s ]
SQL: SHOW COLUMNS FROM `ware_base_info` [ RunTime:0.0011s ]
SQL: SELECT * FROM `ware_base_info` WHERE `ware_id` = 1 AND `status` = 'normal' LIMIT 1   [ RunTime:0.0009s ]
SQL: SHOW COLUMNS FROM `cart_detail_info` [ RunTime:0.0017s ]
SQL: SELECT * FROM `cart_detail_info` WHERE `status` = 'normal' AND `ware_id` = 1 AND `cart_id` = 14 LIMIT 1   [ RunTime:0.0002s ]
SQL: SELECT * FROM `cart_detail_info` WHERE `cart_id` = 14  [ RunTime:0.0001s ]
INFO: [ view_parse ] --START--
INFO: [ template_filter ] --START--
INFO: Run Behavior\ContentReplaceBehavior [ RunTime:0.000101s ]
INFO: [ template_filter ] --END-- [ RunTime:0.000123s ]
INFO: Run Behavior\ParseTemplateBehavior [ RunTime:0.007488s ]
INFO: [ view_parse ] --END-- [ RunTime:0.007514s ]
INFO: [ view_filter ] --START--
INFO: Run Behavior\WriteHtmlCacheBehavior [ RunTime:0.000215s ]
INFO: [ view_filter ] --END-- [ RunTime:0.000230s ]
INFO: [ app_end ] --START--
INFO: Run Behavior\ShowPageTraceBehavior [ RunTime:0.000407s ]
INFO: [ app_end ] --END-- [ RunTime:0.000423s ]

[ 2020-02-26T22:17:47+08:00 ] 127.0.0.1 /fishClub/index.php/Home/OrderDetail/orderDetail.html
INFO: [ app_init ] --START--
INFO: Run Behavior\BuildLiteBehavior [ RunTime:0.000008s ]
INFO: [ app_init ] --END-- [ RunTime:0.000278s ]
INFO: [ app_begin ] --START--
INFO: Run Behavior\ReadHtmlCacheBehavior [ RunTime:0.000259s ]
INFO: [ app_begin ] --END-- [ RunTime:0.000280s ]
SQL: SHOW COLUMNS FROM `user_base_info` [ RunTime:0.0015s ]
SQL: SELECT * FROM `user_base_info` WHERE `user_id` = 14 AND `status` = 'normal' LIMIT 1   [ RunTime:0.0002s ]
SQL: SHOW COLUMNS FROM `cart_detail_info` [ RunTime:0.0010s ]
SQL: SELECT * FROM `cart_detail_info` WHERE `cart_id` = 14  [ RunTime:0.0001s ]
SQL: SHOW COLUMNS FROM `cart_detail_info` [ RunTime:0.0009s ]
SQL: SELECT * FROM cart_detail_info as a INNER JOIN ware_base_info as b on a.ware_id = b.ware_id  WHERE a.status = 'normal' AND b.status = 'normal' AND `cart_id` = '14'  [ RunTime:0.0003s ]
INFO: [ view_parse ] --START--
INFO: [ template_filter ] --START--
INFO: Run Behavior\ContentReplaceBehavior [ RunTime:0.000199s ]
INFO: [ template_filter ] --END-- [ RunTime:0.000230s ]
INFO: Run Behavior\ParseTemplateBehavior [ RunTime:0.010565s ]
INFO: [ view_parse ] --END-- [ RunTime:0.010588s ]
INFO: [ view_filter ] --START--
INFO: Run Behavior\WriteHtmlCacheBehavior [ RunTime:0.000106s ]
INFO: [ view_filter ] --END-- [ RunTime:0.000118s ]
INFO: [ app_end ] --START--
INFO: Run Behavior\ShowPageTraceBehavior [ RunTime:0.000299s ]
INFO: [ app_end ] --END-- [ RunTime:0.000317s ]

[ 2020-02-26T22:17:53+08:00 ] 127.0.0.1 /fishClub/index.php/Home/Main/index.html
INFO: [ app_init ] --START--
INFO: Run Behavior\BuildLiteBehavior [ RunTime:0.000005s ]
INFO: [ app_init ] --END-- [ RunTime:0.000203s ]
INFO: [ app_begin ] --START--
INFO: Run Behavior\ReadHtmlCacheBehavior [ RunTime:0.000237s ]
INFO: [ app_begin ] --END-- [ RunTime:0.000255s ]
SQL: SHOW COLUMNS FROM `user_base_info` [ RunTime:0.0012s ]
SQL: SELECT * FROM `user_base_info` WHERE `user_id` = 14 AND `status` = 'normal' LIMIT 1   [ RunTime:0.0003s ]
SQL: SHOW COLUMNS FROM `ware_base_info` [ RunTime:0.0011s ]
SQL: SELECT * FROM `ware_base_info` WHERE `status` = 'normal'  [ RunTime:0.0002s ]
SQL: SHOW COLUMNS FROM `cart_detail_info` [ RunTime:0.0013s ]
SQL: SELECT * FROM `cart_detail_info` WHERE `cart_id` = 14  [ RunTime:0.0002s ]
INFO: [ view_parse ] --START--
INFO: [ template_filter ] --START--
INFO: Run Behavior\ContentReplaceBehavior [ RunTime:0.000111s ]
INFO: [ template_filter ] --END-- [ RunTime:0.000162s ]
INFO: Run Behavior\ParseTemplateBehavior [ RunTime:0.007989s ]
INFO: [ view_parse ] --END-- [ RunTime:0.008015s ]
INFO: [ view_filter ] --START--
INFO: Run Behavior\WriteHtmlCacheBehavior [ RunTime:0.000126s ]
INFO: [ view_filter ] --END-- [ RunTime:0.000141s ]
INFO: [ app_end ] --START--
INFO: Run Behavior\ShowPageTraceBehavior [ RunTime:0.000368s ]
INFO: [ app_end ] --END-- [ RunTime:0.000388s ]

[ 2020-02-26T22:17:57+08:00 ] 127.0.0.1 /fishClub/index.php/Home/OrderDetail/orderDetail.html
INFO: [ app_init ] --START--
INFO: Run Behavior\BuildLiteBehavior [ RunTime:0.000007s ]
INFO: [ app_init ] --END-- [ RunTime:0.000278s ]
INFO: [ app_begin ] --START--
INFO: Run Behavior\ReadHtmlCacheBehavior [ RunTime:0.000264s ]
INFO: [ app_begin ] --END-- [ RunTime:0.000285s ]
SQL: SHOW COLUMNS FROM `user_base_info` [ RunTime:0.0012s ]
SQL: SELECT * FROM `user_base_info` WHERE `user_id` = 14 AND `status` = 'normal' LIMIT 1   [ RunTime:0.0002s ]
SQL: SHOW COLUMNS FROM `cart_detail_info` [ RunTime:0.0028s ]
SQL: SELECT * FROM `cart_detail_info` WHERE `cart_id` = 14  [ RunTime:0.0002s ]
SQL: SHOW COLUMNS FROM `cart_detail_info` [ RunTime:0.0011s ]
SQL: SELECT * FROM cart_detail_info as a INNER JOIN ware_base_info as b on a.ware_id = b.ware_id  WHERE a.status = 'normal' AND b.status = 'normal' AND `cart_id` = '14'  [ RunTime:0.0003s ]
INFO: [ view_parse ] --START--
INFO: [ template_filter ] --START--
INFO: Run Behavior\ContentReplaceBehavior [ RunTime:0.000157s ]
INFO: [ template_filter ] --END-- [ RunTime:0.000173s ]
INFO: Run Behavior\ParseTemplateBehavior [ RunTime:0.004491s ]
INFO: [ view_parse ] --END-- [ RunTime:0.004512s ]
INFO: [ view_filter ] --START--
INFO: Run Behavior\WriteHtmlCacheBehavior [ RunTime:0.000112s ]
INFO: [ view_filter ] --END-- [ RunTime:0.000128s ]
INFO: [ app_end ] --START--
INFO: Run Behavior\ShowPageTraceBehavior [ RunTime:0.000260s ]
INFO: [ app_end ] --END-- [ RunTime:0.000275s ]

[ 2020-02-26T22:17:59+08:00 ] 127.0.0.1 /fishClub/index.php/Home/OrderDetail/orderDetail.html
INFO: [ app_init ] --START--
INFO: Run Behavior\BuildLiteBehavior [ RunTime:0.000007s ]
INFO: [ app_init ] --END-- [ RunTime:0.000215s ]
INFO: [ app_begin ] --START--
INFO: Run Behavior\ReadHtmlCacheBehavior [ RunTime:0.000213s ]
INFO: [ app_begin ] --END-- [ RunTime:0.000231s ]
SQL: SHOW COLUMNS FROM `user_base_info` [ RunTime:0.0023s ]
SQL: SELECT * FROM `user_base_info` WHERE `user_id` = 14 AND `status` = 'normal' LIMIT 1   [ RunTime:0.0002s ]
SQL: SHOW COLUMNS FROM `cart_detail_info` [ RunTime:0.0009s ]
SQL: SELECT * FROM `cart_detail_info` WHERE `cart_id` = 14  [ RunTime:0.0002s ]
SQL: SHOW COLUMNS FROM `cart_detail_info` [ RunTime:0.0010s ]
SQL: SELECT * FROM cart_detail_info as a INNER JOIN ware_base_info as b on a.ware_id = b.ware_id  WHERE a.status = 'normal' AND b.status = 'normal' AND `cart_id` = '14'  [ RunTime:0.0003s ]
INFO: [ view_parse ] --START--
INFO: [ template_filter ] --START--
INFO: Run Behavior\ContentReplaceBehavior [ RunTime:0.000134s ]
INFO: [ template_filter ] --END-- [ RunTime:0.000155s ]
INFO: Run Behavior\ParseTemplateBehavior [ RunTime:0.006492s ]
INFO: [ view_parse ] --END-- [ RunTime:0.006532s ]
INFO: [ view_filter ] --START--
INFO: Run Behavior\WriteHtmlCacheBehavior [ RunTime:0.000106s ]
INFO: [ view_filter ] --END-- [ RunTime:0.000119s ]
INFO: [ app_end ] --START--
INFO: Run Behavior\ShowPageTraceBehavior [ RunTime:0.000271s ]
INFO: [ app_end ] --END-- [ RunTime:0.000287s ]

[ 2020-02-26T22:18:08+08:00 ] 127.0.0.1 /fishClub/index.php/Home/OrderDetail/adress.html
INFO: [ app_init ] --START--
INFO: Run Behavior\BuildLiteBehavior [ RunTime:0.000006s ]
INFO: [ app_init ] --END-- [ RunTime:0.000251s ]
INFO: [ app_begin ] --START--
INFO: Run Behavior\ReadHtmlCacheBehavior [ RunTime:0.000269s ]
INFO: [ app_begin ] --END-- [ RunTime:0.000291s ]
SQL: SHOW COLUMNS FROM `user_address_detail` [ RunTime:0.0025s ]
SQL: SELECT * FROM `user_address_detail` WHERE `user_id` = 14 AND `status` = 'normal' LIMIT 1   [ RunTime:0.0003s ]
SQL: SHOW COLUMNS FROM `cart_detail_info` [ RunTime:0.0012s ]
SQL: SELECT * FROM cart_detail_info as a INNER JOIN ware_base_info as b on a.ware_id = b.ware_id  WHERE a.status = 'normal' AND b.status = 'normal' AND `cart_id` = '14'  [ RunTime:0.0003s ]
INFO: [ view_parse ] --START--
INFO: [ template_filter ] --START--
INFO: Run Behavior\ContentReplaceBehavior [ RunTime:0.000122s ]
INFO: [ template_filter ] --END-- [ RunTime:0.000162s ]
INFO: Run Behavior\ParseTemplateBehavior [ RunTime:0.008705s ]
INFO: [ view_parse ] --END-- [ RunTime:0.008734s ]
INFO: [ view_filter ] --START--
INFO: Run Behavior\WriteHtmlCacheBehavior [ RunTime:0.000108s ]
INFO: [ view_filter ] --END-- [ RunTime:0.000121s ]
INFO: [ app_end ] --START--
INFO: Run Behavior\ShowPageTraceBehavior [ RunTime:0.000303s ]
INFO: [ app_end ] --END-- [ RunTime:0.000319s ]

[ 2020-02-26T22:39:33+08:00 ] 127.0.0.1 /fishClub/index.php/Home/OrderDetail/adress.html
INFO: [ app_init ] --START--
INFO: Run Behavior\BuildLiteBehavior [ RunTime:0.000008s ]
INFO: [ app_init ] --END-- [ RunTime:0.000536s ]
INFO: [ app_begin ] --START--
INFO: Run Behavior\ReadHtmlCacheBehavior [ RunTime:0.000598s ]
INFO: [ app_begin ] --END-- [ RunTime:0.000623s ]
SQL: SHOW COLUMNS FROM `user_address_detail` [ RunTime:0.0022s ]
SQL: SELECT * FROM `user_address_detail` WHERE `user_id` = 14 AND `status` = 'normal' LIMIT 1   [ RunTime:0.0010s ]
SQL: SHOW COLUMNS FROM `cart_detail_info` [ RunTime:0.0011s ]
SQL: SELECT * FROM cart_detail_info as a INNER JOIN ware_base_info as b on a.ware_id = b.ware_id  WHERE a.status = 'normal' AND b.status = 'normal' AND `cart_id` = '14'  [ RunTime:0.0004s ]
INFO: [ view_parse ] --START--
INFO: [ template_filter ] --START--
INFO: Run Behavior\ContentReplaceBehavior [ RunTime:0.000110s ]
INFO: [ template_filter ] --END-- [ RunTime:0.000125s ]
NOTIC: [8] Array to string conversion /Applications/XAMPP/xamppfiles/htdocs/fishClub/Application/Runtime/Cache/Home/a9477b8475be56c810cb59781b5b568f.php 第 244 行.
INFO: Run Behavior\ParseTemplateBehavior [ RunTime:0.005881s ]
INFO: [ view_parse ] --END-- [ RunTime:0.005898s ]
INFO: [ view_filter ] --START--
INFO: Run Behavior\WriteHtmlCacheBehavior [ RunTime:0.000409s ]
INFO: [ view_filter ] --END-- [ RunTime:0.000423s ]
INFO: [ app_end ] --START--
INFO: Run Behavior\ShowPageTraceBehavior [ RunTime:0.000639s ]
INFO: [ app_end ] --END-- [ RunTime:0.000657s ]

[ 2020-02-26T22:41:48+08:00 ] 127.0.0.1 /fishClub/index.php/Home/OrderDetail/adress.html
INFO: [ app_init ] --START--
INFO: Run Behavior\BuildLiteBehavior [ RunTime:0.000006s ]
INFO: [ app_init ] --END-- [ RunTime:0.000208s ]
INFO: [ app_begin ] --START--
INFO: Run Behavior\ReadHtmlCacheBehavior [ RunTime:0.000252s ]
INFO: [ app_begin ] --END-- [ RunTime:0.000270s ]
SQL: SHOW COLUMNS FROM `user_address_detail` [ RunTime:0.0023s ]
SQL: SELECT * FROM `user_address_detail` WHERE `user_id` = 14 AND `status` = 'normal' LIMIT 1   [ RunTime:0.0004s ]
SQL: SHOW COLUMNS FROM `cart_detail_info` [ RunTime:0.0016s ]
SQL: SELECT * FROM cart_detail_info as a INNER JOIN ware_base_info as b on a.ware_id = b.ware_id  WHERE a.status = 'normal' AND b.status = 'normal' AND `cart_id` = '14'  [ RunTime:0.0004s ]
INFO: [ view_parse ] --START--
INFO: [ template_filter ] --START--
INFO: Run Behavior\ContentReplaceBehavior [ RunTime:0.000115s ]
INFO: [ template_filter ] --END-- [ RunTime:0.000143s ]
NOTIC: [8] Array to string conversion /Applications/XAMPP/xamppfiles/htdocs/fishClub/Application/Runtime/Cache/Home/a9477b8475be56c810cb59781b5b568f.php 第 244 行.
INFO: Run Behavior\ParseTemplateBehavior [ RunTime:0.004575s ]
INFO: [ view_parse ] --END-- [ RunTime:0.004589s ]
INFO: [ view_filter ] --START--
INFO: Run Behavior\WriteHtmlCacheBehavior [ RunTime:0.000082s ]
INFO: [ view_filter ] --END-- [ RunTime:0.000092s ]
INFO: [ app_end ] --START--
INFO: Run Behavior\ShowPageTraceBehavior [ RunTime:0.000311s ]
INFO: [ app_end ] --END-- [ RunTime:0.000331s ]

[ 2020-02-26T22:51:57+08:00 ] 127.0.0.1 /fishClub/index.php/Home/OrderDetail/adress.html
INFO: [ app_init ] --START--
INFO: Run Behavior\BuildLiteBehavior [ RunTime:0.000013s ]
INFO: [ app_init ] --END-- [ RunTime:0.000703s ]
INFO: [ app_begin ] --START--
INFO: Run Behavior\ReadHtmlCacheBehavior [ RunTime:0.000825s ]
INFO: [ app_begin ] --END-- [ RunTime:0.000862s ]
SQL: SHOW COLUMNS FROM `user_address_detail` [ RunTime:0.0023s ]
SQL: SELECT * FROM `user_address_detail` WHERE `user_id` = 14 AND `status` = 'normal' LIMIT 1   [ RunTime:0.0004s ]
SQL: SHOW COLUMNS FROM `cart_detail_info` [ RunTime:0.0017s ]
SQL: SELECT * FROM cart_detail_info as a INNER JOIN ware_base_info as b on a.ware_id = b.ware_id  WHERE a.status = 'normal' AND b.status = 'normal' AND `cart_id` = '14'  [ RunTime:0.0005s ]
INFO: [ view_parse ] --START--
INFO: [ template_filter ] --START--
INFO: Run Behavior\ContentReplaceBehavior [ RunTime:0.000112s ]
INFO: [ template_filter ] --END-- [ RunTime:0.000140s ]
NOTIC: [8] Array to string conversion /Applications/XAMPP/xamppfiles/htdocs/fishClub/Application/Runtime/Cache/Home/a9477b8475be56c810cb59781b5b568f.php 第 244 行.
INFO: Run Behavior\ParseTemplateBehavior [ RunTime:0.006728s ]
INFO: [ view_parse ] --END-- [ RunTime:0.006747s ]
INFO: [ view_filter ] --START--
INFO: Run Behavior\WriteHtmlCacheBehavior [ RunTime:0.000385s ]
INFO: [ view_filter ] --END-- [ RunTime:0.000396s ]
INFO: [ app_end ] --START--
INFO: Run Behavior\ShowPageTraceBehavior [ RunTime:0.000535s ]
INFO: [ app_end ] --END-- [ RunTime:0.000552s ]

[ 2020-02-26T22:51:59+08:00 ] 127.0.0.1 /fishClub/index.php/Home/OrderDetail/verifyCode
INFO: [ app_init ] --START--
INFO: Run Behavior\BuildLiteBehavior [ RunTime:0.000006s ]
INFO: [ app_init ] --END-- [ RunTime:0.000191s ]
INFO: [ app_begin ] --START--
INFO: Run Behavior\ReadHtmlCacheBehavior [ RunTime:0.000184s ]
INFO: [ app_begin ] --END-- [ RunTime:0.000199s ]
SQL: SHOW COLUMNS FROM `discount_base_info` [ RunTime:0.0029s ]
SQL: SELECT * FROM `discount_base_info` WHERE `code` = 'q' AND `status` = 'normal' LIMIT 1   [ RunTime:0.0003s ]
INFO: [ app_end ] --START--
INFO: Run Behavior\ShowPageTraceBehavior [ RunTime:0.000397s ]
INFO: [ app_end ] --END-- [ RunTime:0.000489s ]

[ 2020-02-26T22:52:01+08:00 ] 127.0.0.1 /fishClub/index.php/Home/OrderDetail/verifyCode
INFO: [ app_init ] --START--
INFO: Run Behavior\BuildLiteBehavior [ RunTime:0.000005s ]
INFO: [ app_init ] --END-- [ RunTime:0.000146s ]
INFO: [ app_begin ] --START--
INFO: Run Behavior\ReadHtmlCacheBehavior [ RunTime:0.000178s ]
INFO: [ app_begin ] --END-- [ RunTime:0.000193s ]
SQL: SHOW COLUMNS FROM `discount_base_info` [ RunTime:0.0018s ]
SQL: SELECT * FROM `discount_base_info` WHERE `code` = '' AND `status` = 'normal' LIMIT 1   [ RunTime:0.0002s ]
INFO: [ app_end ] --START--
INFO: Run Behavior\ShowPageTraceBehavior [ RunTime:0.000244s ]
INFO: [ app_end ] --END-- [ RunTime:0.000259s ]

[ 2020-02-26T22:54:04+08:00 ] 127.0.0.1 /fishClub/index.php/Home/OrderDetail/adress.html
INFO: [ app_init ] --START--
INFO: Run Behavior\BuildLiteBehavior [ RunTime:0.000007s ]
INFO: [ app_init ] --END-- [ RunTime:0.000585s ]
INFO: [ app_begin ] --START--
INFO: Run Behavior\ReadHtmlCacheBehavior [ RunTime:0.000607s ]
INFO: [ app_begin ] --END-- [ RunTime:0.000646s ]
SQL: SHOW COLUMNS FROM `user_address_detail` [ RunTime:0.0018s ]
SQL: SELECT * FROM `user_address_detail` WHERE `user_id` = 14 AND `status` = 'normal' LIMIT 1   [ RunTime:0.0002s ]
SQL: SHOW COLUMNS FROM `cart_detail_info` [ RunTime:0.0011s ]
SQL: SELECT * FROM cart_detail_info as a INNER JOIN ware_base_info as b on a.ware_id = b.ware_id  WHERE a.status = 'normal' AND b.status = 'normal' AND `cart_id` = '14'  [ RunTime:0.0003s ]
INFO: [ view_parse ] --START--
INFO: [ template_filter ] --START--
INFO: Run Behavior\ContentReplaceBehavior [ RunTime:0.000125s ]
INFO: [ template_filter ] --END-- [ RunTime:0.000160s ]
NOTIC: [8] Array to string conversion /Applications/XAMPP/xamppfiles/htdocs/fishClub/Application/Runtime/Cache/Home/a9477b8475be56c810cb59781b5b568f.php 第 244 行.
INFO: Run Behavior\ParseTemplateBehavior [ RunTime:0.006868s ]
INFO: [ view_parse ] --END-- [ RunTime:0.006888s ]
INFO: [ view_filter ] --START--
INFO: Run Behavior\WriteHtmlCacheBehavior [ RunTime:0.000475s ]
INFO: [ view_filter ] --END-- [ RunTime:0.000487s ]
INFO: [ app_end ] --START--
INFO: Run Behavior\ShowPageTraceBehavior [ RunTime:0.000914s ]
INFO: [ app_end ] --END-- [ RunTime:0.000941s ]

[ 2020-02-26T22:54:11+08:00 ] 127.0.0.1 /fishClub/index.php/Home/OrderDetail/verifyCode
INFO: [ app_init ] --START--
INFO: Run Behavior\BuildLiteBehavior [ RunTime:0.000004s ]
INFO: [ app_init ] --END-- [ RunTime:0.000192s ]
INFO: [ app_begin ] --START--
INFO: Run Behavior\ReadHtmlCacheBehavior [ RunTime:0.000237s ]
INFO: [ app_begin ] --END-- [ RunTime:0.000256s ]
SQL: SHOW COLUMNS FROM `discount_base_info` [ RunTime:0.0018s ]
SQL: SELECT * FROM `discount_base_info` WHERE `code` = '1' AND `status` = 'normal' LIMIT 1   [ RunTime:0.0002s ]
INFO: [ app_end ] --START--
INFO: Run Behavior\ShowPageTraceBehavior [ RunTime:0.000309s ]
INFO: [ app_end ] --END-- [ RunTime:0.000325s ]

[ 2020-02-26T22:54:13+08:00 ] 127.0.0.1 /fishClub/index.php/Home/OrderDetail/verifyCode
INFO: [ app_init ] --START--
INFO: Run Behavior\BuildLiteBehavior [ RunTime:0.000005s ]
INFO: [ app_init ] --END-- [ RunTime:0.000190s ]
INFO: [ app_begin ] --START--
INFO: Run Behavior\ReadHtmlCacheBehavior [ RunTime:0.000224s ]
INFO: [ app_begin ] --END-- [ RunTime:0.000256s ]
SQL: SHOW COLUMNS FROM `discount_base_info` [ RunTime:0.0016s ]
SQL: SELECT * FROM `discount_base_info` WHERE `code` = '11' AND `status` = 'normal' LIMIT 1   [ RunTime:0.0003s ]
INFO: [ app_end ] --START--
INFO: Run Behavior\ShowPageTraceBehavior [ RunTime:0.000303s ]
INFO: [ app_end ] --END-- [ RunTime:0.000321s ]

[ 2020-02-26T22:54:15+08:00 ] 127.0.0.1 /fishClub/index.php/Home/OrderDetail/verifyCode
INFO: [ app_init ] --START--
INFO: Run Behavior\BuildLiteBehavior [ RunTime:0.000006s ]
INFO: [ app_init ] --END-- [ RunTime:0.000186s ]
INFO: [ app_begin ] --START--
INFO: Run Behavior\ReadHtmlCacheBehavior [ RunTime:0.000246s ]
INFO: [ app_begin ] --END-- [ RunTime:0.000266s ]
SQL: SHOW COLUMNS FROM `discount_base_info` [ RunTime:0.0016s ]
SQL: SELECT * FROM `discount_base_info` WHERE `code` = '111' AND `status` = 'normal' LIMIT 1   [ RunTime:0.0001s ]
INFO: [ app_end ] --START--
INFO: Run Behavior\ShowPageTraceBehavior [ RunTime:0.000269s ]
INFO: [ app_end ] --END-- [ RunTime:0.000286s ]

[ 2020-02-26T22:54:15+08:00 ] 127.0.0.1 /fishClub/index.php/Home/OrderDetail/verifyCode
INFO: [ app_init ] --START--
INFO: Run Behavior\BuildLiteBehavior [ RunTime:0.000005s ]
INFO: [ app_init ] --END-- [ RunTime:0.000179s ]
INFO: [ app_begin ] --START--
INFO: Run Behavior\ReadHtmlCacheBehavior [ RunTime:0.000222s ]
INFO: [ app_begin ] --END-- [ RunTime:0.000240s ]
SQL: SHOW COLUMNS FROM `discount_base_info` [ RunTime:0.0013s ]
SQL: SELECT * FROM `discount_base_info` WHERE `code` = '1111' AND `status` = 'normal' LIMIT 1   [ RunTime:0.0002s ]
INFO: [ app_end ] --START--
INFO: Run Behavior\ShowPageTraceBehavior [ RunTime:0.000277s ]
INFO: [ app_end ] --END-- [ RunTime:0.000293s ]

[ 2020-02-26T22:54:16+08:00 ] 127.0.0.1 /fishClub/index.php/Home/OrderDetail/verifyCode
INFO: [ app_init ] --START--
INFO: Run Behavior\BuildLiteBehavior [ RunTime:0.000006s ]
INFO: [ app_init ] --END-- [ RunTime:0.000190s ]
INFO: [ app_begin ] --START--
INFO: Run Behavior\ReadHtmlCacheBehavior [ RunTime:0.000224s ]
INFO: [ app_begin ] --END-- [ RunTime:0.000244s ]
SQL: SHOW COLUMNS FROM `discount_base_info` [ RunTime:0.0015s ]
SQL: SELECT * FROM `discount_base_info` WHERE `code` = '11111' AND `status` = 'normal' LIMIT 1   [ RunTime:0.0002s ]
INFO: [ app_end ] --START--
INFO: Run Behavior\ShowPageTraceBehavior [ RunTime:0.000444s ]
INFO: [ app_end ] --END-- [ RunTime:0.000468s ]

[ 2020-02-26T22:54:16+08:00 ] 127.0.0.1 /fishClub/index.php/Home/OrderDetail/verifyCode
INFO: [ app_init ] --START--
INFO: Run Behavior\BuildLiteBehavior [ RunTime:0.000006s ]
INFO: [ app_init ] --END-- [ RunTime:0.000194s ]
INFO: [ app_begin ] --START--
INFO: Run Behavior\ReadHtmlCacheBehavior [ RunTime:0.000226s ]
INFO: [ app_begin ] --END-- [ RunTime:0.000245s ]
SQL: SHOW COLUMNS FROM `discount_base_info` [ RunTime:0.0012s ]
SQL: SELECT * FROM `discount_base_info` WHERE `code` = '111111' AND `status` = 'normal' LIMIT 1   [ RunTime:0.0002s ]
INFO: [ app_end ] --START--
INFO: Run Behavior\ShowPageTraceBehavior [ RunTime:0.000260s ]
INFO: [ app_end ] --END-- [ RunTime:0.000277s ]

[ 2020-02-26T22:54:17+08:00 ] 127.0.0.1 /fishClub/index.php/Home/OrderDetail/verifyCode
INFO: [ app_init ] --START--
INFO: Run Behavior\BuildLiteBehavior [ RunTime:0.000007s ]
INFO: [ app_init ] --END-- [ RunTime:0.000178s ]
INFO: [ app_begin ] --START--
INFO: Run Behavior\ReadHtmlCacheBehavior [ RunTime:0.000270s ]
INFO: [ app_begin ] --END-- [ RunTime:0.000291s ]
SQL: SHOW COLUMNS FROM `discount_base_info` [ RunTime:0.0016s ]
SQL: SELECT * FROM `discount_base_info` WHERE `code` = '1111111' AND `status` = 'normal' LIMIT 1   [ RunTime:0.0002s ]
INFO: [ app_end ] --START--
INFO: Run Behavior\ShowPageTraceBehavior [ RunTime:0.000273s ]
INFO: [ app_end ] --END-- [ RunTime:0.000290s ]

[ 2020-02-26T22:54:17+08:00 ] 127.0.0.1 /fishClub/index.php/Home/OrderDetail/verifyCode
INFO: [ app_init ] --START--
INFO: Run Behavior\BuildLiteBehavior [ RunTime:0.000006s ]
INFO: [ app_init ] --END-- [ RunTime:0.000191s ]
INFO: [ app_begin ] --START--
INFO: Run Behavior\ReadHtmlCacheBehavior [ RunTime:0.000474s ]
INFO: [ app_begin ] --END-- [ RunTime:0.000545s ]
SQL: SHOW COLUMNS FROM `discount_base_info` [ RunTime:0.0019s ]
SQL: SELECT * FROM `discount_base_info` WHERE `code` = '11111111' AND `status` = 'normal' LIMIT 1   [ RunTime:0.0002s ]
INFO: [ app_end ] --START--
INFO: Run Behavior\ShowPageTraceBehavior [ RunTime:0.000312s ]
INFO: [ app_end ] --END-- [ RunTime:0.000328s ]

[ 2020-02-26T22:54:18+08:00 ] 127.0.0.1 /fishClub/index.php/Home/OrderDetail/verifyCode
INFO: [ app_init ] --START--
INFO: Run Behavior\BuildLiteBehavior [ RunTime:0.000006s ]
INFO: [ app_init ] --END-- [ RunTime:0.000167s ]
INFO: [ app_begin ] --START--
INFO: Run Behavior\ReadHtmlCacheBehavior [ RunTime:0.000202s ]
INFO: [ app_begin ] --END-- [ RunTime:0.000219s ]
SQL: SHOW COLUMNS FROM `discount_base_info` [ RunTime:0.0016s ]
SQL: SELECT * FROM `discount_base_info` WHERE `code` = '1111111' AND `status` = 'normal' LIMIT 1   [ RunTime:0.0003s ]
INFO: [ app_end ] --START--
INFO: Run Behavior\ShowPageTraceBehavior [ RunTime:0.000385s ]
INFO: [ app_end ] --END-- [ RunTime:0.000406s ]

[ 2020-02-26T22:54:18+08:00 ] 127.0.0.1 /fishClub/index.php/Home/OrderDetail/verifyCode
INFO: [ app_init ] --START--
INFO: Run Behavior\BuildLiteBehavior [ RunTime:0.000005s ]
INFO: [ app_init ] --END-- [ RunTime:0.000177s ]
INFO: [ app_begin ] --START--
INFO: Run Behavior\ReadHtmlCacheBehavior [ RunTime:0.000218s ]
INFO: [ app_begin ] --END-- [ RunTime:0.000236s ]
SQL: SHOW COLUMNS FROM `discount_base_info` [ RunTime:0.0023s ]
SQL: SELECT * FROM `discount_base_info` WHERE `code` = '111111' AND `status` = 'normal' LIMIT 1   [ RunTime:0.0003s ]
INFO: [ app_end ] --START--
INFO: Run Behavior\ShowPageTraceBehavior [ RunTime:0.000319s ]
INFO: [ app_end ] --END-- [ RunTime:0.000347s ]

[ 2020-02-26T22:54:19+08:00 ] 127.0.0.1 /fishClub/index.php/Home/OrderDetail/verifyCode
INFO: [ app_init ] --START--
INFO: Run Behavior\BuildLiteBehavior [ RunTime:0.000005s ]
INFO: [ app_init ] --END-- [ RunTime:0.000174s ]
INFO: [ app_begin ] --START--
INFO: Run Behavior\ReadHtmlCacheBehavior [ RunTime:0.000217s ]
INFO: [ app_begin ] --END-- [ RunTime:0.000236s ]
SQL: SHOW COLUMNS FROM `discount_base_info` [ RunTime:0.0016s ]
SQL: SELECT * FROM `discount_base_info` WHERE `code` = '11111' AND `status` = 'normal' LIMIT 1   [ RunTime:0.0002s ]
INFO: [ app_end ] --START--
INFO: Run Behavior\ShowPageTraceBehavior [ RunTime:0.000295s ]
INFO: [ app_end ] --END-- [ RunTime:0.000313s ]

[ 2020-02-26T22:54:19+08:00 ] 127.0.0.1 /fishClub/index.php/Home/OrderDetail/verifyCode
INFO: [ app_init ] --START--
INFO: Run Behavior\BuildLiteBehavior [ RunTime:0.000005s ]
INFO: [ app_init ] --END-- [ RunTime:0.000178s ]
INFO: [ app_begin ] --START--
INFO: Run Behavior\ReadHtmlCacheBehavior [ RunTime:0.000223s ]
INFO: [ app_begin ] --END-- [ RunTime:0.000241s ]
SQL: SHOW COLUMNS FROM `discount_base_info` [ RunTime:0.0018s ]
SQL: SELECT * FROM `discount_base_info` WHERE `code` = '1111' AND `status` = 'normal' LIMIT 1   [ RunTime:0.0002s ]
INFO: [ app_end ] --START--
INFO: Run Behavior\ShowPageTraceBehavior [ RunTime:0.000304s ]
INFO: [ app_end ] --END-- [ RunTime:0.000319s ]

[ 2020-02-26T22:54:19+08:00 ] 127.0.0.1 /fishClub/index.php/Home/OrderDetail/verifyCode
INFO: [ app_init ] --START--
INFO: Run Behavior\BuildLiteBehavior [ RunTime:0.000006s ]
INFO: [ app_init ] --END-- [ RunTime:0.000161s ]
INFO: [ app_begin ] --START--
INFO: Run Behavior\ReadHtmlCacheBehavior [ RunTime:0.000188s ]
INFO: [ app_begin ] --END-- [ RunTime:0.000205s ]
SQL: SHOW COLUMNS FROM `discount_base_info` [ RunTime:0.0012s ]
SQL: SELECT * FROM `discount_base_info` WHERE `code` = '111' AND `status` = 'normal' LIMIT 1   [ RunTime:0.0002s ]
INFO: [ app_end ] --START--
INFO: Run Behavior\ShowPageTraceBehavior [ RunTime:0.000262s ]
INFO: [ app_end ] --END-- [ RunTime:0.000277s ]

[ 2020-02-26T22:54:19+08:00 ] 127.0.0.1 /fishClub/index.php/Home/OrderDetail/verifyCode
INFO: [ app_init ] --START--
INFO: Run Behavior\BuildLiteBehavior [ RunTime:0.000005s ]
INFO: [ app_init ] --END-- [ RunTime:0.000175s ]
INFO: [ app_begin ] --START--
INFO: Run Behavior\ReadHtmlCacheBehavior [ RunTime:0.000189s ]
INFO: [ app_begin ] --END-- [ RunTime:0.000205s ]
SQL: SHOW COLUMNS FROM `discount_base_info` [ RunTime:0.0017s ]
SQL: SELECT * FROM `discount_base_info` WHERE `code` = '11' AND `status` = 'normal' LIMIT 1   [ RunTime:0.0002s ]
INFO: [ app_end ] --START--
INFO: Run Behavior\ShowPageTraceBehavior [ RunTime:0.000306s ]
INFO: [ app_end ] --END-- [ RunTime:0.000322s ]

[ 2020-02-26T22:54:19+08:00 ] 127.0.0.1 /fishClub/index.php/Home/OrderDetail/verifyCode
INFO: [ app_init ] --START--
INFO: Run Behavior\BuildLiteBehavior [ RunTime:0.000005s ]
INFO: [ app_init ] --END-- [ RunTime:0.000177s ]
INFO: [ app_begin ] --START--
INFO: Run Behavior\ReadHtmlCacheBehavior [ RunTime:0.000222s ]
INFO: [ app_begin ] --END-- [ RunTime:0.000241s ]
SQL: SHOW COLUMNS FROM `discount_base_info` [ RunTime:0.0018s ]
SQL: SELECT * FROM `discount_base_info` WHERE `code` = '1' AND `status` = 'normal' LIMIT 1   [ RunTime:0.0002s ]
INFO: [ app_end ] --START--
INFO: Run Behavior\ShowPageTraceBehavior [ RunTime:0.000304s ]
INFO: [ app_end ] --END-- [ RunTime:0.000320s ]

[ 2020-02-26T22:54:20+08:00 ] 127.0.0.1 /fishClub/index.php/Home/OrderDetail/verifyCode
INFO: [ app_init ] --START--
INFO: Run Behavior\BuildLiteBehavior [ RunTime:0.000006s ]
INFO: [ app_init ] --END-- [ RunTime:0.000169s ]
INFO: [ app_begin ] --START--
INFO: Run Behavior\ReadHtmlCacheBehavior [ RunTime:0.000236s ]
INFO: [ app_begin ] --END-- [ RunTime:0.000254s ]
SQL: SHOW COLUMNS FROM `discount_base_info` [ RunTime:0.0019s ]
SQL: SELECT * FROM `discount_base_info` WHERE `code` = '' AND `status` = 'normal' LIMIT 1   [ RunTime:0.0002s ]
INFO: [ app_end ] --START--
INFO: Run Behavior\ShowPageTraceBehavior [ RunTime:0.000304s ]
INFO: [ app_end ] --END-- [ RunTime:0.000320s ]

[ 2020-02-26T22:54:36+08:00 ] 127.0.0.1 /fishClub/index.php/Home/OrderDetail/verifyCode
INFO: [ app_init ] --START--
INFO: Run Behavior\BuildLiteBehavior [ RunTime:0.000007s ]
INFO: [ app_init ] --END-- [ RunTime:0.000292s ]
INFO: [ app_begin ] --START--
INFO: Run Behavior\ReadHtmlCacheBehavior [ RunTime:0.000304s ]
INFO: [ app_begin ] --END-- [ RunTime:0.000325s ]
SQL: SHOW COLUMNS FROM `discount_base_info` [ RunTime:0.0013s ]
SQL: SELECT * FROM `discount_base_info` WHERE `code` = '2020021706389' AND `status` = 'normal' LIMIT 1   [ RunTime:0.0002s ]
INFO: [ app_end ] --START--
INFO: Run Behavior\ShowPageTraceBehavior [ RunTime:0.000484s ]
INFO: [ app_end ] --END-- [ RunTime:0.000506s ]

[ 2020-02-26T22:54:41+08:00 ] 127.0.0.1 /fishClub/index.php/Home/OrderDetail/verifyCode
INFO: [ app_init ] --START--
INFO: Run Behavior\BuildLiteBehavior [ RunTime:0.000006s ]
INFO: [ app_init ] --END-- [ RunTime:0.000185s ]
INFO: [ app_begin ] --START--
INFO: Run Behavior\ReadHtmlCacheBehavior [ RunTime:0.000221s ]
INFO: [ app_begin ] --END-- [ RunTime:0.000241s ]
SQL: SHOW COLUMNS FROM `discount_base_info` [ RunTime:0.0020s ]
SQL: SELECT * FROM `discount_base_info` WHERE `code` = '202002170638' AND `status` = 'normal' LIMIT 1   [ RunTime:0.0003s ]
INFO: [ app_end ] --START--
INFO: Run Behavior\ShowPageTraceBehavior [ RunTime:0.000495s ]
INFO: [ app_end ] --END-- [ RunTime:0.000518s ]

[ 2020-02-26T22:54:44+08:00 ] 127.0.0.1 /fishClub/index.php/Home/OrderDetail/verifyCode
INFO: [ app_init ] --START--
INFO: Run Behavior\BuildLiteBehavior [ RunTime:0.000005s ]
INFO: [ app_init ] --END-- [ RunTime:0.000174s ]
INFO: [ app_begin ] --START--
INFO: Run Behavior\ReadHtmlCacheBehavior [ RunTime:0.000203s ]
INFO: [ app_begin ] --END-- [ RunTime:0.000220s ]
SQL: SHOW COLUMNS FROM `discount_base_info` [ RunTime:0.0018s ]
SQL: SELECT * FROM `discount_base_info` WHERE `code` = '2020021706389' AND `status` = 'normal' LIMIT 1   [ RunTime:0.0003s ]
INFO: [ app_end ] --START--
INFO: Run Behavior\ShowPageTraceBehavior [ RunTime:0.000516s ]
INFO: [ app_end ] --END-- [ RunTime:0.000538s ]

[ 2020-02-26T22:54:48+08:00 ] 127.0.0.1 /fishClub/index.php/Home/OrderDetail/verifyCode
INFO: [ app_init ] --START--
INFO: Run Behavior\BuildLiteBehavior [ RunTime:0.000006s ]
INFO: [ app_init ] --END-- [ RunTime:0.000165s ]
INFO: [ app_begin ] --START--
INFO: Run Behavior\ReadHtmlCacheBehavior [ RunTime:0.000202s ]
INFO: [ app_begin ] --END-- [ RunTime:0.000220s ]
SQL: SHOW COLUMNS FROM `discount_base_info` [ RunTime:0.0014s ]
SQL: SELECT * FROM `discount_base_info` WHERE `code` = '202002170638' AND `status` = 'normal' LIMIT 1   [ RunTime:0.0002s ]
INFO: [ app_end ] --START--
INFO: Run Behavior\ShowPageTraceBehavior [ RunTime:0.000248s ]
INFO: [ app_end ] --END-- [ RunTime:0.000265s ]

[ 2020-02-26T22:54:50+08:00 ] 127.0.0.1 /fishClub/index.php/Home/OrderDetail/verifyCode
INFO: [ app_init ] --START--
INFO: Run Behavior\BuildLiteBehavior [ RunTime:0.000005s ]
INFO: [ app_init ] --END-- [ RunTime:0.000178s ]
INFO: [ app_begin ] --START--
INFO: Run Behavior\ReadHtmlCacheBehavior [ RunTime:0.000178s ]
INFO: [ app_begin ] --END-- [ RunTime:0.000192s ]
SQL: SHOW COLUMNS FROM `discount_base_info` [ RunTime:0.0015s ]
SQL: SELECT * FROM `discount_base_info` WHERE `code` = '2020021706389' AND `status` = 'normal' LIMIT 1   [ RunTime:0.0002s ]
INFO: [ app_end ] --START--
INFO: Run Behavior\ShowPageTraceBehavior [ RunTime:0.000239s ]
INFO: [ app_end ] --END-- [ RunTime:0.000253s ]

[ 2020-02-26T22:55:28+08:00 ] 127.0.0.1 /fishClub/index.php/Home/OrderDetail/adress.html
INFO: [ app_init ] --START--
INFO: Run Behavior\BuildLiteBehavior [ RunTime:0.000006s ]
INFO: [ app_init ] --END-- [ RunTime:0.000214s ]
INFO: [ app_begin ] --START--
INFO: Run Behavior\ReadHtmlCacheBehavior [ RunTime:0.000254s ]
INFO: [ app_begin ] --END-- [ RunTime:0.000271s ]
SQL: SHOW COLUMNS FROM `user_address_detail` [ RunTime:0.0016s ]
SQL: SELECT * FROM `user_address_detail` WHERE `user_id` = 14 AND `status` = 'normal' LIMIT 1   [ RunTime:0.0003s ]
SQL: SHOW COLUMNS FROM `cart_detail_info` [ RunTime:0.0013s ]
SQL: SELECT * FROM cart_detail_info as a INNER JOIN ware_base_info as b on a.ware_id = b.ware_id  WHERE a.status = 'normal' AND b.status = 'normal' AND `cart_id` = '14'  [ RunTime:0.0003s ]
INFO: [ view_parse ] --START--
INFO: [ template_filter ] --START--
INFO: Run Behavior\ContentReplaceBehavior [ RunTime:0.000103s ]
INFO: [ template_filter ] --END-- [ RunTime:0.000133s ]
NOTIC: [8] Array to string conversion /Applications/XAMPP/xamppfiles/htdocs/fishClub/Application/Runtime/Cache/Home/a9477b8475be56c810cb59781b5b568f.php 第 244 行.
INFO: Run Behavior\ParseTemplateBehavior [ RunTime:0.004353s ]
INFO: [ view_parse ] --END-- [ RunTime:0.004368s ]
INFO: [ view_filter ] --START--
INFO: Run Behavior\WriteHtmlCacheBehavior [ RunTime:0.000091s ]
INFO: [ view_filter ] --END-- [ RunTime:0.000102s ]
INFO: [ app_end ] --START--
INFO: Run Behavior\ShowPageTraceBehavior [ RunTime:0.000277s ]
INFO: [ app_end ] --END-- [ RunTime:0.000290s ]

[ 2020-02-26T22:55:31+08:00 ] 127.0.0.1 /fishClub/index.php/Home/OrderDetail/verifyCode
INFO: [ app_init ] --START--
INFO: Run Behavior\BuildLiteBehavior [ RunTime:0.000005s ]
INFO: [ app_init ] --END-- [ RunTime:0.000162s ]
INFO: [ app_begin ] --START--
INFO: Run Behavior\ReadHtmlCacheBehavior [ RunTime:0.000200s ]
INFO: [ app_begin ] --END-- [ RunTime:0.000217s ]
SQL: SHOW COLUMNS FROM `discount_base_info` [ RunTime:0.0015s ]
SQL: SELECT * FROM `discount_base_info` WHERE `code` = 'discountCode' AND `status` = 'normal' LIMIT 1   [ RunTime:0.0002s ]
INFO: [ app_end ] --START--
INFO: Run Behavior\ShowPageTraceBehavior [ RunTime:0.000291s ]
INFO: [ app_end ] --END-- [ RunTime:0.000308s ]

[ 2020-02-26T22:55:33+08:00 ] 127.0.0.1 /fishClub/index.php/Home/OrderDetail/verifyCode
INFO: [ app_init ] --START--
INFO: Run Behavior\BuildLiteBehavior [ RunTime:0.000006s ]
INFO: [ app_init ] --END-- [ RunTime:0.000167s ]
INFO: [ app_begin ] --START--
INFO: Run Behavior\ReadHtmlCacheBehavior [ RunTime:0.000210s ]
INFO: [ app_begin ] --END-- [ RunTime:0.000229s ]
SQL: SHOW COLUMNS FROM `discount_base_info` [ RunTime:0.0014s ]
SQL: SELECT * FROM `discount_base_info` WHERE `code` = 'discountCod' AND `status` = 'normal' LIMIT 1   [ RunTime:0.0002s ]
INFO: [ app_end ] --START--
INFO: Run Behavior\ShowPageTraceBehavior [ RunTime:0.000271s ]
INFO: [ app_end ] --END-- [ RunTime:0.000288s ]

[ 2020-02-26T22:55:33+08:00 ] 127.0.0.1 /fishClub/index.php/Home/OrderDetail/verifyCode
INFO: [ app_init ] --START--
INFO: Run Behavior\BuildLiteBehavior [ RunTime:0.000006s ]
INFO: [ app_init ] --END-- [ RunTime:0.000188s ]
INFO: [ app_begin ] --START--
INFO: Run Behavior\ReadHtmlCacheBehavior [ RunTime:0.000265s ]
INFO: [ app_begin ] --END-- [ RunTime:0.000291s ]
SQL: SHOW COLUMNS FROM `discount_base_info` [ RunTime:0.0014s ]
SQL: SELECT * FROM `discount_base_info` WHERE `code` = 'discountCo' AND `status` = 'normal' LIMIT 1   [ RunTime:0.0002s ]
INFO: [ app_end ] --START--
INFO: Run Behavior\ShowPageTraceBehavior [ RunTime:0.000267s ]
INFO: [ app_end ] --END-- [ RunTime:0.000284s ]

[ 2020-02-26T22:55:34+08:00 ] 127.0.0.1 /fishClub/index.php/Home/OrderDetail/verifyCode
INFO: [ app_init ] --START--
INFO: Run Behavior\BuildLiteBehavior [ RunTime:0.000005s ]
INFO: [ app_init ] --END-- [ RunTime:0.000160s ]
INFO: [ app_begin ] --START--
INFO: Run Behavior\ReadHtmlCacheBehavior [ RunTime:0.000204s ]
INFO: [ app_begin ] --END-- [ RunTime:0.000228s ]
SQL: SHOW COLUMNS FROM `discount_base_info` [ RunTime:0.0015s ]
SQL: SELECT * FROM `discount_base_info` WHERE `code` = 'discountC' AND `status` = 'normal' LIMIT 1   [ RunTime:0.0002s ]
INFO: [ app_end ] --START--
INFO: Run Behavior\ShowPageTraceBehavior [ RunTime:0.000305s ]
INFO: [ app_end ] --END-- [ RunTime:0.000325s ]

[ 2020-02-26T22:55:34+08:00 ] 127.0.0.1 /fishClub/index.php/Home/OrderDetail/verifyCode
INFO: [ app_init ] --START--
INFO: Run Behavior\BuildLiteBehavior [ RunTime:0.000005s ]
INFO: [ app_init ] --END-- [ RunTime:0.000149s ]
INFO: [ app_begin ] --START--
INFO: Run Behavior\ReadHtmlCacheBehavior [ RunTime:0.000185s ]
INFO: [ app_begin ] --END-- [ RunTime:0.000201s ]
SQL: SHOW COLUMNS FROM `discount_base_info` [ RunTime:0.0011s ]
SQL: SELECT * FROM `discount_base_info` WHERE `code` = 'discount' AND `status` = 'normal' LIMIT 1   [ RunTime:0.0002s ]
INFO: [ app_end ] --START--
INFO: Run Behavior\ShowPageTraceBehavior [ RunTime:0.000243s ]
INFO: [ app_end ] --END-- [ RunTime:0.000259s ]

[ 2020-02-26T22:55:34+08:00 ] 127.0.0.1 /fishClub/index.php/Home/OrderDetail/verifyCode
INFO: [ app_init ] --START--
INFO: Run Behavior\BuildLiteBehavior [ RunTime:0.000005s ]
INFO: [ app_init ] --END-- [ RunTime:0.000200s ]
INFO: [ app_begin ] --START--
INFO: Run Behavior\ReadHtmlCacheBehavior [ RunTime:0.000227s ]
INFO: [ app_begin ] --END-- [ RunTime:0.000247s ]
SQL: SHOW COLUMNS FROM `discount_base_info` [ RunTime:0.0016s ]
SQL: SELECT * FROM `discount_base_info` WHERE `code` = 'discoun' AND `status` = 'normal' LIMIT 1   [ RunTime:0.0002s ]
INFO: [ app_end ] --START--
INFO: Run Behavior\ShowPageTraceBehavior [ RunTime:0.000287s ]
INFO: [ app_end ] --END-- [ RunTime:0.000304s ]

[ 2020-02-26T22:55:34+08:00 ] 127.0.0.1 /fishClub/index.php/Home/OrderDetail/verifyCode
INFO: [ app_init ] --START--
INFO: Run Behavior\BuildLiteBehavior [ RunTime:0.000011s ]
INFO: [ app_init ] --END-- [ RunTime:0.000258s ]
INFO: [ app_begin ] --START--
INFO: Run Behavior\ReadHtmlCacheBehavior [ RunTime:0.000208s ]
INFO: [ app_begin ] --END-- [ RunTime:0.000228s ]
SQL: SHOW COLUMNS FROM `discount_base_info` [ RunTime:0.0012s ]
SQL: SELECT * FROM `discount_base_info` WHERE `code` = 'discou' AND `status` = 'normal' LIMIT 1   [ RunTime:0.0002s ]
INFO: [ app_end ] --START--
INFO: Run Behavior\ShowPageTraceBehavior [ RunTime:0.000249s ]
INFO: [ app_end ] --END-- [ RunTime:0.000265s ]

[ 2020-02-26T22:55:34+08:00 ] 127.0.0.1 /fishClub/index.php/Home/OrderDetail/verifyCode
INFO: [ app_init ] --START--
INFO: Run Behavior\BuildLiteBehavior [ RunTime:0.000005s ]
INFO: [ app_init ] --END-- [ RunTime:0.000162s ]
INFO: [ app_begin ] --START--
INFO: Run Behavior\ReadHtmlCacheBehavior [ RunTime:0.000203s ]
INFO: [ app_begin ] --END-- [ RunTime:0.000221s ]
SQL: SHOW COLUMNS FROM `discount_base_info` [ RunTime:0.0011s ]
SQL: SELECT * FROM `discount_base_info` WHERE `code` = 'disco' AND `status` = 'normal' LIMIT 1   [ RunTime:0.0001s ]
INFO: [ app_end ] --START--
INFO: Run Behavior\ShowPageTraceBehavior [ RunTime:0.000230s ]
INFO: [ app_end ] --END-- [ RunTime:0.000245s ]

[ 2020-02-26T22:55:34+08:00 ] 127.0.0.1 /fishClub/index.php/Home/OrderDetail/verifyCode
INFO: [ app_init ] --START--
INFO: Run Behavior\BuildLiteBehavior [ RunTime:0.000005s ]
INFO: [ app_init ] --END-- [ RunTime:0.000169s ]
INFO: [ app_begin ] --START--
INFO: Run Behavior\ReadHtmlCacheBehavior [ RunTime:0.000204s ]
INFO: [ app_begin ] --END-- [ RunTime:0.000221s ]
SQL: SHOW COLUMNS FROM `discount_base_info` [ RunTime:0.0020s ]
SQL: SELECT * FROM `discount_base_info` WHERE `code` = 'disc' AND `status` = 'normal' LIMIT 1   [ RunTime:0.0002s ]
INFO: [ app_end ] --START--
INFO: Run Behavior\ShowPageTraceBehavior [ RunTime:0.000372s ]
INFO: [ app_end ] --END-- [ RunTime:0.000391s ]

[ 2020-02-26T22:55:34+08:00 ] 127.0.0.1 /fishClub/index.php/Home/OrderDetail/verifyCode
INFO: [ app_init ] --START--
INFO: Run Behavior\BuildLiteBehavior [ RunTime:0.000004s ]
INFO: [ app_init ] --END-- [ RunTime:0.000140s ]
INFO: [ app_begin ] --START--
INFO: Run Behavior\ReadHtmlCacheBehavior [ RunTime:0.000172s ]
INFO: [ app_begin ] --END-- [ RunTime:0.000186s ]
SQL: SHOW COLUMNS FROM `discount_base_info` [ RunTime:0.0014s ]
SQL: SELECT * FROM `discount_base_info` WHERE `code` = 'dis' AND `status` = 'normal' LIMIT 1   [ RunTime:0.0002s ]
INFO: [ app_end ] --START--
INFO: Run Behavior\ShowPageTraceBehavior [ RunTime:0.000242s ]
INFO: [ app_end ] --END-- [ RunTime:0.000256s ]

[ 2020-02-26T22:55:34+08:00 ] 127.0.0.1 /fishClub/index.php/Home/OrderDetail/verifyCode
INFO: [ app_init ] --START--
INFO: Run Behavior\BuildLiteBehavior [ RunTime:0.000005s ]
INFO: [ app_init ] --END-- [ RunTime:0.000145s ]
INFO: [ app_begin ] --START--
INFO: Run Behavior\ReadHtmlCacheBehavior [ RunTime:0.000175s ]
INFO: [ app_begin ] --END-- [ RunTime:0.000189s ]
SQL: SHOW COLUMNS FROM `discount_base_info` [ RunTime:0.0020s ]
SQL: SELECT * FROM `discount_base_info` WHERE `code` = 'di' AND `status` = 'normal' LIMIT 1   [ RunTime:0.0002s ]
INFO: [ app_end ] --START--
INFO: Run Behavior\ShowPageTraceBehavior [ RunTime:0.000249s ]
INFO: [ app_end ] --END-- [ RunTime:0.000263s ]

[ 2020-02-26T22:55:34+08:00 ] 127.0.0.1 /fishClub/index.php/Home/OrderDetail/verifyCode
INFO: [ app_init ] --START--
INFO: Run Behavior\BuildLiteBehavior [ RunTime:0.000005s ]
INFO: [ app_init ] --END-- [ RunTime:0.000148s ]
INFO: [ app_begin ] --START--
INFO: Run Behavior\ReadHtmlCacheBehavior [ RunTime:0.000179s ]
INFO: [ app_begin ] --END-- [ RunTime:0.000194s ]
SQL: SHOW COLUMNS FROM `discount_base_info` [ RunTime:0.0012s ]
SQL: SELECT * FROM `discount_base_info` WHERE `code` = 'd' AND `status` = 'normal' LIMIT 1   [ RunTime:0.0002s ]
INFO: [ app_end ] --START--
INFO: Run Behavior\ShowPageTraceBehavior [ RunTime:0.000247s ]
INFO: [ app_end ] --END-- [ RunTime:0.000261s ]

[ 2020-02-26T22:55:34+08:00 ] 127.0.0.1 /fishClub/index.php/Home/OrderDetail/verifyCode
INFO: [ app_init ] --START--
INFO: Run Behavior\BuildLiteBehavior [ RunTime:0.000004s ]
INFO: [ app_init ] --END-- [ RunTime:0.000138s ]
INFO: [ app_begin ] --START--
INFO: Run Behavior\ReadHtmlCacheBehavior [ RunTime:0.000206s ]
INFO: [ app_begin ] --END-- [ RunTime:0.000220s ]
SQL: SHOW COLUMNS FROM `discount_base_info` [ RunTime:0.0017s ]
SQL: SELECT * FROM `discount_base_info` WHERE `code` = '' AND `status` = 'normal' LIMIT 1   [ RunTime:0.0002s ]
INFO: [ app_end ] --START--
INFO: Run Behavior\ShowPageTraceBehavior [ RunTime:0.000250s ]
INFO: [ app_end ] --END-- [ RunTime:0.000264s ]

[ 2020-02-26T22:55:45+08:00 ] 127.0.0.1 /fishClub/index.php/Home/OrderDetail/verifyCode
INFO: [ app_init ] --START--
INFO: Run Behavior\BuildLiteBehavior [ RunTime:0.000005s ]
INFO: [ app_init ] --END-- [ RunTime:0.000280s ]
INFO: [ app_begin ] --START--
INFO: Run Behavior\ReadHtmlCacheBehavior [ RunTime:0.000253s ]
INFO: [ app_begin ] --END-- [ RunTime:0.000271s ]
SQL: SHOW COLUMNS FROM `discount_base_info` [ RunTime:0.0012s ]
SQL: SELECT * FROM `discount_base_info` WHERE `code` = '2020021706389' AND `status` = 'normal' LIMIT 1   [ RunTime:0.0002s ]
INFO: [ app_end ] --START--
INFO: Run Behavior\ShowPageTraceBehavior [ RunTime:0.000323s ]
INFO: [ app_end ] --END-- [ RunTime:0.000340s ]

[ 2020-02-26T22:56:30+08:00 ] 127.0.0.1 /fishClub/index.php/Home/OrderDetail/verifyCode
INFO: [ app_init ] --START--
INFO: Run Behavior\BuildLiteBehavior [ RunTime:0.000007s ]
INFO: [ app_init ] --END-- [ RunTime:0.000191s ]
INFO: [ app_begin ] --START--
INFO: Run Behavior\ReadHtmlCacheBehavior [ RunTime:0.000246s ]
INFO: [ app_begin ] --END-- [ RunTime:0.000268s ]
SQL: SHOW COLUMNS FROM `discount_base_info` [ RunTime:0.0020s ]
SQL: SELECT * FROM `discount_base_info` WHERE `code` = '' AND `status` = 'normal' LIMIT 1   [ RunTime:0.0002s ]
INFO: [ app_end ] --START--
INFO: Run Behavior\ShowPageTraceBehavior [ RunTime:0.000304s ]
INFO: [ app_end ] --END-- [ RunTime:0.000321s ]

[ 2020-02-26T22:56:31+08:00 ] 127.0.0.1 /fishClub/index.php/Home/OrderDetail/verifyCode
INFO: [ app_init ] --START--
INFO: Run Behavior\BuildLiteBehavior [ RunTime:0.000006s ]
INFO: [ app_init ] --END-- [ RunTime:0.000172s ]
INFO: [ app_begin ] --START--
INFO: Run Behavior\ReadHtmlCacheBehavior [ RunTime:0.000267s ]
INFO: [ app_begin ] --END-- [ RunTime:0.000292s ]
SQL: SHOW COLUMNS FROM `discount_base_info` [ RunTime:0.0015s ]
SQL: SELECT * FROM `discount_base_info` WHERE `code` = '2020021791380' AND `status` = 'normal' LIMIT 1   [ RunTime:0.0002s ]
INFO: [ app_end ] --START--
INFO: Run Behavior\ShowPageTraceBehavior [ RunTime:0.000262s ]
INFO: [ app_end ] --END-- [ RunTime:0.000278s ]

[ 2020-02-26T22:58:30+08:00 ] 127.0.0.1 /fishClub/index.php/Home/OrderDetail/adress.html
INFO: [ app_init ] --START--
INFO: Run Behavior\BuildLiteBehavior [ RunTime:0.000013s ]
INFO: [ app_init ] --END-- [ RunTime:0.000420s ]
INFO: [ app_begin ] --START--
INFO: Run Behavior\ReadHtmlCacheBehavior [ RunTime:0.000245s ]
INFO: [ app_begin ] --END-- [ RunTime:0.000262s ]
SQL: SHOW COLUMNS FROM `user_address_detail` [ RunTime:0.0026s ]
SQL: SELECT * FROM `user_address_detail` WHERE `user_id` = 14 AND `status` = 'normal' LIMIT 1   [ RunTime:0.0002s ]
SQL: SHOW COLUMNS FROM `cart_detail_info` [ RunTime:0.0012s ]
SQL: SELECT * FROM cart_detail_info as a INNER JOIN ware_base_info as b on a.ware_id = b.ware_id  WHERE a.status = 'normal' AND b.status = 'normal' AND `cart_id` = '14'  [ RunTime:0.0004s ]
INFO: [ view_parse ] --START--
INFO: [ template_filter ] --START--
INFO: Run Behavior\ContentReplaceBehavior [ RunTime:0.000127s ]
INFO: [ template_filter ] --END-- [ RunTime:0.000162s ]
NOTIC: [8] Array to string conversion /Applications/XAMPP/xamppfiles/htdocs/fishClub/Application/Runtime/Cache/Home/a9477b8475be56c810cb59781b5b568f.php 第 244 行.
INFO: Run Behavior\ParseTemplateBehavior [ RunTime:0.006251s ]
INFO: [ view_parse ] --END-- [ RunTime:0.006268s ]
INFO: [ view_filter ] --START--
INFO: Run Behavior\WriteHtmlCacheBehavior [ RunTime:0.000130s ]
INFO: [ view_filter ] --END-- [ RunTime:0.000143s ]
INFO: [ app_end ] --START--
INFO: Run Behavior\ShowPageTraceBehavior [ RunTime:0.000348s ]
INFO: [ app_end ] --END-- [ RunTime:0.000365s ]

[ 2020-02-26T22:59:01+08:00 ] 127.0.0.1 /fishClub/index.php/Home/OrderDetail/adress.html
INFO: [ app_init ] --START--
INFO: Run Behavior\BuildLiteBehavior [ RunTime:0.000006s ]
INFO: [ app_init ] --END-- [ RunTime:0.000171s ]
INFO: [ app_begin ] --START--
INFO: Run Behavior\ReadHtmlCacheBehavior [ RunTime:0.000213s ]
INFO: [ app_begin ] --END-- [ RunTime:0.000230s ]
SQL: SHOW COLUMNS FROM `user_address_detail` [ RunTime:0.0017s ]
SQL: SELECT * FROM `user_address_detail` WHERE `user_id` = 14 AND `status` = 'normal' LIMIT 1   [ RunTime:0.0004s ]
SQL: SHOW COLUMNS FROM `cart_detail_info` [ RunTime:0.0011s ]
SQL: SELECT * FROM cart_detail_info as a INNER JOIN ware_base_info as b on a.ware_id = b.ware_id  WHERE a.status = 'normal' AND b.status = 'normal' AND `cart_id` = '14'  [ RunTime:0.0002s ]
INFO: [ view_parse ] --START--
INFO: [ template_filter ] --START--
INFO: Run Behavior\ContentReplaceBehavior [ RunTime:0.000113s ]
INFO: [ template_filter ] --END-- [ RunTime:0.000132s ]
NOTIC: [8] Array to string conversion /Applications/XAMPP/xamppfiles/htdocs/fishClub/Application/Runtime/Cache/Home/a9477b8475be56c810cb59781b5b568f.php 第 244 行.
INFO: Run Behavior\ParseTemplateBehavior [ RunTime:0.003546s ]
INFO: [ view_parse ] --END-- [ RunTime:0.003561s ]
INFO: [ view_filter ] --START--
INFO: Run Behavior\WriteHtmlCacheBehavior [ RunTime:0.000094s ]
INFO: [ view_filter ] --END-- [ RunTime:0.000105s ]
INFO: [ app_end ] --START--
INFO: Run Behavior\ShowPageTraceBehavior [ RunTime:0.000257s ]
INFO: [ app_end ] --END-- [ RunTime:0.000271s ]

[ 2020-02-26T22:59:56+08:00 ] 127.0.0.1 /fishClub/index.php/Home/OrderDetail/adress.html
INFO: [ app_init ] --START--
INFO: Run Behavior\BuildLiteBehavior [ RunTime:0.000005s ]
INFO: [ app_init ] --END-- [ RunTime:0.000180s ]
INFO: [ app_begin ] --START--
INFO: Run Behavior\ReadHtmlCacheBehavior [ RunTime:0.000221s ]
INFO: [ app_begin ] --END-- [ RunTime:0.000241s ]
SQL: SHOW COLUMNS FROM `user_address_detail` [ RunTime:0.0017s ]
SQL: SELECT * FROM `user_address_detail` WHERE `user_id` = 14 AND `status` = 'normal' LIMIT 1   [ RunTime:0.0002s ]
SQL: SHOW COLUMNS FROM `cart_detail_info` [ RunTime:0.0010s ]
SQL: SELECT * FROM cart_detail_info as a INNER JOIN ware_base_info as b on a.ware_id = b.ware_id  WHERE a.status = 'normal' AND b.status = 'normal' AND `cart_id` = '14'  [ RunTime:0.0003s ]
INFO: [ view_parse ] --START--
INFO: [ template_filter ] --START--
INFO: Run Behavior\ContentReplaceBehavior [ RunTime:0.000095s ]
INFO: [ template_filter ] --END-- [ RunTime:0.000111s ]
NOTIC: [8] Array to string conversion /Applications/XAMPP/xamppfiles/htdocs/fishClub/Application/Runtime/Cache/Home/a9477b8475be56c810cb59781b5b568f.php 第 244 行.
INFO: Run Behavior\ParseTemplateBehavior [ RunTime:0.003356s ]
INFO: [ view_parse ] --END-- [ RunTime:0.003369s ]
INFO: [ view_filter ] --START--
INFO: Run Behavior\WriteHtmlCacheBehavior [ RunTime:0.000090s ]
INFO: [ view_filter ] --END-- [ RunTime:0.000101s ]
INFO: [ app_end ] --START--
INFO: Run Behavior\ShowPageTraceBehavior [ RunTime:0.000226s ]
INFO: [ app_end ] --END-- [ RunTime:0.000239s ]

[ 2020-02-26T23:00:03+08:00 ] 127.0.0.1 /fishClub/index.php/Home/OrderDetail/verifyCode
INFO: [ app_init ] --START--
INFO: Run Behavior\BuildLiteBehavior [ RunTime:0.000005s ]
INFO: [ app_init ] --END-- [ RunTime:0.000164s ]
INFO: [ app_begin ] --START--
INFO: Run Behavior\ReadHtmlCacheBehavior [ RunTime:0.000205s ]
INFO: [ app_begin ] --END-- [ RunTime:0.000223s ]
SQL: SHOW COLUMNS FROM `discount_base_info` [ RunTime:0.0018s ]
SQL: SELECT * FROM `discount_base_info` WHERE `code` = '2020021791380' AND `status` = 'normal' LIMIT 1   [ RunTime:0.0002s ]
INFO: [ app_end ] --START--
INFO: Run Behavior\ShowPageTraceBehavior [ RunTime:0.000305s ]
INFO: [ app_end ] --END-- [ RunTime:0.000321s ]

[ 2020-02-26T23:00:09+08:00 ] 127.0.0.1 /fishClub/index.php/Home/OrderDetail/verifyCode
INFO: [ app_init ] --START--
INFO: Run Behavior\BuildLiteBehavior [ RunTime:0.000006s ]
INFO: [ app_init ] --END-- [ RunTime:0.000214s ]
INFO: [ app_begin ] --START--
INFO: Run Behavior\ReadHtmlCacheBehavior [ RunTime:0.000325s ]
INFO: [ app_begin ] --END-- [ RunTime:0.000364s ]
SQL: SHOW COLUMNS FROM `discount_base_info` [ RunTime:0.0020s ]
SQL: SELECT * FROM `discount_base_info` WHERE `code` = '202002179138' AND `status` = 'normal' LIMIT 1   [ RunTime:0.0003s ]
INFO: [ app_end ] --START--
INFO: Run Behavior\ShowPageTraceBehavior [ RunTime:0.000549s ]
INFO: [ app_end ] --END-- [ RunTime:0.000573s ]

[ 2020-02-26T23:00:35+08:00 ] 127.0.0.1 /fishClub/index.php/Home/OrderDetail/adress.html
INFO: [ app_init ] --START--
INFO: Run Behavior\BuildLiteBehavior [ RunTime:0.000005s ]
INFO: [ app_init ] --END-- [ RunTime:0.000167s ]
INFO: [ app_begin ] --START--
INFO: Run Behavior\ReadHtmlCacheBehavior [ RunTime:0.000340s ]
INFO: [ app_begin ] --END-- [ RunTime:0.000369s ]
SQL: SHOW COLUMNS FROM `user_address_detail` [ RunTime:0.0018s ]
SQL: SELECT * FROM `user_address_detail` WHERE `user_id` = 14 AND `status` = 'normal' LIMIT 1   [ RunTime:0.0003s ]
SQL: SHOW COLUMNS FROM `cart_detail_info` [ RunTime:0.0012s ]
SQL: SELECT * FROM cart_detail_info as a INNER JOIN ware_base_info as b on a.ware_id = b.ware_id  WHERE a.status = 'normal' AND b.status = 'normal' AND `cart_id` = '14'  [ RunTime:0.0003s ]
INFO: [ view_parse ] --START--
INFO: [ template_filter ] --START--
INFO: Run Behavior\ContentReplaceBehavior [ RunTime:0.000112s ]
INFO: [ template_filter ] --END-- [ RunTime:0.000134s ]
NOTIC: [8] Array to string conversion /Applications/XAMPP/xamppfiles/htdocs/fishClub/Application/Runtime/Cache/Home/a9477b8475be56c810cb59781b5b568f.php 第 244 行.
INFO: Run Behavior\ParseTemplateBehavior [ RunTime:0.004135s ]
INFO: [ view_parse ] --END-- [ RunTime:0.004163s ]
INFO: [ view_filter ] --START--
INFO: Run Behavior\WriteHtmlCacheBehavior [ RunTime:0.000085s ]
INFO: [ view_filter ] --END-- [ RunTime:0.000095s ]
INFO: [ app_end ] --START--
INFO: Run Behavior\ShowPageTraceBehavior [ RunTime:0.000251s ]
INFO: [ app_end ] --END-- [ RunTime:0.000268s ]

[ 2020-02-26T23:00:38+08:00 ] 127.0.0.1 /fishClub/index.php/Home/OrderDetail/verifyCode
INFO: [ app_init ] --START--
INFO: Run Behavior\BuildLiteBehavior [ RunTime:0.000006s ]
INFO: [ app_init ] --END-- [ RunTime:0.000167s ]
INFO: [ app_begin ] --START--
INFO: Run Behavior\ReadHtmlCacheBehavior [ RunTime:0.000258s ]
INFO: [ app_begin ] --END-- [ RunTime:0.000280s ]
SQL: SHOW COLUMNS FROM `discount_base_info` [ RunTime:0.0017s ]
SQL: SELECT * FROM `discount_base_info` WHERE `code` = '$(\'#btnDis\').removeClass(\'layui-btn-disabled\');' AND `status` = 'normal' LIMIT 1   [ RunTime:0.0004s ]
INFO: [ app_end ] --START--
INFO: Run Behavior\ShowPageTraceBehavior [ RunTime:0.000531s ]
INFO: [ app_end ] --END-- [ RunTime:0.000566s ]

[ 2020-02-26T23:00:41+08:00 ] 127.0.0.1 /fishClub/index.php/Home/OrderDetail/verifyCode
INFO: [ app_init ] --START--
INFO: Run Behavior\BuildLiteBehavior [ RunTime:0.000006s ]
INFO: [ app_init ] --END-- [ RunTime:0.000168s ]
INFO: [ app_begin ] --START--
INFO: Run Behavior\ReadHtmlCacheBehavior [ RunTime:0.000209s ]
INFO: [ app_begin ] --END-- [ RunTime:0.000227s ]
SQL: SHOW COLUMNS FROM `discount_base_info` [ RunTime:0.0013s ]
SQL: SELECT * FROM `discount_base_info` WHERE `code` = '' AND `status` = 'normal' LIMIT 1   [ RunTime:0.0002s ]
INFO: [ app_end ] --START--
INFO: Run Behavior\ShowPageTraceBehavior [ RunTime:0.000277s ]
INFO: [ app_end ] --END-- [ RunTime:0.000294s ]

[ 2020-02-26T23:00:49+08:00 ] 127.0.0.1 /fishClub/index.php/Home/OrderDetail/verifyCode
INFO: [ app_init ] --START--
INFO: Run Behavior\BuildLiteBehavior [ RunTime:0.000006s ]
INFO: [ app_init ] --END-- [ RunTime:0.000216s ]
INFO: [ app_begin ] --START--
INFO: Run Behavior\ReadHtmlCacheBehavior [ RunTime:0.000252s ]
INFO: [ app_begin ] --END-- [ RunTime:0.000269s ]
SQL: SHOW COLUMNS FROM `discount_base_info` [ RunTime:0.0014s ]
SQL: SELECT * FROM `discount_base_info` WHERE `code` = '2020021791380' AND `status` = 'normal' LIMIT 1   [ RunTime:0.0002s ]
INFO: [ app_end ] --START--
INFO: Run Behavior\ShowPageTraceBehavior [ RunTime:0.000300s ]
INFO: [ app_end ] --END-- [ RunTime:0.000317s ]

[ 2020-02-26T23:00:50+08:00 ] 127.0.0.1 /fishClub/index.php/Home/OrderDetail/verifyCode
INFO: [ app_init ] --START--
INFO: Run Behavior\BuildLiteBehavior [ RunTime:0.000011s ]
INFO: [ app_init ] --END-- [ RunTime:0.000270s ]
INFO: [ app_begin ] --START--
INFO: Run Behavior\ReadHtmlCacheBehavior [ RunTime:0.000232s ]
INFO: [ app_begin ] --END-- [ RunTime:0.000251s ]
SQL: SHOW COLUMNS FROM `discount_base_info` [ RunTime:0.0019s ]
SQL: SELECT * FROM `discount_base_info` WHERE `code` = '202002179138' AND `status` = 'normal' LIMIT 1   [ RunTime:0.0002s ]
INFO: [ app_end ] --START--
INFO: Run Behavior\ShowPageTraceBehavior [ RunTime:0.000315s ]
INFO: [ app_end ] --END-- [ RunTime:0.000331s ]

[ 2020-02-26T23:00:53+08:00 ] 127.0.0.1 /fishClub/index.php/Home/OrderDetail/verifyCode
INFO: [ app_init ] --START--
INFO: Run Behavior\BuildLiteBehavior [ RunTime:0.000006s ]
INFO: [ app_init ] --END-- [ RunTime:0.000167s ]
INFO: [ app_begin ] --START--
INFO: Run Behavior\ReadHtmlCacheBehavior [ RunTime:0.000227s ]
INFO: [ app_begin ] --END-- [ RunTime:0.000249s ]
SQL: SHOW COLUMNS FROM `discount_base_info` [ RunTime:0.0012s ]
SQL: SELECT * FROM `discount_base_info` WHERE `code` = '2020021791380' AND `status` = 'normal' LIMIT 1   [ RunTime:0.0002s ]
INFO: [ app_end ] --START--
INFO: Run Behavior\ShowPageTraceBehavior [ RunTime:0.000278s ]
INFO: [ app_end ] --END-- [ RunTime:0.000314s ]

[ 2020-02-26T23:00:55+08:00 ] 127.0.0.1 /fishClub/index.php/Home/OrderDetail/verifyCode
INFO: [ app_init ] --START--
INFO: Run Behavior\BuildLiteBehavior [ RunTime:0.000006s ]
INFO: [ app_init ] --END-- [ RunTime:0.000260s ]
INFO: [ app_begin ] --START--
INFO: Run Behavior\ReadHtmlCacheBehavior [ RunTime:0.000208s ]
INFO: [ app_begin ] --END-- [ RunTime:0.000225s ]
SQL: SHOW COLUMNS FROM `discount_base_info` [ RunTime:0.0017s ]
SQL: SELECT * FROM `discount_base_info` WHERE `code` = '202002179138' AND `status` = 'normal' LIMIT 1   [ RunTime:0.0002s ]
INFO: [ app_end ] --START--
INFO: Run Behavior\ShowPageTraceBehavior [ RunTime:0.000302s ]
INFO: [ app_end ] --END-- [ RunTime:0.000318s ]

[ 2020-02-26T23:00:58+08:00 ] 127.0.0.1 /fishClub/index.php/Home/OrderDetail/verifyCode
INFO: [ app_init ] --START--
INFO: Run Behavior\BuildLiteBehavior [ RunTime:0.000006s ]
INFO: [ app_init ] --END-- [ RunTime:0.000181s ]
INFO: [ app_begin ] --START--
INFO: Run Behavior\ReadHtmlCacheBehavior [ RunTime:0.000201s ]
INFO: [ app_begin ] --END-- [ RunTime:0.000219s ]
SQL: SHOW COLUMNS FROM `discount_base_info` [ RunTime:0.0020s ]
SQL: SELECT * FROM `discount_base_info` WHERE `code` = '2020021791388' AND `status` = 'normal' LIMIT 1   [ RunTime:0.0002s ]
INFO: [ app_end ] --START--
INFO: Run Behavior\ShowPageTraceBehavior [ RunTime:0.000384s ]
INFO: [ app_end ] --END-- [ RunTime:0.000409s ]

[ 2020-02-26T23:01:00+08:00 ] 127.0.0.1 /fishClub/index.php/Home/OrderDetail/verifyCode
INFO: [ app_init ] --START--
INFO: Run Behavior\BuildLiteBehavior [ RunTime:0.000007s ]
INFO: [ app_init ] --END-- [ RunTime:0.000208s ]
INFO: [ app_begin ] --START--
INFO: Run Behavior\ReadHtmlCacheBehavior [ RunTime:0.000230s ]
INFO: [ app_begin ] --END-- [ RunTime:0.000249s ]
SQL: SHOW COLUMNS FROM `discount_base_info` [ RunTime:0.0019s ]
SQL: SELECT * FROM `discount_base_info` WHERE `code` = '202002179138' AND `status` = 'normal' LIMIT 1   [ RunTime:0.0002s ]
INFO: [ app_end ] --START--
INFO: Run Behavior\ShowPageTraceBehavior [ RunTime:0.000333s ]
INFO: [ app_end ] --END-- [ RunTime:0.000351s ]

[ 2020-02-26T23:01:00+08:00 ] 127.0.0.1 /fishClub/index.php/Home/OrderDetail/verifyCode
INFO: [ app_init ] --START--
INFO: Run Behavior\BuildLiteBehavior [ RunTime:0.000006s ]
INFO: [ app_init ] --END-- [ RunTime:0.000183s ]
INFO: [ app_begin ] --START--
INFO: Run Behavior\ReadHtmlCacheBehavior [ RunTime:0.000227s ]
INFO: [ app_begin ] --END-- [ RunTime:0.000246s ]
SQL: SHOW COLUMNS FROM `discount_base_info` [ RunTime:0.0018s ]
SQL: SELECT * FROM `discount_base_info` WHERE `code` = '2020021791380' AND `status` = 'normal' LIMIT 1   [ RunTime:0.0002s ]
INFO: [ app_end ] --START--
INFO: Run Behavior\ShowPageTraceBehavior [ RunTime:0.000312s ]
INFO: [ app_end ] --END-- [ RunTime:0.000329s ]

